
> describe-it@0.1.0 typecheck
> tsc --noEmit

.next/types/app/api/analytics/ws/route.ts(12,13): error TS2344: Type 'OmitWithTag<typeof import("/mnt/c/Users/brand/Development/Project_Workspace/active-development/describe_it/src/app/api/analytics/ws/route"), "GET" | "POST" | "DELETE" | "PATCH" | "HEAD" | ... 10 more ... | "maxDuration", "">' does not satisfy the constraint '{ [x: string]: never; }'.
  Property 'initWebSocketServer' is incompatible with index signature.
    Type '(server?: any) => WebSocketServer' is not assignable to type 'never'.
config/vitest.config.ts(51,5): error TS2769: No overload matches this call.
  The last overload gave the following error.
    Object literal may only specify known properties, but 'reporter' does not exist in type 'InlineConfig'. Did you mean to write 'reporters'?
src/app/api/admin/analytics/route.ts(76,25): error TS2345: Argument of type 'string' is not assignable to parameter of type '("event_name" extends keyof (Omit<Database, "__InternalSupabase">[SchemaNameOrClientOptions extends string & Exclude<...> ? SchemaNameOrClientOptions : "public" extends Exclude<...> ? "public" : string & Exclude<...>] extends GenericSchema ? Omit<...>[SchemaNameOrClientOptions extends string & Exclude<...> ? SchemaN...'.
src/app/api/admin/analytics/route.ts(89,25): error TS2345: Argument of type 'string' is not assignable to parameter of type '("event_name" extends keyof (Omit<Database, "__InternalSupabase">[SchemaNameOrClientOptions extends string & Exclude<...> ? SchemaNameOrClientOptions : "public" extends Exclude<...> ? "public" : string & Exclude<...>] extends GenericSchema ? Omit<...>[SchemaNameOrClientOptions extends string & Exclude<...> ? SchemaN...'.
src/app/api/admin/analytics/route.ts(150,25): error TS2345: Argument of type 'string' is not assignable to parameter of type '("event_name" extends keyof (Omit<Database, "__InternalSupabase">[SchemaNameOrClientOptions extends string & Exclude<...> ? SchemaNameOrClientOptions : "public" extends Exclude<...> ? "public" : string & Exclude<...>] extends GenericSchema ? Omit<...>[SchemaNameOrClientOptions extends string & Exclude<...> ? SchemaN...'.
src/app/api/admin/analytics/route.ts(161,25): error TS2345: Argument of type 'string' is not assignable to parameter of type '("event_name" extends keyof (Omit<Database, "__InternalSupabase">[SchemaNameOrClientOptions extends string & Exclude<...> ? SchemaNameOrClientOptions : "public" extends Exclude<...> ? "public" : string & Exclude<...>] extends GenericSchema ? Omit<...>[SchemaNameOrClientOptions extends string & Exclude<...> ? SchemaN...'.
src/app/api/admin/analytics/route.ts(217,25): error TS2345: Argument of type 'string' is not assignable to parameter of type '("event_name" extends keyof (Omit<Database, "__InternalSupabase">[SchemaNameOrClientOptions extends string & Exclude<...> ? SchemaNameOrClientOptions : "public" extends Exclude<...> ? "public" : string & Exclude<...>] extends GenericSchema ? Omit<...>[SchemaNameOrClientOptions extends string & Exclude<...> ? SchemaN...'.
src/app/api/admin/analytics/route.ts(256,25): error TS2345: Argument of type 'string' is not assignable to parameter of type '("event_name" extends keyof (Omit<Database, "__InternalSupabase">[SchemaNameOrClientOptions extends string & Exclude<...> ? SchemaNameOrClientOptions : "public" extends Exclude<...> ? "public" : string & Exclude<...>] extends GenericSchema ? Omit<...>[SchemaNameOrClientOptions extends string & Exclude<...> ? SchemaN...'.
src/app/api/admin/analytics/route.ts(271,25): error TS2345: Argument of type 'string' is not assignable to parameter of type '("event_name" extends keyof (Omit<Database, "__InternalSupabase">[SchemaNameOrClientOptions extends string & Exclude<...> ? SchemaNameOrClientOptions : "public" extends Exclude<...> ? "public" : string & Exclude<...>] extends GenericSchema ? Omit<...>[SchemaNameOrClientOptions extends string & Exclude<...> ? SchemaN...'.
src/app/api/admin/analytics/route.ts(281,25): error TS2345: Argument of type 'string' is not assignable to parameter of type '("event_name" extends keyof (Omit<Database, "__InternalSupabase">[SchemaNameOrClientOptions extends string & Exclude<...> ? SchemaNameOrClientOptions : "public" extends Exclude<...> ? "public" : string & Exclude<...>] extends GenericSchema ? Omit<...>[SchemaNameOrClientOptions extends string & Exclude<...> ? SchemaN...'.
src/app/api/analytics/dashboard/route.ts(131,13): error TS2554: Expected 1-2 arguments, but got 3.
src/app/api/analytics/route.ts(257,27): error TS2339: Property 'duration' does not exist on type '{ component?: string | undefined; loadTime?: number | undefined; route?: string | undefined; vitals?: { fcp?: number | undefined; lcp?: number | undefined; fid?: number | undefined; cls?: number | undefined; ttfb?: number | undefined; } | undefined; }'.
src/app/api/analytics/route.ts(260,57): error TS2339: Property 'duration' does not exist on type '{ component?: string | undefined; loadTime?: number | undefined; route?: string | undefined; vitals?: { fcp?: number | undefined; lcp?: number | undefined; fid?: number | undefined; cls?: number | undefined; ttfb?: number | undefined; } | undefined; }'.
src/app/api/analytics/route.ts(266,9): error TS2367: This comparison appears to be unintentional because the types '"settings_changed" | "error_occurred" | "vocabulary_learned" | "learning_session_ended" | "feature_used" | "api_request" | "api_error" | "web_vitals" | "learning_session_started" | ... 12 more ... | "export_data"' and '"memory_usage"' have no overlap.
src/app/api/analytics/route.ts(267,15): error TS2339: Property 'properties' does not exist on type 'never'.
src/app/api/analytics/route.ts(270,46): error TS2339: Property 'properties' does not exist on type 'never'.
src/app/api/cache/status/route.ts(65,49): error TS2345: Argument of type 'unknown' is not assignable to parameter of type 'LogContext | undefined'.
src/app/api/cache/status/route.ts(77,52): error TS2345: Argument of type 'unknown' is not assignable to parameter of type 'LogContext | undefined'.
src/app/api/cache/status/route.ts(298,47): error TS2345: Argument of type 'unknown' is not assignable to parameter of type 'LogContext | undefined'.
src/app/api/cache/status/route.ts(305,50): error TS2345: Argument of type 'unknown' is not assignable to parameter of type 'LogContext | undefined'.
src/app/api/descriptions/generate/optimized-route.ts(91,1): error TS1206: Decorators are not valid here.
src/app/api/descriptions/generate/optimized-route.ts(121,5): error TS2739: Type '{ cached: true; processingTime: number; }' is missing the following properties from type '{ description: string; confidence: number; cached: boolean; processingTime: number; metadata: { model: string; tokens: number; batchId?: string | undefined; }; }': description, confidence, metadata
src/app/api/descriptions/generate/optimized-route.ts(247,14): error TS18046: 'error' is of type 'unknown'.
src/app/api/descriptions/generate/optimized-route.ts(248,14): error TS18046: 'error' is of type 'unknown'.
src/app/api/descriptions/generate/optimized-route.ts(268,9): error TS18046: 'error' is of type 'unknown'.
src/app/api/descriptions/generate/optimized-route.ts(284,9): error TS18046: 'error' is of type 'unknown'.
src/app/api/descriptions/generate/optimized-route.ts(349,14): error TS18046: 'error' is of type 'unknown'.
src/app/api/descriptions/generate/optimized-route.ts(378,16): error TS18046: 'error' is of type 'unknown'.
src/app/api/descriptions/generate/rate-limited-route.ts(22,46): error TS2459: Module '"@/lib/security/secure-middleware"' declares 'SecureRequest' locally, but it is not exported.
src/app/api/descriptions/generate/rate-limited-route.ts(411,73): error TS2339: Property 'openaiApiKey' does not exist on type '{ imageUrl: string; style: "narrativo" | "poetico" | "academico" | "conversacional" | "infantil"; maxLength: number; language: "en" | "es" | "fr" | "de" | "it" | "pt" | "ru" | "zh" | "ja" | "ko" | "ar" | "hi"; ... 5 more ...; userApiKey?: string | undefined; }'.
src/app/api/descriptions/generate/rate-limited-route.ts(638,3): error TS2554: Expected 1 arguments, but got 2.
src/app/api/descriptions/generate/rate-limited-route.ts(665,3): error TS2554: Expected 1 arguments, but got 2.
src/app/api/descriptions/generate/route.ts(15,46): error TS2459: Module '"@/lib/security/secure-middleware"' declares 'SecureRequest' locally, but it is not exported.
src/app/api/descriptions/generate/route.ts(391,69): error TS2345: Argument of type 'unknown' is not assignable to parameter of type 'Record<string, any> | undefined'.
src/app/api/descriptions/generate/route.ts(396,73): error TS2339: Property 'openaiApiKey' does not exist on type '{ imageUrl: string; style: "narrativo" | "poetico" | "academico" | "conversacional" | "infantil"; language: "en" | "es" | "fr" | "de" | "it" | "pt" | "ru" | "zh" | "ja" | "ko" | "ar" | "hi"; ... 6 more ...; userApiKey?: string | undefined; }'.
src/app/api/descriptions/generate/route.ts(588,3): error TS2554: Expected 1 arguments, but got 2.
src/app/api/descriptions/generate/route.ts(610,3): error TS2554: Expected 1 arguments, but got 2.
src/app/api/error-report/route.ts(101,69): error TS2345: Argument of type 'unknown' is not assignable to parameter of type 'LogContext | undefined'.
src/app/api/error-report/route.ts(169,70): error TS2345: Argument of type 'unknown' is not assignable to parameter of type 'LogContext | undefined'.
src/app/api/error-report/route.ts(190,16): error TS18048: 'sanitizedData.message' is possibly 'undefined'.
src/app/api/example/error-handling/route.ts(61,12): error TS2339: Property 'apiCall' does not exist on type 'Logger'.
src/app/api/example/error-handling/route.ts(153,58): error TS2345: Argument of type '{ requestId: string | null; duration: number; userId: string | undefined; }' is not assignable to parameter of type 'number'.
src/app/api/example/error-handling/route.ts(180,7): error TS2322: Type 'string | null' is not assignable to type 'string | undefined'.
  Type 'null' is not assignable to type 'string | undefined'.
src/app/api/example/error-handling/route.ts(184,7): error TS2322: Type 'string | null' is not assignable to type 'string | undefined'.
  Type 'null' is not assignable to type 'string | undefined'.
src/app/api/example/error-handling/route.ts(225,5): error TS2322: Type 'string | null' is not assignable to type 'string | undefined'.
  Type 'null' is not assignable to type 'string | undefined'.
src/app/api/example/error-handling/route.ts(304,7): error TS2322: Type 'string | null' is not assignable to type 'string | undefined'.
  Type 'null' is not assignable to type 'string | undefined'.
src/app/api/export/generate/route.ts(119,59): error TS2345: Argument of type 'unknown' is not assignable to parameter of type 'LogContext | undefined'.
src/app/api/export/generate/route.ts(207,70): error TS2554: Expected 1-3 arguments, but got 5.
src/app/api/export/generate/route.ts(590,3): error TS2554: Expected 1 arguments, but got 2.
src/app/api/export/generate/route.ts(601,3): error TS2554: Expected 1 arguments, but got 2.
src/app/api/images/search-edge/route.ts(116,86): error TS2345: Argument of type 'unknown' is not assignable to parameter of type 'LogContext | undefined'.
src/app/api/images/search/route.ts(100,5): error TS2322: Type 'string | null' is not assignable to type 'string | undefined'.
  Type 'null' is not assignable to type 'string | undefined'.
src/app/api/images/search/route.ts(191,85): error TS2554: Expected 1-2 arguments, but got 3.
src/app/api/images/search/route.ts(231,66): error TS2345: Argument of type 'unknown' is not assignable to parameter of type 'LogContext | undefined'.
src/app/api/images/search/route.ts(242,15): error TS18046: 'unsplashConfig' is of type 'unknown'.
src/app/api/images/search/route.ts(243,14): error TS18046: 'unsplashConfig' is of type 'unknown'.
src/app/api/images/search/route.ts(244,49): error TS18046: 'unsplashConfig' is of type 'unknown'.
src/app/api/images/search/route.ts(245,33): error TS18046: 'unsplashConfig' is of type 'unknown'.
src/app/api/images/search/route.ts(246,16): error TS18046: 'unsplashConfig' is of type 'unknown'.
src/app/api/images/search/route.ts(246,40): error TS18046: 'unsplashConfig' is of type 'unknown'.
src/app/api/images/search/route.ts(307,56): error TS2345: Argument of type '{ query: string; page: number; per_page: number; color?: string | undefined; orientation?: "landscape" | "portrait" | "squarish" | undefined; orderBy?: "latest" | "oldest" | "popular" | "relevant" | undefined; }' is not assignable to parameter of type 'UnsplashSearchParams'.
  Types of property 'color' are incompatible.
    Type 'string | undefined' is not assignable to type '"black_and_white" | "black" | "white" | "yellow" | "orange" | "red" | "purple" | "magenta" | "green" | "teal" | "blue" | undefined'.
      Type 'string' is not assignable to type '"black_and_white" | "black" | "white" | "yellow" | "orange" | "red" | "purple" | "magenta" | "green" | "teal" | "blue" | undefined'.
src/app/api/images/search/route.ts(355,21): error TS18046: 'results' is of type 'unknown'.
src/app/api/images/search/route.ts(355,39): error TS18046: 'results' is of type 'unknown'.
src/app/api/images/search/route.ts(356,19): error TS18046: 'results' is of type 'unknown'.
src/app/api/images/search/route.ts(357,19): error TS18046: 'results' is of type 'unknown'.
src/app/api/images/search/route.ts(358,15): error TS18046: 'results' is of type 'unknown'.
src/app/api/images/search/route.ts(374,15): error TS18046: 'results' is of type 'unknown'.
src/app/api/images/search/route.ts(375,19): error TS18046: 'results' is of type 'unknown'.
src/app/api/images/search/route.ts(377,14): error TS18046: 'results' is of type 'unknown'.
src/app/api/images/search/route.ts(378,35): error TS18046: 'results' is of type 'unknown'.
src/app/api/images/search/route.ts(390,24): error TS18046: 'unsplashConfig' is of type 'unknown'.
src/app/api/images/search/route.ts(423,34): error TS2345: Argument of type '{ [k: string]: string; }' is not assignable to parameter of type '{ query: string; page: number; per_page: number; color?: string | undefined; orientation?: "landscape" | "portrait" | "squarish" | undefined; orderBy?: "latest" | "oldest" | "popular" | "relevant" | undefined; }'.
  Type '{ [k: string]: string; }' is missing the following properties from type '{ query: string; page: number; per_page: number; color?: string | undefined; orientation?: "landscape" | "portrait" | "squarish" | undefined; orderBy?: "latest" | "oldest" | "popular" | "relevant" | undefined; }': query, page, per_page
src/app/api/images/search/route.ts(496,3): error TS2554: Expected 1 arguments, but got 2.
src/app/api/images/test/route.ts(11,13): error TS2339: Property 'apiKey' does not exist on type '{} | undefined'.
src/app/api/progress/track/route.ts(226,57): error TS2345: Argument of type 'unknown' is not assignable to parameter of type 'LogContext | undefined'.
src/app/api/progress/track/route.ts(295,60): error TS2345: Argument of type 'unknown' is not assignable to parameter of type 'LogContext | undefined'.
src/app/api/progress/track/route.ts(345,61): error TS2345: Argument of type 'unknown' is not assignable to parameter of type 'LogContext | undefined'.
src/app/api/progress/track/route.ts(405,56): error TS2345: Argument of type 'unknown' is not assignable to parameter of type 'LogContext | undefined'.
src/app/api/progress/track/route.ts(707,3): error TS2554: Expected 1 arguments, but got 2.
src/app/api/progress/track/route.ts(717,3): error TS2554: Expected 1 arguments, but got 2.
src/app/api/settings/apikeys/route.ts(41,65): error TS2345: Argument of type 'string | null' is not assignable to parameter of type 'LogContext | undefined'.
  Type 'null' is not assignable to type 'LogContext | undefined'.
src/app/api/settings/save/route.ts(317,49): error TS2345: Argument of type 'unknown' is not assignable to parameter of type 'LogContext | undefined'.
src/app/api/settings/save/route.ts(361,56): error TS2345: Argument of type 'unknown' is not assignable to parameter of type 'LogContext | undefined'.
src/app/api/settings/save/route.ts(736,3): error TS2554: Expected 1 arguments, but got 2.
src/app/api/settings/save/route.ts(746,3): error TS2554: Expected 1 arguments, but got 2.
src/app/api/settings/save/route.ts(756,3): error TS2554: Expected 1 arguments, but got 2.
src/app/api/settings/sync/route.ts(11,13): error TS2339: Property 'apiKeys' does not exist on type '{} | undefined'.
src/app/api/vocabulary/save/route.ts(291,62): error TS2345: Argument of type 'unknown' is not assignable to parameter of type 'LogContext | undefined'.
src/app/api/vocabulary/save/route.ts(349,60): error TS2345: Argument of type 'unknown' is not assignable to parameter of type 'LogContext | undefined'.
src/app/api/vocabulary/save/route.ts(378,54): error TS2345: Argument of type 'unknown' is not assignable to parameter of type 'LogContext | undefined'.
src/app/api/vocabulary/save/route.ts(648,3): error TS2554: Expected 1 arguments, but got 2.
src/app/api/vocabulary/save/route.ts(658,3): error TS2554: Expected 1 arguments, but got 2.
src/components/Auth/AuthModal.tsx(39,51): error TS2554: Expected 1-2 arguments, but got 4.
src/components/Auth/AuthModal.tsx(138,26): error TS2339: Property 'user' does not exist on type '{ success: boolean; error?: string | undefined; }'.
src/components/Auth/AuthModal.tsx(139,29): error TS2339: Property 'profile' does not exist on type '{ success: boolean; error?: string | undefined; }'.
src/components/Auth/AuthModal.tsx(146,26): error TS2339: Property 'user' does not exist on type '{ success: boolean; error?: string | undefined; }'.
src/components/Auth/AuthModal.tsx(147,29): error TS2339: Property 'profile' does not exist on type '{ success: boolean; error?: string | undefined; }'.
src/components/Auth/UserMenu.tsx(89,40): error TS2339: Property 'access_token' does not exist on type 'never'.
src/components/Auth/UserMenu.tsx(138,42): error TS2339: Property 'access_token' does not exist on type 'never'.
src/components/Auth/UserMenu.tsx(199,38): error TS2339: Property 'access_token' does not exist on type '{ error: string; }'.
src/components/Auth/UserMenu.tsx(200,32): error TS2339: Property 'user' does not exist on type '{ error: string; }'.
src/components/Auth/UserMenu.tsx(221,27): error TS2339: Property 'access_token' does not exist on type '{ error: string; }'.
src/components/Dashboard/ApiKeysManager.tsx(264,7): error TS2322: Type '{ children: Element[]; className: string; onMouseEnter: () => void; onMouseLeave: () => void; }' is not assignable to type 'IntrinsicAttributes & CardProps'.
  Property 'onMouseEnter' does not exist on type 'IntrinsicAttributes & CardProps'.
src/components/Dashboard/LearningProgress.tsx(377,16): error TS2746: This JSX tag's 'children' prop expects a single child of type 'ReactElement<unknown, string | JSXElementConstructor<any>>', but multiple children were provided.
src/components/Dashboard/LearningProgress.tsx(495,23): error TS2322: Type 'CategoryProgress[]' is not assignable to type 'ChartDataInput[]'.
  Type 'CategoryProgress' is not assignable to type 'ChartDataInput'.
    Index signature for type 'string' is missing in type 'CategoryProgress'.
src/components/Dashboard/RecentActivity.tsx(329,30): error TS2304: Cannot find name 'useMemo'.
src/components/Dashboard/RecentActivity.tsx(441,14): error TS2304: Cannot find name 'Activity'.
src/components/Dashboard/RecentActivity.tsx(460,38): error TS7006: Parameter 'activity' implicitly has an 'any' type.
src/components/Dashboard/RecentActivity.tsx(460,48): error TS7006: Parameter 'index' implicitly has an 'any' type.
src/components/Dashboard/RecentActivity.tsx(465,19): error TS7053: Element implicitly has an 'any' type because expression of type 'any' can't be used to index type '{ low: string; medium: string; high: string; }'.
src/components/Dashboard/SavedDescriptions.tsx(91,14): error TS2339: Property 'description_style' does not exist on type 'SavedDescription'.
src/components/Dashboard/SavedDescriptions.tsx(97,47): error TS2339: Property 'description_style' does not exist on type 'SavedDescription'.
src/components/Dashboard/SavedDescriptions.tsx(145,26): error TS2339: Property 'description_style' does not exist on type 'SavedDescription'.
src/components/Dashboard/SavedDescriptions.tsx(147,29): error TS2339: Property 'image_url' does not exist on type 'SavedDescription'.
src/components/Dashboard/SavedDescriptions.tsx(150,51): error TS2345: Argument of type 'null' is not assignable to parameter of type 'string | undefined'.
src/components/Dashboard/SavedDescriptions.tsx(271,88): error TS2339: Property 'description_style' does not exist on type 'SavedDescription'.
src/components/Dashboard/SavedDescriptions.tsx(336,36): error TS2339: Property 'image_url' does not exist on type 'SavedDescription'.
src/components/Dashboard/SavedDescriptions.tsx(339,46): error TS2339: Property 'image_url' does not exist on type 'SavedDescription'.
src/components/Dashboard/UserStats.tsx(477,31): error TS2322: Type 'CategoryStats[]' is not assignable to type 'ChartDataInput[]'.
  Type 'CategoryStats' is not assignable to type 'ChartDataInput'.
    Index signature for type 'string' is missing in type 'CategoryStats'.
src/components/Debug/AuthDebug.tsx(119,48): error TS2345: Argument of type 'null' is not assignable to parameter of type 'string | undefined'.
src/components/Debug/AuthDebug.tsx(148,44): error TS2345: Argument of type 'null' is not assignable to parameter of type 'string | undefined'.
src/components/Debug/AuthDebugPanel.tsx(4,10): error TS2459: Module '"../../providers/AuthProvider"' declares 'AuthContext' locally, but it is not exported.
src/components/Debug/AuthDebugPanel.tsx(37,56): error TS2345: Argument of type 'unknown' is not assignable to parameter of type 'LogContext | undefined'.
src/components/Debug/AuthDebugPanel.tsx(58,22): error TS2339: Property 'isAuthenticated' does not exist on type '{}'.
src/components/Debug/AuthDebugPanel.tsx(62,36): error TS2339: Property 'user' does not exist on type '{}'.
src/components/Debug/AuthDebugPanel.tsx(66,36): error TS2339: Property 'profile' does not exist on type '{}'.
src/components/Debug/AuthDebugPanel.tsx(88,39): error TS2339: Property 'isAuthenticated' does not exist on type '{}'.
src/components/Debug/AuthDebugPanel.tsx(89,28): error TS2339: Property 'user' does not exist on type '{}'.
src/components/Debug/AuthDebugPanel.tsx(90,31): error TS2339: Property 'profile' does not exist on type '{}'.
src/components/Debug/AuthDebugPanel.tsx(91,33): error TS2339: Property 'isLoading' does not exist on type '{}'.
src/components/Debug/AuthDebugPanel.tsx(114,44): error TS7006: Parameter 'state' implicitly has an 'any' type.
src/components/Debug/AuthDebugPanel.tsx(119,62): error TS2345: Argument of type 'unknown' is not assignable to parameter of type 'LogContext | undefined'.
src/components/Debug/AuthDebugPanel.tsx(133,31): error TS2345: Argument of type 'null' is not assignable to parameter of type 'string | undefined'.
src/components/Debug/AuthDebugPanel.tsx(239,82): error TS2345: Argument of type 'unknown' is not assignable to parameter of type 'LogContext | undefined'.
src/components/Export/EnhancedExportManager.tsx(350,56): error TS2345: Argument of type 'null' is not assignable to parameter of type 'string | undefined'.
src/components/Export/EnhancedExportManager.tsx(733,54): error TS2345: Argument of type 'null' is not assignable to parameter of type 'string | undefined'.
src/components/ImageSearch/ImageSearch.tsx(78,88): error TS2554: Expected 1-2 arguments, but got 4.
src/components/Monitoring/ErrorDashboard.tsx(178,48): error TS2345: Argument of type 'null' is not assignable to parameter of type 'string | undefined'.
src/components/Onboarding/ApiKeySetup.tsx(202,13): error TS2322: Type '{ hidden: { opacity: number; y: number; }; visible: { opacity: number; y: number; transition: { type: string; stiffness: number; damping: number; }; }; }' is not assignable to type 'Variants'.
  Property 'visible' is incompatible with index signature.
    Type '{ opacity: number; y: number; transition: { type: string; stiffness: number; damping: number; }; }' is not assignable to type 'Variant'.
      Type '{ opacity: number; y: number; transition: { type: string; stiffness: number; damping: number; }; }' is not assignable to type 'TargetAndTransition'.
        Type '{ opacity: number; y: number; transition: { type: string; stiffness: number; damping: number; }; }' is not assignable to type '{ transition?: Transition<any> | undefined; transitionEnd?: ResolvedValues | undefined; }'.
          Types of property 'transition' are incompatible.
            Type '{ type: string; stiffness: number; damping: number; }' is not assignable to type 'Transition<any> | undefined'.
              Type '{ type: string; stiffness: number; damping: number; }' is not assignable to type 'TransitionWithValueOverrides<any>'.
                Type '{ type: string; stiffness: number; damping: number; }' is not assignable to type 'ValueAnimationTransition<any>'.
                  Types of property 'type' are incompatible.
                    Type 'string' is not assignable to type 'AnimationGeneratorType | undefined'.
src/components/Onboarding/ApiKeySetup.tsx(209,13): error TS2322: Type '{ hidden: { opacity: number; y: number; }; visible: { opacity: number; y: number; transition: { type: string; stiffness: number; damping: number; }; }; }' is not assignable to type 'Variants'.
  Property 'visible' is incompatible with index signature.
    Type '{ opacity: number; y: number; transition: { type: string; stiffness: number; damping: number; }; }' is not assignable to type 'Variant'.
      Type '{ opacity: number; y: number; transition: { type: string; stiffness: number; damping: number; }; }' is not assignable to type 'TargetAndTransition'.
        Type '{ opacity: number; y: number; transition: { type: string; stiffness: number; damping: number; }; }' is not assignable to type '{ transition?: Transition<any> | undefined; transitionEnd?: ResolvedValues | undefined; }'.
          Types of property 'transition' are incompatible.
            Type '{ type: string; stiffness: number; damping: number; }' is not assignable to type 'Transition<any> | undefined'.
              Type '{ type: string; stiffness: number; damping: number; }' is not assignable to type 'TransitionWithValueOverrides<any>'.
                Type '{ type: string; stiffness: number; damping: number; }' is not assignable to type 'ValueAnimationTransition<any>'.
                  Types of property 'type' are incompatible.
                    Type 'string' is not assignable to type 'AnimationGeneratorType | undefined'.
src/components/Onboarding/ApiKeySetup.tsx(216,13): error TS2322: Type '{ hidden: { opacity: number; y: number; }; visible: { opacity: number; y: number; transition: { type: string; stiffness: number; damping: number; }; }; }' is not assignable to type 'Variants'.
  Property 'visible' is incompatible with index signature.
    Type '{ opacity: number; y: number; transition: { type: string; stiffness: number; damping: number; }; }' is not assignable to type 'Variant'.
      Type '{ opacity: number; y: number; transition: { type: string; stiffness: number; damping: number; }; }' is not assignable to type 'TargetAndTransition'.
        Type '{ opacity: number; y: number; transition: { type: string; stiffness: number; damping: number; }; }' is not assignable to type '{ transition?: Transition<any> | undefined; transitionEnd?: ResolvedValues | undefined; }'.
          Types of property 'transition' are incompatible.
            Type '{ type: string; stiffness: number; damping: number; }' is not assignable to type 'Transition<any> | undefined'.
              Type '{ type: string; stiffness: number; damping: number; }' is not assignable to type 'TransitionWithValueOverrides<any>'.
                Type '{ type: string; stiffness: number; damping: number; }' is not assignable to type 'ValueAnimationTransition<any>'.
                  Types of property 'type' are incompatible.
                    Type 'string' is not assignable to type 'AnimationGeneratorType | undefined'.
src/components/Onboarding/ApiKeySetup.tsx(226,11): error TS2322: Type '{ hidden: { opacity: number; y: number; }; visible: { opacity: number; y: number; transition: { type: string; stiffness: number; damping: number; }; }; }' is not assignable to type 'Variants'.
  Property 'visible' is incompatible with index signature.
    Type '{ opacity: number; y: number; transition: { type: string; stiffness: number; damping: number; }; }' is not assignable to type 'Variant'.
      Type '{ opacity: number; y: number; transition: { type: string; stiffness: number; damping: number; }; }' is not assignable to type 'TargetAndTransition'.
        Type '{ opacity: number; y: number; transition: { type: string; stiffness: number; damping: number; }; }' is not assignable to type '{ transition?: Transition<any> | undefined; transitionEnd?: ResolvedValues | undefined; }'.
          Types of property 'transition' are incompatible.
            Type '{ type: string; stiffness: number; damping: number; }' is not assignable to type 'Transition<any> | undefined'.
              Type '{ type: string; stiffness: number; damping: number; }' is not assignable to type 'TransitionWithValueOverrides<any>'.
                Type '{ type: string; stiffness: number; damping: number; }' is not assignable to type 'ValueAnimationTransition<any>'.
                  Types of property 'type' are incompatible.
                    Type 'string' is not assignable to type 'AnimationGeneratorType | undefined'.
src/components/Onboarding/ApiKeySetup.tsx(248,15): error TS2322: Type '{ hidden: { opacity: number; y: number; }; visible: { opacity: number; y: number; transition: { type: string; stiffness: number; damping: number; }; }; }' is not assignable to type 'Variants'.
  Property 'visible' is incompatible with index signature.
    Type '{ opacity: number; y: number; transition: { type: string; stiffness: number; damping: number; }; }' is not assignable to type 'Variant'.
      Type '{ opacity: number; y: number; transition: { type: string; stiffness: number; damping: number; }; }' is not assignable to type 'TargetAndTransition'.
        Type '{ opacity: number; y: number; transition: { type: string; stiffness: number; damping: number; }; }' is not assignable to type '{ transition?: Transition<any> | undefined; transitionEnd?: ResolvedValues | undefined; }'.
          Types of property 'transition' are incompatible.
            Type '{ type: string; stiffness: number; damping: number; }' is not assignable to type 'Transition<any> | undefined'.
              Type '{ type: string; stiffness: number; damping: number; }' is not assignable to type 'TransitionWithValueOverrides<any>'.
                Type '{ type: string; stiffness: number; damping: number; }' is not assignable to type 'ValueAnimationTransition<any>'.
                  Types of property 'type' are incompatible.
                    Type 'string' is not assignable to type 'AnimationGeneratorType | undefined'.
src/components/Onboarding/ApiKeySetup.tsx(344,13): error TS2322: Type '{ hidden: { opacity: number; y: number; }; visible: { opacity: number; y: number; transition: { type: string; stiffness: number; damping: number; }; }; }' is not assignable to type 'Variants'.
  Property 'visible' is incompatible with index signature.
    Type '{ opacity: number; y: number; transition: { type: string; stiffness: number; damping: number; }; }' is not assignable to type 'Variant'.
      Type '{ opacity: number; y: number; transition: { type: string; stiffness: number; damping: number; }; }' is not assignable to type 'TargetAndTransition'.
        Type '{ opacity: number; y: number; transition: { type: string; stiffness: number; damping: number; }; }' is not assignable to type '{ transition?: Transition<any> | undefined; transitionEnd?: ResolvedValues | undefined; }'.
          Types of property 'transition' are incompatible.
            Type '{ type: string; stiffness: number; damping: number; }' is not assignable to type 'Transition<any> | undefined'.
              Type '{ type: string; stiffness: number; damping: number; }' is not assignable to type 'TransitionWithValueOverrides<any>'.
                Type '{ type: string; stiffness: number; damping: number; }' is not assignable to type 'ValueAnimationTransition<any>'.
                  Types of property 'type' are incompatible.
                    Type 'string' is not assignable to type 'AnimationGeneratorType | undefined'.
src/components/Onboarding/ApiKeySetup.tsx(363,11): error TS2322: Type '{ hidden: { opacity: number; y: number; }; visible: { opacity: number; y: number; transition: { type: string; stiffness: number; damping: number; }; }; }' is not assignable to type 'Variants'.
  Property 'visible' is incompatible with index signature.
    Type '{ opacity: number; y: number; transition: { type: string; stiffness: number; damping: number; }; }' is not assignable to type 'Variant'.
      Type '{ opacity: number; y: number; transition: { type: string; stiffness: number; damping: number; }; }' is not assignable to type 'TargetAndTransition'.
        Type '{ opacity: number; y: number; transition: { type: string; stiffness: number; damping: number; }; }' is not assignable to type '{ transition?: Transition<any> | undefined; transitionEnd?: ResolvedValues | undefined; }'.
          Types of property 'transition' are incompatible.
            Type '{ type: string; stiffness: number; damping: number; }' is not assignable to type 'Transition<any> | undefined'.
              Type '{ type: string; stiffness: number; damping: number; }' is not assignable to type 'TransitionWithValueOverrides<any>'.
                Type '{ type: string; stiffness: number; damping: number; }' is not assignable to type 'ValueAnimationTransition<any>'.
                  Types of property 'type' are incompatible.
                    Type 'string' is not assignable to type 'AnimationGeneratorType | undefined'.
src/components/Onboarding/CompletionStep.tsx(166,17): error TS2322: Type '{ hidden: { opacity: number; scale: number; }; visible: { opacity: number; scale: number; transition: { type: string; stiffness: number; damping: number; staggerChildren: number; }; }; }' is not assignable to type 'Variants'.
  Property 'visible' is incompatible with index signature.
    Type '{ opacity: number; scale: number; transition: { type: string; stiffness: number; damping: number; staggerChildren: number; }; }' is not assignable to type 'Variant'.
      Type '{ opacity: number; scale: number; transition: { type: string; stiffness: number; damping: number; staggerChildren: number; }; }' is not assignable to type 'TargetAndTransition'.
        Type '{ opacity: number; scale: number; transition: { type: string; stiffness: number; damping: number; staggerChildren: number; }; }' is not assignable to type '{ transition?: Transition<any> | undefined; transitionEnd?: ResolvedValues | undefined; }'.
          Types of property 'transition' are incompatible.
            Type '{ type: string; stiffness: number; damping: number; staggerChildren: number; }' is not assignable to type 'Transition<any> | undefined'.
              Type '{ type: string; stiffness: number; damping: number; staggerChildren: number; }' is not assignable to type 'TransitionWithValueOverrides<any>'.
                Type '{ type: string; stiffness: number; damping: number; staggerChildren: number; }' is not assignable to type 'ValueAnimationTransition<any>'.
                  Types of property 'type' are incompatible.
                    Type 'string' is not assignable to type 'AnimationGeneratorType | undefined'.
src/components/Onboarding/CompletionStep.tsx(189,13): error TS2322: Type '{ hidden: { opacity: number; y: number; scale: number; }; visible: { opacity: number; y: number; scale: number; transition: { type: string; stiffness: number; damping: number; }; }; }' is not assignable to type 'Variants'.
  Property 'visible' is incompatible with index signature.
    Type '{ opacity: number; y: number; scale: number; transition: { type: string; stiffness: number; damping: number; }; }' is not assignable to type 'Variant'.
      Type '{ opacity: number; y: number; scale: number; transition: { type: string; stiffness: number; damping: number; }; }' is not assignable to type 'TargetAndTransition'.
        Type '{ opacity: number; y: number; scale: number; transition: { type: string; stiffness: number; damping: number; }; }' is not assignable to type '{ transition?: Transition<any> | undefined; transitionEnd?: ResolvedValues | undefined; }'.
          Types of property 'transition' are incompatible.
            Type '{ type: string; stiffness: number; damping: number; }' is not assignable to type 'Transition<any> | undefined'.
              Type '{ type: string; stiffness: number; damping: number; }' is not assignable to type 'TransitionWithValueOverrides<any>'.
                Type '{ type: string; stiffness: number; damping: number; }' is not assignable to type 'ValueAnimationTransition<any>'.
                  Types of property 'type' are incompatible.
                    Type 'string' is not assignable to type 'AnimationGeneratorType | undefined'.
src/components/Onboarding/CompletionStep.tsx(190,13): error TS2322: Type '{ y: number[]; transition: { duration: number; repeat: number; ease: string; }; }' is not assignable to type 'boolean | TargetAndTransition | VariantLabels | LegacyAnimationControls | undefined'.
  Type '{ y: number[]; transition: { duration: number; repeat: number; ease: string; }; }' is not assignable to type 'TargetAndTransition'.
    Type '{ y: number[]; transition: { duration: number; repeat: number; ease: string; }; }' is not assignable to type '{ transition?: Transition<any> | undefined; transitionEnd?: ResolvedValues | undefined; }'.
      Types of property 'transition' are incompatible.
        Type '{ duration: number; repeat: number; ease: string; }' is not assignable to type 'Transition<any> | undefined'.
          Type '{ duration: number; repeat: number; ease: string; }' is not assignable to type 'TransitionWithValueOverrides<any>'.
            Type '{ duration: number; repeat: number; ease: string; }' is not assignable to type 'ValueAnimationTransition<any>'.
              Types of property 'ease' are incompatible.
                Type 'string' is not assignable to type 'Easing | Easing[] | undefined'.
src/components/Onboarding/CompletionStep.tsx(206,13): error TS2322: Type '{ hidden: { opacity: number; y: number; scale: number; }; visible: { opacity: number; y: number; scale: number; transition: { type: string; stiffness: number; damping: number; }; }; }' is not assignable to type 'Variants'.
  Property 'visible' is incompatible with index signature.
    Type '{ opacity: number; y: number; scale: number; transition: { type: string; stiffness: number; damping: number; }; }' is not assignable to type 'Variant'.
      Type '{ opacity: number; y: number; scale: number; transition: { type: string; stiffness: number; damping: number; }; }' is not assignable to type 'TargetAndTransition'.
        Type '{ opacity: number; y: number; scale: number; transition: { type: string; stiffness: number; damping: number; }; }' is not assignable to type '{ transition?: Transition<any> | undefined; transitionEnd?: ResolvedValues | undefined; }'.
          Types of property 'transition' are incompatible.
            Type '{ type: string; stiffness: number; damping: number; }' is not assignable to type 'Transition<any> | undefined'.
              Type '{ type: string; stiffness: number; damping: number; }' is not assignable to type 'TransitionWithValueOverrides<any>'.
                Type '{ type: string; stiffness: number; damping: number; }' is not assignable to type 'ValueAnimationTransition<any>'.
                  Types of property 'type' are incompatible.
                    Type 'string' is not assignable to type 'AnimationGeneratorType | undefined'.
src/components/Onboarding/CompletionStep.tsx(213,13): error TS2322: Type '{ hidden: { opacity: number; y: number; scale: number; }; visible: { opacity: number; y: number; scale: number; transition: { type: string; stiffness: number; damping: number; }; }; }' is not assignable to type 'Variants'.
  Property 'visible' is incompatible with index signature.
    Type '{ opacity: number; y: number; scale: number; transition: { type: string; stiffness: number; damping: number; }; }' is not assignable to type 'Variant'.
      Type '{ opacity: number; y: number; scale: number; transition: { type: string; stiffness: number; damping: number; }; }' is not assignable to type 'TargetAndTransition'.
        Type '{ opacity: number; y: number; scale: number; transition: { type: string; stiffness: number; damping: number; }; }' is not assignable to type '{ transition?: Transition<any> | undefined; transitionEnd?: ResolvedValues | undefined; }'.
          Types of property 'transition' are incompatible.
            Type '{ type: string; stiffness: number; damping: number; }' is not assignable to type 'Transition<any> | undefined'.
              Type '{ type: string; stiffness: number; damping: number; }' is not assignable to type 'TransitionWithValueOverrides<any>'.
                Type '{ type: string; stiffness: number; damping: number; }' is not assignable to type 'ValueAnimationTransition<any>'.
                  Types of property 'type' are incompatible.
                    Type 'string' is not assignable to type 'AnimationGeneratorType | undefined'.
src/components/Onboarding/CompletionStep.tsx(223,11): error TS2322: Type '{ hidden: { opacity: number; y: number; scale: number; }; visible: { opacity: number; y: number; scale: number; transition: { type: string; stiffness: number; damping: number; }; }; }' is not assignable to type 'Variants'.
  Property 'visible' is incompatible with index signature.
    Type '{ opacity: number; y: number; scale: number; transition: { type: string; stiffness: number; damping: number; }; }' is not assignable to type 'Variant'.
      Type '{ opacity: number; y: number; scale: number; transition: { type: string; stiffness: number; damping: number; }; }' is not assignable to type 'TargetAndTransition'.
        Type '{ opacity: number; y: number; scale: number; transition: { type: string; stiffness: number; damping: number; }; }' is not assignable to type '{ transition?: Transition<any> | undefined; transitionEnd?: ResolvedValues | undefined; }'.
          Types of property 'transition' are incompatible.
            Type '{ type: string; stiffness: number; damping: number; }' is not assignable to type 'Transition<any> | undefined'.
              Type '{ type: string; stiffness: number; damping: number; }' is not assignable to type 'TransitionWithValueOverrides<any>'.
                Type '{ type: string; stiffness: number; damping: number; }' is not assignable to type 'ValueAnimationTransition<any>'.
                  Types of property 'type' are incompatible.
                    Type 'string' is not assignable to type 'AnimationGeneratorType | undefined'.
src/components/Onboarding/CompletionStep.tsx(251,11): error TS2322: Type '{ hidden: { opacity: number; y: number; scale: number; }; visible: { opacity: number; y: number; scale: number; transition: { type: string; stiffness: number; damping: number; }; }; }' is not assignable to type 'Variants'.
  Property 'visible' is incompatible with index signature.
    Type '{ opacity: number; y: number; scale: number; transition: { type: string; stiffness: number; damping: number; }; }' is not assignable to type 'Variant'.
      Type '{ opacity: number; y: number; scale: number; transition: { type: string; stiffness: number; damping: number; }; }' is not assignable to type 'TargetAndTransition'.
        Type '{ opacity: number; y: number; scale: number; transition: { type: string; stiffness: number; damping: number; }; }' is not assignable to type '{ transition?: Transition<any> | undefined; transitionEnd?: ResolvedValues | undefined; }'.
          Types of property 'transition' are incompatible.
            Type '{ type: string; stiffness: number; damping: number; }' is not assignable to type 'Transition<any> | undefined'.
              Type '{ type: string; stiffness: number; damping: number; }' is not assignable to type 'TransitionWithValueOverrides<any>'.
                Type '{ type: string; stiffness: number; damping: number; }' is not assignable to type 'ValueAnimationTransition<any>'.
                  Types of property 'type' are incompatible.
                    Type 'string' is not assignable to type 'AnimationGeneratorType | undefined'.
src/components/Onboarding/CompletionStep.tsx(279,11): error TS2322: Type '{ hidden: { opacity: number; y: number; scale: number; }; visible: { opacity: number; y: number; scale: number; transition: { type: string; stiffness: number; damping: number; }; }; }' is not assignable to type 'Variants'.
  Property 'visible' is incompatible with index signature.
    Type '{ opacity: number; y: number; scale: number; transition: { type: string; stiffness: number; damping: number; }; }' is not assignable to type 'Variant'.
      Type '{ opacity: number; y: number; scale: number; transition: { type: string; stiffness: number; damping: number; }; }' is not assignable to type 'TargetAndTransition'.
        Type '{ opacity: number; y: number; scale: number; transition: { type: string; stiffness: number; damping: number; }; }' is not assignable to type '{ transition?: Transition<any> | undefined; transitionEnd?: ResolvedValues | undefined; }'.
          Types of property 'transition' are incompatible.
            Type '{ type: string; stiffness: number; damping: number; }' is not assignable to type 'Transition<any> | undefined'.
              Type '{ type: string; stiffness: number; damping: number; }' is not assignable to type 'TransitionWithValueOverrides<any>'.
                Type '{ type: string; stiffness: number; damping: number; }' is not assignable to type 'ValueAnimationTransition<any>'.
                  Types of property 'type' are incompatible.
                    Type 'string' is not assignable to type 'AnimationGeneratorType | undefined'.
src/components/Onboarding/CompletionStep.tsx(290,17): error TS2322: Type '{ hidden: { opacity: number; y: number; scale: number; }; visible: { opacity: number; y: number; scale: number; transition: { type: string; stiffness: number; damping: number; }; }; }' is not assignable to type 'Variants'.
  Property 'visible' is incompatible with index signature.
    Type '{ opacity: number; y: number; scale: number; transition: { type: string; stiffness: number; damping: number; }; }' is not assignable to type 'Variant'.
      Type '{ opacity: number; y: number; scale: number; transition: { type: string; stiffness: number; damping: number; }; }' is not assignable to type 'TargetAndTransition'.
        Type '{ opacity: number; y: number; scale: number; transition: { type: string; stiffness: number; damping: number; }; }' is not assignable to type '{ transition?: Transition<any> | undefined; transitionEnd?: ResolvedValues | undefined; }'.
          Types of property 'transition' are incompatible.
            Type '{ type: string; stiffness: number; damping: number; }' is not assignable to type 'Transition<any> | undefined'.
              Type '{ type: string; stiffness: number; damping: number; }' is not assignable to type 'TransitionWithValueOverrides<any>'.
                Type '{ type: string; stiffness: number; damping: number; }' is not assignable to type 'ValueAnimationTransition<any>'.
                  Types of property 'type' are incompatible.
                    Type 'string' is not assignable to type 'AnimationGeneratorType | undefined'.
src/components/Onboarding/CompletionStep.tsx(333,11): error TS2322: Type '{ hidden: { opacity: number; y: number; scale: number; }; visible: { opacity: number; y: number; scale: number; transition: { type: string; stiffness: number; damping: number; }; }; }' is not assignable to type 'Variants'.
  Property 'visible' is incompatible with index signature.
    Type '{ opacity: number; y: number; scale: number; transition: { type: string; stiffness: number; damping: number; }; }' is not assignable to type 'Variant'.
      Type '{ opacity: number; y: number; scale: number; transition: { type: string; stiffness: number; damping: number; }; }' is not assignable to type 'TargetAndTransition'.
        Type '{ opacity: number; y: number; scale: number; transition: { type: string; stiffness: number; damping: number; }; }' is not assignable to type '{ transition?: Transition<any> | undefined; transitionEnd?: ResolvedValues | undefined; }'.
          Types of property 'transition' are incompatible.
            Type '{ type: string; stiffness: number; damping: number; }' is not assignable to type 'Transition<any> | undefined'.
              Type '{ type: string; stiffness: number; damping: number; }' is not assignable to type 'TransitionWithValueOverrides<any>'.
                Type '{ type: string; stiffness: number; damping: number; }' is not assignable to type 'ValueAnimationTransition<any>'.
                  Types of property 'type' are incompatible.
                    Type 'string' is not assignable to type 'AnimationGeneratorType | undefined'.
src/components/Onboarding/CompletionStep.tsx(360,11): error TS2322: Type '{ hidden: { opacity: number; y: number; scale: number; }; visible: { opacity: number; y: number; scale: number; transition: { type: string; stiffness: number; damping: number; }; }; }' is not assignable to type 'Variants'.
  Property 'visible' is incompatible with index signature.
    Type '{ opacity: number; y: number; scale: number; transition: { type: string; stiffness: number; damping: number; }; }' is not assignable to type 'Variant'.
      Type '{ opacity: number; y: number; scale: number; transition: { type: string; stiffness: number; damping: number; }; }' is not assignable to type 'TargetAndTransition'.
        Type '{ opacity: number; y: number; scale: number; transition: { type: string; stiffness: number; damping: number; }; }' is not assignable to type '{ transition?: Transition<any> | undefined; transitionEnd?: ResolvedValues | undefined; }'.
          Types of property 'transition' are incompatible.
            Type '{ type: string; stiffness: number; damping: number; }' is not assignable to type 'Transition<any> | undefined'.
              Type '{ type: string; stiffness: number; damping: number; }' is not assignable to type 'TransitionWithValueOverrides<any>'.
                Type '{ type: string; stiffness: number; damping: number; }' is not assignable to type 'ValueAnimationTransition<any>'.
                  Types of property 'type' are incompatible.
                    Type 'string' is not assignable to type 'AnimationGeneratorType | undefined'.
src/components/Onboarding/OnboardingWizard.tsx(200,13): error TS2322: Type '{ hidden: { opacity: number; scale: number; y: number; }; visible: { opacity: number; scale: number; y: number; transition: { type: string; stiffness: number; damping: number; }; }; exit: { opacity: number; scale: number; y: number; transition: { ...; }; }; }' is not assignable to type 'Variants'.
  Property 'visible' is incompatible with index signature.
    Type '{ opacity: number; scale: number; y: number; transition: { type: string; stiffness: number; damping: number; }; }' is not assignable to type 'Variant'.
      Type '{ opacity: number; scale: number; y: number; transition: { type: string; stiffness: number; damping: number; }; }' is not assignable to type 'TargetAndTransition'.
        Type '{ opacity: number; scale: number; y: number; transition: { type: string; stiffness: number; damping: number; }; }' is not assignable to type '{ transition?: Transition<any> | undefined; transitionEnd?: ResolvedValues | undefined; }'.
          Types of property 'transition' are incompatible.
            Type '{ type: string; stiffness: number; damping: number; }' is not assignable to type 'Transition<any> | undefined'.
              Type '{ type: string; stiffness: number; damping: number; }' is not assignable to type 'TransitionWithValueOverrides<any>'.
                Type '{ type: string; stiffness: number; damping: number; }' is not assignable to type 'ValueAnimationTransition<any>'.
                  Types of property 'type' are incompatible.
                    Type 'string' is not assignable to type 'AnimationGeneratorType | undefined'.
src/components/Onboarding/OnboardingWizard.tsx(252,17): error TS2322: Type '{ hidden: { width: number; }; visible: (progress: number) => { width: string; transition: { duration: number; ease: string; }; }; }' is not assignable to type 'Variants'.
  Property 'visible' is incompatible with index signature.
    Type '(progress: number) => { width: string; transition: { duration: number; ease: string; }; }' is not assignable to type 'Variant'.
      Type '(progress: number) => { width: string; transition: { duration: number; ease: string; }; }' is not assignable to type 'TargetResolver'.
        Type '{ width: string; transition: { duration: number; ease: string; }; }' is not assignable to type 'string | TargetAndTransition'.
          Type '{ width: string; transition: { duration: number; ease: string; }; }' is not assignable to type 'TargetAndTransition'.
            Type '{ width: string; transition: { duration: number; ease: string; }; }' is not assignable to type '{ transition?: Transition<any> | undefined; transitionEnd?: ResolvedValues | undefined; }'.
              Types of property 'transition' are incompatible.
                Type '{ duration: number; ease: string; }' is not assignable to type 'Transition<any> | undefined'.
                  Type '{ duration: number; ease: string; }' is not assignable to type 'TransitionWithValueOverrides<any>'.
                    Type '{ duration: number; ease: string; }' is not assignable to type 'ValueAnimationTransition<any>'.
                      Types of property 'ease' are incompatible.
                        Type 'string' is not assignable to type 'Easing | Easing[] | undefined'.
src/components/Onboarding/PreferencesSetup.tsx(89,20): error TS2345: Argument of type '(prev: Partial<AppSettings>) => { language: { ui?: "en" | "es" | "fr" | "de" | "it" | "pt" | undefined; target?: "spanish" | "english" | "french" | "german" | "italian" | "portuguese" | undefined; }; ... 6 more ...; performance?: { ...; } | undefined; }' is not assignable to parameter of type 'SetStateAction<Partial<AppSettings>>'.
  Type '(prev: Partial<AppSettings>) => { language: { ui?: "en" | "es" | "fr" | "de" | "it" | "pt" | undefined; target?: "spanish" | "english" | "french" | "german" | "italian" | "portuguese" | undefined; }; ... 6 more ...; performance?: { ...; } | undefined; }' is not assignable to type '(prevState: Partial<AppSettings>) => Partial<AppSettings>'.
    Call signature return types '{ language: { ui?: "en" | "es" | "fr" | "de" | "it" | "pt" | undefined; target?: "spanish" | "english" | "french" | "german" | "italian" | "portuguese" | undefined; }; apiKeys?: { unsplash: string; openai: string; } | undefined; ... 5 more ...; performance?: { ...; } | undefined; }' and 'Partial<AppSettings>' are incompatible.
      The types of 'language.ui' are incompatible between these types.
        Type '"en" | "es" | "fr" | "de" | "it" | "pt" | undefined' is not assignable to type '"en" | "es" | "fr" | "de" | "it" | "pt"'.
          Type 'undefined' is not assignable to type '"en" | "es" | "fr" | "de" | "it" | "pt"'.
src/components/Onboarding/PreferencesSetup.tsx(99,20): error TS2345: Argument of type '(prev: Partial<AppSettings>) => { study: { dailyGoal?: number | undefined; reminderTimes?: string[] | undefined; enableReminders?: boolean | undefined; difficulty?: "beginner" | ... 2 more ... | undefined; autoAdvance?: boolean | undefined; }; ... 6 more ...; performance?: { ...; } | undefined; }' is not assignable to parameter of type 'SetStateAction<Partial<AppSettings>>'.
  Type '(prev: Partial<AppSettings>) => { study: { dailyGoal?: number | undefined; reminderTimes?: string[] | undefined; enableReminders?: boolean | undefined; difficulty?: "beginner" | ... 2 more ... | undefined; autoAdvance?: boolean | undefined; }; ... 6 more ...; performance?: { ...; } | undefined; }' is not assignable to type '(prevState: Partial<AppSettings>) => Partial<AppSettings>'.
    Call signature return types '{ study: { dailyGoal?: number | undefined; reminderTimes?: string[] | undefined; enableReminders?: boolean | undefined; difficulty?: "beginner" | "intermediate" | "advanced" | undefined; autoAdvance?: boolean | undefined; }; ... 6 more ...; performance?: { ...; } | undefined; }' and 'Partial<AppSettings>' are incompatible.
      The types of 'study.dailyGoal' are incompatible between these types.
        Type 'number | undefined' is not assignable to type 'number'.
          Type 'undefined' is not assignable to type 'number'.
src/components/Onboarding/PreferencesSetup.tsx(116,20): error TS2345: Argument of type '(prev: Partial<AppSettings>) => { theme: { mode?: "light" | "dark" | "system" | undefined; customColors?: { primary: string; secondary: string; accent: string; } | undefined; animations?: boolean | undefined; reducedMotion?: boolean | undefined; }; ... 6 more ...; performance?: { ...; } | undefined; }' is not assignable to parameter of type 'SetStateAction<Partial<AppSettings>>'.
  Type '(prev: Partial<AppSettings>) => { theme: { mode?: "light" | "dark" | "system" | undefined; customColors?: { primary: string; secondary: string; accent: string; } | undefined; animations?: boolean | undefined; reducedMotion?: boolean | undefined; }; ... 6 more ...; performance?: { ...; } | undefined; }' is not assignable to type '(prevState: Partial<AppSettings>) => Partial<AppSettings>'.
    Call signature return types '{ theme: { mode?: "light" | "dark" | "system" | undefined; customColors?: { primary: string; secondary: string; accent: string; } | undefined; animations?: boolean | undefined; reducedMotion?: boolean | undefined; }; ... 6 more ...; performance?: { ...; } | undefined; }' and 'Partial<AppSettings>' are incompatible.
      The types of 'theme.mode' are incompatible between these types.
        Type '"light" | "dark" | "system" | undefined' is not assignable to type '"light" | "dark" | "system"'.
          Type 'undefined' is not assignable to type '"light" | "dark" | "system"'.
src/components/Onboarding/PreferencesSetup.tsx(126,20): error TS2345: Argument of type '(prev: Partial<AppSettings>) => { accessibility: { fontSize?: "small" | "medium" | "large" | "xl" | undefined; contrast?: "normal" | "high" | undefined; screenReader?: boolean | undefined; keyboardNavigation?: boolean | undefined; focusIndicator?: boolean | undefined; }; ... 6 more ...; performance?: { ...; } | unde...' is not assignable to parameter of type 'SetStateAction<Partial<AppSettings>>'.
  Type '(prev: Partial<AppSettings>) => { accessibility: { fontSize?: "small" | "medium" | "large" | "xl" | undefined; contrast?: "normal" | "high" | undefined; screenReader?: boolean | undefined; keyboardNavigation?: boolean | undefined; focusIndicator?: boolean | undefined; }; ... 6 more ...; performance?: { ...; } | unde...' is not assignable to type '(prevState: Partial<AppSettings>) => Partial<AppSettings>'.
    Call signature return types '{ accessibility: { fontSize?: "small" | "medium" | "large" | "xl" | undefined; contrast?: "normal" | "high" | undefined; screenReader?: boolean | undefined; keyboardNavigation?: boolean | undefined; focusIndicator?: boolean | undefined; }; ... 6 more ...; performance?: { ...; } | undefined; }' and 'Partial<AppSettings>' are incompatible.
      The types of 'accessibility.fontSize' are incompatible between these types.
        Type '"small" | "medium" | "large" | "xl" | undefined' is not assignable to type '"small" | "medium" | "large" | "xl"'.
          Type 'undefined' is not assignable to type '"small" | "medium" | "large" | "xl"'.
src/components/Onboarding/PreferencesSetup.tsx(202,13): error TS2322: Type '{ hidden: { opacity: number; y: number; }; visible: { opacity: number; y: number; transition: { type: string; stiffness: number; damping: number; }; }; }' is not assignable to type 'Variants'.
  Property 'visible' is incompatible with index signature.
    Type '{ opacity: number; y: number; transition: { type: string; stiffness: number; damping: number; }; }' is not assignable to type 'Variant'.
      Type '{ opacity: number; y: number; transition: { type: string; stiffness: number; damping: number; }; }' is not assignable to type 'TargetAndTransition'.
        Type '{ opacity: number; y: number; transition: { type: string; stiffness: number; damping: number; }; }' is not assignable to type '{ transition?: Transition<any> | undefined; transitionEnd?: ResolvedValues | undefined; }'.
          Types of property 'transition' are incompatible.
            Type '{ type: string; stiffness: number; damping: number; }' is not assignable to type 'Transition<any> | undefined'.
              Type '{ type: string; stiffness: number; damping: number; }' is not assignable to type 'TransitionWithValueOverrides<any>'.
                Type '{ type: string; stiffness: number; damping: number; }' is not assignable to type 'ValueAnimationTransition<any>'.
                  Types of property 'type' are incompatible.
                    Type 'string' is not assignable to type 'AnimationGeneratorType | undefined'.
src/components/Onboarding/PreferencesSetup.tsx(209,13): error TS2322: Type '{ hidden: { opacity: number; y: number; }; visible: { opacity: number; y: number; transition: { type: string; stiffness: number; damping: number; }; }; }' is not assignable to type 'Variants'.
  Property 'visible' is incompatible with index signature.
    Type '{ opacity: number; y: number; transition: { type: string; stiffness: number; damping: number; }; }' is not assignable to type 'Variant'.
      Type '{ opacity: number; y: number; transition: { type: string; stiffness: number; damping: number; }; }' is not assignable to type 'TargetAndTransition'.
        Type '{ opacity: number; y: number; transition: { type: string; stiffness: number; damping: number; }; }' is not assignable to type '{ transition?: Transition<any> | undefined; transitionEnd?: ResolvedValues | undefined; }'.
          Types of property 'transition' are incompatible.
            Type '{ type: string; stiffness: number; damping: number; }' is not assignable to type 'Transition<any> | undefined'.
              Type '{ type: string; stiffness: number; damping: number; }' is not assignable to type 'TransitionWithValueOverrides<any>'.
                Type '{ type: string; stiffness: number; damping: number; }' is not assignable to type 'ValueAnimationTransition<any>'.
                  Types of property 'type' are incompatible.
                    Type 'string' is not assignable to type 'AnimationGeneratorType | undefined'.
src/components/Onboarding/PreferencesSetup.tsx(216,13): error TS2322: Type '{ hidden: { opacity: number; y: number; }; visible: { opacity: number; y: number; transition: { type: string; stiffness: number; damping: number; }; }; }' is not assignable to type 'Variants'.
  Property 'visible' is incompatible with index signature.
    Type '{ opacity: number; y: number; transition: { type: string; stiffness: number; damping: number; }; }' is not assignable to type 'Variant'.
      Type '{ opacity: number; y: number; transition: { type: string; stiffness: number; damping: number; }; }' is not assignable to type 'TargetAndTransition'.
        Type '{ opacity: number; y: number; transition: { type: string; stiffness: number; damping: number; }; }' is not assignable to type '{ transition?: Transition<any> | undefined; transitionEnd?: ResolvedValues | undefined; }'.
          Types of property 'transition' are incompatible.
            Type '{ type: string; stiffness: number; damping: number; }' is not assignable to type 'Transition<any> | undefined'.
              Type '{ type: string; stiffness: number; damping: number; }' is not assignable to type 'TransitionWithValueOverrides<any>'.
                Type '{ type: string; stiffness: number; damping: number; }' is not assignable to type 'ValueAnimationTransition<any>'.
                  Types of property 'type' are incompatible.
                    Type 'string' is not assignable to type 'AnimationGeneratorType | undefined'.
src/components/Onboarding/PreferencesSetup.tsx(226,13): error TS2322: Type '{ hidden: { opacity: number; y: number; }; visible: { opacity: number; y: number; transition: { type: string; stiffness: number; damping: number; }; }; }' is not assignable to type 'Variants'.
  Property 'visible' is incompatible with index signature.
    Type '{ opacity: number; y: number; transition: { type: string; stiffness: number; damping: number; }; }' is not assignable to type 'Variant'.
      Type '{ opacity: number; y: number; transition: { type: string; stiffness: number; damping: number; }; }' is not assignable to type 'TargetAndTransition'.
        Type '{ opacity: number; y: number; transition: { type: string; stiffness: number; damping: number; }; }' is not assignable to type '{ transition?: Transition<any> | undefined; transitionEnd?: ResolvedValues | undefined; }'.
          Types of property 'transition' are incompatible.
            Type '{ type: string; stiffness: number; damping: number; }' is not assignable to type 'Transition<any> | undefined'.
              Type '{ type: string; stiffness: number; damping: number; }' is not assignable to type 'TransitionWithValueOverrides<any>'.
                Type '{ type: string; stiffness: number; damping: number; }' is not assignable to type 'ValueAnimationTransition<any>'.
                  Types of property 'type' are incompatible.
                    Type 'string' is not assignable to type 'AnimationGeneratorType | undefined'.
src/components/Onboarding/PreferencesSetup.tsx(292,13): error TS2322: Type '{ hidden: { opacity: number; y: number; }; visible: { opacity: number; y: number; transition: { type: string; stiffness: number; damping: number; }; }; }' is not assignable to type 'Variants'.
  Property 'visible' is incompatible with index signature.
    Type '{ opacity: number; y: number; transition: { type: string; stiffness: number; damping: number; }; }' is not assignable to type 'Variant'.
      Type '{ opacity: number; y: number; transition: { type: string; stiffness: number; damping: number; }; }' is not assignable to type 'TargetAndTransition'.
        Type '{ opacity: number; y: number; transition: { type: string; stiffness: number; damping: number; }; }' is not assignable to type '{ transition?: Transition<any> | undefined; transitionEnd?: ResolvedValues | undefined; }'.
          Types of property 'transition' are incompatible.
            Type '{ type: string; stiffness: number; damping: number; }' is not assignable to type 'Transition<any> | undefined'.
              Type '{ type: string; stiffness: number; damping: number; }' is not assignable to type 'TransitionWithValueOverrides<any>'.
                Type '{ type: string; stiffness: number; damping: number; }' is not assignable to type 'ValueAnimationTransition<any>'.
                  Types of property 'type' are incompatible.
                    Type 'string' is not assignable to type 'AnimationGeneratorType | undefined'.
src/components/Onboarding/PreferencesSetup.tsx(353,13): error TS2322: Type '{ hidden: { opacity: number; y: number; }; visible: { opacity: number; y: number; transition: { type: string; stiffness: number; damping: number; }; }; }' is not assignable to type 'Variants'.
  Property 'visible' is incompatible with index signature.
    Type '{ opacity: number; y: number; transition: { type: string; stiffness: number; damping: number; }; }' is not assignable to type 'Variant'.
      Type '{ opacity: number; y: number; transition: { type: string; stiffness: number; damping: number; }; }' is not assignable to type 'TargetAndTransition'.
        Type '{ opacity: number; y: number; transition: { type: string; stiffness: number; damping: number; }; }' is not assignable to type '{ transition?: Transition<any> | undefined; transitionEnd?: ResolvedValues | undefined; }'.
          Types of property 'transition' are incompatible.
            Type '{ type: string; stiffness: number; damping: number; }' is not assignable to type 'Transition<any> | undefined'.
              Type '{ type: string; stiffness: number; damping: number; }' is not assignable to type 'TransitionWithValueOverrides<any>'.
                Type '{ type: string; stiffness: number; damping: number; }' is not assignable to type 'ValueAnimationTransition<any>'.
                  Types of property 'type' are incompatible.
                    Type 'string' is not assignable to type 'AnimationGeneratorType | undefined'.
src/components/Onboarding/PreferencesSetup.tsx(416,13): error TS2322: Type '{ hidden: { opacity: number; y: number; }; visible: { opacity: number; y: number; transition: { type: string; stiffness: number; damping: number; }; }; }' is not assignable to type 'Variants'.
  Property 'visible' is incompatible with index signature.
    Type '{ opacity: number; y: number; transition: { type: string; stiffness: number; damping: number; }; }' is not assignable to type 'Variant'.
      Type '{ opacity: number; y: number; transition: { type: string; stiffness: number; damping: number; }; }' is not assignable to type 'TargetAndTransition'.
        Type '{ opacity: number; y: number; transition: { type: string; stiffness: number; damping: number; }; }' is not assignable to type '{ transition?: Transition<any> | undefined; transitionEnd?: ResolvedValues | undefined; }'.
          Types of property 'transition' are incompatible.
            Type '{ type: string; stiffness: number; damping: number; }' is not assignable to type 'Transition<any> | undefined'.
              Type '{ type: string; stiffness: number; damping: number; }' is not assignable to type 'TransitionWithValueOverrides<any>'.
                Type '{ type: string; stiffness: number; damping: number; }' is not assignable to type 'ValueAnimationTransition<any>'.
                  Types of property 'type' are incompatible.
                    Type 'string' is not assignable to type 'AnimationGeneratorType | undefined'.
src/components/Onboarding/TutorialStep.tsx(154,23): error TS2554: Expected 1 arguments, but got 0.
src/components/Onboarding/TutorialStep.tsx(273,13): error TS2322: Type '{ hidden: { opacity: number; y: number; }; visible: { opacity: number; y: number; transition: { type: string; stiffness: number; damping: number; }; }; }' is not assignable to type 'Variants'.
  Property 'visible' is incompatible with index signature.
    Type '{ opacity: number; y: number; transition: { type: string; stiffness: number; damping: number; }; }' is not assignable to type 'Variant'.
      Type '{ opacity: number; y: number; transition: { type: string; stiffness: number; damping: number; }; }' is not assignable to type 'TargetAndTransition'.
        Type '{ opacity: number; y: number; transition: { type: string; stiffness: number; damping: number; }; }' is not assignable to type '{ transition?: Transition<any> | undefined; transitionEnd?: ResolvedValues | undefined; }'.
          Types of property 'transition' are incompatible.
            Type '{ type: string; stiffness: number; damping: number; }' is not assignable to type 'Transition<any> | undefined'.
              Type '{ type: string; stiffness: number; damping: number; }' is not assignable to type 'TransitionWithValueOverrides<any>'.
                Type '{ type: string; stiffness: number; damping: number; }' is not assignable to type 'ValueAnimationTransition<any>'.
                  Types of property 'type' are incompatible.
                    Type 'string' is not assignable to type 'AnimationGeneratorType | undefined'.
src/components/Onboarding/TutorialStep.tsx(280,13): error TS2322: Type '{ hidden: { opacity: number; y: number; }; visible: { opacity: number; y: number; transition: { type: string; stiffness: number; damping: number; }; }; }' is not assignable to type 'Variants'.
  Property 'visible' is incompatible with index signature.
    Type '{ opacity: number; y: number; transition: { type: string; stiffness: number; damping: number; }; }' is not assignable to type 'Variant'.
      Type '{ opacity: number; y: number; transition: { type: string; stiffness: number; damping: number; }; }' is not assignable to type 'TargetAndTransition'.
        Type '{ opacity: number; y: number; transition: { type: string; stiffness: number; damping: number; }; }' is not assignable to type '{ transition?: Transition<any> | undefined; transitionEnd?: ResolvedValues | undefined; }'.
          Types of property 'transition' are incompatible.
            Type '{ type: string; stiffness: number; damping: number; }' is not assignable to type 'Transition<any> | undefined'.
              Type '{ type: string; stiffness: number; damping: number; }' is not assignable to type 'TransitionWithValueOverrides<any>'.
                Type '{ type: string; stiffness: number; damping: number; }' is not assignable to type 'ValueAnimationTransition<any>'.
                  Types of property 'type' are incompatible.
                    Type 'string' is not assignable to type 'AnimationGeneratorType | undefined'.
src/components/Onboarding/TutorialStep.tsx(287,13): error TS2322: Type '{ hidden: { opacity: number; y: number; }; visible: { opacity: number; y: number; transition: { type: string; stiffness: number; damping: number; }; }; }' is not assignable to type 'Variants'.
  Property 'visible' is incompatible with index signature.
    Type '{ opacity: number; y: number; transition: { type: string; stiffness: number; damping: number; }; }' is not assignable to type 'Variant'.
      Type '{ opacity: number; y: number; transition: { type: string; stiffness: number; damping: number; }; }' is not assignable to type 'TargetAndTransition'.
        Type '{ opacity: number; y: number; transition: { type: string; stiffness: number; damping: number; }; }' is not assignable to type '{ transition?: Transition<any> | undefined; transitionEnd?: ResolvedValues | undefined; }'.
          Types of property 'transition' are incompatible.
            Type '{ type: string; stiffness: number; damping: number; }' is not assignable to type 'Transition<any> | undefined'.
              Type '{ type: string; stiffness: number; damping: number; }' is not assignable to type 'TransitionWithValueOverrides<any>'.
                Type '{ type: string; stiffness: number; damping: number; }' is not assignable to type 'ValueAnimationTransition<any>'.
                  Types of property 'type' are incompatible.
                    Type 'string' is not assignable to type 'AnimationGeneratorType | undefined'.
src/components/Onboarding/TutorialStep.tsx(295,13): error TS2322: Type '{ hidden: { opacity: number; y: number; }; visible: { opacity: number; y: number; transition: { type: string; stiffness: number; damping: number; }; }; }' is not assignable to type 'Variants'.
  Property 'visible' is incompatible with index signature.
    Type '{ opacity: number; y: number; transition: { type: string; stiffness: number; damping: number; }; }' is not assignable to type 'Variant'.
      Type '{ opacity: number; y: number; transition: { type: string; stiffness: number; damping: number; }; }' is not assignable to type 'TargetAndTransition'.
        Type '{ opacity: number; y: number; transition: { type: string; stiffness: number; damping: number; }; }' is not assignable to type '{ transition?: Transition<any> | undefined; transitionEnd?: ResolvedValues | undefined; }'.
          Types of property 'transition' are incompatible.
            Type '{ type: string; stiffness: number; damping: number; }' is not assignable to type 'Transition<any> | undefined'.
              Type '{ type: string; stiffness: number; damping: number; }' is not assignable to type 'TransitionWithValueOverrides<any>'.
                Type '{ type: string; stiffness: number; damping: number; }' is not assignable to type 'ValueAnimationTransition<any>'.
                  Types of property 'type' are incompatible.
                    Type 'string' is not assignable to type 'AnimationGeneratorType | undefined'.
src/components/Onboarding/TutorialStep.tsx(318,11): error TS2322: Type '{ hidden: { opacity: number; y: number; }; visible: { opacity: number; y: number; transition: { type: string; stiffness: number; damping: number; }; }; }' is not assignable to type 'Variants'.
  Property 'visible' is incompatible with index signature.
    Type '{ opacity: number; y: number; transition: { type: string; stiffness: number; damping: number; }; }' is not assignable to type 'Variant'.
      Type '{ opacity: number; y: number; transition: { type: string; stiffness: number; damping: number; }; }' is not assignable to type 'TargetAndTransition'.
        Type '{ opacity: number; y: number; transition: { type: string; stiffness: number; damping: number; }; }' is not assignable to type '{ transition?: Transition<any> | undefined; transitionEnd?: ResolvedValues | undefined; }'.
          Types of property 'transition' are incompatible.
            Type '{ type: string; stiffness: number; damping: number; }' is not assignable to type 'Transition<any> | undefined'.
              Type '{ type: string; stiffness: number; damping: number; }' is not assignable to type 'TransitionWithValueOverrides<any>'.
                Type '{ type: string; stiffness: number; damping: number; }' is not assignable to type 'ValueAnimationTransition<any>'.
                  Types of property 'type' are incompatible.
                    Type 'string' is not assignable to type 'AnimationGeneratorType | undefined'.
src/components/Onboarding/TutorialStep.tsx(431,11): error TS2322: Type '{ hidden: { opacity: number; y: number; }; visible: { opacity: number; y: number; transition: { type: string; stiffness: number; damping: number; }; }; }' is not assignable to type 'Variants'.
  Property 'visible' is incompatible with index signature.
    Type '{ opacity: number; y: number; transition: { type: string; stiffness: number; damping: number; }; }' is not assignable to type 'Variant'.
      Type '{ opacity: number; y: number; transition: { type: string; stiffness: number; damping: number; }; }' is not assignable to type 'TargetAndTransition'.
        Type '{ opacity: number; y: number; transition: { type: string; stiffness: number; damping: number; }; }' is not assignable to type '{ transition?: Transition<any> | undefined; transitionEnd?: ResolvedValues | undefined; }'.
          Types of property 'transition' are incompatible.
            Type '{ type: string; stiffness: number; damping: number; }' is not assignable to type 'Transition<any> | undefined'.
              Type '{ type: string; stiffness: number; damping: number; }' is not assignable to type 'TransitionWithValueOverrides<any>'.
                Type '{ type: string; stiffness: number; damping: number; }' is not assignable to type 'ValueAnimationTransition<any>'.
                  Types of property 'type' are incompatible.
                    Type 'string' is not assignable to type 'AnimationGeneratorType | undefined'.
src/components/Onboarding/WelcomeStep.tsx(85,13): error TS2322: Type '{ hidden: { opacity: number; y: number; }; visible: { opacity: number; y: number; transition: { type: string; stiffness: number; damping: number; }; }; }' is not assignable to type 'Variants'.
  Property 'visible' is incompatible with index signature.
    Type '{ opacity: number; y: number; transition: { type: string; stiffness: number; damping: number; }; }' is not assignable to type 'Variant'.
      Type '{ opacity: number; y: number; transition: { type: string; stiffness: number; damping: number; }; }' is not assignable to type 'TargetAndTransition'.
        Type '{ opacity: number; y: number; transition: { type: string; stiffness: number; damping: number; }; }' is not assignable to type '{ transition?: Transition<any> | undefined; transitionEnd?: ResolvedValues | undefined; }'.
          Types of property 'transition' are incompatible.
            Type '{ type: string; stiffness: number; damping: number; }' is not assignable to type 'Transition<any> | undefined'.
              Type '{ type: string; stiffness: number; damping: number; }' is not assignable to type 'TransitionWithValueOverrides<any>'.
                Type '{ type: string; stiffness: number; damping: number; }' is not assignable to type 'ValueAnimationTransition<any>'.
                  Types of property 'type' are incompatible.
                    Type 'string' is not assignable to type 'AnimationGeneratorType | undefined'.
src/components/Onboarding/WelcomeStep.tsx(86,13): error TS2322: Type '{ y: number[]; transition: { duration: number; repeat: number; ease: string; }; }' is not assignable to type 'boolean | TargetAndTransition | VariantLabels | LegacyAnimationControls | undefined'.
  Type '{ y: number[]; transition: { duration: number; repeat: number; ease: string; }; }' is not assignable to type 'TargetAndTransition'.
    Type '{ y: number[]; transition: { duration: number; repeat: number; ease: string; }; }' is not assignable to type '{ transition?: Transition<any> | undefined; transitionEnd?: ResolvedValues | undefined; }'.
      Types of property 'transition' are incompatible.
        Type '{ duration: number; repeat: number; ease: string; }' is not assignable to type 'Transition<any> | undefined'.
          Type '{ duration: number; repeat: number; ease: string; }' is not assignable to type 'TransitionWithValueOverrides<any>'.
            Type '{ duration: number; repeat: number; ease: string; }' is not assignable to type 'ValueAnimationTransition<any>'.
              Types of property 'ease' are incompatible.
                Type 'string' is not assignable to type 'Easing | Easing[] | undefined'.
src/components/Onboarding/WelcomeStep.tsx(95,13): error TS2322: Type '{ hidden: { opacity: number; y: number; }; visible: { opacity: number; y: number; transition: { type: string; stiffness: number; damping: number; }; }; }' is not assignable to type 'Variants'.
  Property 'visible' is incompatible with index signature.
    Type '{ opacity: number; y: number; transition: { type: string; stiffness: number; damping: number; }; }' is not assignable to type 'Variant'.
      Type '{ opacity: number; y: number; transition: { type: string; stiffness: number; damping: number; }; }' is not assignable to type 'TargetAndTransition'.
        Type '{ opacity: number; y: number; transition: { type: string; stiffness: number; damping: number; }; }' is not assignable to type '{ transition?: Transition<any> | undefined; transitionEnd?: ResolvedValues | undefined; }'.
          Types of property 'transition' are incompatible.
            Type '{ type: string; stiffness: number; damping: number; }' is not assignable to type 'Transition<any> | undefined'.
              Type '{ type: string; stiffness: number; damping: number; }' is not assignable to type 'TransitionWithValueOverrides<any>'.
                Type '{ type: string; stiffness: number; damping: number; }' is not assignable to type 'ValueAnimationTransition<any>'.
                  Types of property 'type' are incompatible.
                    Type 'string' is not assignable to type 'AnimationGeneratorType | undefined'.
src/components/Onboarding/WelcomeStep.tsx(102,13): error TS2322: Type '{ hidden: { opacity: number; y: number; }; visible: { opacity: number; y: number; transition: { type: string; stiffness: number; damping: number; }; }; }' is not assignable to type 'Variants'.
  Property 'visible' is incompatible with index signature.
    Type '{ opacity: number; y: number; transition: { type: string; stiffness: number; damping: number; }; }' is not assignable to type 'Variant'.
      Type '{ opacity: number; y: number; transition: { type: string; stiffness: number; damping: number; }; }' is not assignable to type 'TargetAndTransition'.
        Type '{ opacity: number; y: number; transition: { type: string; stiffness: number; damping: number; }; }' is not assignable to type '{ transition?: Transition<any> | undefined; transitionEnd?: ResolvedValues | undefined; }'.
          Types of property 'transition' are incompatible.
            Type '{ type: string; stiffness: number; damping: number; }' is not assignable to type 'Transition<any> | undefined'.
              Type '{ type: string; stiffness: number; damping: number; }' is not assignable to type 'TransitionWithValueOverrides<any>'.
                Type '{ type: string; stiffness: number; damping: number; }' is not assignable to type 'ValueAnimationTransition<any>'.
                  Types of property 'type' are incompatible.
                    Type 'string' is not assignable to type 'AnimationGeneratorType | undefined'.
src/components/Onboarding/WelcomeStep.tsx(118,15): error TS2322: Type '{ hidden: { opacity: number; y: number; }; visible: { opacity: number; y: number; transition: { type: string; stiffness: number; damping: number; }; }; }' is not assignable to type 'Variants'.
  Property 'visible' is incompatible with index signature.
    Type '{ opacity: number; y: number; transition: { type: string; stiffness: number; damping: number; }; }' is not assignable to type 'Variant'.
      Type '{ opacity: number; y: number; transition: { type: string; stiffness: number; damping: number; }; }' is not assignable to type 'TargetAndTransition'.
        Type '{ opacity: number; y: number; transition: { type: string; stiffness: number; damping: number; }; }' is not assignable to type '{ transition?: Transition<any> | undefined; transitionEnd?: ResolvedValues | undefined; }'.
          Types of property 'transition' are incompatible.
            Type '{ type: string; stiffness: number; damping: number; }' is not assignable to type 'Transition<any> | undefined'.
              Type '{ type: string; stiffness: number; damping: number; }' is not assignable to type 'TransitionWithValueOverrides<any>'.
                Type '{ type: string; stiffness: number; damping: number; }' is not assignable to type 'ValueAnimationTransition<any>'.
                  Types of property 'type' are incompatible.
                    Type 'string' is not assignable to type 'AnimationGeneratorType | undefined'.
src/components/Onboarding/WelcomeStep.tsx(146,11): error TS2322: Type '{ hidden: { opacity: number; y: number; }; visible: { opacity: number; y: number; transition: { type: string; stiffness: number; damping: number; }; }; }' is not assignable to type 'Variants'.
  Property 'visible' is incompatible with index signature.
    Type '{ opacity: number; y: number; transition: { type: string; stiffness: number; damping: number; }; }' is not assignable to type 'Variant'.
      Type '{ opacity: number; y: number; transition: { type: string; stiffness: number; damping: number; }; }' is not assignable to type 'TargetAndTransition'.
        Type '{ opacity: number; y: number; transition: { type: string; stiffness: number; damping: number; }; }' is not assignable to type '{ transition?: Transition<any> | undefined; transitionEnd?: ResolvedValues | undefined; }'.
          Types of property 'transition' are incompatible.
            Type '{ type: string; stiffness: number; damping: number; }' is not assignable to type 'Transition<any> | undefined'.
              Type '{ type: string; stiffness: number; damping: number; }' is not assignable to type 'TransitionWithValueOverrides<any>'.
                Type '{ type: string; stiffness: number; damping: number; }' is not assignable to type 'ValueAnimationTransition<any>'.
                  Types of property 'type' are incompatible.
                    Type 'string' is not assignable to type 'AnimationGeneratorType | undefined'.
src/components/Onboarding/WelcomeStep.tsx(180,11): error TS2322: Type '{ hidden: { opacity: number; y: number; }; visible: { opacity: number; y: number; transition: { type: string; stiffness: number; damping: number; }; }; }' is not assignable to type 'Variants'.
  Property 'visible' is incompatible with index signature.
    Type '{ opacity: number; y: number; transition: { type: string; stiffness: number; damping: number; }; }' is not assignable to type 'Variant'.
      Type '{ opacity: number; y: number; transition: { type: string; stiffness: number; damping: number; }; }' is not assignable to type 'TargetAndTransition'.
        Type '{ opacity: number; y: number; transition: { type: string; stiffness: number; damping: number; }; }' is not assignable to type '{ transition?: Transition<any> | undefined; transitionEnd?: ResolvedValues | undefined; }'.
          Types of property 'transition' are incompatible.
            Type '{ type: string; stiffness: number; damping: number; }' is not assignable to type 'Transition<any> | undefined'.
              Type '{ type: string; stiffness: number; damping: number; }' is not assignable to type 'TransitionWithValueOverrides<any>'.
                Type '{ type: string; stiffness: number; damping: number; }' is not assignable to type 'ValueAnimationTransition<any>'.
                  Types of property 'type' are incompatible.
                    Type 'string' is not assignable to type 'AnimationGeneratorType | undefined'.
src/components/Optimized/OptimizedComponents.tsx(167,44): error TS2503: Cannot find namespace 'JSX'.
src/components/Optimized/OptimizedComponents.tsx(169,15): error TS2339: Property 'displayName' does not exist on type '<T>(props: OptimizedListProps<T>) => JSX.Element'.
src/components/Optimized/OptimizedComponents.tsx(190,28): error TS2554: Expected 1 arguments, but got 0.
src/components/Performance/WebVitalsMonitor.tsx(4,10): error TS2305: Module '"web-vitals"' has no exported member 'getCLS'.
src/components/Performance/WebVitalsMonitor.tsx(4,18): error TS2305: Module '"web-vitals"' has no exported member 'getFID'.
src/components/Performance/WebVitalsMonitor.tsx(4,26): error TS2305: Module '"web-vitals"' has no exported member 'getFCP'.
src/components/Performance/WebVitalsMonitor.tsx(4,34): error TS2305: Module '"web-vitals"' has no exported member 'getLCP'.
src/components/Performance/WebVitalsMonitor.tsx(4,42): error TS2305: Module '"web-vitals"' has no exported member 'getTTFB'.
src/components/Performance/WebVitalsMonitor.tsx(4,51): error TS2305: Module '"web-vitals"' has no exported member 'getINP'.
src/components/Performance/WebVitalsMonitor.tsx(177,54): error TS2345: Argument of type 'null' is not assignable to parameter of type 'string | undefined'.
src/components/ProgressStatistics.tsx(385,19): error TS2322: Type 'ChartData[]' is not assignable to type 'ChartDataInput[]'.
  Type 'ChartData' is not assignable to type 'ChartDataInput'.
    Index signature for type 'string' is missing in type 'ChartData'.
src/components/Settings/ApiKeysSection.tsx(198,60): error TS2345: Argument of type 'unknown' is not assignable to parameter of type 'LogContext | undefined'.
src/components/SettingsModal.tsx(155,7): error TS2322: Type '"apikeys"' is not assignable to type 'TabType'.
src/components/SettingsModal.tsx(158,7): error TS2322: Type '"privacy"' is not assignable to type 'TabType'.
src/components/SettingsModal.tsx(174,12): error TS2678: Type '"apikeys"' is not comparable to type 'TabType'.
src/components/SettingsModal.tsx(176,12): error TS2678: Type '"privacy"' is not comparable to type 'TabType'.
src/components/Vocabulary/DatabaseVocabularyManager.tsx(150,13): error TS2554: Expected 1-2 arguments, but got 3.
src/components/Vocabulary/DatabaseVocabularyManager.tsx(155,60): error TS2554: Expected 1-2 arguments, but got 3.
src/components/Vocabulary/DatabaseVocabularyManager.tsx(160,61): error TS2554: Expected 1-2 arguments, but got 3.
src/components/VocabularyBuilder.tsx(330,44): error TS2345: Argument of type 'null' is not assignable to parameter of type 'string | undefined'.
src/components/analytics/WebVitalsReporter.tsx(3,10): error TS2305: Module '"web-vitals"' has no exported member 'getCLS'.
src/components/analytics/WebVitalsReporter.tsx(3,18): error TS2305: Module '"web-vitals"' has no exported member 'getFID'.
src/components/analytics/WebVitalsReporter.tsx(3,26): error TS2305: Module '"web-vitals"' has no exported member 'getFCP'.
src/components/analytics/WebVitalsReporter.tsx(3,34): error TS2305: Module '"web-vitals"' has no exported member 'getLCP'.
src/components/analytics/WebVitalsReporter.tsx(3,42): error TS2305: Module '"web-vitals"' has no exported member 'getTTFB'.
src/components/analytics/WebVitalsReporter.tsx(163,50): error TS2345: Argument of type 'unknown' is not assignable to parameter of type 'LogContext | undefined'.
src/components/ui/ComponentShowcase.tsx(25,3): error TS2305: Module '"./index"' has no exported member 'LoadingOverlay'.
src/components/ui/ComponentShowcase.tsx(110,13): error TS2339: Property 'success' does not exist on type '(toast: Omit<Toast, "id">) => string'.
src/components/ui/ComponentShowcase.tsx(112,13): error TS2339: Property 'error' does not exist on type '(toast: Omit<Toast, "id">) => string'.
src/components/ui/ComponentShowcase.tsx(117,11): error TS2339: Property 'success' does not exist on type '(toast: Omit<Toast, "id">) => string'.
src/components/ui/ComponentShowcase.tsx(120,13): error TS2339: Property 'warning' does not exist on type '(toast: Omit<Toast, "id">) => string'.
src/components/ui/ComponentShowcase.tsx(124,13): error TS2339: Property 'error' does not exist on type '(toast: Omit<Toast, "id">) => string'.
src/components/ui/ComponentShowcase.tsx(126,56): error TS2339: Property 'info' does not exist on type '(toast: Omit<Toast, "id">) => string'.
src/components/ui/ComponentShowcase.tsx(131,13): error TS2339: Property 'info' does not exist on type '(toast: Omit<Toast, "id">) => string'.
src/components/ui/ComponentShowcase.tsx(144,11): error TS2339: Property 'promise' does not exist on type '(toast: Omit<Toast, "id">) => string'.
src/components/ui/ComponentShowcase.tsx(255,21): error TS2339: Property 'success' does not exist on type '(toast: Omit<Toast, "id">) => string'.
src/components/ui/ComponentShowcase.tsx(353,13): error TS2322: Type '{ id: number; name: string; email: string; role: string; status: string; }[]' is not assignable to type 'never[]'.
  Type '{ id: number; name: string; email: string; role: string; status: string; }' is not assignable to type 'never'.
src/components/ui/index.ts(23,3): error TS1205: Re-exporting a type when 'isolatedModules' is enabled requires using 'export type'.
src/components/ui/index.ts(68,10): error TS2614: Module '"./MotionComponents"' has no exported member 'MotionComponents'. Did you mean to use 'import MotionComponents from "./MotionComponents"' instead?
src/components/ui/index.ts(69,10): error TS2614: Module '"./MotionWrappers"' has no exported member 'MotionWrappers'. Did you mean to use 'import MotionWrappers from "./MotionWrappers"' instead?
src/components/ui/index.ts(70,10): error TS2305: Module '"./MotionFallback"' has no exported member 'MotionFallback'.
src/components/ui/index.ts(74,3): error TS2614: Module '"./FormField"' has no exported member 'ButtonProps'. Did you mean to use 'import ButtonProps from "./FormField"' instead?
src/components/ui/index.ts(75,3): error TS2614: Module '"./FormField"' has no exported member 'CardProps'. Did you mean to use 'import CardProps from "./FormField"' instead?
src/components/ui/index.ts(76,3): error TS2614: Module '"./FormField"' has no exported member 'ModalProps'. Did you mean to use 'import ModalProps from "./FormField"' instead?
src/components/ui/index.ts(77,3): error TS2614: Module '"./FormField"' has no exported member 'TooltipProps'. Did you mean to use 'import TooltipProps from "./FormField"' instead?
src/components/ui/index.ts(78,3): error TS2614: Module '"./FormField"' has no exported member 'PopoverProps'. Did you mean to use 'import PopoverProps from "./FormField"' instead?
src/components/ui/index.ts(79,3): error TS2614: Module '"./FormField"' has no exported member 'DropdownProps'. Did you mean to use 'import DropdownProps from "./FormField"' instead?
src/components/ui/index.ts(80,3): error TS2614: Module '"./FormField"' has no exported member 'DropdownItem'. Did you mean to use 'import DropdownItem from "./FormField"' instead?
src/components/ui/index.ts(81,3): error TS2614: Module '"./FormField"' has no exported member 'DataTableProps'. Did you mean to use 'import DataTableProps from "./FormField"' instead?
src/components/ui/index.ts(82,3): error TS2614: Module '"./FormField"' has no exported member 'Column'. Did you mean to use 'import Column from "./FormField"' instead?
src/components/ui/index.ts(83,3): error TS2614: Module '"./FormField"' has no exported member 'CheckboxProps'. Did you mean to use 'import CheckboxProps from "./FormField"' instead?
src/examples/StateManagementIntegration.tsx(39,7): error TS2353: Object literal may only specify known properties, and 'label' does not exist in type 'FieldConfig<any>'.
src/examples/StateManagementIntegration.tsx(43,35): error TS2339: Property 'string' does not exist on type '{ required: () => ValidationRule<any>; minLength: (min: number) => ValidationRule<string>; maxLength: (max: number) => ValidationRule<string>; email: () => ValidationRule<...>; url: () => ValidationRule<...>; pattern: (regex: RegExp, message: string) => ValidationRule<...>; apiKey: (provider: "unsplash" | "openai") ...'.
src/examples/StateManagementIntegration.tsx(46,7): error TS2353: Object literal may only specify known properties, and 'label' does not exist in type 'FieldConfig<any>'.
src/examples/StateManagementIntegration.tsx(49,35): error TS2339: Property 'string' does not exist on type '{ required: () => ValidationRule<any>; minLength: (min: number) => ValidationRule<string>; maxLength: (max: number) => ValidationRule<string>; email: () => ValidationRule<...>; url: () => ValidationRule<...>; pattern: (regex: RegExp, message: string) => ValidationRule<...>; apiKey: (provider: "unsplash" | "openai") ...'.
src/examples/StateManagementIntegration.tsx(52,7): error TS2353: Object literal may only specify known properties, and 'label' does not exist in type 'FieldConfig<any>'.
src/examples/StateManagementIntegration.tsx(55,35): error TS2339: Property 'string' does not exist on type '{ required: () => ValidationRule<any>; minLength: (min: number) => ValidationRule<string>; maxLength: (max: number) => ValidationRule<string>; email: () => ValidationRule<...>; url: () => ValidationRule<...>; pattern: (regex: RegExp, message: string) => ValidationRule<...>; apiKey: (provider: "unsplash" | "openai") ...'.
src/examples/StateManagementIntegration.tsx(60,3): error TS2554: Expected 2-4 arguments, but got 0.
src/hooks/useErrorReporting.ts(439,12): error TS2339: Property 'componentMount' does not exist on type 'Logger'.
src/hooks/useErrorReporting.ts(447,14): error TS2339: Property 'componentUnmount' does not exist on type 'Logger'.
src/hooks/useExport.ts(23,45): error TS2345: Argument of type 'null' is not assignable to parameter of type 'string | undefined'.
src/hooks/useImageSearch.ts(161,78): error TS2345: Argument of type 'unknown' is not assignable to parameter of type 'LogContext | undefined'.
src/hooks/useImageSearch.ts(176,77): error TS2345: Argument of type 'unknown' is not assignable to parameter of type 'LogContext | undefined'.
src/hooks/useImageSearch.ts(247,92): error TS2554: Expected 1-2 arguments, but got 6.
src/hooks/useOnboarding.ts(293,11): error TS2322: Type '{ onboarding_completed: boolean; onboarding_completed_at: string; apiKeys?: { unsplash: string; openai: string; } | undefined; language?: "en" | "es" | { ui: "en" | "es" | "fr" | "de" | "it" | "pt"; target: "spanish" | "french" | "german" | "italian" | "portuguese" | "english"; } | undefined; ... 8 more ...; enableN...' is not assignable to type 'UserPreferences'.
  Types of property 'theme' are incompatible.
    Type '"light" | "dark" | "auto" | { mode: "light" | "dark" | "system"; customColors: { primary: string; secondary: string; accent: string; }; animations: boolean; reducedMotion: boolean; } | undefined' is not assignable to type '"light" | "dark" | "auto"'.
      Type 'undefined' is not assignable to type '"light" | "dark" | "auto"'.
src/hooks/usePerformanceMonitor.ts(68,75): error TS2345: Argument of type 'unknown' is not assignable to parameter of type 'LogContext | undefined'.
src/hooks/usePerformanceMonitor.ts(159,83): error TS2345: Argument of type 'unknown' is not assignable to parameter of type 'LogContext | undefined'.
src/hooks/usePerformanceMonitor.ts(163,86): error TS2345: Argument of type 'unknown' is not assignable to parameter of type 'LogContext | undefined'.
src/hooks/usePerformanceMonitor.ts(190,77): error TS2345: Argument of type 'unknown' is not assignable to parameter of type 'LogContext | undefined'.
src/hooks/usePerformanceOptimizations.ts(15,21): error TS2554: Expected 1 arguments, but got 0.
src/hooks/usePerformanceOptimizations.ts(63,26): error TS2554: Expected 1 arguments, but got 0.
src/hooks/usePerformanceOptimizations.ts(352,21): error TS2554: Expected 1 arguments, but got 0.
src/hooks/usePerformanceOptimizations.ts(368,7): error TS2322: Type 'undefined' is not assignable to type 'number'.
src/hooks/useProgressTracking.ts(56,19): error TS2322: Type 'T | undefined' is not assignable to type 'T'.
  'T' could be instantiated with an arbitrary type which could be unrelated to 'T | undefined'.
src/hooks/useSession.ts(84,49): error TS2345: Argument of type 'null' is not assignable to parameter of type 'string | undefined'.
src/lib/analytics/events.ts(138,7): error TS2353: Object literal may only specify known properties, and 'word' does not exist in type '{ sessionDuration?: number | undefined; wordsLearned?: number | undefined; accuracy?: number | undefined; difficulty?: string | undefined; imageId?: string | undefined; language?: string | undefined; }'.
src/lib/analytics/events.ts(276,10): error TS2304: Cannot find name 'safeStringify'.
src/lib/analytics/events.ts(281,19): error TS2304: Cannot find name 'safeParse'.
src/lib/analytics/index.ts(56,11): error TS2353: Object literal may only specify known properties, and 'duration' does not exist in type '{ sessionDuration?: number | undefined; wordsLearned?: number | undefined; accuracy?: number | undefined; difficulty?: string | undefined; imageId?: string | undefined; language?: string | undefined; } | ... 4 more ... | { ...; }'.
src/lib/analytics/index.ts(70,9): error TS2322: Type '"user_action"' is not assignable to type '"vocabulary_learned" | "learning_session_ended" | "feature_used" | "error_occurred" | "api_request" | "api_error" | "web_vitals" | "learning_session_started" | "quiz_completed" | ... 12 more ... | "export_data"'.
src/lib/analytics/index.ts(97,12): error TS2686: 'React' refers to a UMD global, but the current file is a module. Consider adding an import instead.
src/lib/analytics/index.ts(131,9): error TS2353: Object literal may only specify known properties, and 'timeSpent' does not exist in type '{ sessionDuration?: number | undefined; wordsLearned?: number | undefined; accuracy?: number | undefined; difficulty?: string | undefined; imageId?: string | undefined; language?: string | undefined; } | ... 4 more ... | { ...; }'.
src/lib/analytics/index.ts(160,9): error TS2353: Object literal may only specify known properties, and 'userId' does not exist in type '{ sessionDuration?: number | undefined; wordsLearned?: number | undefined; accuracy?: number | undefined; difficulty?: string | undefined; imageId?: string | undefined; language?: string | undefined; } | ... 4 more ... | { ...; }'.
src/lib/analytics/performance.ts(64,64): error TS2345: Argument of type 'unknown' is not assignable to parameter of type 'LogContext | undefined'.
src/lib/analytics/performance.ts(78,64): error TS2345: Argument of type 'unknown' is not assignable to parameter of type 'LogContext | undefined'.
src/lib/analytics/performance.ts(93,64): error TS2345: Argument of type 'unknown' is not assignable to parameter of type 'LogContext | undefined'.
src/lib/analytics/performance.ts(111,64): error TS2345: Argument of type 'unknown' is not assignable to parameter of type 'LogContext | undefined'.
src/lib/analytics/performance.ts(127,17): error TS2353: Object literal may only specify known properties, and 'resource' does not exist in type '{ sessionDuration?: number | undefined; wordsLearned?: number | undefined; accuracy?: number | undefined; difficulty?: string | undefined; imageId?: string | undefined; language?: string | undefined; } | ... 4 more ... | { ...; }'.
src/lib/analytics/performance.ts(139,76): error TS2345: Argument of type 'unknown' is not assignable to parameter of type 'LogContext | undefined'.
src/lib/analytics/performance.ts(148,13): error TS2322: Type '"performance_issue"' is not assignable to type '"vocabulary_learned" | "learning_session_ended" | "feature_used" | "error_occurred" | "api_request" | "api_error" | "web_vitals" | "learning_session_started" | "quiz_completed" | ... 12 more ... | "export_data"'.
src/lib/analytics/performance.ts(151,15): error TS2353: Object literal may only specify known properties, and 'type' does not exist in type '{ sessionDuration?: number | undefined; wordsLearned?: number | undefined; accuracy?: number | undefined; difficulty?: string | undefined; imageId?: string | undefined; language?: string | undefined; } | ... 4 more ... | { ...; }'.
src/lib/analytics/performance.ts(161,70): error TS2345: Argument of type 'unknown' is not assignable to parameter of type 'LogContext | undefined'.
src/lib/analytics/performance.ts(194,13): error TS2353: Object literal may only specify known properties, and 'referrer' does not exist in type '{ sessionDuration?: number | undefined; wordsLearned?: number | undefined; accuracy?: number | undefined; difficulty?: string | undefined; imageId?: string | undefined; language?: string | undefined; } | ... 4 more ... | { ...; }'.
src/lib/analytics/performance.ts(230,9): error TS2353: Object literal may only specify known properties, and 'duration' does not exist in type '{ sessionDuration?: number | undefined; wordsLearned?: number | undefined; accuracy?: number | undefined; difficulty?: string | undefined; imageId?: string | undefined; language?: string | undefined; } | ... 4 more ... | { ...; }'.
src/lib/analytics/performance.ts(240,7): error TS2322: Type '"memory_usage"' is not assignable to type '"vocabulary_learned" | "learning_session_ended" | "feature_used" | "error_occurred" | "api_request" | "api_error" | "web_vitals" | "learning_session_started" | "quiz_completed" | ... 12 more ... | "export_data"'.
src/lib/analytics/performance.ts(243,9): error TS2353: Object literal may only specify known properties, and 'usedJSHeapSize' does not exist in type '{ sessionDuration?: number | undefined; wordsLearned?: number | undefined; accuracy?: number | undefined; difficulty?: string | undefined; imageId?: string | undefined; language?: string | undefined; } | ... 4 more ... | { ...; }'.
src/lib/analytics/performance.ts(299,5): error TS2686: 'React' refers to a UMD global, but the current file is a module. Consider adding an import instead.
src/lib/analytics/performance.ts(304,12): error TS2686: 'React' refers to a UMD global, but the current file is a module. Consider adding an import instead.
src/lib/analytics/tracker.ts(87,62): error TS2345: Argument of type 'unknown' is not assignable to parameter of type 'LogContext | undefined'.
src/lib/analytics/tracker.ts(121,11): error TS2304: Cannot find name 'safeSetLocalStorage'.
src/lib/analytics/tracker.ts(127,60): error TS2345: Argument of type 'unknown' is not assignable to parameter of type 'LogContext | undefined'.
src/lib/analytics/tracker.ts(165,11): error TS2322: Type '{ sessionId: string; userId: string | undefined; userTier: any; timestamp: number; properties: { sessionDuration?: number; wordsLearned?: number; accuracy?: number; difficulty?: string; imageId?: string; language?: string; } | ... 4 more ... | { ...; }; eventName: "vocabulary_learned" | ... 20 more ... | "export_dat...' is not assignable to type 'AnalyticsEvent'.
  Type '{ sessionId: string; userId: string | undefined; userTier: any; timestamp: number; properties: { sessionDuration?: number; wordsLearned?: number; accuracy?: number; difficulty?: string; imageId?: string; language?: string; } | ... 4 more ... | { ...; }; eventName: "vocabulary_learned" | ... 20 more ... | "export_dat...' is not assignable to type 'UserBehaviorEvent'.
    Types of property 'eventName' are incompatible.
      Type '"vocabulary_learned" | "learning_session_ended" | "feature_used" | "error_occurred" | "api_request" | "api_error" | "web_vitals" | "learning_session_started" | "quiz_completed" | ... 12 more ... | "export_data"' is not assignable to type '"user_signup" | "user_login" | "user_logout" | "settings_changed" | "export_data"'.
        Type '"vocabulary_learned"' is not assignable to type '"user_signup" | "user_login" | "user_logout" | "settings_changed" | "export_data"'.
src/lib/analytics/tracker.ts(173,47): error TS2345: Argument of type 'AnalyticsEvent' is not assignable to parameter of type 'LogContext | undefined'.
  Type 'LearningEvent' is not assignable to type 'LogContext'.
    Types of property 'timestamp' are incompatible.
      Type 'number' is not assignable to type 'string'.
src/lib/analytics/tracker.ts(180,39): error TS2345: Argument of type 'AnalyticsEvent' is not assignable to parameter of type 'LogContext | undefined'.
  Type 'LearningEvent' is not assignable to type 'LogContext'.
    Types of property 'timestamp' are incompatible.
      Type 'number' is not assignable to type 'string'.
src/lib/analytics/tracker.ts(256,73): error TS2345: Argument of type 'unknown' is not assignable to parameter of type 'LogContext | undefined'.
src/lib/api/client.ts(10,3): error TS2305: Module '"@/types/api"' has no exported member 'ApiResponse'.
src/lib/api/client.ts(11,3): error TS2305: Module '"@/types/api"' has no exported member 'ErrorResponse'.
src/lib/api/client.ts(12,3): error TS2305: Module '"@/types/api"' has no exported member 'ValidationErrorResponse'.
src/lib/api/client.ts(13,3): error TS2305: Module '"@/types/api"' has no exported member 'ImageSearchParams'.
src/lib/api/client.ts(14,3): error TS2305: Module '"@/types/api"' has no exported member 'ImageSearchResponse'.
src/lib/api/client.ts(15,3): error TS2724: '"@/types/api"' has no exported member named 'DescriptionGenerateRequest'. Did you mean 'DescriptionRequest'?
src/lib/api/client.ts(16,3): error TS2305: Module '"@/types/api"' has no exported member 'DescriptionResponse'.
src/lib/api/client.ts(17,3): error TS2305: Module '"@/types/api"' has no exported member 'QAGenerateRequest'.
src/lib/api/client.ts(18,3): error TS2305: Module '"@/types/api"' has no exported member 'QAResponse'.
src/lib/api/client.ts(19,3): error TS2305: Module '"@/types/api"' has no exported member 'PhraseExtractionRequest'.
src/lib/api/client.ts(20,3): error TS2305: Module '"@/types/api"' has no exported member 'PhraseExtractionResponse'.
src/lib/api/client.ts(21,3): error TS2305: Module '"@/types/api"' has no exported member 'VocabularySaveRequest'.
src/lib/api/client.ts(22,3): error TS2305: Module '"@/types/api"' has no exported member 'VocabularyBulkSaveRequest'.
src/lib/api/client.ts(23,3): error TS2305: Module '"@/types/api"' has no exported member 'VocabularySaveResponse'.
src/lib/api/client.ts(24,3): error TS2305: Module '"@/types/api"' has no exported member 'VocabularyQueryParams'.
src/lib/api/client.ts(25,3): error TS2305: Module '"@/types/api"' has no exported member 'VocabularyListResponse'.
src/lib/api/client.ts(26,3): error TS2305: Module '"@/types/api"' has no exported member 'ProgressTrackRequest'.
src/lib/api/client.ts(27,3): error TS2305: Module '"@/types/api"' has no exported member 'ProgressTrackResponse'.
src/lib/api/client.ts(28,3): error TS2305: Module '"@/types/api"' has no exported member 'ProgressQueryParams'.
src/lib/api/client.ts(29,3): error TS2305: Module '"@/types/api"' has no exported member 'ProgressDataResponse'.
src/lib/api/client.ts(30,3): error TS2305: Module '"@/types/api"' has no exported member 'UserSettingsRequest'.
src/lib/api/client.ts(31,3): error TS2305: Module '"@/types/api"' has no exported member 'UserSettingsResponse'.
src/lib/api/client.ts(32,3): error TS2305: Module '"@/types/api"' has no exported member 'SettingsQueryParams'.
src/lib/api/client.ts(33,3): error TS2305: Module '"@/types/api"' has no exported member 'ExportRequest'.
src/lib/api/client.ts(34,3): error TS2305: Module '"@/types/api"' has no exported member 'ExportResponse'.
src/lib/api/client.ts(35,3): error TS2305: Module '"@/types/api"' has no exported member 'HealthCheckResponse'.
src/lib/api/client.ts(36,3): error TS2305: Module '"@/types/api"' has no exported member 'StatusResponse'.
src/lib/api/client.ts(37,3): error TS2305: Module '"@/types/api"' has no exported member 'ApiClientConfig'.
src/lib/api/client.ts(38,3): error TS2305: Module '"@/types/api"' has no exported member 'ApiClientOptions'.
src/lib/api/client.ts(39,3): error TS2305: Module '"@/types/api"' has no exported member 'ApiMethod'.
src/lib/api/client.ts(40,3): error TS2305: Module '"@/types/api"' has no exported member 'RequestOptions'.
src/lib/api/client.ts(41,3): error TS2305: Module '"@/types/api"' has no exported member 'API_ENDPOINTS'.
src/lib/api/client.ts(42,3): error TS2305: Module '"@/types/api"' has no exported member 'HTTP_STATUS'.
src/lib/api/client.ts(43,3): error TS2305: Module '"@/types/api"' has no exported member 'isErrorResponse'.
src/lib/api/client.ts(44,3): error TS2305: Module '"@/types/api"' has no exported member 'isValidationErrorResponse'.
src/lib/api/client.ts(236,25): error TS2345: Argument of type 'string | undefined' is not assignable to parameter of type 'string'.
  Type 'undefined' is not assignable to type 'string'.
src/lib/api/keyProvider.ts(86,78): error TS2345: Argument of type 'unknown' is not assignable to parameter of type 'Record<string, any> | undefined'.
src/lib/api/keyProvider.ts(163,79): error TS2345: Argument of type 'unknown' is not assignable to parameter of type 'Record<string, any> | undefined'.
src/lib/api/keyProvider.ts(183,69): error TS2345: Argument of type 'unknown' is not assignable to parameter of type 'Record<string, any> | undefined'.
src/lib/api/keyProvider.ts(212,69): error TS2345: Argument of type 'unknown' is not assignable to parameter of type 'Record<string, any> | undefined'.
src/lib/api/keyProvider.ts(245,67): error TS2345: Argument of type 'unknown' is not assignable to parameter of type 'Record<string, any> | undefined'.
src/lib/api/keyProvider.ts(292,80): error TS2345: Argument of type 'unknown' is not assignable to parameter of type 'Record<string, any> | undefined'.
src/lib/api/openai-server-backup.ts(523,5): error TS2741: Property 'generatedAt' is missing in type '{ text: string; style: DescriptionStyle; language: "es" | "en"; wordCount: number; timestamp: string; }' but required in type 'GeneratedDescription'.
src/lib/api/openai-server-backup.ts(602,7): error TS2353: Object literal may only specify known properties, and 'timestamp' does not exist in type 'GeneratedDescription'.
src/lib/api/openai-server-backup.ts(611,5): error TS2353: Object literal may only specify known properties, and 'timestamp' does not exist in type 'GeneratedDescription'.
src/lib/api/openai-server.ts(361,5): error TS2741: Property 'generatedAt' is missing in type '{ text: string; style: DescriptionStyle; language: "es" | "en"; wordCount: number; timestamp: string; }' but required in type 'GeneratedDescription'.
src/lib/api/openai-server.ts(432,7): error TS2353: Object literal may only specify known properties, and 'timestamp' does not exist in type 'GeneratedDescription'.
src/lib/api/openai-server.ts(441,5): error TS2353: Object literal may only specify known properties, and 'timestamp' does not exist in type 'GeneratedDescription'.
src/lib/api/openai.ts(626,7): error TS2739: Type '{}' is missing the following properties from type 'APIError': code, message, status, name
src/lib/api/openai.ts(638,7): error TS2322: Type '{}' is not assignable to type 'string'.
src/lib/api/optimizedSupabase.ts(73,5): error TS2322: Type 'SupabaseClient<Database, "public" extends Exclude<keyof Database, "__InternalSupabase"> ? "public" : string & Exclude<keyof Database, "__InternalSupabase">, SchemaNameOrClientOptions extends string & Exclude<...> ? SchemaNameOrClientOptions : "public" extends Exclude<...> ? "public" : string & Exclude<...>, Omit<......' is not assignable to type 'SupabaseClient<any, "public", "public", any, any>'.
  Type 'SchemaNameOrClientOptions extends string & Exclude<keyof Database, "__InternalSupabase"> ? SchemaNameOrClientOptions : "public" extends Exclude<...> ? "public" : string & Exclude<...>' is not assignable to type '"public"'.
    Type '(string & Exclude<keyof Database, "__InternalSupabase"> extends string & Exclude<keyof Database, "__InternalSupabase"> ? string & Exclude<...> : "public" extends Exclude<...> ? "public" : string & Exclude<...>) | ({ ...; } extends string & Exclude<...> ? string & ... 1 more ... & { ...; } : "public" extends Exclude<...' is not assignable to type '"public"'.
      Type 'string & Exclude<keyof Database, "__InternalSupabase"> extends string & Exclude<keyof Database, "__InternalSupabase"> ? string & Exclude<...> : "public" extends Exclude<...> ? "public" : string & Exclude<...>' is not assignable to type '"public"'.
        Type 'string extends string & Exclude<keyof Database, "__InternalSupabase"> ? string & Exclude<keyof Database, "__InternalSupabase"> : "public" extends Exclude<...> ? "public" : string & Exclude<...>' is not assignable to type '"public"'.
          Type '(string & Exclude<keyof Database, "__InternalSupabase">) | ("public" extends Exclude<keyof Database, "__InternalSupabase"> ? "public" : string & Exclude<...>)' is not assignable to type '"public"'.
            Type 'string & Exclude<keyof Database, "__InternalSupabase">' is not assignable to type '"public"'.
src/lib/api/optimizedSupabase.ts(98,53): error TS2345: Argument of type 'unknown' is not assignable to parameter of type 'LogContext | undefined'.
src/lib/api/optimizedSupabase.ts(109,68): error TS2554: Expected 1-2 arguments, but got 3.
src/lib/api/structured-logging.ts(140,60): error TS2345: Argument of type 'null' is not assignable to parameter of type 'string | undefined'.
src/lib/api/supabase.ts(224,9): error TS2322: Type 'SupabaseClient<Database, "public" extends Exclude<keyof Database, "__InternalSupabase"> ? "public" : string & Exclude<keyof Database, "__InternalSupabase">, SchemaNameOrClientOptions extends string & Exclude<...> ? SchemaNameOrClientOptions : "public" extends Exclude<...> ? "public" : string & Exclude<...>, Omit<......' is not assignable to type 'SupabaseClient<any, "public", "public", any, any>'.
  Type 'SchemaNameOrClientOptions extends string & Exclude<keyof Database, "__InternalSupabase"> ? SchemaNameOrClientOptions : "public" extends Exclude<...> ? "public" : string & Exclude<...>' is not assignable to type '"public"'.
    Type '(string & Exclude<keyof Database, "__InternalSupabase"> extends string & Exclude<keyof Database, "__InternalSupabase"> ? string & Exclude<...> : "public" extends Exclude<...> ? "public" : string & Exclude<...>) | ({ ...; } extends string & Exclude<...> ? string & ... 1 more ... & { ...; } : "public" extends Exclude<...' is not assignable to type '"public"'.
      Type 'string & Exclude<keyof Database, "__InternalSupabase"> extends string & Exclude<keyof Database, "__InternalSupabase"> ? string & Exclude<...> : "public" extends Exclude<...> ? "public" : string & Exclude<...>' is not assignable to type '"public"'.
        Type 'string extends string & Exclude<keyof Database, "__InternalSupabase"> ? string & Exclude<keyof Database, "__InternalSupabase"> : "public" extends Exclude<...> ? "public" : string & Exclude<...>' is not assignable to type '"public"'.
          Type '(string & Exclude<keyof Database, "__InternalSupabase">) | ("public" extends Exclude<keyof Database, "__InternalSupabase"> ? "public" : string & Exclude<...>)' is not assignable to type '"public"'.
            Type 'string & Exclude<keyof Database, "__InternalSupabase">' is not assignable to type '"public"'.
src/lib/api/supabase.ts(228,11): error TS2345: Argument of type 'unknown' is not assignable to parameter of type 'LogContext | undefined'.
src/lib/api/translator.ts(312,11): error TS2345: Argument of type 'unknown' is not assignable to parameter of type 'LogContext | undefined'.
src/lib/api/unsplash.ts(72,90): error TS2345: Argument of type 'unknown' is not assignable to parameter of type 'LogContext | undefined'.
src/lib/api/unsplash.ts(151,90): error TS2345: Argument of type 'unknown' is not assignable to parameter of type 'LogContext | undefined'.
src/lib/api/unsplash.ts(158,80): error TS2345: Argument of type 'unknown' is not assignable to parameter of type 'LogContext | undefined'.
src/lib/api/unsplash.ts(561,13): error TS18046: 'timeoutError' is of type 'unknown'.
src/lib/api/unsplash.ts(561,54): error TS18046: 'timeoutError' is of type 'unknown'.
src/lib/api/unsplash.ts(570,16): error TS18046: 'error' is of type 'unknown'.
src/lib/api/unsplash.ts(571,15): error TS18046: 'error' is of type 'unknown'.
src/lib/api/unsplash.ts(572,17): error TS18046: 'error' is of type 'unknown'.
src/lib/auth/AuthManager.ts(473,10): error TS2769: No overload matches this call.
  Overload 1 of 2, '(values: (Omit<Database, "__InternalSupabase">[SchemaNameOrClientOptions extends string & Exclude<keyof Database, "__InternalSupabase"> ? SchemaNameOrClientOptions : "public" extends Exclude<...> ? "public" : string & Exclude<...>] extends GenericSchema ? Omit<...>[SchemaNameOrClientOptions extends string & Exclude<...> ? SchemaNameOrClientOptions : "public" extends Exclude<...> ? "public" : string & Exclude<...>] : never)["Tables"]["users"] extends { ...; } ? (Omit<...>[SchemaNameOrClientOptions extends string & Exclude<...> ? SchemaNameOrClientOptions : "public" extends Exclude<...> ? "public" : string & Exclude<...>] extends GenericSchema ? Omit<...>[SchemaNameOrClientOptions extends string & Exclude<...> ? SchemaNameOrClientOptions : "public" extends Exclude<...> ? "public" : string & Exclude<...>] : never)["Tables"]["users"]["Insert"] : never, options?: { ...; } | undefined): PostgrestFilterBuilder<...>', gave the following error.
    Argument of type '{ id: string; email: string; full_name: string | undefined; username: string | undefined; preferences: { theme: string; language: string; defaultDescriptionStyle: string; autoSaveDescriptions: boolean; enableNotifications: boolean; }; }' is not assignable to parameter of type '(Omit<Database, "__InternalSupabase">[SchemaNameOrClientOptions extends string & Exclude<keyof Database, "__InternalSupabase"> ? SchemaNameOrClientOptions : "public" extends Exclude<...> ? "public" : string & Exclude<...>] extends GenericSchema ? Omit<...>[SchemaNameOrClientOptions extends string & Exclude<...> ? Sc...'.
  Overload 2 of 2, '(values: ((Omit<Database, "__InternalSupabase">[SchemaNameOrClientOptions extends string & Exclude<keyof Database, "__InternalSupabase"> ? SchemaNameOrClientOptions : "public" extends Exclude<...> ? "public" : string & Exclude<...>] extends GenericSchema ? Omit<...>[SchemaNameOrClientOptions extends string & Exclude<...> ? SchemaNameOrClientOptions : "public" extends Exclude<...> ? "public" : string & Exclude<...>] : never)["Tables"]["users"] extends { ...; } ? (Omit<...>[SchemaNameOrClientOptions extends string & Exclude<...> ? SchemaNameOrClientOptions : "public" extends Exclude<...> ? "public" : string & Exclude<...>] extends GenericSchema ? Omit<...>[SchemaNameOrClientOptions extends string & Exclude<...> ? SchemaNameOrClientOptions : "public" extends Exclude<...> ? "public" : string & Exclude<...>] : never)["Tables"]["users"]["Insert"] : never)[], options?: { ...; } | undefined): PostgrestFilterBuilder<...>', gave the following error.
    Object literal may only specify known properties, and 'id' does not exist in type '((Omit<Database, "__InternalSupabase">[SchemaNameOrClientOptions extends string & Exclude<keyof Database, "__InternalSupabase"> ? SchemaNameOrClientOptions : "public" extends Exclude<...> ? "public" : string & Exclude<...>] extends GenericSchema ? Omit<...>[SchemaNameOrClientOptions extends string & Exclude<...> ? S...'.
src/lib/auth/AuthManager.ts(505,10): error TS2769: No overload matches this call.
  Overload 1 of 2, '(values: (Omit<Database, "__InternalSupabase">[SchemaNameOrClientOptions extends string & Exclude<keyof Database, "__InternalSupabase"> ? SchemaNameOrClientOptions : "public" extends Exclude<...> ? "public" : string & Exclude<...>] extends GenericSchema ? Omit<...>[SchemaNameOrClientOptions extends string & Exclude<...> ? SchemaNameOrClientOptions : "public" extends Exclude<...> ? "public" : string & Exclude<...>] : never)["Tables"]["user_api_keys"] extends { ...; } ? (Omit<...>[SchemaNameOrClientOptions extends string & Exclude<...> ? SchemaNameOrClientOptions : "public" extends Exclude<...> ? "public" : string & Exclude<...>] extends GenericSchema ? Omit<...>[SchemaNameOrClientOptions extends string & Exclude<...> ? SchemaNameOrClientOptions : "public" extends Exclude<...> ? "public" : string & Exclude<...>] : never)["Tables"]["user_api_keys"]["Insert"] : never, options?: { ...; } | undefined): PostgrestFilterBuilder<...>', gave the following error.
    Argument of type '{ user_id: string; unsplash_api_key: null; openai_api_key: null; claude_api_key: null; google_api_key: null; other_api_keys: {}; created_at: string; }' is not assignable to parameter of type '(Omit<Database, "__InternalSupabase">[SchemaNameOrClientOptions extends string & Exclude<keyof Database, "__InternalSupabase"> ? SchemaNameOrClientOptions : "public" extends Exclude<...> ? "public" : string & Exclude<...>] extends GenericSchema ? Omit<...>[SchemaNameOrClientOptions extends string & Exclude<...> ? Sc...'.
  Overload 2 of 2, '(values: ((Omit<Database, "__InternalSupabase">[SchemaNameOrClientOptions extends string & Exclude<keyof Database, "__InternalSupabase"> ? SchemaNameOrClientOptions : "public" extends Exclude<...> ? "public" : string & Exclude<...>] extends GenericSchema ? Omit<...>[SchemaNameOrClientOptions extends string & Exclude<...> ? SchemaNameOrClientOptions : "public" extends Exclude<...> ? "public" : string & Exclude<...>] : never)["Tables"]["user_api_keys"] extends { ...; } ? (Omit<...>[SchemaNameOrClientOptions extends string & Exclude<...> ? SchemaNameOrClientOptions : "public" extends Exclude<...> ? "public" : string & Exclude<...>] extends GenericSchema ? Omit<...>[SchemaNameOrClientOptions extends string & Exclude<...> ? SchemaNameOrClientOptions : "public" extends Exclude<...> ? "public" : string & Exclude<...>] : never)["Tables"]["user_api_keys"]["Insert"] : never)[], options?: { ...; } | undefined): PostgrestFilterBuilder<...>', gave the following error.
    Object literal may only specify known properties, and 'user_id' does not exist in type '((Omit<Database, "__InternalSupabase">[SchemaNameOrClientOptions extends string & Exclude<keyof Database, "__InternalSupabase"> ? SchemaNameOrClientOptions : "public" extends Exclude<...> ? "public" : string & Exclude<...>] extends GenericSchema ? Omit<...>[SchemaNameOrClientOptions extends string & Exclude<...> ? S...'.
src/lib/auth/AuthManager.ts(534,19): error TS2345: Argument of type 'string' is not assignable to parameter of type '("id" extends keyof (Omit<Database, "__InternalSupabase">[SchemaNameOrClientOptions extends string & Exclude<keyof Database, "__InternalSupabase"> ? SchemaNameOrClientOptions : "public" extends Exclude<...> ? "public" : string & Exclude<...>] extends GenericSchema ? Omit<...>[SchemaNameOrClientOptions extends string...'.
src/lib/auth/AuthManager.ts(556,26): error TS2345: Argument of type 'string' is not assignable to parameter of type '("user_id" extends keyof (Omit<Database, "__InternalSupabase">[SchemaNameOrClientOptions extends string & Exclude<keyof Database, "__InternalSupabase"> ? SchemaNameOrClientOptions : "public" extends Exclude<...> ? "public" : string & Exclude<...>] extends GenericSchema ? Omit<...>[SchemaNameOrClientOptions extends s...'.
src/lib/auth/AuthManager.ts(560,19): error TS2339: Property 'api_keys' does not exist on type 'SelectQueryError<"Processing node failed."> | SelectQueryError<"Could not retrieve a valid record or error value">'.
  Property 'api_keys' does not exist on type 'SelectQueryError<"Processing node failed.">'.
src/lib/auth/AuthManager.ts(561,31): error TS2339: Property 'unsplash_api_key' does not exist on type 'SelectQueryError<"Processing node failed."> | SelectQueryError<"Could not retrieve a valid record or error value">'.
  Property 'unsplash_api_key' does not exist on type 'SelectQueryError<"Processing node failed.">'.
src/lib/auth/AuthManager.ts(562,29): error TS2339: Property 'openai_api_key' does not exist on type 'SelectQueryError<"Processing node failed."> | SelectQueryError<"Could not retrieve a valid record or error value">'.
  Property 'openai_api_key' does not exist on type 'SelectQueryError<"Processing node failed.">'.
src/lib/auth/AuthManager.ts(563,32): error TS2339: Property 'claude_api_key' does not exist on type 'SelectQueryError<"Processing node failed."> | SelectQueryError<"Could not retrieve a valid record or error value">'.
  Property 'claude_api_key' does not exist on type 'SelectQueryError<"Processing node failed.">'.
src/lib/auth/AuthManager.ts(564,29): error TS2339: Property 'google_api_key' does not exist on type 'SelectQueryError<"Processing node failed."> | SelectQueryError<"Could not retrieve a valid record or error value">'.
  Property 'google_api_key' does not exist on type 'SelectQueryError<"Processing node failed.">'.
src/lib/auth/AuthManager.ts(572,29): error TS2352: Conversion of type 'SelectQueryError<"Processing node failed."> | SelectQueryError<"Could not retrieve a valid record or error value">' to type 'UserProfile' may be a mistake because neither type sufficiently overlaps with the other. If this was intentional, convert the expression to 'unknown' first.
  Type '{ error: true; } & String' is missing the following properties from type 'UserProfile': id, email, subscription_status, created_at, last_active_at
src/lib/auth/AuthManager.ts(601,17): error TS2345: Argument of type '{ full_name: string | undefined; username: string | undefined; avatar_url: string | undefined; preferences: UserPreferences | undefined; updated_at: string; }' is not assignable to parameter of type '(Omit<Database, "__InternalSupabase">[SchemaNameOrClientOptions extends string & Exclude<keyof Database, "__InternalSupabase"> ? SchemaNameOrClientOptions : "public" extends Exclude<...> ? "public" : string & Exclude<...>] extends GenericSchema ? Omit<...>[SchemaNameOrClientOptions extends string & Exclude<...> ? Sc...'.
src/lib/auth/AuthManager.ts(608,19): error TS2345: Argument of type 'string' is not assignable to parameter of type '("id" extends keyof (Omit<Database, "__InternalSupabase">[SchemaNameOrClientOptions extends string & Exclude<keyof Database, "__InternalSupabase"> ? SchemaNameOrClientOptions : "public" extends Exclude<...> ? "public" : string & Exclude<...>] extends GenericSchema ? Omit<...>[SchemaNameOrClientOptions extends string...'.
src/lib/auth/AuthManager.ts(650,14): error TS2769: No overload matches this call.
  Overload 1 of 2, '(values: (Omit<Database, "__InternalSupabase">[SchemaNameOrClientOptions extends string & Exclude<keyof Database, "__InternalSupabase"> ? SchemaNameOrClientOptions : "public" extends Exclude<...> ? "public" : string & Exclude<...>] extends GenericSchema ? Omit<...>[SchemaNameOrClientOptions extends string & Exclude<...> ? SchemaNameOrClientOptions : "public" extends Exclude<...> ? "public" : string & Exclude<...>] : never)["Tables"]["user_api_keys"] extends { ...; } ? (Omit<...>[SchemaNameOrClientOptions extends string & Exclude<...> ? SchemaNameOrClientOptions : "public" extends Exclude<...> ? "public" : string & Exclude<...>] extends GenericSchema ? Omit<...>[SchemaNameOrClientOptions extends string & Exclude<...> ? SchemaNameOrClientOptions : "public" extends Exclude<...> ? "public" : string & Exclude<...>] : never)["Tables"]["user_api_keys"]["Insert"] : never, options?: { ...; } | undefined): PostgrestFilterBuilder<...>', gave the following error.
    Argument of type '{ user_id: string; unsplash_api_key: string | null; openai_api_key: string | null; claude_api_key: string | null; google_api_key: string | null; other_api_keys: {}; updated_at: string; }' is not assignable to parameter of type '(Omit<Database, "__InternalSupabase">[SchemaNameOrClientOptions extends string & Exclude<keyof Database, "__InternalSupabase"> ? SchemaNameOrClientOptions : "public" extends Exclude<...> ? "public" : string & Exclude<...>] extends GenericSchema ? Omit<...>[SchemaNameOrClientOptions extends string & Exclude<...> ? Sc...'.
  Overload 2 of 2, '(values: ((Omit<Database, "__InternalSupabase">[SchemaNameOrClientOptions extends string & Exclude<keyof Database, "__InternalSupabase"> ? SchemaNameOrClientOptions : "public" extends Exclude<...> ? "public" : string & Exclude<...>] extends GenericSchema ? Omit<...>[SchemaNameOrClientOptions extends string & Exclude<...> ? SchemaNameOrClientOptions : "public" extends Exclude<...> ? "public" : string & Exclude<...>] : never)["Tables"]["user_api_keys"] extends { ...; } ? (Omit<...>[SchemaNameOrClientOptions extends string & Exclude<...> ? SchemaNameOrClientOptions : "public" extends Exclude<...> ? "public" : string & Exclude<...>] extends GenericSchema ? Omit<...>[SchemaNameOrClientOptions extends string & Exclude<...> ? SchemaNameOrClientOptions : "public" extends Exclude<...> ? "public" : string & Exclude<...>] : never)["Tables"]["user_api_keys"]["Insert"] : never)[], options?: { ...; } | undefined): PostgrestFilterBuilder<...>', gave the following error.
    Object literal may only specify known properties, and 'user_id' does not exist in type '((Omit<Database, "__InternalSupabase">[SchemaNameOrClientOptions extends string & Exclude<keyof Database, "__InternalSupabase"> ? SchemaNameOrClientOptions : "public" extends Exclude<...> ? "public" : string & Exclude<...>] extends GenericSchema ? Omit<...>[SchemaNameOrClientOptions extends string & Exclude<...> ? S...'.
src/lib/auth/AuthManager.ts(669,84): error TS2345: Argument of type 'unknown' is not assignable to parameter of type 'Record<string, any> | undefined'.
src/lib/auth/AuthManager.ts(715,9): error TS2322: Type 'string' is not assignable to type 'undefined'.
src/lib/auth/AuthManager.ts(715,52): error TS2769: No overload matches this call.
  Overload 1 of 2, '(data: string): string', gave the following error.
    Argument of type 'string | true' is not assignable to parameter of type 'string'.
      Type 'boolean' is not assignable to type 'string'.
  Overload 2 of 2, '(data: string): string', gave the following error.
    Argument of type 'string | true' is not assignable to parameter of type 'string'.
      Type 'boolean' is not assignable to type 'string'.
src/lib/auth/AuthManager.ts(733,11): error TS2322: Type 'string' is not assignable to type 'undefined'.
src/lib/auth/AuthManager.ts(755,15): error TS2345: Argument of type '{ last_active_at: string; }' is not assignable to parameter of type '(Omit<Database, "__InternalSupabase">[SchemaNameOrClientOptions extends string & Exclude<keyof Database, "__InternalSupabase"> ? SchemaNameOrClientOptions : "public" extends Exclude<...> ? "public" : string & Exclude<...>] extends GenericSchema ? Omit<...>[SchemaNameOrClientOptions extends string & Exclude<...> ? Sc...'.
src/lib/auth/AuthManager.ts(756,17): error TS2345: Argument of type 'string' is not assignable to parameter of type '("id" extends keyof (Omit<Database, "__InternalSupabase">[SchemaNameOrClientOptions extends string & Exclude<keyof Database, "__InternalSupabase"> ? SchemaNameOrClientOptions : "public" extends Exclude<...> ? "public" : string & Exclude<...>] extends GenericSchema ? Omit<...>[SchemaNameOrClientOptions extends string...'.
src/lib/auth/AuthManager.ts(905,17): error TS2345: Argument of type '{ deleted_at: string; }' is not assignable to parameter of type '(Omit<Database, "__InternalSupabase">[SchemaNameOrClientOptions extends string & Exclude<keyof Database, "__InternalSupabase"> ? SchemaNameOrClientOptions : "public" extends Exclude<...> ? "public" : string & Exclude<...>] extends GenericSchema ? Omit<...>[SchemaNameOrClientOptions extends string & Exclude<...> ? Sc...'.
src/lib/auth/AuthManager.ts(908,19): error TS2345: Argument of type 'string' is not assignable to parameter of type '("id" extends keyof (Omit<Database, "__InternalSupabase">[SchemaNameOrClientOptions extends string & Exclude<keyof Database, "__InternalSupabase"> ? SchemaNameOrClientOptions : "public" extends Exclude<...> ? "public" : string & Exclude<...>] extends GenericSchema ? Omit<...>[SchemaNameOrClientOptions extends string...'.
src/lib/cache/redis-cache.ts(74,22): error TS2769: No overload matches this call.
  Overload 1 of 8, '(options: RedisOptions): Redis', gave the following error.
    Object literal may only specify known properties, and 'retryDelayOnFailover' does not exist in type 'RedisOptions'.
  Overload 2 of 8, '(port: number): Redis', gave the following error.
    Argument of type '{ host: string; port: number; password: string | undefined; db: number; keyPrefix: string; maxRetriesPerRequest: number; retryDelayOnFailover: number; enableOfflineQueue: boolean; lazyConnect: boolean; }' is not assignable to parameter of type 'number'.
  Overload 3 of 8, '(path: string): Redis', gave the following error.
    Argument of type '{ host: string; port: number; password: string | undefined; db: number; keyPrefix: string; maxRetriesPerRequest: number; retryDelayOnFailover: number; enableOfflineQueue: boolean; lazyConnect: boolean; }' is not assignable to parameter of type 'string'.
src/lib/cache/redis-cache.ts(439,56): error TS2554: Expected 1-2 arguments, but got 3.
src/lib/cache/redis-cache.ts(457,63): error TS2554: Expected 1-2 arguments, but got 3.
src/lib/cache/tiered-cache.ts(102,54): error TS2345: Argument of type 'unknown' is not assignable to parameter of type 'LogContext | undefined'.
src/lib/cache/tiered-cache.ts(127,51): error TS2345: Argument of type 'unknown' is not assignable to parameter of type 'LogContext | undefined'.
src/lib/cache/tiered-cache.ts(162,56): error TS2345: Argument of type 'unknown' is not assignable to parameter of type 'LogContext | undefined'.
src/lib/cache/tiered-cache.ts(230,60): error TS2345: Argument of type 'unknown' is not assignable to parameter of type 'LogContext | undefined'.
src/lib/cache/tiered-cache.ts(260,54): error TS2345: Argument of type 'unknown' is not assignable to parameter of type 'LogContext | undefined'.
src/lib/cache/tiered-cache.ts(276,59): error TS2345: Argument of type 'unknown' is not assignable to parameter of type 'LogContext | undefined'.
src/lib/cache/tiered-cache.ts(356,53): error TS2345: Argument of type 'unknown' is not assignable to parameter of type 'LogContext | undefined'.
src/lib/cache/tiered-cache.ts(381,58): error TS2345: Argument of type 'unknown' is not assignable to parameter of type 'LogContext | undefined'.
src/lib/cache/tiered-cache.ts(399,48): error TS2345: Argument of type 'unknown' is not assignable to parameter of type 'LogContext | undefined'.
src/lib/config/env.ts(407,15): error TS2484: Export declaration conflicts with exported declaration of 'ClientEnv'.
src/lib/config/env.ts(407,26): error TS2484: Export declaration conflicts with exported declaration of 'ServerEnv'.
src/lib/config/env.ts(407,37): error TS2484: Export declaration conflicts with exported declaration of 'Env'.
src/lib/coordination/hiveCoordinator.ts(458,27): error TS2304: Cannot find name 'safeParse'.
src/lib/export/exportManager.ts(667,59): error TS2345: Argument of type 'unknown' is not assignable to parameter of type 'LogContext | undefined'.
src/lib/export/exportManager.ts(680,61): error TS2345: Argument of type 'unknown' is not assignable to parameter of type 'LogContext | undefined'.
src/lib/export/exportManager.ts(689,67): error TS2345: Argument of type 'unknown' is not assignable to parameter of type 'LogContext | undefined'.
src/lib/export/exportManager.ts(702,69): error TS2345: Argument of type 'unknown' is not assignable to parameter of type 'LogContext | undefined'.
src/lib/export/exportManager.ts(710,64): error TS2345: Argument of type 'unknown' is not assignable to parameter of type 'LogContext | undefined'.
src/lib/export/exportManager.ts(721,66): error TS2345: Argument of type 'unknown' is not assignable to parameter of type 'LogContext | undefined'.
src/lib/export/jsonExporter.ts(50,9): error TS2345: Argument of type '2 | undefined' is not assignable to parameter of type 'string | undefined'.
  Type 'number' is not assignable to type 'string'.
src/lib/export/jsonExporter.ts(287,52): error TS2345: Argument of type 'number' is not assignable to parameter of type 'string'.
src/lib/export/jsonExporter.ts(441,15): error TS2339: Property 'metadata' does not exist on type 'never'.
src/lib/export/jsonExporter.ts(445,15): error TS2339: Property 'metadata' does not exist on type 'never'.
src/lib/export/rawDataExporter.ts(242,36): error TS2345: Argument of type 'null' is not assignable to parameter of type 'string | undefined'.
src/lib/export/rawDataExporter.ts(248,36): error TS2345: Argument of type 'null' is not assignable to parameter of type 'string | undefined'.
src/lib/export/unifiedExporter.ts(213,50): error TS2345: Argument of type 'null' is not assignable to parameter of type 'string | undefined'.
src/lib/logger.ts(46,30): error TS2552: Cannot find name 'EdgeRuntime'. Did you mean 'isEdgeRuntime'?
src/lib/logger.ts(252,27): error TS2552: Cannot find name 'EdgeRuntime'. Did you mean 'isEdgeRuntime'?
src/lib/logging/sessionLogger.ts(539,57): error TS2345: Argument of type 'unknown' is not assignable to parameter of type 'LogContext | undefined'.
src/lib/logging/sessionLogger.ts(549,15): error TS2322: Type 'SessionStorage | undefined' is not assignable to type 'SessionStorage'.
  Type 'undefined' is not assignable to type 'SessionStorage'.
src/lib/logging/sessionLogger.ts(554,59): error TS2345: Argument of type 'unknown' is not assignable to parameter of type 'LogContext | undefined'.
src/lib/logging/sessionLogger.ts(629,38): error TS2345: Argument of type 'null' is not assignable to parameter of type 'string | undefined'.
src/lib/logging/sessionLogger.ts(635,38): error TS2345: Argument of type 'null' is not assignable to parameter of type 'string | undefined'.
src/lib/logging/sessionPersistence.ts(145,7): error TS2322: Type 'SessionSummary | null | undefined' is not assignable to type 'SessionSummary | null'.
  Type 'undefined' is not assignable to type 'SessionSummary | null'.
src/lib/logging/sessionPersistence.ts(208,40): error TS2345: Argument of type 'null' is not assignable to parameter of type 'string | undefined'.
src/lib/logging/sessionPersistence.ts(214,40): error TS2345: Argument of type 'null' is not assignable to parameter of type 'string | undefined'.
src/lib/logging/sessionPersistence.ts(231,17): error TS2322: Type 'SessionReport | undefined' is not assignable to type 'SessionReport'.
  Type 'undefined' is not assignable to type 'SessionReport'.
src/lib/logging/sessionPersistence.ts(234,65): error TS2345: Argument of type 'unknown' is not assignable to parameter of type 'LogContext | undefined'.
src/lib/logging/sessionPersistence.ts(246,13): error TS2345: Argument of type 'null' is not assignable to parameter of type 'string | undefined'.
src/lib/logging/sessionPersistence.ts(254,44): error TS2345: Argument of type 'null' is not assignable to parameter of type 'string | undefined'.
src/lib/logging/sessionPersistence.ts(281,7): error TS2322: Type 'T | null | undefined' is not assignable to type 'T | null'.
  Type 'undefined' is not assignable to type 'T | null'.
src/lib/logging/sessionReportGenerator.ts(963,38): error TS2345: Argument of type 'null' is not assignable to parameter of type 'string | undefined'.
src/lib/logging/sessionReportGenerator.ts(971,38): error TS2345: Argument of type 'null' is not assignable to parameter of type 'string | undefined'.
src/lib/middleware/errorMiddleware.ts(250,12): error TS2339: Property 'errorWithCategory' does not exist on type 'Logger'.
src/lib/middleware/errorMiddleware.ts(357,11): error TS2345: Argument of type '{ requestId: string; duration: number; }' is not assignable to parameter of type 'number'.
src/lib/monitoring/alerts.ts(219,10): error TS2769: No overload matches this call.
  Overload 1 of 2, '(values: (Omit<Database, "__InternalSupabase">[SchemaNameOrClientOptions extends string & Exclude<keyof Database, "__InternalSupabase"> ? SchemaNameOrClientOptions : "public" extends Exclude<...> ? "public" : string & Exclude<...>] extends GenericSchema ? Omit<...>[SchemaNameOrClientOptions extends string & Exclude<...> ? SchemaNameOrClientOptions : "public" extends Exclude<...> ? "public" : string & Exclude<...>] : never)["Tables"]["system_alerts"] extends { ...; } ? (Omit<...>[SchemaNameOrClientOptions extends string & Exclude<...> ? SchemaNameOrClientOptions : "public" extends Exclude<...> ? "public" : string & Exclude<...>] extends GenericSchema ? Omit<...>[SchemaNameOrClientOptions extends string & Exclude<...> ? SchemaNameOrClientOptions : "public" extends Exclude<...> ? "public" : string & Exclude<...>] : never)["Tables"]["system_alerts"]["Insert"] : never, options?: { ...; } | undefined): PostgrestFilterBuilder<...>', gave the following error.
    Argument of type '{ alert_type: AlertType; severity: AlertSeverity; message: string; event_data: { title: string; metadata: Record<string, any> | undefined; threshold: number | undefined; currentValue: number | undefined; }; created_at: string; }' is not assignable to parameter of type '(Omit<Database, "__InternalSupabase">[SchemaNameOrClientOptions extends string & Exclude<keyof Database, "__InternalSupabase"> ? SchemaNameOrClientOptions : "public" extends Exclude<...> ? "public" : string & Exclude<...>] extends GenericSchema ? Omit<...>[SchemaNameOrClientOptions extends string & Exclude<...> ? Sc...'.
  Overload 2 of 2, '(values: ((Omit<Database, "__InternalSupabase">[SchemaNameOrClientOptions extends string & Exclude<keyof Database, "__InternalSupabase"> ? SchemaNameOrClientOptions : "public" extends Exclude<...> ? "public" : string & Exclude<...>] extends GenericSchema ? Omit<...>[SchemaNameOrClientOptions extends string & Exclude<...> ? SchemaNameOrClientOptions : "public" extends Exclude<...> ? "public" : string & Exclude<...>] : never)["Tables"]["system_alerts"] extends { ...; } ? (Omit<...>[SchemaNameOrClientOptions extends string & Exclude<...> ? SchemaNameOrClientOptions : "public" extends Exclude<...> ? "public" : string & Exclude<...>] extends GenericSchema ? Omit<...>[SchemaNameOrClientOptions extends string & Exclude<...> ? SchemaNameOrClientOptions : "public" extends Exclude<...> ? "public" : string & Exclude<...>] : never)["Tables"]["system_alerts"]["Insert"] : never)[], options?: { ...; } | undefined): PostgrestFilterBuilder<...>', gave the following error.
    Object literal may only specify known properties, and 'alert_type' does not exist in type '((Omit<Database, "__InternalSupabase">[SchemaNameOrClientOptions extends string & Exclude<keyof Database, "__InternalSupabase"> ? SchemaNameOrClientOptions : "public" extends Exclude<...> ? "public" : string & Exclude<...>] extends GenericSchema ? Omit<...>[SchemaNameOrClientOptions extends string & Exclude<...> ? S...'.
src/lib/monitoring/alerts.ts(239,29): error TS2339: Property 'id' does not exist on type 'SelectQueryError<"Processing node failed."> | SelectQueryError<"Could not retrieve a valid record or error value"> | { id: any; }'.
  Property 'id' does not exist on type 'SelectQueryError<"Processing node failed.">'.
src/lib/monitoring/alerts.ts(323,17): error TS2345: Argument of type '{ acknowledged: boolean; acknowledged_by: string | undefined; acknowledged_at: string; }' is not assignable to parameter of type '(Omit<Database, "__InternalSupabase">[SchemaNameOrClientOptions extends string & Exclude<keyof Database, "__InternalSupabase"> ? SchemaNameOrClientOptions : "public" extends Exclude<...> ? "public" : string & Exclude<...>] extends GenericSchema ? Omit<...>[SchemaNameOrClientOptions extends string & Exclude<...> ? Sc...'.
src/lib/monitoring/alerts.ts(328,19): error TS2345: Argument of type 'string' is not assignable to parameter of type '("id" extends keyof (Omit<Database, "__InternalSupabase">[SchemaNameOrClientOptions extends string & Exclude<keyof Database, "__InternalSupabase"> ? SchemaNameOrClientOptions : "public" extends Exclude<...> ? "public" : string & Exclude<...>] extends GenericSchema ? Omit<...>[SchemaNameOrClientOptions extends string...'.
src/lib/monitoring/alerts.ts(341,17): error TS2345: Argument of type '{ resolved: boolean; resolved_by: string | undefined; resolved_at: string; }' is not assignable to parameter of type '(Omit<Database, "__InternalSupabase">[SchemaNameOrClientOptions extends string & Exclude<keyof Database, "__InternalSupabase"> ? SchemaNameOrClientOptions : "public" extends Exclude<...> ? "public" : string & Exclude<...>] extends GenericSchema ? Omit<...>[SchemaNameOrClientOptions extends string & Exclude<...> ? Sc...'.
src/lib/monitoring/alerts.ts(346,19): error TS2345: Argument of type 'string' is not assignable to parameter of type '("id" extends keyof (Omit<Database, "__InternalSupabase">[SchemaNameOrClientOptions extends string & Exclude<keyof Database, "__InternalSupabase"> ? SchemaNameOrClientOptions : "public" extends Exclude<...> ? "public" : string & Exclude<...>] extends GenericSchema ? Omit<...>[SchemaNameOrClientOptions extends string...'.
src/lib/monitoring/alerts.ts(360,25): error TS2345: Argument of type 'boolean' is not assignable to parameter of type '("resolved" extends keyof (Omit<Database, "__InternalSupabase">[SchemaNameOrClientOptions extends string & Exclude<keyof Database, "__InternalSupabase"> ? SchemaNameOrClientOptions : "public" extends Exclude<...> ? "public" : string & Exclude<...>] extends GenericSchema ? Omit<...>[SchemaNameOrClientOptions extends ...'.
src/lib/monitoring/alerts.ts(370,17): error TS2339: Property 'id' does not exist on type 'SelectQueryError<"Processing node failed."> | SelectQueryError<"Could not retrieve a valid record or error value">'.
  Property 'id' does not exist on type 'SelectQueryError<"Processing node failed.">'.
src/lib/monitoring/alerts.ts(371,19): error TS2339: Property 'alert_type' does not exist on type 'SelectQueryError<"Processing node failed."> | SelectQueryError<"Could not retrieve a valid record or error value">'.
  Property 'alert_type' does not exist on type 'SelectQueryError<"Processing node failed.">'.
src/lib/monitoring/alerts.ts(372,23): error TS2339: Property 'severity' does not exist on type 'SelectQueryError<"Processing node failed."> | SelectQueryError<"Could not retrieve a valid record or error value">'.
  Property 'severity' does not exist on type 'SelectQueryError<"Processing node failed.">'.
src/lib/monitoring/alerts.ts(373,20): error TS2339: Property 'event_data' does not exist on type 'SelectQueryError<"Processing node failed."> | SelectQueryError<"Could not retrieve a valid record or error value">'.
  Property 'event_data' does not exist on type 'SelectQueryError<"Processing node failed.">'.
src/lib/monitoring/alerts.ts(373,45): error TS2339: Property 'alert_type' does not exist on type 'SelectQueryError<"Processing node failed."> | SelectQueryError<"Could not retrieve a valid record or error value">'.
  Property 'alert_type' does not exist on type 'SelectQueryError<"Processing node failed.">'.
src/lib/monitoring/alerts.ts(374,22): error TS2339: Property 'message' does not exist on type 'SelectQueryError<"Processing node failed."> | SelectQueryError<"Could not retrieve a valid record or error value">'.
  Property 'message' does not exist on type 'SelectQueryError<"Processing node failed.">'.
src/lib/monitoring/alerts.ts(375,23): error TS2339: Property 'event_data' does not exist on type 'SelectQueryError<"Processing node failed."> | SelectQueryError<"Could not retrieve a valid record or error value">'.
  Property 'event_data' does not exist on type 'SelectQueryError<"Processing node failed.">'.
src/lib/monitoring/alerts.ts(376,24): error TS2339: Property 'event_data' does not exist on type 'SelectQueryError<"Processing node failed."> | SelectQueryError<"Could not retrieve a valid record or error value">'.
  Property 'event_data' does not exist on type 'SelectQueryError<"Processing node failed.">'.
src/lib/monitoring/alerts.ts(377,27): error TS2339: Property 'event_data' does not exist on type 'SelectQueryError<"Processing node failed."> | SelectQueryError<"Could not retrieve a valid record or error value">'.
  Property 'event_data' does not exist on type 'SelectQueryError<"Processing node failed.">'.
src/lib/monitoring/alerts.ts(378,27): error TS2339: Property 'acknowledged' does not exist on type 'SelectQueryError<"Processing node failed."> | SelectQueryError<"Could not retrieve a valid record or error value">'.
  Property 'acknowledged' does not exist on type 'SelectQueryError<"Processing node failed.">'.
src/lib/monitoring/alerts.ts(379,23): error TS2339: Property 'resolved' does not exist on type 'SelectQueryError<"Processing node failed."> | SelectQueryError<"Could not retrieve a valid record or error value">'.
  Property 'resolved' does not exist on type 'SelectQueryError<"Processing node failed.">'.
src/lib/monitoring/alerts.ts(380,33): error TS2339: Property 'created_at' does not exist on type 'SelectQueryError<"Processing node failed."> | SelectQueryError<"Could not retrieve a valid record or error value">'.
  Property 'created_at' does not exist on type 'SelectQueryError<"Processing node failed.">'.
src/lib/monitoring/error-boundary.tsx(53,21): error TS2304: Cannot find name 'Sentry'.
src/lib/monitoring/error-boundary.tsx(53,39): error TS7006: Parameter 'scope' implicitly has an 'any' type.
src/lib/monitoring/error-boundary.tsx(62,14): error TS2304: Cannot find name 'Sentry'.
src/lib/monitoring/error-boundary.tsx(106,7): error TS2304: Cannot find name 'Sentry'.
src/lib/monitoring/error-boundary.tsx(238,7): error TS2304: Cannot find name 'Sentry'.
src/lib/monitoring/error-boundary.tsx(238,25): error TS7006: Parameter 'scope' implicitly has an 'any' type.
src/lib/monitoring/error-boundary.tsx(244,9): error TS2304: Cannot find name 'Sentry'.
src/lib/monitoring/fraud-detector.ts(590,9): error TS2322: Type 'string[] | undefined' is not assignable to type 'string[]'.
  Type 'undefined' is not assignable to type 'string[]'.
src/lib/monitoring/fraud-detector.ts(593,9): error TS2322: Type 'number[] | undefined' is not assignable to type 'number[]'.
  Type 'undefined' is not assignable to type 'number[]'.
src/lib/monitoring/fraud-detector.ts(736,5): error TS2322: Type '(FraudEvent | undefined)[]' is not assignable to type 'FraudEvent[]'.
  Type 'FraudEvent | undefined' is not assignable to type 'FraudEvent'.
    Type 'undefined' is not assignable to type 'FraudEvent'.
src/lib/monitoring/hooks.ts(6,10): error TS2300: Duplicate identifier 'logger'.
src/lib/monitoring/hooks.ts(10,10): error TS2300: Duplicate identifier 'logger'.
src/lib/monitoring/hooks.ts(324,16): error TS2339: Property 'error' does not exist on type 'StructuredLogger'.
src/lib/monitoring/hooks.ts(397,14): error TS2339: Property 'error' does not exist on type 'StructuredLogger'.
src/lib/monitoring/index.ts(29,15): error TS2304: Cannot find name 'logger'.
src/lib/monitoring/index.ts(29,38): error TS2304: Cannot find name 'logger'.
src/lib/monitoring/index.ts(30,16): error TS2304: Cannot find name 'logger'.
src/lib/monitoring/index.ts(30,40): error TS2304: Cannot find name 'logger'.
src/lib/monitoring/index.ts(31,13): error TS2304: Cannot find name 'logger'.
src/lib/monitoring/index.ts(31,34): error TS2304: Cannot find name 'logger'.
src/lib/monitoring/index.ts(32,13): error TS2304: Cannot find name 'logger'.
src/lib/monitoring/index.ts(32,34): error TS2304: Cannot find name 'logger'.
src/lib/monitoring/index.ts(33,16): error TS2304: Cannot find name 'logger'.
src/lib/monitoring/index.ts(33,40): error TS2304: Cannot find name 'logger'.
src/lib/monitoring/index.ts(36,17): error TS2304: Cannot find name 'metrics'.
src/lib/monitoring/index.ts(36,43): error TS2304: Cannot find name 'metrics'.
src/lib/monitoring/index.ts(37,15): error TS2304: Cannot find name 'metrics'.
src/lib/monitoring/index.ts(37,39): error TS2304: Cannot find name 'metrics'.
src/lib/monitoring/index.ts(38,20): error TS2304: Cannot find name 'metrics'.
src/lib/monitoring/index.ts(38,49): error TS2304: Cannot find name 'metrics'.
src/lib/monitoring/index.ts(39,23): error TS2304: Cannot find name 'metrics'.
src/lib/monitoring/index.ts(39,55): error TS2304: Cannot find name 'metrics'.
src/lib/monitoring/index.ts(42,15): error TS2304: Cannot find name 'errorTracker'.
src/lib/monitoring/index.ts(42,44): error TS2304: Cannot find name 'errorTracker'.
src/lib/monitoring/index.ts(43,20): error TS2304: Cannot find name 'errorTracker'.
src/lib/monitoring/index.ts(43,54): error TS2304: Cannot find name 'errorTracker'.
src/lib/monitoring/index.ts(44,22): error TS2304: Cannot find name 'errorTracker'.
src/lib/monitoring/index.ts(44,58): error TS2304: Cannot find name 'errorTracker'.
src/lib/monitoring/index.ts(47,14): error TS2304: Cannot find name 'monitoringHooks'.
src/lib/monitoring/index.ts(47,45): error TS2304: Cannot find name 'monitoringHooks'.
src/lib/monitoring/index.ts(48,17): error TS2304: Cannot find name 'monitoringHooks'.
src/lib/monitoring/index.ts(48,51): error TS2304: Cannot find name 'monitoringHooks'.
src/lib/monitoring/index.ts(51,22): error TS2304: Cannot find name 'logger'.
src/lib/monitoring/index.ts(51,52): error TS2304: Cannot find name 'logger'.
src/lib/monitoring/index.ts(52,21): error TS2304: Cannot find name 'logger'.
src/lib/monitoring/index.ts(52,50): error TS2304: Cannot find name 'logger'.
src/lib/monitoring/index.ts(56,39): error TS2304: Cannot find name 'MonitoringConfig'.
src/lib/monitoring/index.ts(70,20): error TS2304: Cannot find name 'metrics'.
src/lib/monitoring/index.ts(92,26): error TS2304: Cannot find name 'metrics'.
src/lib/monitoring/index.ts(93,28): error TS2304: Cannot find name 'errorTracker'.
src/lib/monitoring/index.ts(94,24): error TS2304: Cannot find name 'monitoringHooks'.
src/lib/monitoring/logger.ts(8,10): error TS2395: Individual declarations in merged declaration 'logger' must be all exported or all local.
src/lib/monitoring/logger.ts(8,10): error TS2440: Import declaration conflicts with local declaration of 'logger'.
src/lib/monitoring/logger.ts(262,14): error TS2339: Property 'info' does not exist on type 'StructuredLogger'.
src/lib/monitoring/logger.ts(306,14): error TS2339: Property 'error' does not exist on type 'StructuredLogger'.
src/lib/monitoring/logger.ts(331,14): error TS2395: Individual declarations in merged declaration 'logger' must be all exported or all local.
src/lib/monitoring/middleware.ts(103,7): error TS2322: Type 'MemoryUsage | undefined' is not assignable to type '{ used: number; total: number; external: number; heapUsed: number; heapTotal: number; } | undefined'.
  Type 'MemoryUsage' is missing the following properties from type '{ used: number; total: number; external: number; heapUsed: number; heapTotal: number; }': used, total
src/lib/monitoring/sentry.ts(33,5): error TS2353: Object literal may only specify known properties, and 'autoSessionTracking' does not exist in type 'CoreOptions<BaseTransportOptions> | BrowserOptions | NodeOptions | VercelEdgeOptions'.
src/lib/monitoring/sentry.ts(58,18): error TS2339: Property 'BrowserTracing' does not exist on type 'typeof import("/mnt/c/Users/brand/Development/Project_Workspace/active-development/describe_it/node_modules/@sentry/nextjs/build/types/index.types")'.
src/lib/monitoring/sentry.ts(60,40): error TS2339: Property 'nextRouterInstrumentation' does not exist on type 'typeof import("/mnt/c/Users/brand/Development/Project_Workspace/active-development/describe_it/node_modules/@sentry/nextjs/build/types/index.types")'.
src/lib/monitoring/sentry.ts(182,17): error TS2339: Property 'startTransaction' does not exist on type 'typeof import("/mnt/c/Users/brand/Development/Project_Workspace/active-development/describe_it/node_modules/@sentry/nextjs/build/types/index.types")'.
src/lib/performance/connection-pool.ts(1,28): error TS2305: Module '"generic-pool"' has no exported member 'PoolOptions'.
src/lib/performance/connection-pool.ts(79,20): error TS2551: Property '_httpAgent' does not exist on type 'PooledClient'. Did you mean 'httpAgent'?
src/lib/performance/connection-pool.ts(82,66): error TS2345: Argument of type 'unknown' is not assignable to parameter of type 'LogContext | undefined'.
src/lib/performance/connection-pool.ts(99,7): error TS2561: Object literal may only specify known properties, but 'createTimeoutMillis' does not exist in type 'Options'. Did you mean to write 'acquireTimeoutMillis'?
src/lib/performance/connection-pool.ts(111,30): error TS2353: Object literal may only specify known properties, and 'limit' does not exist in type 'RequestOptions<unknown>'.
src/lib/performance/connection-pool.ts(119,59): error TS2345: Argument of type 'unknown' is not assignable to parameter of type 'LogContext | undefined'.
src/lib/performance/connection-pool.ts(182,26): error TS2339: Property 'invalid' does not exist on type 'Pool<PooledClient>'.
src/lib/performance/index.ts(95,25): error TS2304: Cannot find name 'getPerformanceMonitor'.
src/lib/performance/index.ts(104,23): error TS2304: Cannot find name 'getCache'.
src/lib/performance/index.ts(110,22): error TS2304: Cannot find name 'poolManager'.
src/lib/performance/index.ts(132,23): error TS2304: Cannot find name 'getPerformanceMonitor'.
src/lib/performance/index.ts(139,58): error TS18046: 'error' is of type 'unknown'.
src/lib/performance/index.ts(145,26): error TS2304: Cannot find name 'poolManager'.
src/lib/performance/index.ts(149,13): error TS18046: 'stats' is of type 'unknown'.
src/lib/performance/index.ts(149,38): error TS18046: 'stats' is of type 'unknown'.
src/lib/performance/index.ts(154,56): error TS18046: 'error' is of type 'unknown'.
src/lib/performance/index.ts(160,29): error TS2304: Cannot find name 'circuitBreakerRegistry'.
src/lib/performance/index.ts(166,59): error TS18046: 'error' is of type 'unknown'.
src/lib/performance/index.ts(172,21): error TS2304: Cannot find name 'getCache'.
src/lib/performance/index.ts(179,58): error TS18046: 'error' is of type 'unknown'.
src/lib/performance/index.ts(197,21): error TS2304: Cannot find name 'getPerformanceMonitor'.
src/lib/performance/index.ts(202,14): error TS2304: Cannot find name 'poolManager'.
src/lib/performance/index.ts(203,17): error TS2304: Cannot find name 'circuitBreakerRegistry'.
src/lib/performance/index.ts(204,20): error TS2304: Cannot find name 'getCache'.
src/lib/performance/index.ts(212,13): error TS2304: Cannot find name 'poolManager'.
src/lib/performance/index.ts(215,21): error TS2304: Cannot find name 'getCache'.
src/lib/performance/index.ts(219,23): error TS2304: Cannot find name 'getPerformanceMonitor'.
src/lib/performance/index.ts(271,23): error TS2304: Cannot find name 'getPerformanceMonitor'.
src/lib/performance/index.ts(300,19): error TS2304: Cannot find name 'getCache'.
src/lib/performance/index.ts(321,20): error TS2304: Cannot find name 'CircuitBreakerConfig'.
src/lib/performance/index.ts(323,19): error TS2304: Cannot find name 'circuitBreakerRegistry'.
src/lib/performance/resource-pool.ts(80,21): error TS2345: Argument of type 'Promise<void | T>' is not assignable to parameter of type 'Promise<void>'.
  Type 'void | T' is not assignable to type 'void'.
    Type 'T' is not assignable to type 'void'.
      Type 'PooledResource' is not assignable to type 'void'.
src/lib/rate-limiting/index.ts(53,12): error TS2304: Cannot find name 'RateLimitMiddleware'.
src/lib/rate-limiting/index.ts(59,12): error TS2304: Cannot find name 'RateLimitMiddleware'.
src/lib/rate-limiting/index.ts(65,11): error TS2304: Cannot find name 'RateLimitMiddleware'.
src/lib/rate-limiting/index.ts(70,17): error TS2304: Cannot find name 'RateLimitMiddleware'.
src/lib/rate-limiting/index.ts(75,13): error TS2304: Cannot find name 'RateLimitMiddleware'.
src/lib/rate-limiting/index.ts(83,19): error TS2304: Cannot find name 'RateLimitConfigs'.
src/lib/rate-limiting/index.ts(84,10): error TS2304: Cannot find name 'RateLimitConfigs'.
src/lib/rate-limiting/index.ts(85,11): error TS2304: Cannot find name 'RateLimitConfigs'.
src/lib/rate-limiting/index.ts(88,19): error TS2304: Cannot find name 'RateLimitConfigs'.
src/lib/rate-limiting/index.ts(89,15): error TS2304: Cannot find name 'RateLimitConfigs'.
src/lib/rate-limiting/index.ts(90,11): error TS2304: Cannot find name 'RateLimitConfigs'.
src/lib/rate-limiting/index.ts(93,24): error TS2304: Cannot find name 'RateLimitConfigs'.
src/lib/rate-limiting/index.ts(94,15): error TS2304: Cannot find name 'RateLimitConfigs'.
src/lib/rate-limiting/index.ts(95,16): error TS2304: Cannot find name 'RateLimitConfigs'.
src/lib/rate-limiting/index.ts(165,25): error TS2304: Cannot find name 'getRateLimiter'.
src/lib/rate-limiting/middleware.ts(222,17): error TS2339: Property 'ip' does not exist on type 'NextRequest'.
src/lib/rate-limiting/middleware.ts(251,73): error TS2345: Argument of type 'unknown' is not assignable to parameter of type 'LogContext | undefined'.
src/lib/rate-limiting/rate-limiter.ts(105,26): error TS2769: No overload matches this call.
  Overload 1 of 8, '(options: RedisOptions): Redis', gave the following error.
    Object literal may only specify known properties, and 'retryDelayOnFailover' does not exist in type 'RedisOptions'.
  Overload 2 of 8, '(port: number): Redis', gave the following error.
    Argument of type '{ host: string; port: number; password: string | undefined; db: number; keyPrefix: string; maxRetriesPerRequest: number; retryDelayOnFailover: number; enableOfflineQueue: boolean; lazyConnect: boolean; connectTimeout: number; commandTimeout: number; }' is not assignable to parameter of type 'number'.
  Overload 3 of 8, '(path: string): Redis', gave the following error.
    Argument of type '{ host: string; port: number; password: string | undefined; db: number; keyPrefix: string; maxRetriesPerRequest: number; retryDelayOnFailover: number; enableOfflineQueue: boolean; lazyConnect: boolean; connectTimeout: number; commandTimeout: number; }' is not assignable to parameter of type 'string'.
src/lib/rate-limiting/rate-limiter.ts(141,88): error TS2345: Argument of type 'unknown' is not assignable to parameter of type 'LogContext | undefined'.
src/lib/rate-limiting/rate-limiter.ts(166,19): error TS2339: Property 'ip' does not exist on type 'NextRequest'.
src/lib/schemas/api-validation.ts(815,28): error TS2339: Property 'input' does not exist on type 'ZodIssue'.
  Property 'input' does not exist on type 'ZodCustomIssue & { fatal?: boolean | undefined; message: string; }'.
src/lib/security/config.example.ts(62,3): error TS2322: Type '{ enabled: false; endpoint?: string | undefined; token?: string; roleId?: string; secretId?: string; namespace?: string; }' is not assignable to type '{ enabled: boolean; endpoint: string; token?: string | undefined; roleId?: string | undefined; secretId?: string | undefined; namespace?: string | undefined; }'.
  Types of property 'endpoint' are incompatible.
    Type 'string | undefined' is not assignable to type 'string'.
      Type 'undefined' is not assignable to type 'string'.
src/lib/security/config.example.ts(66,3): error TS2322: Type '{ enabled: false; schedule?: string | undefined; maxAge?: number | undefined; gracePeriod?: number | undefined; }' is not assignable to type '{ enabled: boolean; schedule: string; maxAge: number; gracePeriod: number; }'.
  Types of property 'schedule' are incompatible.
    Type 'string | undefined' is not assignable to type 'string'.
      Type 'undefined' is not assignable to type 'string'.
src/lib/security/config.example.ts(70,3): error TS2322: Type '{ secure: false; maxAge?: number | undefined; rolling?: boolean | undefined; }' is not assignable to type '{ maxAge: number; secure: boolean; rolling: boolean; }'.
  Types of property 'maxAge' are incompatible.
    Type 'number | undefined' is not assignable to type 'number'.
      Type 'undefined' is not assignable to type 'number'.
src/lib/security/config.example.ts(74,3): error TS2322: Type '{ level: string; enabled?: boolean | undefined; filename?: string; }' is not assignable to type '{ enabled: boolean; level: string; filename?: string | undefined; }'.
  Types of property 'enabled' are incompatible.
    Type 'boolean | undefined' is not assignable to type 'boolean'.
      Type 'undefined' is not assignable to type 'boolean'.
src/lib/security/config.example.ts(83,3): error TS2322: Type '{ enabled: true; endpoint?: string | undefined; token?: string; roleId?: string; secretId?: string; namespace?: string; }' is not assignable to type '{ enabled: boolean; endpoint: string; token?: string | undefined; roleId?: string | undefined; secretId?: string | undefined; namespace?: string | undefined; }'.
  Types of property 'endpoint' are incompatible.
    Type 'string | undefined' is not assignable to type 'string'.
      Type 'undefined' is not assignable to type 'string'.
src/lib/security/config.example.ts(87,3): error TS2322: Type '{ enabled: true; schedule?: string | undefined; maxAge?: number | undefined; gracePeriod?: number | undefined; }' is not assignable to type '{ enabled: boolean; schedule: string; maxAge: number; gracePeriod: number; }'.
  Types of property 'schedule' are incompatible.
    Type 'string | undefined' is not assignable to type 'string'.
      Type 'undefined' is not assignable to type 'string'.
src/lib/security/config.example.ts(91,3): error TS2322: Type '{ secure: true; maxAge: number; rolling?: boolean | undefined; }' is not assignable to type '{ maxAge: number; secure: boolean; rolling: boolean; }'.
  Types of property 'rolling' are incompatible.
    Type 'boolean | undefined' is not assignable to type 'boolean'.
      Type 'undefined' is not assignable to type 'boolean'.
src/lib/security/encryption.ts(381,37): error TS2345: Argument of type '"base32"' is not assignable to parameter of type 'BufferEncoding | undefined'.
src/lib/security/key-rotation.ts(54,32): error TS2304: Cannot find name 'SymmetricEncryption'.
src/lib/security/key-rotation.ts(55,33): error TS2304: Cannot find name 'AsymmetricEncryption'.
src/lib/security/key-rotation.ts(58,21): error TS2503: Cannot find namespace 'cron'.
src/lib/security/key-rotation.ts(65,36): error TS2304: Cannot find name 'SymmetricEncryption'.
src/lib/security/key-rotation.ts(66,37): error TS2304: Cannot find name 'AsymmetricEncryption'.
src/lib/security/key-rotation.ts(69,24): error TS2769: No overload matches this call.
  Overload 1 of 8, '(options: RedisOptions): Redis', gave the following error.
    Object literal may only specify known properties, and 'retryDelayOnFailover' does not exist in type 'RedisOptions'.
  Overload 2 of 8, '(port: number): Redis', gave the following error.
    Argument of type '{ host: string; port: number; password: string | undefined; db: number; retryDelayOnFailover: number; maxRetriesPerRequest: number; }' is not assignable to parameter of type 'number'.
  Overload 3 of 8, '(path: string): Redis', gave the following error.
    Argument of type '{ host: string; port: number; password: string | undefined; db: number; retryDelayOnFailover: number; maxRetriesPerRequest: number; }' is not assignable to parameter of type 'string'.
src/lib/security/key-rotation.ts(88,9): error TS2353: Object literal may only specify known properties, and 'scheduled' does not exist in type 'TaskOptions'.
src/lib/security/key-rotation.ts(100,16): error TS18046: 'error' is of type 'unknown'.
src/lib/security/key-rotation.ts(136,58): error TS18046: 'error' is of type 'unknown'.
src/lib/security/key-rotation.ts(152,17): error TS2322: Type 'KeyMetadata | undefined' is not assignable to type 'KeyMetadata'.
  Type 'undefined' is not assignable to type 'KeyMetadata'.
src/lib/security/key-rotation.ts(161,69): error TS18046: 'error' is of type 'unknown'.
src/lib/security/key-rotation.ts(238,19): error TS18046: 'error' is of type 'unknown'.
src/lib/security/key-rotation.ts(243,16): error TS18046: 'error' is of type 'unknown'.
src/lib/security/key-rotation.ts(262,71): error TS18046: 'error' is of type 'unknown'.
src/lib/security/key-rotation.ts(280,71): error TS18046: 'error' is of type 'unknown'.
src/lib/security/key-rotation.ts(294,71): error TS18046: 'error' is of type 'unknown'.
src/lib/security/key-rotation.ts(335,63): error TS18046: 'error' is of type 'unknown'.
src/lib/security/key-rotation.ts(355,16): error TS18046: 'error' is of type 'unknown'.
src/lib/security/key-rotation.ts(391,16): error TS18046: 'error' is of type 'unknown'.
src/lib/security/key-rotation.ts(405,13): error TS2322: Type 'KeyMetadata | undefined' is not assignable to type 'KeyMetadata'.
  Type 'undefined' is not assignable to type 'KeyMetadata'.
src/lib/security/key-rotation.ts(408,62): error TS18046: 'error' is of type 'unknown'.
src/lib/security/rateLimit.ts(121,21): error TS2304: Cannot find name 'safeParse'.
src/lib/security/rateLimit.ts(130,59): error TS2304: Cannot find name 'safeStringify'.
src/lib/security/sanitization.ts(412,61): error TS2345: Argument of type 'unknown' is not assignable to parameter of type 'LogContext | undefined'.
src/lib/security/secrets-manager.ts(63,24): error TS2339: Property 'encrypt' does not exist on type 'typeof CryptoUtils'.
src/lib/security/secrets-manager.ts(70,24): error TS2339: Property 'decrypt' does not exist on type 'typeof CryptoUtils'.
src/lib/security/secrets-manager.ts(102,16): error TS18046: 'error' is of type 'unknown'.
src/lib/security/secrets-manager.ts(125,17): error TS2352: Conversion of type 'string | number | boolean' to type 'string[]' may be a mistake because neither type sufficiently overlaps with the other. If this was intentional, convert the expression to 'unknown' first.
  Type 'boolean' is not comparable to type 'string[]'.
src/lib/security/secrets-manager.ts(283,24): error TS2769: No overload matches this call.
  Overload 1 of 8, '(options: RedisOptions): Redis', gave the following error.
    Object literal may only specify known properties, and 'retryDelayOnFailover' does not exist in type 'RedisOptions'.
  Overload 2 of 8, '(port: number): Redis', gave the following error.
    Argument of type '{ host: string; port: number; password: string | undefined; db: number; retryDelayOnFailover: number; maxRetriesPerRequest: number; }' is not assignable to parameter of type 'number'.
  Overload 3 of 8, '(path: string): Redis', gave the following error.
    Argument of type '{ host: string; port: number; password: string | undefined; db: number; retryDelayOnFailover: number; maxRetriesPerRequest: number; }' is not assignable to parameter of type 'string'.
src/lib/security/secrets-manager.ts(456,58): error TS18046: 'error' is of type 'unknown'.
src/lib/security/secrets-manager.ts(472,58): error TS18046: 'error' is of type 'unknown'.
src/lib/security/secrets-manager.ts(488,61): error TS18046: 'error' is of type 'unknown'.
src/lib/security/secrets-manager.ts(497,63): error TS18046: 'error' is of type 'unknown'.
src/lib/security/secrets-manager.ts(506,70): error TS18046: 'error' is of type 'unknown'.
src/lib/security/secure-middleware.ts(28,56): error TS2339: Property 'generateRandomString' does not exist on type 'typeof CryptoUtils'.
src/lib/security/secure-middleware.ts(43,57): error TS2339: Property 'generateRandomString' does not exist on type 'typeof CryptoUtils'.
src/lib/security/secure-middleware.ts(98,14): error TS18046: 'error' is of type 'unknown'.
src/lib/security/secure-middleware.ts(129,11): error TS2769: No overload matches this call.
  Overload 1 of 2, '(input: string | URL | Request, init?: RequestInit | undefined): Promise<Response>', gave the following error.
    Object literal may only specify known properties, and 'timeout' does not exist in type 'RequestInit'.
  Overload 2 of 2, '(input: URL | RequestInfo, init?: RequestInit | undefined): Promise<Response>', gave the following error.
    Object literal may only specify known properties, and 'timeout' does not exist in type 'RequestInit'.
src/lib/security/secure-middleware.ts(156,11): error TS2769: No overload matches this call.
  Overload 1 of 2, '(input: string | URL | Request, init?: RequestInit | undefined): Promise<Response>', gave the following error.
    Object literal may only specify known properties, and 'timeout' does not exist in type 'RequestInit'.
  Overload 2 of 2, '(input: URL | RequestInfo, init?: RequestInit | undefined): Promise<Response>', gave the following error.
    Object literal may only specify known properties, and 'timeout' does not exist in type 'RequestInit'.
src/lib/security/secure-middleware.ts(212,14): error TS18046: 'error' is of type 'unknown'.
src/lib/security/secure-middleware.ts(287,31): error TS2339: Property 'hash' does not exist on type 'typeof CryptoUtils'.
src/lib/security/secure-middleware.ts(300,31): error TS2339: Property 'hash' does not exist on type 'typeof CryptoUtils'.
src/lib/security/secure-middleware.ts(301,14): error TS18046: 'error' is of type 'unknown'.
src/lib/security/secure-middleware.ts(379,37): error TS2339: Property 'hash' does not exist on type 'typeof CryptoUtils'.
src/lib/security/secure-middleware.ts(465,16): error TS18046: 'error' is of type 'unknown'.
src/lib/security/secure-middleware.ts(491,13): error TS2339: Property 'ip' does not exist on type 'NextRequest'.
src/lib/security/secure-middleware.ts(494,22): error TS2339: Property 'hash' does not exist on type 'typeof CryptoUtils'.
src/lib/security/secure-middleware.ts(552,60): error TS18046: 'error' is of type 'unknown'.
src/lib/security/session-manager.ts(76,51): error TS2339: Property 'key' does not exist on type '{ enabled: boolean; algorithm?: "AES-GCM" | "AES-CBC" | undefined; }'.
src/lib/security/session-manager.ts(80,24): error TS2769: No overload matches this call.
  Overload 1 of 8, '(options: RedisOptions): Redis', gave the following error.
    Object literal may only specify known properties, and 'retryDelayOnFailover' does not exist in type 'RedisOptions'.
  Overload 2 of 8, '(port: number): Redis', gave the following error.
    Argument of type '{ host: string; port: number; password: string | undefined; db: number; keyPrefix: string; retryDelayOnFailover: number; maxRetriesPerRequest: number; }' is not assignable to parameter of type 'number'.
  Overload 3 of 8, '(path: string): Redis', gave the following error.
    Argument of type '{ host: string; port: number; password: string | undefined; db: number; keyPrefix: string; retryDelayOnFailover: number; maxRetriesPerRequest: number; }' is not assignable to parameter of type 'string'.
src/lib/security/session-manager.ts(170,39): error TS18046: 'error' is of type 'unknown'.
src/lib/security/session-manager.ts(200,39): error TS18046: 'error' is of type 'unknown'.
src/lib/security/session-manager.ts(230,39): error TS18046: 'error' is of type 'unknown'.
src/lib/security/session-manager.ts(276,28): error TS18046: 'error' is of type 'unknown'.
src/lib/security/session-manager.ts(315,65): error TS18046: 'error' is of type 'unknown'.
src/lib/security/session-manager.ts(331,37): error TS2339: Property 'encrypt' does not exist on type 'typeof CryptoUtils'.
src/lib/security/session-manager.ts(346,38): error TS2339: Property 'decrypt' does not exist on type 'typeof CryptoUtils'.
src/lib/security/session-manager.ts(349,38): error TS2339: Property 'decrypt' does not exist on type 'typeof CryptoUtils'.
src/lib/security/session-manager.ts(374,28): error TS18046: 'error' is of type 'unknown'.
src/lib/security/session-manager.ts(446,35): error TS2345: Argument of type '(key: any, value: any) => any' is not assignable to parameter of type 'string'.
src/lib/security/session-manager.ts(446,36): error TS7006: Parameter 'key' implicitly has an 'any' type.
src/lib/security/session-manager.ts(446,41): error TS7006: Parameter 'value' implicitly has an 'any' type.
src/lib/security/session-manager.ts(455,5): error TS2322: Type 'SessionData | undefined' is not assignable to type 'SessionData'.
  Type 'undefined' is not assignable to type 'SessionData'.
src/lib/security/session-manager.ts(455,34): error TS2345: Argument of type '(key: any, value: any) => any' is not assignable to parameter of type 'SessionData'.
src/lib/security/session-manager.ts(455,35): error TS7006: Parameter 'key' implicitly has an 'any' type.
src/lib/security/session-manager.ts(455,40): error TS7006: Parameter 'value' implicitly has an 'any' type.
src/lib/security/session-manager.ts(501,60): error TS18046: 'error' is of type 'unknown'.
src/lib/security/validation.ts(20,37): error TS1005: ')' expected.
src/lib/security/vault-client.ts(33,5): error TS2740: Type 'AuditLogger' is missing the following properties from type 'Logger': silent, format, levels, level, and 110 more.
src/lib/security/vault-client.ts(44,9): error TS2353: Object literal may only specify known properties, and 'timeout' does not exist in type 'VaultOptions'.
src/lib/security/vault-client.ts(105,16): error TS18046: 'error' is of type 'unknown'.
src/lib/security/vault-client.ts(128,16): error TS18046: 'error' is of type 'unknown'.
src/lib/security/vault-client.ts(150,16): error TS18046: 'error' is of type 'unknown'.
src/lib/security/vault-client.ts(167,16): error TS18046: 'error' is of type 'unknown'.
src/lib/security/vault-client.ts(194,16): error TS18046: 'error' is of type 'unknown'.
src/lib/security/vault-client.ts(211,59): error TS18046: 'error' is of type 'unknown'.
src/lib/security/vault-client.ts(223,60): error TS18046: 'error' is of type 'unknown'.
src/lib/security/vault-client.ts(233,63): error TS18046: 'error' is of type 'unknown'.
src/lib/security/vault-client.ts(251,64): error TS18046: 'error' is of type 'unknown'.
src/lib/services/database.ts(331,5): error TS2322: Type 'SupabaseClient<Database, "public" extends Exclude<keyof Database, "__InternalSupabase"> ? "public" : string & Exclude<keyof Database, "__InternalSupabase">, SchemaNameOrClientOptions extends string & Exclude<...> ? SchemaNameOrClientOptions : "public" extends Exclude<...> ? "public" : string & Exclude<...>, Omit<......' is not assignable to type 'SupabaseClient<any, "public", "public", any, any>'.
  Type 'SchemaNameOrClientOptions extends string & Exclude<keyof Database, "__InternalSupabase"> ? SchemaNameOrClientOptions : "public" extends Exclude<...> ? "public" : string & Exclude<...>' is not assignable to type '"public"'.
    Type '(string & Exclude<keyof Database, "__InternalSupabase"> extends string & Exclude<keyof Database, "__InternalSupabase"> ? string & Exclude<...> : "public" extends Exclude<...> ? "public" : string & Exclude<...>) | ({ ...; } extends string & Exclude<...> ? string & ... 1 more ... & { ...; } : "public" extends Exclude<...' is not assignable to type '"public"'.
      Type 'string & Exclude<keyof Database, "__InternalSupabase"> extends string & Exclude<keyof Database, "__InternalSupabase"> ? string & Exclude<...> : "public" extends Exclude<...> ? "public" : string & Exclude<...>' is not assignable to type '"public"'.
        Type 'string extends string & Exclude<keyof Database, "__InternalSupabase"> ? string & Exclude<keyof Database, "__InternalSupabase"> : "public" extends Exclude<...> ? "public" : string & Exclude<...>' is not assignable to type '"public"'.
          Type '(string & Exclude<keyof Database, "__InternalSupabase">) | ("public" extends Exclude<keyof Database, "__InternalSupabase"> ? "public" : string & Exclude<...>)' is not assignable to type '"public"'.
            Type 'string & Exclude<keyof Database, "__InternalSupabase">' is not assignable to type '"public"'.
src/lib/services/enhancedVocabularyService.ts(113,61): error TS2345: Argument of type 'unknown' is not assignable to parameter of type 'LogContext | undefined'.
src/lib/services/enhancedVocabularyService.ts(135,49): error TS2345: Argument of type 'unknown' is not assignable to parameter of type 'LogContext | undefined'.
src/lib/services/enhancedVocabularyService.ts(146,51): error TS2345: Argument of type 'unknown' is not assignable to parameter of type 'LogContext | undefined'.
src/lib/services/enhancedVocabularyService.ts(167,16): error TS2352: Conversion of type 'SelectQueryError<"Processing node failed."> | SelectQueryError<"Could not retrieve a valid record or error value">' to type 'EnhancedVocabularyItem' may be a mistake because neither type sufficiently overlaps with the other. If this was intentional, convert the expression to 'unknown' first.
  Type '{ error: true; } & String' is missing the following properties from type 'EnhancedVocabularyItem': id, spanish_text, english_translation, category, and 4 more.
src/lib/services/enhancedVocabularyService.ts(208,21): error TS2345: Argument of type 'string' is not assignable to parameter of type '("id" extends keyof (Omit<Database, "__InternalSupabase">[SchemaNameOrClientOptions extends string & Exclude<keyof Database, "__InternalSupabase"> ? SchemaNameOrClientOptions : "public" extends Exclude<...> ? "public" : string & Exclude<...>] extends GenericSchema ? Omit<...>[SchemaNameOrClientOptions extends string...'.
src/lib/services/enhancedVocabularyService.ts(213,16): error TS2352: Conversion of type 'SelectQueryError<"Processing node failed."> | SelectQueryError<"Could not retrieve a valid record or error value">' to type 'EnhancedVocabularyItem' may be a mistake because neither type sufficiently overlaps with the other. If this was intentional, convert the expression to 'unknown' first.
  Type '{ error: true; } & String' is missing the following properties from type 'EnhancedVocabularyItem': id, spanish_text, english_translation, category, and 4 more.
src/lib/services/enhancedVocabularyService.ts(235,21): error TS2345: Argument of type 'string' is not assignable to parameter of type '("id" extends keyof (Omit<Database, "__InternalSupabase">[SchemaNameOrClientOptions extends string & Exclude<keyof Database, "__InternalSupabase"> ? SchemaNameOrClientOptions : "public" extends Exclude<...> ? "public" : string & Exclude<...>] extends GenericSchema ? Omit<...>[SchemaNameOrClientOptions extends string...'.
src/lib/services/enhancedVocabularyService.ts(342,11): error TS2322: Type 'GetResult<Omit<Database, "__InternalSupabase">[SchemaNameOrClientOptions extends string & Exclude<keyof Database, "__InternalSupabase"> ? SchemaNameOrClientOptions : "public" extends Exclude<...> ? "public" : string & Exclude<...>] extends GenericSchema ? Omit<...>[SchemaNameOrClientOptions extends string & Exclude<...' is not assignable to type 'EnhancedVocabularyItem[]'.
  Type 'GetResult<Omit<Database, "__InternalSupabase">[SchemaNameOrClientOptions extends string & Exclude<keyof Database, "__InternalSupabase"> ? SchemaNameOrClientOptions : "public" extends Exclude<...> ? "public" : string & Exclude<...>] extends GenericSchema ? Omit<...>[SchemaNameOrClientOptions extends string & Exclude<...' is not assignable to type 'EnhancedVocabularyItem'.
    Type '((Omit<Database, "__InternalSupabase">[SchemaNameOrClientOptions extends string & Exclude<keyof Database, "__InternalSupabase"> ? SchemaNameOrClientOptions : "public" extends Exclude<...> ? "public" : string & Exclude<...>] extends GenericSchema ? Omit<...>[SchemaNameOrClientOptions extends string & Exclude<...> ? S...' is not assignable to type 'EnhancedVocabularyItem'.
      Type '(Omit<Database, "__InternalSupabase">[SchemaNameOrClientOptions extends string & Exclude<keyof Database, "__InternalSupabase"> ? SchemaNameOrClientOptions : "public" extends Exclude<...> ? "public" : string & Exclude<...>]["Tables"]["vocabulary_items"] extends { ...; } ? R : unknown) extends null ? (Omit<...>[Schema...' is not assignable to type 'EnhancedVocabularyItem'.
        Type '(GetComputedFields<Omit<Database, "__InternalSupabase">[SchemaNameOrClientOptions extends string & Exclude<keyof Database, "__InternalSupabase"> ? SchemaNameOrClientOptions : "public" extends Exclude<...> ? "public" : string & Exclude<...>] extends GenericSchema ? Omit<...>[SchemaNameOrClientOptions extends string &...' is not assignable to type 'EnhancedVocabularyItem'.
          Type 'SelectQueryError<"Processing node failed."> | SelectQueryError<"Could not retrieve a valid record or error value">' is not assignable to type 'EnhancedVocabularyItem'.
            Type '{ error: true; } & String' is missing the following properties from type 'EnhancedVocabularyItem': id, spanish_text, english_translation, category, and 4 more.
src/lib/services/enhancedVocabularyService.ts(365,37): error TS2345: Argument of type 'unknown' is not assignable to parameter of type 'LogContext | undefined'.
src/lib/services/enhancedVocabularyService.ts(441,48): error TS2345: Argument of type 'unknown' is not assignable to parameter of type 'LogContext | undefined'.
src/lib/services/enhancedVocabularyService.ts(515,57): error TS2345: Argument of type 'unknown' is not assignable to parameter of type 'LogContext | undefined'.
src/lib/services/enhancedVocabularyService.ts(546,36): error TS2345: Argument of type 'string[]' is not assignable to parameter of type 'readonly (("category" extends keyof (Omit<Database, "__InternalSupabase">[SchemaNameOrClientOptions extends string & Exclude<keyof Database, "__InternalSupabase"> ? SchemaNameOrClientOptions : "public" extends Exclude<...> ? "public" : string & Exclude<...>] extends GenericSchema ? Omit<...>[SchemaNameOrClientOption...'.
  Type 'string' is not assignable to type '("category" extends keyof (Omit<Database, "__InternalSupabase">[SchemaNameOrClientOptions extends string & Exclude<keyof Database, "__InternalSupabase"> ? SchemaNameOrClientOptions : "public" extends Exclude<...> ? "public" : string & Exclude<...>] extends GenericSchema ? Omit<...>[SchemaNameOrClientOptions extends ...'.
src/lib/services/enhancedVocabularyService.ts(550,44): error TS2345: Argument of type 'string[]' is not assignable to parameter of type 'readonly (("difficulty_level" extends keyof (Omit<Database, "__InternalSupabase">[SchemaNameOrClientOptions extends string & Exclude<...> ? SchemaNameOrClientOptions : "public" extends Exclude<...> ? "public" : string & Exclude<...>] extends GenericSchema ? Omit<...>[SchemaNameOrClientOptions extends string & Exclud...'.
  Type 'string' is not assignable to type '("difficulty_level" extends keyof (Omit<Database, "__InternalSupabase">[SchemaNameOrClientOptions extends string & Exclude<...> ? SchemaNameOrClientOptions : "public" extends Exclude<...> ? "public" : string & Exclude<...>] extends GenericSchema ? Omit<...>[SchemaNameOrClientOptions extends string & Exclude<...> ? S...'.
src/lib/services/enhancedVocabularyService.ts(601,14): error TS2322: Type 'GetResult<Omit<Database, "__InternalSupabase">[SchemaNameOrClientOptions extends string & Exclude<keyof Database, "__InternalSupabase"> ? SchemaNameOrClientOptions : "public" extends Exclude<...> ? "public" : string & Exclude<...>] extends GenericSchema ? Omit<...>[SchemaNameOrClientOptions extends string & Exclude<...' is not assignable to type 'EnhancedVocabularyItem[]'.
  Type 'GetResult<Omit<Database, "__InternalSupabase">[SchemaNameOrClientOptions extends string & Exclude<keyof Database, "__InternalSupabase"> ? SchemaNameOrClientOptions : "public" extends Exclude<...> ? "public" : string & Exclude<...>] extends GenericSchema ? Omit<...>[SchemaNameOrClientOptions extends string & Exclude<...' is not assignable to type 'EnhancedVocabularyItem'.
    Type '((Omit<Database, "__InternalSupabase">[SchemaNameOrClientOptions extends string & Exclude<keyof Database, "__InternalSupabase"> ? SchemaNameOrClientOptions : "public" extends Exclude<...> ? "public" : string & Exclude<...>] extends GenericSchema ? Omit<...>[SchemaNameOrClientOptions extends string & Exclude<...> ? S...' is not assignable to type 'EnhancedVocabularyItem'.
      Type '(Omit<Database, "__InternalSupabase">[SchemaNameOrClientOptions extends string & Exclude<keyof Database, "__InternalSupabase"> ? SchemaNameOrClientOptions : "public" extends Exclude<...> ? "public" : string & Exclude<...>]["Tables"]["vocabulary_items"] extends { ...; } ? R : unknown) extends null ? (Omit<...>[Schema...' is not assignable to type 'EnhancedVocabularyItem'.
        Type '(GetComputedFields<Omit<Database, "__InternalSupabase">[SchemaNameOrClientOptions extends string & Exclude<keyof Database, "__InternalSupabase"> ? SchemaNameOrClientOptions : "public" extends Exclude<...> ? "public" : string & Exclude<...>] extends GenericSchema ? Omit<...>[SchemaNameOrClientOptions extends string &...' is not assignable to type 'EnhancedVocabularyItem'.
          Type 'SelectQueryError<"Processing node failed."> | SelectQueryError<"Could not retrieve a valid record or error value">' is not assignable to type 'EnhancedVocabularyItem'.
            Type '{ error: true; } & String' is missing the following properties from type 'EnhancedVocabularyItem': id, spanish_text, english_translation, category, and 4 more.
src/lib/services/enhancedVocabularyService.ts(651,21): error TS2345: Argument of type 'string' is not assignable to parameter of type '("id" extends keyof (Omit<Database, "__InternalSupabase">[SchemaNameOrClientOptions extends string & Exclude<keyof Database, "__InternalSupabase"> ? SchemaNameOrClientOptions : "public" extends Exclude<...> ? "public" : string & Exclude<...>] extends GenericSchema ? Omit<...>[SchemaNameOrClientOptions extends string...'.
src/lib/services/enhancedVocabularyService.ts(655,9): error TS2322: Type 'SelectQueryError<"Processing node failed."> | SelectQueryError<"Could not retrieve a valid record or error value">' is not assignable to type 'EnhancedVocabularyItem | null'.
  Type 'SelectQueryError<"Processing node failed.">' is not assignable to type 'EnhancedVocabularyItem | null'.
src/lib/services/enhancedVocabularyService.ts(658,54): error TS2345: Argument of type 'unknown' is not assignable to parameter of type 'LogContext | undefined'.
src/lib/services/exportService.ts(375,53): error TS2345: Argument of type 'null' is not assignable to parameter of type 'string | undefined'.
src/lib/services/index.ts(195,69): error TS2345: Argument of type 'unknown' is not assignable to parameter of type 'LogContext | undefined'.
src/lib/services/openaiService.ts(62,65): error TS2345: Argument of type 'unknown' is not assignable to parameter of type 'Record<string, any> | undefined'.
src/lib/services/openaiService.ts(145,66): error TS2345: Argument of type 'unknown' is not assignable to parameter of type 'Record<string, any> | undefined'.
src/lib/services/openaiService.ts(273,58): error TS2345: Argument of type 'unknown' is not assignable to parameter of type 'Record<string, any> | undefined'.
src/lib/services/openaiService.ts(336,61): error TS2345: Argument of type 'unknown' is not assignable to parameter of type 'Record<string, any> | undefined'.
src/lib/services/openaiService.ts(388,55): error TS2345: Argument of type 'unknown' is not assignable to parameter of type 'Record<string, any> | undefined'.
src/lib/services/progressService.ts(204,58): error TS2345: Argument of type 'unknown' is not assignable to parameter of type 'LogContext | undefined'.
src/lib/services/progressService.ts(247,57): error TS2345: Argument of type 'unknown' is not assignable to parameter of type 'LogContext | undefined'.
src/lib/services/progressService.ts(304,45): error TS2345: Argument of type 'unknown' is not assignable to parameter of type 'LogContext | undefined'.
src/lib/services/progressService.ts(346,51): error TS2345: Argument of type 'unknown' is not assignable to parameter of type 'LogContext | undefined'.
src/lib/services/progressService.ts(388,54): error TS2345: Argument of type 'unknown' is not assignable to parameter of type 'LogContext | undefined'.
src/lib/services/progressService.ts(473,51): error TS2345: Argument of type 'unknown' is not assignable to parameter of type 'LogContext | undefined'.
src/lib/services/progressService.ts(511,45): error TS2345: Argument of type 'unknown' is not assignable to parameter of type 'LogContext | undefined'.
src/lib/services/progressService.ts(552,61): error TS2345: Argument of type 'unknown' is not assignable to parameter of type 'LogContext | undefined'.
src/lib/services/progressService.ts(581,55): error TS2345: Argument of type 'unknown' is not assignable to parameter of type 'LogContext | undefined'.
src/lib/services/progressService.ts(638,54): error TS2345: Argument of type 'unknown' is not assignable to parameter of type 'LogContext | undefined'.
src/lib/services/progressService.ts(658,45): error TS2345: Argument of type 'unknown' is not assignable to parameter of type 'LogContext | undefined'.
src/lib/services/qaService.ts(161,55): error TS2345: Argument of type 'unknown' is not assignable to parameter of type 'Record<string, any> | undefined'.
src/lib/services/qaService.ts(176,63): error TS2345: Argument of type 'unknown' is not assignable to parameter of type 'Record<string, any> | undefined'.
src/lib/services/qaService.ts(216,59): error TS2345: Argument of type 'unknown' is not assignable to parameter of type 'Record<string, any> | undefined'.
src/lib/services/qaService.ts(242,46): error TS2345: Argument of type 'unknown' is not assignable to parameter of type 'Record<string, any> | undefined'.
src/lib/services/qaService.ts(278,50): error TS2345: Argument of type 'unknown' is not assignable to parameter of type 'Record<string, any> | undefined'.
src/lib/services/qaService.ts(293,23): error TS2345: Argument of type 'string' is not assignable to parameter of type '("id" extends keyof (Omit<Database, "__InternalSupabase">[SchemaNameOrClientOptions extends string & Exclude<keyof Database, "__InternalSupabase"> ? SchemaNameOrClientOptions : "public" extends Exclude<...> ? "public" : string & Exclude<...>] extends GenericSchema ? Omit<...>[SchemaNameOrClientOptions extends string...'.
src/lib/services/qaService.ts(302,50): error TS2345: Argument of type 'unknown' is not assignable to parameter of type 'Record<string, any> | undefined'.
src/lib/services/qaService.ts(367,54): error TS2345: Argument of type 'unknown' is not assignable to parameter of type 'Record<string, any> | undefined'.
src/lib/services/qaService.ts(554,51): error TS2345: Argument of type 'unknown' is not assignable to parameter of type 'Record<string, any> | undefined'.
src/lib/services/qaService.ts(741,35): error TS2345: Argument of type 'string' is not assignable to parameter of type '("imageId" extends keyof (Omit<Database, "__InternalSupabase">[SchemaNameOrClientOptions extends string & Exclude<keyof Database, "__InternalSupabase"> ? SchemaNameOrClientOptions : "public" extends Exclude<...> ? "public" : string & Exclude<...>] extends GenericSchema ? Omit<...>[SchemaNameOrClientOptions extends s...'.
src/lib/services/qaService.ts(745,38): error TS2345: Argument of type 'string[]' is not assignable to parameter of type 'readonly (("difficulty" extends keyof (Omit<Database, "__InternalSupabase">[SchemaNameOrClientOptions extends string & Exclude<...> ? SchemaNameOrClientOptions : "public" extends Exclude<...> ? "public" : string & Exclude<...>] extends GenericSchema ? Omit<...>[SchemaNameOrClientOptions extends string & Exclude<...>...'.
  Type 'string' is not assignable to type '("difficulty" extends keyof (Omit<Database, "__InternalSupabase">[SchemaNameOrClientOptions extends string & Exclude<...> ? SchemaNameOrClientOptions : "public" extends Exclude<...> ? "public" : string & Exclude<...>] extends GenericSchema ? Omit<...>[SchemaNameOrClientOptions extends string & Exclude<...> ? SchemaN...'.
src/lib/services/qaService.ts(749,36): error TS2345: Argument of type 'string[]' is not assignable to parameter of type 'readonly (("category" extends keyof (Omit<Database, "__InternalSupabase">[SchemaNameOrClientOptions extends string & Exclude<keyof Database, "__InternalSupabase"> ? SchemaNameOrClientOptions : "public" extends Exclude<...> ? "public" : string & Exclude<...>] extends GenericSchema ? Omit<...>[SchemaNameOrClientOption...'.
  Type 'string' is not assignable to type '("category" extends keyof (Omit<Database, "__InternalSupabase">[SchemaNameOrClientOptions extends string & Exclude<keyof Database, "__InternalSupabase"> ? SchemaNameOrClientOptions : "public" extends Exclude<...> ? "public" : string & Exclude<...>] extends GenericSchema ? Omit<...>[SchemaNameOrClientOptions extends ...'.
src/lib/services/qaService.ts(753,36): error TS2345: Argument of type 'string' is not assignable to parameter of type '("language" extends keyof (Omit<Database, "__InternalSupabase">[SchemaNameOrClientOptions extends string & Exclude<keyof Database, "__InternalSupabase"> ? SchemaNameOrClientOptions : "public" extends Exclude<...> ? "public" : string & Exclude<...>] extends GenericSchema ? Omit<...>[SchemaNameOrClientOptions extends ...'.
  Type 'string' is not assignable to type '("language" extends keyof (Omit<Database, "__InternalSupabase">[SchemaNameOrClientOptions extends string & Exclude<keyof Database, "__InternalSupabase"> ? SchemaNameOrClientOptions : "public" extends Exclude<...> ? "public" : string & Exclude<...>] extends GenericSchema ? Omit<...>[SchemaNameOrClientOptions extends ...'.
src/lib/services/qaService.ts(789,14): error TS2322: Type 'GetResult<Omit<Database, "__InternalSupabase">[SchemaNameOrClientOptions extends string & Exclude<keyof Database, "__InternalSupabase"> ? SchemaNameOrClientOptions : "public" extends Exclude<...> ? "public" : string & Exclude<...>] extends GenericSchema ? Omit<...>[SchemaNameOrClientOptions extends string & Exclude<...' is not assignable to type 'QAItem[]'.
  Type 'GetResult<Omit<Database, "__InternalSupabase">[SchemaNameOrClientOptions extends string & Exclude<keyof Database, "__InternalSupabase"> ? SchemaNameOrClientOptions : "public" extends Exclude<...> ? "public" : string & Exclude<...>] extends GenericSchema ? Omit<...>[SchemaNameOrClientOptions extends string & Exclude<...' is not assignable to type 'QAItem'.
    Type '((Omit<Database, "__InternalSupabase">[SchemaNameOrClientOptions extends string & Exclude<keyof Database, "__InternalSupabase"> ? SchemaNameOrClientOptions : "public" extends Exclude<...> ? "public" : string & Exclude<...>] extends GenericSchema ? Omit<...>[SchemaNameOrClientOptions extends string & Exclude<...> ? S...' is not assignable to type 'QAItem'.
      Type '(Omit<Database, "__InternalSupabase">[SchemaNameOrClientOptions extends string & Exclude<keyof Database, "__InternalSupabase"> ? SchemaNameOrClientOptions : "public" extends Exclude<...> ? "public" : string & Exclude<...>]["Tables"]["qa_items"] extends { ...; } ? R : unknown) extends null ? (Omit<...>[SchemaNameOrCl...' is not assignable to type 'QAItem'.
        Type '(GetComputedFields<Omit<Database, "__InternalSupabase">[SchemaNameOrClientOptions extends string & Exclude<keyof Database, "__InternalSupabase"> ? SchemaNameOrClientOptions : "public" extends Exclude<...> ? "public" : string & Exclude<...>] extends GenericSchema ? Omit<...>[SchemaNameOrClientOptions extends string &...' is not assignable to type 'QAItem'.
          Type 'SelectQueryError<"Processing node failed."> | SelectQueryError<"Could not retrieve a valid record or error value">' is not assignable to type 'QAItem'.
            Type '{ error: true; } & String' is missing the following properties from type 'QAItem': id, question, answer, difficulty, and 3 more.
src/lib/services/qaService.ts(823,59): error TS2345: Argument of type 'unknown' is not assignable to parameter of type 'Record<string, any> | undefined'.
src/lib/services/translationService.ts(142,67): error TS2345: Argument of type 'unknown' is not assignable to parameter of type 'LogContext | undefined'.
src/lib/services/translationService.ts(250,51): error TS2345: Argument of type 'unknown' is not assignable to parameter of type 'LogContext | undefined'.
src/lib/settings/settingsManager.ts(165,65): error TS2345: Argument of type 'unknown' is not assignable to parameter of type 'LogContext | undefined'.
src/lib/settings/settingsManager.ts(187,50): error TS2304: Cannot find name 'safeStringify'.
src/lib/settings/settingsManager.ts(214,46): error TS2304: Cannot find name 'safeStringify'.
src/lib/settings/settingsManager.ts(381,12): error TS2304: Cannot find name 'safeStringify'.
src/lib/storage/HybridStorageManager.ts(187,14): error TS2769: No overload matches this call.
  Overload 1 of 2, '(values: (Omit<Database, "__InternalSupabase">[SchemaNameOrClientOptions extends string & Exclude<keyof Database, "__InternalSupabase"> ? SchemaNameOrClientOptions : "public" extends Exclude<...> ? "public" : string & Exclude<...>] extends GenericSchema ? Omit<...>[SchemaNameOrClientOptions extends string & Exclude<...> ? SchemaNameOrClientOptions : "public" extends Exclude<...> ? "public" : string & Exclude<...>] : never)["Tables"]["user_data"] extends { ...; } ? (Omit<...>[SchemaNameOrClientOptions extends string & Exclude<...> ? SchemaNameOrClientOptions : "public" extends Exclude<...> ? "public" : string & Exclude<...>] extends GenericSchema ? Omit<...>[SchemaNameOrClientOptions extends string & Exclude<...> ? SchemaNameOrClientOptions : "public" extends Exclude<...> ? "public" : string & Exclude<...>] : never)["Tables"]["user_data"]["Insert"] : never, options?: { ...; } | undefined): PostgrestFilterBuilder<...>', gave the following error.
    Argument of type '{ category: string; key: string; data: any; updated_at: string; }' is not assignable to parameter of type '(Omit<Database, "__InternalSupabase">[SchemaNameOrClientOptions extends string & Exclude<keyof Database, "__InternalSupabase"> ? SchemaNameOrClientOptions : "public" extends Exclude<...> ? "public" : string & Exclude<...>] extends GenericSchema ? Omit<...>[SchemaNameOrClientOptions extends string & Exclude<...> ? Sc...'.
  Overload 2 of 2, '(values: ((Omit<Database, "__InternalSupabase">[SchemaNameOrClientOptions extends string & Exclude<keyof Database, "__InternalSupabase"> ? SchemaNameOrClientOptions : "public" extends Exclude<...> ? "public" : string & Exclude<...>] extends GenericSchema ? Omit<...>[SchemaNameOrClientOptions extends string & Exclude<...> ? SchemaNameOrClientOptions : "public" extends Exclude<...> ? "public" : string & Exclude<...>] : never)["Tables"]["user_data"] extends { ...; } ? (Omit<...>[SchemaNameOrClientOptions extends string & Exclude<...> ? SchemaNameOrClientOptions : "public" extends Exclude<...> ? "public" : string & Exclude<...>] extends GenericSchema ? Omit<...>[SchemaNameOrClientOptions extends string & Exclude<...> ? SchemaNameOrClientOptions : "public" extends Exclude<...> ? "public" : string & Exclude<...>] : never)["Tables"]["user_data"]["Insert"] : never)[], options?: { ...; } | undefined): PostgrestFilterBuilder<...>', gave the following error.
    Object literal may only specify known properties, and 'category' does not exist in type '((Omit<Database, "__InternalSupabase">[SchemaNameOrClientOptions extends string & Exclude<keyof Database, "__InternalSupabase"> ? SchemaNameOrClientOptions : "public" extends Exclude<...> ? "public" : string & Exclude<...>] extends GenericSchema ? Omit<...>[SchemaNameOrClientOptions extends string & Exclude<...> ? S...'.
src/lib/storage/HybridStorageManager.ts(229,29): error TS2345: Argument of type 'string' is not assignable to parameter of type '("category" extends keyof (Omit<Database, "__InternalSupabase">[SchemaNameOrClientOptions extends string & Exclude<keyof Database, "__InternalSupabase"> ? SchemaNameOrClientOptions : "public" extends Exclude<...> ? "public" : string & Exclude<...>] extends GenericSchema ? Omit<...>[SchemaNameOrClientOptions extends ...'.
src/lib/storage/HybridStorageManager.ts(230,24): error TS2345: Argument of type 'string' is not assignable to parameter of type '("key" extends keyof (Omit<Database, "__InternalSupabase">[SchemaNameOrClientOptions extends string & Exclude<keyof Database, "__InternalSupabase"> ? SchemaNameOrClientOptions : "public" extends Exclude<...> ? "public" : string & Exclude<...>] extends GenericSchema ? Omit<...>[SchemaNameOrClientOptions extends strin...'.
src/lib/storage/HybridStorageManager.ts(233,39): error TS2339: Property 'data' does not exist on type 'SelectQueryError<"Processing node failed."> | SelectQueryError<"Could not retrieve a valid record or error value"> | { data: any; }'.
  Property 'data' does not exist on type 'SelectQueryError<"Processing node failed.">'.
src/lib/storage/HybridStorageManager.ts(305,10): error TS2769: No overload matches this call.
  Overload 1 of 2, '(values: (Omit<Database, "__InternalSupabase">[SchemaNameOrClientOptions extends string & Exclude<keyof Database, "__InternalSupabase"> ? SchemaNameOrClientOptions : "public" extends Exclude<...> ? "public" : string & Exclude<...>] extends GenericSchema ? Omit<...>[SchemaNameOrClientOptions extends string & Exclude<...> ? SchemaNameOrClientOptions : "public" extends Exclude<...> ? "public" : string & Exclude<...>] : never)["Tables"]["image_history"] extends { ...; } ? (Omit<...>[SchemaNameOrClientOptions extends string & Exclude<...> ? SchemaNameOrClientOptions : "public" extends Exclude<...> ? "public" : string & Exclude<...>] extends GenericSchema ? Omit<...>[SchemaNameOrClientOptions extends string & Exclude<...> ? SchemaNameOrClientOptions : "public" extends Exclude<...> ? "public" : string & Exclude<...>] : never)["Tables"]["image_history"]["Insert"] : never, options?: { ...; } | undefined): PostgrestFilterBuilder<...>', gave the following error.
    Argument of type '{ viewed_at: string; id: string; user_id?: string; image_url: string; thumbnail_url?: string; description?: string; tags?: string[]; source: "unsplash" | "upload" | "generated"; metadata?: Record<string, any>; is_favorite?: boolean; }' is not assignable to parameter of type '(Omit<Database, "__InternalSupabase">[SchemaNameOrClientOptions extends string & Exclude<keyof Database, "__InternalSupabase"> ? SchemaNameOrClientOptions : "public" extends Exclude<...> ? "public" : string & Exclude<...>] extends GenericSchema ? Omit<...>[SchemaNameOrClientOptions extends string & Exclude<...> ? Sc...'.
  Overload 2 of 2, '(values: ((Omit<Database, "__InternalSupabase">[SchemaNameOrClientOptions extends string & Exclude<keyof Database, "__InternalSupabase"> ? SchemaNameOrClientOptions : "public" extends Exclude<...> ? "public" : string & Exclude<...>] extends GenericSchema ? Omit<...>[SchemaNameOrClientOptions extends string & Exclude<...> ? SchemaNameOrClientOptions : "public" extends Exclude<...> ? "public" : string & Exclude<...>] : never)["Tables"]["image_history"] extends { ...; } ? (Omit<...>[SchemaNameOrClientOptions extends string & Exclude<...> ? SchemaNameOrClientOptions : "public" extends Exclude<...> ? "public" : string & Exclude<...>] extends GenericSchema ? Omit<...>[SchemaNameOrClientOptions extends string & Exclude<...> ? SchemaNameOrClientOptions : "public" extends Exclude<...> ? "public" : string & Exclude<...>] : never)["Tables"]["image_history"]["Insert"] : never)[], options?: { ...; } | undefined): PostgrestFilterBuilder<...>', gave the following error.
    Object literal may only specify known properties, and 'viewed_at' does not exist in type '((Omit<Database, "__InternalSupabase">[SchemaNameOrClientOptions extends string & Exclude<keyof Database, "__InternalSupabase"> ? SchemaNameOrClientOptions : "public" extends Exclude<...> ? "public" : string & Exclude<...>] extends GenericSchema ? Omit<...>[SchemaNameOrClientOptions extends string & Exclude<...> ? S...'.
src/lib/storage/HybridStorageManager.ts(337,7): error TS2322: Type 'GetResult<Omit<Database, "__InternalSupabase">[SchemaNameOrClientOptions extends string & Exclude<keyof Database, "__InternalSupabase"> ? SchemaNameOrClientOptions : "public" extends Exclude<...> ? "public" : string & Exclude<...>] extends GenericSchema ? Omit<...>[SchemaNameOrClientOptions extends string & Exclude<...' is not assignable to type 'ImageHistoryEntry[]'.
  Type 'GetResult<Omit<Database, "__InternalSupabase">[SchemaNameOrClientOptions extends string & Exclude<keyof Database, "__InternalSupabase"> ? SchemaNameOrClientOptions : "public" extends Exclude<...> ? "public" : string & Exclude<...>] extends GenericSchema ? Omit<...>[SchemaNameOrClientOptions extends string & Exclude<...' is not assignable to type 'ImageHistoryEntry'.
    Type '((Omit<Database, "__InternalSupabase">[SchemaNameOrClientOptions extends string & Exclude<keyof Database, "__InternalSupabase"> ? SchemaNameOrClientOptions : "public" extends Exclude<...> ? "public" : string & Exclude<...>] extends GenericSchema ? Omit<...>[SchemaNameOrClientOptions extends string & Exclude<...> ? S...' is not assignable to type 'ImageHistoryEntry'.
      Type '(Omit<Database, "__InternalSupabase">[SchemaNameOrClientOptions extends string & Exclude<keyof Database, "__InternalSupabase"> ? SchemaNameOrClientOptions : "public" extends Exclude<...> ? "public" : string & Exclude<...>]["Tables"]["image_history"] extends { ...; } ? R : unknown) extends null ? (Omit<...>[SchemaNam...' is not assignable to type 'ImageHistoryEntry'.
        Type '(GetComputedFields<Omit<Database, "__InternalSupabase">[SchemaNameOrClientOptions extends string & Exclude<keyof Database, "__InternalSupabase"> ? SchemaNameOrClientOptions : "public" extends Exclude<...> ? "public" : string & Exclude<...>] extends GenericSchema ? Omit<...>[SchemaNameOrClientOptions extends string &...' is not assignable to type 'ImageHistoryEntry'.
          Type 'SelectQueryError<"Processing node failed."> | SelectQueryError<"Could not retrieve a valid record or error value">' is not assignable to type 'ImageHistoryEntry'.
            Type '{ error: true; } & String' is missing the following properties from type 'ImageHistoryEntry': id, image_url, source, viewed_at
src/lib/storage/HybridStorageManager.ts(521,30): error TS2345: Argument of type 'boolean' is not assignable to parameter of type '("is_favorite" extends keyof (Omit<Database, "__InternalSupabase">[SchemaNameOrClientOptions extends string & Exclude<...> ? SchemaNameOrClientOptions : "public" extends Exclude<...> ? "public" : string & Exclude<...>] extends GenericSchema ? Omit<...>[SchemaNameOrClientOptions extends string & Exclude<...> ? Schema...'.
src/lib/storage/LocalStorageManager.ts(104,55): error TS2345: Argument of type 'unknown' is not assignable to parameter of type 'LogContext | undefined'.
src/lib/storage/LocalStorageManager.ts(464,42): error TS2774: This condition will always return true since this function is always defined. Did you mean to call it instead?
src/lib/store/apiKeysStore.ts(371,30): error TS2339: Property 'keys' does not exist on type 'never'.
src/lib/store/apiKeysStore.ts(372,36): error TS2339: Property 'activeKeys' does not exist on type 'never'.
src/lib/store/apiKeysStore.ts(456,59): error TS2345: Argument of type 'unknown' is not assignable to parameter of type 'LogContext | undefined'.
src/lib/store/formStore.ts(659,23): error TS2345: Argument of type '(useStore: (selector: (state: FormStoreState) => FormState) => FormState) => FormState' is not assignable to parameter of type '(state: FormStoreState) => FormState'.
  Types of parameters 'useStore' and 'state' are incompatible.
    Type 'FormStoreState' is not assignable to type '(selector: (state: FormStoreState) => FormState) => FormState'.
      Type 'FormStoreState' provides no match for the signature '(selector: (state: FormStoreState) => FormState): FormState'.
src/lib/store/formStore.ts(663,23): error TS2345: Argument of type '(useStore: (selector: (state: FormStoreState) => FieldState<any>) => FieldState<any>) => FieldState<any>' is not assignable to parameter of type '(state: FormStoreState) => FieldState<any>'.
  Types of parameters 'useStore' and 'state' are incompatible.
    Type 'FormStoreState' is not assignable to type '(selector: (state: FormStoreState) => FieldState<any>) => FieldState<any>'.
      Type 'FormStoreState' provides no match for the signature '(selector: (state: FormStoreState) => FieldState<any>): FieldState<any>'.
src/lib/store/index.ts(59,3): error TS2305: Module '"./tabSyncStore"' has no exported member 'useTabSyncStore'.
src/lib/store/index.ts(60,3): error TS2305: Module '"./tabSyncStore"' has no exported member 'useTabSync'.
src/lib/store/index.ts(61,3): error TS2305: Module '"./tabSyncStore"' has no exported member 'useTabSyncActions'.
src/lib/store/index.ts(62,3): error TS2305: Module '"./tabSyncStore"' has no exported member 'useStoreSyncRegistration'.
src/lib/store/index.ts(63,3): error TS2305: Module '"./tabSyncStore"' has no exported member 'useAutoTabSync'.
src/lib/store/index.ts(79,3): error TS2305: Module '"./debugStore"' has no exported member 'useDebugStore'.
src/lib/store/index.ts(80,3): error TS2305: Module '"./debugStore"' has no exported member 'useDebug'.
src/lib/store/index.ts(81,3): error TS2305: Module '"./debugStore"' has no exported member 'useDebugActions'.
src/lib/store/index.ts(82,3): error TS2305: Module '"./debugStore"' has no exported member 'useDebugRegistration'.
src/lib/store/index.ts(83,3): error TS2305: Module '"./debugStore"' has no exported member 'connectDebugToDevTools'.
src/lib/store/learningSessionStore.ts(515,46): error TS2345: Argument of type 'null' is not assignable to parameter of type 'string | undefined'.
src/lib/store/middleware/ssrPersist.ts(51,65): error TS2345: Argument of type 'unknown' is not assignable to parameter of type 'LogContext | undefined'.
src/lib/store/middleware/ssrPersist.ts(59,63): error TS2345: Argument of type 'unknown' is not assignable to parameter of type 'LogContext | undefined'.
src/lib/store/middleware/ssrPersist.ts(66,68): error TS2345: Argument of type 'unknown' is not assignable to parameter of type 'LogContext | undefined'.
src/lib/store/middleware/ssrPersist.ts(83,35): error TS2345: Argument of type 'string | Promise<string | null>' is not assignable to parameter of type 'string'.
  Type 'Promise<string | null>' is not assignable to type 'string'.
src/lib/store/middleware/ssrPersist.ts(85,64): error TS2345: Argument of type 'unknown' is not assignable to parameter of type 'LogContext | undefined'.
src/lib/store/middleware/ssrPersist.ts(108,40): error TS2769: No overload matches this call.
  Overload 1 of 2, '(type: "storage", listener: (this: Window, ev: StorageEvent) => any, options?: boolean | AddEventListenerOptions | undefined): void', gave the following error.
    Argument of type '(event: StorageEvent) => void' is not assignable to parameter of type '(this: Window, ev: StorageEvent) => any'.
      Types of parameters 'event' and 'ev' are incompatible.
        Type 'StorageEvent' is not assignable to type 'StorageEvent'. Two different types with this name exist, but they are unrelated.
          Types of property 'key' are incompatible.
            Type 'string | null' is not assignable to type 'string'.
              Type 'null' is not assignable to type 'string'.
  Overload 2 of 2, '(type: string, listener: EventListenerOrEventListenerObject, options?: boolean | AddEventListenerOptions | undefined): void', gave the following error.
    Argument of type '(event: StorageEvent) => void' is not assignable to parameter of type 'EventListenerOrEventListenerObject'.
      Type '(event: StorageEvent) => void' is not assignable to type 'EventListener'.
        Types of parameters 'event' and 'evt' are incompatible.
          Type 'Event' is missing the following properties from type 'StorageEvent': key, oldValue, newValue
src/lib/store/middleware/ssrPersist.ts(124,43): error TS2769: No overload matches this call.
  Overload 1 of 2, '(type: "storage", listener: (this: Window, ev: StorageEvent) => any, options?: boolean | EventListenerOptions | undefined): void', gave the following error.
    Argument of type '(event: StorageEvent) => void' is not assignable to parameter of type '(this: Window, ev: StorageEvent) => any'.
      Types of parameters 'event' and 'ev' are incompatible.
        Type 'StorageEvent' is not assignable to type 'StorageEvent'. Two different types with this name exist, but they are unrelated.
          Types of property 'key' are incompatible.
            Type 'string | null' is not assignable to type 'string'.
              Type 'null' is not assignable to type 'string'.
  Overload 2 of 2, '(type: string, listener: EventListenerOrEventListenerObject, options?: boolean | EventListenerOptions | undefined): void', gave the following error.
    Argument of type '(event: StorageEvent) => void' is not assignable to parameter of type 'EventListenerOrEventListenerObject'.
      Type '(event: StorageEvent) => void' is not assignable to type 'EventListener'.
        Types of parameters 'event' and 'evt' are incompatible.
          Type 'Event' is missing the following properties from type 'StorageEvent': key, oldValue, newValue
src/lib/store/middleware/ssrPersist.ts(134,59): error TS2345: Argument of type 'unknown' is not assignable to parameter of type 'LogContext | undefined'.
src/lib/store/middleware/ssrPersist.ts(213,35): error TS2345: Argument of type 'string | Promise<string | null>' is not assignable to parameter of type 'string'.
  Type 'Promise<string | null>' is not assignable to type 'string'.
src/lib/store/middleware/ssrPersist.ts(229,53): error TS2345: Argument of type 'unknown' is not assignable to parameter of type 'LogContext | undefined'.
src/lib/store/middleware/ssrPersist.ts(258,51): error TS2345: Argument of type 'unknown' is not assignable to parameter of type 'LogContext | undefined'.
src/lib/store/middleware/ssrPersist.ts(340,28): error TS2339: Property 'getState' does not exist on type '(selector?: ((state: T) => any) | undefined) => any'.
src/lib/store/middleware/ssrPersist.ts(384,24): error TS2339: Property 'value' does not exist on type 'IDBRequest<any>'.
src/lib/store/middleware/ssrPersist.ts(386,50): error TS2345: Argument of type 'unknown' is not assignable to parameter of type 'LogContext | undefined'.
src/lib/store/middleware/ssrPersist.ts(400,50): error TS2345: Argument of type 'unknown' is not assignable to parameter of type 'LogContext | undefined'.
src/lib/store/middleware/ssrPersist.ts(413,53): error TS2345: Argument of type 'unknown' is not assignable to parameter of type 'LogContext | undefined'.
src/lib/store/uiStore.ts(201,18): error TS7006: Parameter 'state' implicitly has an 'any' type.
src/lib/store/uiStore.ts(210,18): error TS7006: Parameter 'state' implicitly has an 'any' type.
src/lib/store/uiStore.ts(211,43): error TS7006: Parameter 'modal' implicitly has an 'any' type.
src/lib/store/uiStore.ts(212,55): error TS7006: Parameter 'modalId' implicitly has an 'any' type.
src/lib/store/uiStore.ts(221,18): error TS7006: Parameter 'state' implicitly has an 'any' type.
src/lib/store/uiStore.ts(229,57): error TS7006: Parameter 'id' implicitly has an 'any' type.
src/lib/store/uiStore.ts(235,18): error TS7006: Parameter 'state' implicitly has an 'any' type.
src/lib/store/uiStore.ts(236,40): error TS7006: Parameter 'modal' implicitly has an 'any' type.
src/lib/store/uiStore.ts(248,18): error TS7006: Parameter 'state' implicitly has an 'any' type.
src/lib/store/uiStore.ts(260,18): error TS7006: Parameter 'state' implicitly has an 'any' type.
src/lib/store/uiStore.ts(304,18): error TS7006: Parameter 'state' implicitly has an 'any' type.
src/lib/store/uiStore.ts(316,18): error TS7006: Parameter 'state' implicitly has an 'any' type.
src/lib/store/uiStore.ts(345,18): error TS7006: Parameter 'state' implicitly has an 'any' type.
src/lib/store/uiStore.ts(365,18): error TS7006: Parameter 'state' implicitly has an 'any' type.
src/lib/store/uiStore.ts(374,18): error TS7006: Parameter 'state' implicitly has an 'any' type.
src/lib/store/uiStore.ts(395,18): error TS7006: Parameter 'state' implicitly has an 'any' type.
src/lib/store/uiStore.ts(415,18): error TS7006: Parameter 'state' implicitly has an 'any' type.
src/lib/store/uiStore.ts(416,57): error TS7006: Parameter 'notification' implicitly has an 'any' type.
src/lib/store/uiStore.ts(430,18): error TS7006: Parameter 'state' implicitly has an 'any' type.
src/lib/store/uiStore.ts(436,20): error TS7006: Parameter 'state' implicitly has an 'any' type.
src/lib/store/uiStore.ts(437,59): error TS7006: Parameter 'ann' implicitly has an 'any' type.
src/lib/store/uiStore.ts(448,18): error TS7006: Parameter 'state' implicitly has an 'any' type.
src/lib/store/uiStore.ts(454,18): error TS7006: Parameter 'state' implicitly has an 'any' type.
src/lib/store/uiStore.ts(483,11): error TS2719: Type '(state: { openModal: (modalData: Omit<import("/mnt/c/Users/brand/Development/Project_Workspace/active-development/describe_it/src/lib/store/uiStore").Modal, "id">) => string; ... 62 more ...; footerVisible: boolean; }) => { ...; }' is not assignable to type '(state: { openModal: (modalData: Omit<import("/mnt/c/Users/brand/Development/Project_Workspace/active-development/describe_it/src/lib/store/uiStore").Modal, "id">) => string; ... 62 more ...; footerVisible: boolean; }) => { ...; }'. Two different types with this name exist, but they are unrelated.
  Type '{ theme: "auto"; colorScheme: string; fontSize: "md"; reduceMotion: boolean; highContrast: boolean; sidebarCollapsed: boolean; layout: "default"; }' is missing the following properties from type '{ openModal: (modalData: Omit<Modal, "id">) => string; closeModal: (id: string) => void; closeAllModals: () => void; closeTopModal: () => void; updateModal: (id: string, updates: Partial<Modal>) => void; ... 58 more ...; footerVisible: boolean; }': openModal, closeModal, closeAllModals, closeTopModal, and 53 more.
src/lib/store/uiStore.ts(574,11): error TS2339: Property 'registerShortcut' does not exist on type '{ openModal: (modal: Omit<Modal, "id">) => string; closeModal: (id: string) => void; closeAllModals: () => void; closeTopModal: () => void; setSidebarOpen: (open: boolean) => void; ... 8 more ...; setGlobalLoading: (loading: boolean) => void; }'.
src/lib/store/uiStore.ts(574,29): error TS2339: Property 'unregisterShortcut' does not exist on type '{ openModal: (modal: Omit<Modal, "id">) => string; closeModal: (id: string) => void; closeAllModals: () => void; closeTopModal: () => void; setSidebarOpen: (open: boolean) => void; ... 8 more ...; setGlobalLoading: (loading: boolean) => void; }'.
src/lib/store/uiStore.ts(600,11): error TS2339: Property 'setFocusTrap' does not exist on type '{ openModal: (modal: Omit<Modal, "id">) => string; closeModal: (id: string) => void; closeAllModals: () => void; closeTopModal: () => void; setSidebarOpen: (open: boolean) => void; ... 8 more ...; setGlobalLoading: (loading: boolean) => void; }'.
src/lib/store/undoRedoStore.ts(484,29): error TS2532: Object is possibly 'undefined'.
src/lib/supabase/client.ts(19,35): error TS2345: Argument of type 'string | undefined' is not assignable to parameter of type 'string'.
  Type 'undefined' is not assignable to type 'string'.
src/lib/supabase/client.ts(36,35): error TS2345: Argument of type 'string | undefined' is not assignable to parameter of type 'string'.
  Type 'undefined' is not assignable to type 'string'.
src/lib/supabase/client.ts(247,19): error TS2345: Argument of type 'string' is not assignable to parameter of type '("id" extends keyof (Omit<Database, "__InternalSupabase">[SchemaNameOrClientOptions extends string & Exclude<keyof Database, "__InternalSupabase"> ? SchemaNameOrClientOptions : "public" extends Exclude<...> ? "public" : string & Exclude<...>] extends GenericSchema ? Omit<...>[SchemaNameOrClientOptions extends string...'.
src/lib/supabase/client.ts(271,24): error TS2345: Argument of type 'string' is not assignable to parameter of type '("user_id" extends keyof (Omit<Database, "__InternalSupabase">[SchemaNameOrClientOptions extends string & Exclude<keyof Database, "__InternalSupabase"> ? SchemaNameOrClientOptions : "public" extends Exclude<...> ? "public" : string & Exclude<...>] extends GenericSchema ? Omit<...>[SchemaNameOrClientOptions extends s...'.
src/lib/supabase/client.ts(291,24): error TS2345: Argument of type 'string' is not assignable to parameter of type '("user_id" extends keyof (Omit<Database, "__InternalSupabase">[SchemaNameOrClientOptions extends string & Exclude<keyof Database, "__InternalSupabase"> ? SchemaNameOrClientOptions : "public" extends Exclude<...> ? "public" : string & Exclude<...>] extends GenericSchema ? Omit<...>[SchemaNameOrClientOptions extends s...'.
src/lib/supabase/client.ts(309,10): error TS2769: No overload matches this call.
  Overload 1 of 2, '(values: (Omit<Database, "__InternalSupabase">[SchemaNameOrClientOptions extends string & Exclude<keyof Database, "__InternalSupabase"> ? SchemaNameOrClientOptions : "public" extends Exclude<...> ? "public" : string & Exclude<...>] extends GenericSchema ? Omit<...>[SchemaNameOrClientOptions extends string & Exclude<...> ? SchemaNameOrClientOptions : "public" extends Exclude<...> ? "public" : string & Exclude<...>] : never)["Tables"]["user_api_keys"] extends { ...; } ? (Omit<...>[SchemaNameOrClientOptions extends string & Exclude<...> ? SchemaNameOrClientOptions : "public" extends Exclude<...> ? "public" : string & Exclude<...>] extends GenericSchema ? Omit<...>[SchemaNameOrClientOptions extends string & Exclude<...> ? SchemaNameOrClientOptions : "public" extends Exclude<...> ? "public" : string & Exclude<...>] : never)["Tables"]["user_api_keys"]["Insert"] : never, options?: { ...; } | undefined): PostgrestFilterBuilder<...>', gave the following error.
    Argument of type '{ updated_at: string; user_id: string; }' is not assignable to parameter of type '(Omit<Database, "__InternalSupabase">[SchemaNameOrClientOptions extends string & Exclude<keyof Database, "__InternalSupabase"> ? SchemaNameOrClientOptions : "public" extends Exclude<...> ? "public" : string & Exclude<...>] extends GenericSchema ? Omit<...>[SchemaNameOrClientOptions extends string & Exclude<...> ? Sc...'.
  Overload 2 of 2, '(values: ((Omit<Database, "__InternalSupabase">[SchemaNameOrClientOptions extends string & Exclude<keyof Database, "__InternalSupabase"> ? SchemaNameOrClientOptions : "public" extends Exclude<...> ? "public" : string & Exclude<...>] extends GenericSchema ? Omit<...>[SchemaNameOrClientOptions extends string & Exclude<...> ? SchemaNameOrClientOptions : "public" extends Exclude<...> ? "public" : string & Exclude<...>] : never)["Tables"]["user_api_keys"] extends { ...; } ? (Omit<...>[SchemaNameOrClientOptions extends string & Exclude<...> ? SchemaNameOrClientOptions : "public" extends Exclude<...> ? "public" : string & Exclude<...>] extends GenericSchema ? Omit<...>[SchemaNameOrClientOptions extends string & Exclude<...> ? SchemaNameOrClientOptions : "public" extends Exclude<...> ? "public" : string & Exclude<...>] : never)["Tables"]["user_api_keys"]["Insert"] : never)[], options?: { ...; } | undefined): PostgrestFilterBuilder<...>', gave the following error.
    Object literal may only specify known properties, and 'updated_at' does not exist in type '((Omit<Database, "__InternalSupabase">[SchemaNameOrClientOptions extends string & Exclude<keyof Database, "__InternalSupabase"> ? SchemaNameOrClientOptions : "public" extends Exclude<...> ? "public" : string & Exclude<...>] extends GenericSchema ? Omit<...>[SchemaNameOrClientOptions extends string & Exclude<...> ? S...'.
src/lib/supabase/client.ts(338,17): error TS2769: No overload matches this call.
  Overload 1 of 2, '(values: (Omit<Database, "__InternalSupabase">[SchemaNameOrClientOptions extends string & Exclude<keyof Database, "__InternalSupabase"> ? SchemaNameOrClientOptions : "public" extends Exclude<...> ? "public" : string & Exclude<...>] extends GenericSchema ? Omit<...>[SchemaNameOrClientOptions extends string & Exclude<...> ? SchemaNameOrClientOptions : "public" extends Exclude<...> ? "public" : string & Exclude<...>] : never)["Tables"]["descriptions"] extends { ...; } ? (Omit<...>[SchemaNameOrClientOptions extends string & Exclude<...> ? SchemaNameOrClientOptions : "public" extends Exclude<...> ? "public" : string & Exclude<...>] extends GenericSchema ? Omit<...>[SchemaNameOrClientOptions extends string & Exclude<...> ? SchemaNameOrClientOptions : "public" extends Exclude<...> ? "public" : string & Exclude<...>] : never)["Tables"]["descriptions"]["Insert"] : never, options?: { ...; } | undefined): PostgrestFilterBuilder<...>', gave the following error.
    Argument of type '{ user_id: string; title: string; content: string; description_type: string; tags?: string[] | undefined; metadata?: Record<string, any> | undefined; }' is not assignable to parameter of type '(Omit<Database, "__InternalSupabase">[SchemaNameOrClientOptions extends string & Exclude<keyof Database, "__InternalSupabase"> ? SchemaNameOrClientOptions : "public" extends Exclude<...> ? "public" : string & Exclude<...>] extends GenericSchema ? Omit<...>[SchemaNameOrClientOptions extends string & Exclude<...> ? Sc...'.
  Overload 2 of 2, '(values: ((Omit<Database, "__InternalSupabase">[SchemaNameOrClientOptions extends string & Exclude<keyof Database, "__InternalSupabase"> ? SchemaNameOrClientOptions : "public" extends Exclude<...> ? "public" : string & Exclude<...>] extends GenericSchema ? Omit<...>[SchemaNameOrClientOptions extends string & Exclude<...> ? SchemaNameOrClientOptions : "public" extends Exclude<...> ? "public" : string & Exclude<...>] : never)["Tables"]["descriptions"] extends { ...; } ? (Omit<...>[SchemaNameOrClientOptions extends string & Exclude<...> ? SchemaNameOrClientOptions : "public" extends Exclude<...> ? "public" : string & Exclude<...>] extends GenericSchema ? Omit<...>[SchemaNameOrClientOptions extends string & Exclude<...> ? SchemaNameOrClientOptions : "public" extends Exclude<...> ? "public" : string & Exclude<...>] : never)["Tables"]["descriptions"]["Insert"] : never)[], options?: { ...; } | undefined): PostgrestFilterBuilder<...>', gave the following error.
    Argument of type '{ user_id: string; title: string; content: string; description_type: string; tags?: string[] | undefined; metadata?: Record<string, any> | undefined; }' is not assignable to parameter of type '((Omit<Database, "__InternalSupabase">[SchemaNameOrClientOptions extends string & Exclude<keyof Database, "__InternalSupabase"> ? SchemaNameOrClientOptions : "public" extends Exclude<...> ? "public" : string & Exclude<...>] extends GenericSchema ? Omit<...>[SchemaNameOrClientOptions extends string & Exclude<...> ? S...'.
      Type '{ user_id: string; title: string; content: string; description_type: string; tags?: string[] | undefined; metadata?: Record<string, any> | undefined; }' is missing the following properties from type '((Omit<Database, "__InternalSupabase">[SchemaNameOrClientOptions extends string & Exclude<keyof Database, "__InternalSupabase"> ? SchemaNameOrClientOptions : "public" extends Exclude<...> ? "public" : string & Exclude<...>] extends GenericSchema ? Omit<...>[SchemaNameOrClientOptions extends string & Exclude<...> ? S...': length, pop, push, concat, and 35 more.
src/lib/supabase/client.ts(357,17): error TS2345: Argument of type '{ updated_at: string; }' is not assignable to parameter of type '(Omit<Database, "__InternalSupabase">[SchemaNameOrClientOptions extends string & Exclude<keyof Database, "__InternalSupabase"> ? SchemaNameOrClientOptions : "public" extends Exclude<...> ? "public" : string & Exclude<...>] extends GenericSchema ? Omit<...>[SchemaNameOrClientOptions extends string & Exclude<...> ? Sc...'.
src/lib/supabase/client.ts(361,19): error TS2345: Argument of type 'string' is not assignable to parameter of type '("id" extends keyof (Omit<Database, "__InternalSupabase">[SchemaNameOrClientOptions extends string & Exclude<keyof Database, "__InternalSupabase"> ? SchemaNameOrClientOptions : "public" extends Exclude<...> ? "public" : string & Exclude<...>] extends GenericSchema ? Omit<...>[SchemaNameOrClientOptions extends string...'.
src/lib/supabase/client.ts(381,19): error TS2345: Argument of type 'string' is not assignable to parameter of type '("id" extends keyof (Omit<Database, "__InternalSupabase">[SchemaNameOrClientOptions extends string & Exclude<keyof Database, "__InternalSupabase"> ? SchemaNameOrClientOptions : "public" extends Exclude<...> ? "public" : string & Exclude<...>] extends GenericSchema ? Omit<...>[SchemaNameOrClientOptions extends string...'.
src/lib/supabase/index.ts(61,3): error TS2305: Module '"./types"' has no exported member 'SupabaseClient'.
src/lib/supabase/server.ts(190,15): error TS2769: No overload matches this call.
  Overload 1 of 2, '(relation: "users" | "descriptions" | "images" | "phrases" | "questions" | "sessions" | "learning_progress" | "vocabulary_lists" | "vocabulary_items" | "answers"): PostgrestQueryBuilder<{ PostgrestVersion: "12"; }, { ...; }, { ...; } | ... 8 more ... | { ...; }, "users" | ... 8 more ... | "answers", [] | ... 7 more ... | [...]>', gave the following error.
    Argument of type '"export_history"' is not assignable to parameter of type '"users" | "descriptions" | "images" | "phrases" | "questions" | "sessions" | "learning_progress" | "vocabulary_lists" | "vocabulary_items" | "answers"'.
  Overload 2 of 2, '(relation: never): PostgrestQueryBuilder<{ PostgrestVersion: "12"; }, { Tables: { users: { Row: { id: string; email: string; username: string | null; full_name: string | null; avatar_url: string | null; spanish_level: "beginner" | ... 1 more ... | "advanced"; ... 10 more ...; last_login: string | null; }; Insert: { ...; }; Update: { ...; }; Relationships: []; }; ... 8 more ...; phrases: { ...; }; }; Views: {}; Functions: {}; Enums: { ...; }; CompositeTypes: {}; }, never, never, never>', gave the following error.
    Argument of type '"export_history"' is not assignable to parameter of type 'never'.
src/lib/supabase/server.ts(212,15): error TS2769: No overload matches this call.
  Overload 1 of 2, '(relation: "users" | "descriptions" | "images" | "phrases" | "questions" | "sessions" | "learning_progress" | "vocabulary_lists" | "vocabulary_items" | "answers"): PostgrestQueryBuilder<{ PostgrestVersion: "12"; }, { ...; }, { ...; } | ... 8 more ... | { ...; }, "users" | ... 8 more ... | "answers", [] | ... 7 more ... | [...]>', gave the following error.
    Argument of type '"user_api_keys"' is not assignable to parameter of type '"users" | "descriptions" | "images" | "phrases" | "questions" | "sessions" | "learning_progress" | "vocabulary_lists" | "vocabulary_items" | "answers"'.
  Overload 2 of 2, '(relation: never): PostgrestQueryBuilder<{ PostgrestVersion: "12"; }, { Tables: { users: { Row: { id: string; email: string; username: string | null; full_name: string | null; avatar_url: string | null; spanish_level: "beginner" | ... 1 more ... | "advanced"; ... 10 more ...; last_login: string | null; }; Insert: { ...; }; Update: { ...; }; Relationships: []; }; ... 8 more ...; phrases: { ...; }; }; Views: {}; Functions: {}; Enums: { ...; }; CompositeTypes: {}; }, never, never, never>', gave the following error.
    Argument of type '"user_api_keys"' is not assignable to parameter of type 'never'.
src/lib/tracking/imageTracker.ts(88,41): error TS2304: Cannot find name 'safeStringify'.
src/lib/tracking/imageTracker.ts(98,45): error TS2304: Cannot find name 'safeStringify'.
src/lib/utils/api-helpers.ts(329,58): error TS2345: Argument of type 'unknown' is not assignable to parameter of type 'Record<string, any> | undefined'.
src/lib/utils/api-helpers.ts(371,69): error TS2345: Argument of type 'unknown' is not assignable to parameter of type 'Record<string, any> | undefined'.
src/lib/utils/json-parser.ts(121,22): error TS2304: Cannot find name 'safeParse'.
src/lib/utils/json-parser.ts(158,28): error TS2304: Cannot find name 'safeParse'.
src/lib/utils/json-parser.ts(193,26): error TS2304: Cannot find name 'safeParse'.
src/lib/utils/json-parser.ts(208,26): error TS2304: Cannot find name 'safeParse'.
src/lib/utils/json-parser.ts(311,22): error TS2304: Cannot find name 'safeParse'.
src/lib/utils/storageManager.ts(55,39): error TS2304: Cannot find name 'safeStringify'.
src/lib/utils/storageManager.ts(97,63): error TS2304: Cannot find name 'safeStringify'.
src/lib/utils/storageManager.ts(101,11): error TS18046: 'e' is of type 'unknown'.
src/lib/utils/storageManager.ts(107,67): error TS2304: Cannot find name 'safeStringify'.
src/types/api/index.ts(647,62): error TS2551: Property 'errors' does not exist on type 'ErrorResponse'. Did you mean 'error'?
src/types/comprehensive.ts(150,3): error TS2411: Property 'metadata' of type 'UserMetadata' is not assignable to 'string' index type 'JsonValue'.
src/types/comprehensive.ts(179,3): error TS2411: Property 'device_info' of type 'DeviceInfo' is not assignable to 'string' index type 'JsonValue'.
src/types/comprehensive.ts(180,3): error TS2411: Property 'location_info' of type 'LocationInfo | undefined' is not assignable to 'string' index type 'JsonValue'.
src/types/comprehensive.ts(181,3): error TS2411: Property 'activity_data' of type 'SessionActivity' is not assignable to 'string' index type 'JsonValue'.
src/types/comprehensive.ts(429,3): error TS2411: Property 'items' of type 'T[]' is not assignable to 'string' index type 'JsonValue'.
