
> describe-it@0.1.0 typecheck
> tsc --noEmit

src/components/ImageSearch/ImageSearch.tsx(78,88): error TS2554: Expected 1-2 arguments, but got 4.
src/components/Vocabulary/DatabaseVocabularyManager.tsx(360,43): error TS2345: Argument of type '1 | 10 | 5 | 3 | 2 | 4 | 6 | 9 | 7 | 8' is not assignable to parameter of type 'DifficultyLevel | "all" | undefined'.
  Type '1' is not assignable to type 'DifficultyLevel | "all" | undefined'.
src/lib/api/translator.ts(312,11): error TS2345: Argument of type 'unknown' is not assignable to parameter of type 'LogContext | undefined'.
src/lib/logging/sessionReportGenerator.ts(963,38): error TS2345: Argument of type 'null' is not assignable to parameter of type 'string | undefined'.
src/lib/logging/sessionReportGenerator.ts(971,38): error TS2345: Argument of type 'null' is not assignable to parameter of type 'string | undefined'.
src/lib/middleware/errorMiddleware.ts(252,12): error TS2339: Property 'errorWithCategory' does not exist on type 'Logger'.
src/lib/middleware/errorMiddleware.ts(286,9): error TS2353: Object literal may only specify known properties, and 'originalMessage' does not exist in type 'any[]'.
src/lib/middleware/errorMiddleware.ts(360,11): error TS2345: Argument of type '{ requestId: string; duration: number; }' is not assignable to parameter of type 'number'.
src/lib/monitoring/claude-metrics.ts(68,48): error TS2339: Property 'getTransaction' does not exist on type 'Scope'.
src/lib/monitoring/claude-metrics.ts(137,48): error TS2339: Property 'getTransaction' does not exist on type 'Scope'.
src/lib/monitoring/claude-metrics.ts(235,43): error TS2339: Property 'getTransaction' does not exist on type 'Scope'.
src/lib/monitoring/fraud-detector.ts(590,9): error TS2322: Type 'string[] | undefined' is not assignable to type 'string[]'.
  Type 'undefined' is not assignable to type 'string[]'.
src/lib/monitoring/fraud-detector.ts(593,9): error TS2322: Type 'number[] | undefined' is not assignable to type 'number[]'.
  Type 'undefined' is not assignable to type 'number[]'.
src/lib/monitoring/fraud-detector.ts(736,5): error TS2322: Type '(FraudEvent | undefined)[]' is not assignable to type 'FraudEvent[]'.
  Type 'FraudEvent | undefined' is not assignable to type 'FraudEvent'.
    Type 'undefined' is not assignable to type 'FraudEvent'.
src/lib/monitoring/hooks.ts(254,14): error TS2339: Property 'logEvent' does not exist on type 'Logger'.
src/lib/monitoring/hooks.ts(288,14): error TS2339: Property 'logEvent' does not exist on type 'Logger'.
src/lib/monitoring/hooks.ts(329,14): error TS2339: Property 'logEvent' does not exist on type 'Logger'.
src/lib/monitoring/hooks.ts(361,14): error TS2339: Property 'logEvent' does not exist on type 'Logger'.
src/lib/monitoring/index.ts(62,39): error TS2304: Cannot find name 'MonitoringConfig'.
src/lib/monitoring/middleware.ts(103,7): error TS2322: Type 'MemoryUsage | undefined' is not assignable to type '{ used: number; total: number; external: number; heapUsed: number; heapTotal: number; } | undefined'.
  Type 'MemoryUsage' is missing the following properties from type '{ used: number; total: number; external: number; heapUsed: number; heapTotal: number; }': used, total
src/lib/monitoring/middleware.ts(114,9): error TS2345: Argument of type 'string | undefined' is not assignable to parameter of type 'string'.
  Type 'undefined' is not assignable to type 'string'.
src/lib/performance/resource-pool.ts(80,21): error TS2345: Argument of type 'Promise<void | T>' is not assignable to parameter of type 'Promise<void>'.
  Type 'void | T' is not assignable to type 'void'.
    Type 'T' is not assignable to type 'void'.
      Type 'PooledResource' is not assignable to type 'void'.
src/lib/schemas/api-validation.ts(836,28): error TS2339: Property 'input' does not exist on type 'ZodIssue'.
  Property 'input' does not exist on type 'ZodCustomIssue & { fatal?: boolean | undefined; message: string; }'.
src/lib/security/encryption.ts(375,62): error TS2345: Argument of type 'BufferEncoding' is not assignable to parameter of type 'BinaryToTextEncoding'.
  Type '"ascii"' is not assignable to type 'BinaryToTextEncoding'.
src/lib/security/rateLimit.ts(122,21): error TS2322: Type '{ count: number; resetTime: number; } | null | undefined' is not assignable to type '{ count: number; resetTime: number; } | null'.
  Type 'undefined' is not assignable to type '{ count: number; resetTime: number; } | null'.
src/lib/services/exportService.ts(375,53): error TS2345: Argument of type 'null' is not assignable to parameter of type 'string | undefined'.
src/lib/settings/settingsManager.ts(176,65): error TS2345: Argument of type 'unknown' is not assignable to parameter of type 'LogContext | undefined'.
src/lib/settings/settingsManager.ts(398,7): error TS2345: Argument of type 'null' is not assignable to parameter of type 'string | undefined'.
src/lib/storage/LocalStorageManager.ts(104,55): error TS2345: Argument of type 'unknown' is not assignable to parameter of type 'LogContext | undefined'.
src/lib/store/apiKeysStore.ts(370,60): error TS2304: Cannot find name 'state'.
src/lib/store/apiKeysStore.ts(370,92): error TS2304: Cannot find name 'state'.
src/lib/store/learningSessionStore.ts(515,46): error TS2345: Argument of type 'null' is not assignable to parameter of type 'string | undefined'.
src/lib/supabase.ts(222,58): error TS2345: Argument of type 'Omit<DescriptionRecord, "id" | "created_at" | "updated_at">' is not assignable to parameter of type 'Partial<SavedDescription>'.
  Types of property 'description_style' are incompatible.
    Type 'string | undefined' is not assignable to type '"narrativo" | "poetico" | "academico" | "conversacional" | "infantil" | undefined'.
      Type 'string' is not assignable to type '"narrativo" | "poetico" | "academico" | "conversacional" | "infantil" | undefined'.
src/types/comprehensive.ts(1868,1): error TS2308: Module './api' has already exported a member named 'ExportData'. Consider explicitly re-exporting to resolve the ambiguity.
src/types/comprehensive.ts(1868,1): error TS2308: Module './api' has already exported a member named 'ExportTemplate'. Consider explicitly re-exporting to resolve the ambiguity.
src/types/comprehensive.ts(1871,1): error TS2308: Module './api' has already exported a member named 'VocabularyItem'. Consider explicitly re-exporting to resolve the ambiguity.
