
> describe-it@0.1.0 typecheck
> tsc --noEmit

src/components/Auth/AuthModal.tsx(40,51): error TS2554: Expected 1-2 arguments, but got 4.
src/components/Auth/UserMenu.tsx(198,5): error TS2322: Type 'StoredAuthData | null | undefined' is not assignable to type 'StoredAuthData | { error: string; } | null'.
  Type 'undefined' is not assignable to type 'StoredAuthData | { error: string; } | null'.
src/components/Dashboard/LearningProgress.tsx(377,16): error TS2746: This JSX tag's 'children' prop expects a single child of type 'ReactElement<unknown, string | JSXElementConstructor<any>>', but multiple children were provided.
src/components/Dashboard/LearningProgress.tsx(495,23): error TS2322: Type 'CategoryProgress[]' is not assignable to type 'ChartDataInput[]'.
  Type 'CategoryProgress' is not assignable to type 'ChartDataInput'.
    Index signature for type 'string' is missing in type 'CategoryProgress'.
src/components/Dashboard/UserStats.tsx(477,31): error TS2322: Type 'CategoryStats[]' is not assignable to type 'ChartDataInput[]'.
  Type 'CategoryStats' is not assignable to type 'ChartDataInput'.
    Index signature for type 'string' is missing in type 'CategoryStats'.
src/components/ImageSearch/ImageSearch.tsx(78,88): error TS2554: Expected 1-2 arguments, but got 4.
src/components/Onboarding/ApiKeySetup.tsx(146,11): error TS2741: Property 'anthropic' is missing in type '{ unsplash: string; openai: string; }' but required in type '{ anthropic: string; openai: string; unsplash: string; }'.
src/components/Onboarding/PreferencesSetup.tsx(89,20): error TS2345: Argument of type '(prev: Partial<AppSettings>) => { language: { ui?: "en" | "es" | "fr" | "de" | "it" | "pt" | undefined; target?: "english" | "spanish" | "french" | "german" | "italian" | "portuguese" | undefined; }; ... 6 more ...; performance?: { ...; } | undefined; }' is not assignable to parameter of type 'SetStateAction<Partial<AppSettings>>'.
  Type '(prev: Partial<AppSettings>) => { language: { ui?: "en" | "es" | "fr" | "de" | "it" | "pt" | undefined; target?: "english" | "spanish" | "french" | "german" | "italian" | "portuguese" | undefined; }; ... 6 more ...; performance?: { ...; } | undefined; }' is not assignable to type '(prevState: Partial<AppSettings>) => Partial<AppSettings>'.
    Call signature return types '{ language: { ui?: "en" | "es" | "fr" | "de" | "it" | "pt" | undefined; target?: "english" | "spanish" | "french" | "german" | "italian" | "portuguese" | undefined; }; apiKeys?: { anthropic: string; openai: string; unsplash: string; } | undefined; ... 5 more ...; performance?: { ...; } | undefined; }' and 'Partial<AppSettings>' are incompatible.
      The types of 'language.ui' are incompatible between these types.
        Type '"en" | "es" | "fr" | "de" | "it" | "pt" | undefined' is not assignable to type '"en" | "es" | "fr" | "de" | "it" | "pt"'.
          Type 'undefined' is not assignable to type '"en" | "es" | "fr" | "de" | "it" | "pt"'.
src/components/Onboarding/PreferencesSetup.tsx(99,20): error TS2345: Argument of type '(prev: Partial<AppSettings>) => { study: { dailyGoal?: number | undefined; reminderTimes?: string[] | undefined; enableReminders?: boolean | undefined; difficulty?: "beginner" | ... 2 more ... | undefined; autoAdvance?: boolean | undefined; }; ... 6 more ...; performance?: { ...; } | undefined; }' is not assignable to parameter of type 'SetStateAction<Partial<AppSettings>>'.
  Type '(prev: Partial<AppSettings>) => { study: { dailyGoal?: number | undefined; reminderTimes?: string[] | undefined; enableReminders?: boolean | undefined; difficulty?: "beginner" | ... 2 more ... | undefined; autoAdvance?: boolean | undefined; }; ... 6 more ...; performance?: { ...; } | undefined; }' is not assignable to type '(prevState: Partial<AppSettings>) => Partial<AppSettings>'.
    Call signature return types '{ study: { dailyGoal?: number | undefined; reminderTimes?: string[] | undefined; enableReminders?: boolean | undefined; difficulty?: "beginner" | "intermediate" | "advanced" | undefined; autoAdvance?: boolean | undefined; }; ... 6 more ...; performance?: { ...; } | undefined; }' and 'Partial<AppSettings>' are incompatible.
      The types of 'study.dailyGoal' are incompatible between these types.
        Type 'number | undefined' is not assignable to type 'number'.
          Type 'undefined' is not assignable to type 'number'.
src/components/Onboarding/PreferencesSetup.tsx(116,20): error TS2345: Argument of type '(prev: Partial<AppSettings>) => { theme: { mode?: "light" | "dark" | "system" | undefined; customColors?: { primary: string; secondary: string; accent: string; } | undefined; animations?: boolean | undefined; reducedMotion?: boolean | undefined; }; ... 6 more ...; performance?: { ...; } | undefined; }' is not assignable to parameter of type 'SetStateAction<Partial<AppSettings>>'.
  Type '(prev: Partial<AppSettings>) => { theme: { mode?: "light" | "dark" | "system" | undefined; customColors?: { primary: string; secondary: string; accent: string; } | undefined; animations?: boolean | undefined; reducedMotion?: boolean | undefined; }; ... 6 more ...; performance?: { ...; } | undefined; }' is not assignable to type '(prevState: Partial<AppSettings>) => Partial<AppSettings>'.
    Call signature return types '{ theme: { mode?: "light" | "dark" | "system" | undefined; customColors?: { primary: string; secondary: string; accent: string; } | undefined; animations?: boolean | undefined; reducedMotion?: boolean | undefined; }; ... 6 more ...; performance?: { ...; } | undefined; }' and 'Partial<AppSettings>' are incompatible.
      The types of 'theme.mode' are incompatible between these types.
        Type '"light" | "dark" | "system" | undefined' is not assignable to type '"light" | "dark" | "system"'.
          Type 'undefined' is not assignable to type '"light" | "dark" | "system"'.
src/components/Onboarding/PreferencesSetup.tsx(126,20): error TS2345: Argument of type '(prev: Partial<AppSettings>) => { accessibility: { fontSize?: "small" | "medium" | "large" | "xl" | undefined; contrast?: "high" | "normal" | undefined; screenReader?: boolean | undefined; keyboardNavigation?: boolean | undefined; focusIndicator?: boolean | undefined; }; ... 6 more ...; performance?: { ...; } | unde...' is not assignable to parameter of type 'SetStateAction<Partial<AppSettings>>'.
  Type '(prev: Partial<AppSettings>) => { accessibility: { fontSize?: "small" | "medium" | "large" | "xl" | undefined; contrast?: "high" | "normal" | undefined; screenReader?: boolean | undefined; keyboardNavigation?: boolean | undefined; focusIndicator?: boolean | undefined; }; ... 6 more ...; performance?: { ...; } | unde...' is not assignable to type '(prevState: Partial<AppSettings>) => Partial<AppSettings>'.
    Call signature return types '{ accessibility: { fontSize?: "small" | "medium" | "large" | "xl" | undefined; contrast?: "high" | "normal" | undefined; screenReader?: boolean | undefined; keyboardNavigation?: boolean | undefined; focusIndicator?: boolean | undefined; }; ... 6 more ...; performance?: { ...; } | undefined; }' and 'Partial<AppSettings>' are incompatible.
      The types of 'accessibility.fontSize' are incompatible between these types.
        Type '"small" | "medium" | "large" | "xl" | undefined' is not assignable to type '"small" | "medium" | "large" | "xl"'.
          Type 'undefined' is not assignable to type '"small" | "medium" | "large" | "xl"'.
src/components/Onboarding/TutorialStep.tsx(154,23): error TS2554: Expected 1 arguments, but got 0.
src/components/Optimized/OptimizedComponents.tsx(168,44): error TS2503: Cannot find namespace 'JSX'.
src/components/Optimized/OptimizedComponents.tsx(170,15): error TS2339: Property 'displayName' does not exist on type '<T>(props: OptimizedListProps<T>) => JSX.Element'.
src/components/Optimized/OptimizedComponents.tsx(191,28): error TS2554: Expected 1 arguments, but got 0.
src/components/ProgressStatistics.tsx(385,19): error TS2322: Type 'ChartData[]' is not assignable to type 'ChartDataInput[]'.
  Type 'ChartData' is not assignable to type 'ChartDataInput'.
    Index signature for type 'string' is missing in type 'ChartData'.
src/components/ui/ComponentShowcase.tsx(25,3): error TS2305: Module '"./index"' has no exported member 'LoadingOverlay'.
src/components/ui/ComponentShowcase.tsx(368,13): error TS2322: Type '{ id: number; name: string; email: string; role: string; status: string; }[]' is not assignable to type 'never[]'.
  Type '{ id: number; name: string; email: string; role: string; status: string; }' is not assignable to type 'never'.
src/components/Vocabulary/DatabaseVocabularyManager.tsx(360,43): error TS2345: Argument of type '1 | 10 | 5 | 3 | 2 | 4 | 6 | 9 | 7 | 8' is not assignable to parameter of type 'DifficultyLevel | "all" | undefined'.
  Type '1' is not assignable to type 'DifficultyLevel | "all" | undefined'.
src/components/Vocabulary/VocabularyCard.tsx(180,7): error TS2322: Type '{ children: Element[]; className: string; role: string; "aria-label": string; onKeyDown: (e: KeyboardEvent<Element>) => void; tabIndex: number; }' is not assignable to type 'IntrinsicAttributes & CardProps'.
  Property 'onKeyDown' does not exist on type 'IntrinsicAttributes & CardProps'.
src/hooks/useImageSearch.ts(247,92): error TS2554: Expected 1-2 arguments, but got 6.
src/hooks/usePerformanceOptimizations.ts(15,21): error TS2554: Expected 1 arguments, but got 0.
src/hooks/usePerformanceOptimizations.ts(63,26): error TS2554: Expected 1 arguments, but got 0.
src/hooks/usePerformanceOptimizations.ts(352,21): error TS2554: Expected 1 arguments, but got 0.
src/hooks/usePerformanceOptimizations.ts(368,7): error TS2322: Type 'undefined' is not assignable to type 'number'.
src/lib/api/claude-server.ts(323,11): error TS2339: Property 'finish' does not exist on type 'Span'.
src/lib/api/claude-server.ts(346,11): error TS2339: Property 'finish' does not exist on type 'Span'.
src/lib/api/claude-server.ts(463,11): error TS2339: Property 'finish' does not exist on type 'Span'.
src/lib/api/claude-server.ts(482,11): error TS2339: Property 'finish' does not exist on type 'Span'.
src/lib/api/client.ts(97,5): error TS2322: Type '{}' is not assignable to type 'RequestOptions & ApiClientOptions'.
  Property 'method' is missing in type '{}' but required in type 'RequestOptions'.
src/lib/api/client.ts(236,25): error TS2345: Argument of type 'string | undefined' is not assignable to parameter of type 'string'.
  Type 'undefined' is not assignable to type 'string'.
src/lib/api/openai-server-backup.ts(523,5): error TS2741: Property 'generatedAt' is missing in type '{ text: string; style: DescriptionStyle; language: "es" | "en"; wordCount: number; timestamp: string; }' but required in type 'GeneratedDescription'.
src/lib/api/openai-server-backup.ts(602,7): error TS2353: Object literal may only specify known properties, and 'timestamp' does not exist in type 'GeneratedDescription'.
src/lib/api/openai-server-backup.ts(611,5): error TS2353: Object literal may only specify known properties, and 'timestamp' does not exist in type 'GeneratedDescription'.
src/lib/api/openai-server.ts(361,5): error TS2741: Property 'generatedAt' is missing in type '{ text: string; style: DescriptionStyle; language: "es" | "en"; wordCount: number; timestamp: string; }' but required in type 'GeneratedDescription'.
src/lib/api/openai-server.ts(432,7): error TS2353: Object literal may only specify known properties, and 'timestamp' does not exist in type 'GeneratedDescription'.
src/lib/api/openai-server.ts(441,5): error TS2353: Object literal may only specify known properties, and 'timestamp' does not exist in type 'GeneratedDescription'.
src/lib/api/openai.ts(626,7): error TS2739: Type '{}' is missing the following properties from type 'APIError': code, status, name, message
src/lib/api/openai.ts(638,7): error TS2322: Type '{}' is not assignable to type 'string'.
src/lib/api/optimizedSupabase.ts(98,53): error TS2345: Argument of type 'unknown' is not assignable to parameter of type 'LogContext | undefined'.
src/lib/api/optimizedSupabase.ts(109,68): error TS2554: Expected 1-2 arguments, but got 3.
src/lib/api/supabase.ts(228,11): error TS2345: Argument of type 'unknown' is not assignable to parameter of type 'LogContext | undefined'.
src/lib/api/translator.ts(312,11): error TS2345: Argument of type 'unknown' is not assignable to parameter of type 'LogContext | undefined'.
src/lib/auth/AuthManager.ts(682,84): error TS2345: Argument of type 'unknown' is not assignable to parameter of type 'Record<string, any> | undefined'.
src/lib/auth/AuthManager.ts(919,11): error TS2353: Object literal may only specify known properties, and 'deleted_at' does not exist in type '{ id?: string | undefined; email?: string | undefined; username?: string | null | undefined; full_name?: string | null | undefined; avatar_url?: string | null | undefined; spanish_level?: "beginner" | ... 2 more ... | undefined; ... 10 more ...; last_login?: string | ... 1 more ... | undefined; }'.
src/lib/export/jsonExporter.ts(451,15): error TS2339: Property 'metadata' does not exist on type 'never'.
src/lib/export/jsonExporter.ts(455,15): error TS2339: Property 'metadata' does not exist on type 'never'.
src/lib/logging/sessionLogger.ts(549,15): error TS2322: Type 'SessionStorage | undefined' is not assignable to type 'SessionStorage'.
  Type 'undefined' is not assignable to type 'SessionStorage'.
src/lib/logging/sessionLogger.ts(629,38): error TS2345: Argument of type 'null' is not assignable to parameter of type 'string | undefined'.
src/lib/logging/sessionLogger.ts(635,38): error TS2345: Argument of type 'null' is not assignable to parameter of type 'string | undefined'.
src/lib/logging/sessionPersistence.ts(146,7): error TS2322: Type 'SessionSummary | null | undefined' is not assignable to type 'SessionSummary | null'.
  Type 'undefined' is not assignable to type 'SessionSummary | null'.
src/lib/logging/sessionPersistence.ts(209,40): error TS2345: Argument of type 'null' is not assignable to parameter of type 'string | undefined'.
src/lib/logging/sessionPersistence.ts(215,40): error TS2345: Argument of type 'null' is not assignable to parameter of type 'string | undefined'.
src/lib/logging/sessionPersistence.ts(232,17): error TS2322: Type 'SessionReport | undefined' is not assignable to type 'SessionReport'.
  Type 'undefined' is not assignable to type 'SessionReport'.
src/lib/logging/sessionPersistence.ts(235,65): error TS2345: Argument of type 'unknown' is not assignable to parameter of type 'LogContext | undefined'.
src/lib/logging/sessionPersistence.ts(247,13): error TS2345: Argument of type 'null' is not assignable to parameter of type 'string | undefined'.
src/lib/logging/sessionPersistence.ts(255,44): error TS2345: Argument of type 'null' is not assignable to parameter of type 'string | undefined'.
src/lib/logging/sessionPersistence.ts(282,7): error TS2322: Type 'T | null | undefined' is not assignable to type 'T | null'.
  Type 'undefined' is not assignable to type 'T | null'.
src/lib/logging/sessionReportGenerator.ts(963,38): error TS2345: Argument of type 'null' is not assignable to parameter of type 'string | undefined'.
src/lib/logging/sessionReportGenerator.ts(971,38): error TS2345: Argument of type 'null' is not assignable to parameter of type 'string | undefined'.
src/lib/middleware/errorMiddleware.ts(252,12): error TS2339: Property 'errorWithCategory' does not exist on type 'Logger'.
src/lib/middleware/errorMiddleware.ts(286,9): error TS2353: Object literal may only specify known properties, and 'originalMessage' does not exist in type 'any[]'.
src/lib/middleware/errorMiddleware.ts(360,11): error TS2345: Argument of type '{ requestId: string; duration: number; }' is not assignable to parameter of type 'number'.
src/lib/monitoring/claude-metrics.ts(68,48): error TS2339: Property 'getTransaction' does not exist on type 'Scope'.
src/lib/monitoring/claude-metrics.ts(137,48): error TS2339: Property 'getTransaction' does not exist on type 'Scope'.
src/lib/monitoring/claude-metrics.ts(235,43): error TS2339: Property 'getTransaction' does not exist on type 'Scope'.
src/lib/monitoring/fraud-detector.ts(590,9): error TS2322: Type 'string[] | undefined' is not assignable to type 'string[]'.
  Type 'undefined' is not assignable to type 'string[]'.
src/lib/monitoring/fraud-detector.ts(593,9): error TS2322: Type 'number[] | undefined' is not assignable to type 'number[]'.
  Type 'undefined' is not assignable to type 'number[]'.
src/lib/monitoring/fraud-detector.ts(736,5): error TS2322: Type '(FraudEvent | undefined)[]' is not assignable to type 'FraudEvent[]'.
  Type 'FraudEvent | undefined' is not assignable to type 'FraudEvent'.
    Type 'undefined' is not assignable to type 'FraudEvent'.
src/lib/monitoring/hooks.ts(6,10): error TS2300: Duplicate identifier 'logger'.
src/lib/monitoring/hooks.ts(10,10): error TS2300: Duplicate identifier 'logger'.
src/lib/monitoring/hooks.ts(324,16): error TS2339: Property 'error' does not exist on type 'StructuredLogger'.
src/lib/monitoring/hooks.ts(397,14): error TS2339: Property 'error' does not exist on type 'StructuredLogger'.
src/lib/monitoring/index.ts(62,39): error TS2304: Cannot find name 'MonitoringConfig'.
src/lib/monitoring/middleware.ts(103,7): error TS2322: Type 'MemoryUsage | undefined' is not assignable to type '{ used: number; total: number; external: number; heapUsed: number; heapTotal: number; } | undefined'.
  Type 'MemoryUsage' is missing the following properties from type '{ used: number; total: number; external: number; heapUsed: number; heapTotal: number; }': used, total
src/lib/monitoring/middleware.ts(114,9): error TS2345: Argument of type 'string | undefined' is not assignable to parameter of type 'string'.
  Type 'undefined' is not assignable to type 'string'.
src/lib/performance/resource-pool.ts(80,21): error TS2345: Argument of type 'Promise<void | T>' is not assignable to parameter of type 'Promise<void>'.
  Type 'void | T' is not assignable to type 'void'.
    Type 'T' is not assignable to type 'void'.
      Type 'PooledResource' is not assignable to type 'void'.
src/lib/rate-limiting/index.ts(53,12): error TS2304: Cannot find name 'RateLimitMiddleware'.
src/lib/rate-limiting/index.ts(59,12): error TS2304: Cannot find name 'RateLimitMiddleware'.
src/lib/rate-limiting/index.ts(65,11): error TS2304: Cannot find name 'RateLimitMiddleware'.
src/lib/rate-limiting/index.ts(70,17): error TS2304: Cannot find name 'RateLimitMiddleware'.
src/lib/rate-limiting/index.ts(75,13): error TS2304: Cannot find name 'RateLimitMiddleware'.
src/lib/rate-limiting/index.ts(83,19): error TS2304: Cannot find name 'RateLimitConfigs'.
src/lib/rate-limiting/index.ts(84,10): error TS2304: Cannot find name 'RateLimitConfigs'.
src/lib/rate-limiting/index.ts(85,11): error TS2304: Cannot find name 'RateLimitConfigs'.
src/lib/rate-limiting/index.ts(88,19): error TS2304: Cannot find name 'RateLimitConfigs'.
src/lib/rate-limiting/index.ts(89,15): error TS2304: Cannot find name 'RateLimitConfigs'.
src/lib/rate-limiting/index.ts(90,11): error TS2304: Cannot find name 'RateLimitConfigs'.
src/lib/rate-limiting/index.ts(93,24): error TS2304: Cannot find name 'RateLimitConfigs'.
src/lib/rate-limiting/index.ts(94,15): error TS2304: Cannot find name 'RateLimitConfigs'.
src/lib/rate-limiting/index.ts(95,16): error TS2304: Cannot find name 'RateLimitConfigs'.
src/lib/rate-limiting/index.ts(165,25): error TS2304: Cannot find name 'getRateLimiter'.
src/lib/rate-limiting/rate-limiter.ts(165,19): error TS2339: Property 'ip' does not exist on type 'NextRequest'.
src/lib/schemas/api-validation.ts(836,28): error TS2339: Property 'input' does not exist on type 'ZodIssue'.
  Property 'input' does not exist on type 'ZodCustomIssue & { fatal?: boolean | undefined; message: string; }'.
src/lib/security/encryption.ts(375,62): error TS2345: Argument of type 'BufferEncoding' is not assignable to parameter of type 'BinaryToTextEncoding'.
  Type '"utf-8"' is not assignable to type 'BinaryToTextEncoding'.
src/lib/security/encryption.ts(414,37): error TS2345: Argument of type '"base32"' is not assignable to parameter of type 'BufferEncoding | undefined'.
src/lib/security/key-rotation.ts(69,24): error TS2769: No overload matches this call.
  Overload 1 of 8, '(options: RedisOptions): Redis', gave the following error.
    Object literal may only specify known properties, and 'retryDelayOnFailover' does not exist in type 'RedisOptions'.
  Overload 2 of 8, '(port: number): Redis', gave the following error.
    Argument of type '{ host: string; port: number; password: string | undefined; db: number; retryDelayOnFailover: number; maxRetriesPerRequest: number; }' is not assignable to parameter of type 'number'.
  Overload 3 of 8, '(path: string): Redis', gave the following error.
    Argument of type '{ host: string; port: number; password: string | undefined; db: number; retryDelayOnFailover: number; maxRetriesPerRequest: number; }' is not assignable to parameter of type 'string'.
src/lib/security/key-rotation.ts(88,9): error TS2353: Object literal may only specify known properties, and 'scheduled' does not exist in type 'TaskOptions'.
src/lib/security/rateLimit.ts(121,21): error TS2304: Cannot find name 'safeParse'.
src/lib/security/rateLimit.ts(130,59): error TS2304: Cannot find name 'safeStringify'.
src/lib/security/sanitization.ts(412,61): error TS2345: Argument of type 'unknown' is not assignable to parameter of type 'LogContext | undefined'.
src/lib/security/secure-middleware.ts(133,11): error TS2769: No overload matches this call.
  Overload 1 of 2, '(input: string | URL | Request, init?: RequestInit | undefined): Promise<Response>', gave the following error.
    Object literal may only specify known properties, and 'timeout' does not exist in type 'RequestInit'.
  Overload 2 of 2, '(input: URL | RequestInfo, init?: RequestInit | undefined): Promise<Response>', gave the following error.
    Object literal may only specify known properties, and 'timeout' does not exist in type 'RequestInit'.
src/lib/security/secure-middleware.ts(160,11): error TS2769: No overload matches this call.
  Overload 1 of 2, '(input: string | URL | Request, init?: RequestInit | undefined): Promise<Response>', gave the following error.
    Object literal may only specify known properties, and 'timeout' does not exist in type 'RequestInit'.
  Overload 2 of 2, '(input: URL | RequestInfo, init?: RequestInit | undefined): Promise<Response>', gave the following error.
    Object literal may only specify known properties, and 'timeout' does not exist in type 'RequestInit'.
src/lib/security/secure-middleware.ts(218,64): error TS2345: Argument of type 'unknown' is not assignable to parameter of type 'Record<string, any> | undefined'.
src/lib/security/session-manager.ts(81,24): error TS2769: No overload matches this call.
  Overload 1 of 8, '(options: RedisOptions): Redis', gave the following error.
    Object literal may only specify known properties, and 'retryDelayOnFailover' does not exist in type 'RedisOptions'.
  Overload 2 of 8, '(port: number): Redis', gave the following error.
    Argument of type '{ host: string; port: number; password: string | undefined; db: number; keyPrefix: string; retryDelayOnFailover: number; maxRetriesPerRequest: number; }' is not assignable to parameter of type 'number'.
  Overload 3 of 8, '(path: string): Redis', gave the following error.
    Argument of type '{ host: string; port: number; password: string | undefined; db: number; keyPrefix: string; retryDelayOnFailover: number; maxRetriesPerRequest: number; }' is not assignable to parameter of type 'string'.
src/lib/security/validation.ts(20,37): error TS1005: ')' expected.
src/lib/services/exportService.ts(375,53): error TS2345: Argument of type 'null' is not assignable to parameter of type 'string | undefined'.
src/lib/services/index.ts(195,69): error TS2345: Argument of type 'unknown' is not assignable to parameter of type 'LogContext | undefined'.
src/lib/services/translationService.ts(142,67): error TS2345: Argument of type 'unknown' is not assignable to parameter of type 'LogContext | undefined'.
src/lib/services/translationService.ts(250,51): error TS2345: Argument of type 'unknown' is not assignable to parameter of type 'LogContext | undefined'.
src/lib/settings/settingsManager.ts(175,65): error TS2345: Argument of type 'unknown' is not assignable to parameter of type 'LogContext | undefined'.
src/lib/settings/settingsManager.ts(197,50): error TS2304: Cannot find name 'safeStringify'.
src/lib/settings/settingsManager.ts(224,46): error TS2304: Cannot find name 'safeStringify'.
src/lib/settings/settingsManager.ts(391,12): error TS2304: Cannot find name 'safeStringify'.
src/lib/storage/HybridStorageManager.ts(290,15): error TS2769: No overload matches this call.
  Overload 1 of 2, '(relation: "users" | "vocabulary_lists" | "vocabulary_items" | "sessions" | "images" | "descriptions" | "questions" | "learning_progress" | "answers" | "phrases" | "analytics_events"): PostgrestQueryBuilder<...>', gave the following error.
    Argument of type '"image_history"' is not assignable to parameter of type '"users" | "vocabulary_lists" | "vocabulary_items" | "sessions" | "images" | "descriptions" | "questions" | "learning_progress" | "answers" | "phrases" | "analytics_events"'.
  Overload 2 of 2, '(relation: never): PostgrestQueryBuilder<{ PostgrestVersion: "12"; }, { Tables: { users: { Row: { id: string; email: string; username: string | null; full_name: string | null; avatar_url: string | null; spanish_level: "beginner" | ... 1 more ... | "advanced"; ... 10 more ...; last_login: string | null; }; Insert: { ...; }; Update: { ...; }; Relationships: []; }; ... 9 more ...; analytics_events: { ...; }; }; Views: {}; Functions: {}; Enums: { ...; }; CompositeTypes: {}; }, never, never, never>', gave the following error.
    Argument of type '"image_history"' is not assignable to parameter of type 'never'.
src/lib/storage/HybridStorageManager.ts(293,11): error TS2769: No overload matches this call.
  Overload 1 of 2, '(values: { id?: string | undefined; email: string; username?: string | null | undefined; full_name?: string | null | undefined; avatar_url?: string | null | undefined; spanish_level?: "beginner" | "intermediate" | "advanced" | undefined; ... 10 more ...; last_login?: string | ... 1 more ... | undefined; } | ... 9 more ... | { ...; }, options?: { ...; } | undefined): PostgrestFilterBuilder<...>', gave the following error.
    Object literal may only specify known properties, and 'viewed_at' does not exist in type '{ id?: string | undefined; email: string; username?: string | null | undefined; full_name?: string | null | undefined; avatar_url?: string | null | undefined; spanish_level?: "beginner" | "intermediate" | "advanced" | undefined; ... 10 more ...; last_login?: string | ... 1 more ... | undefined; } | ... 9 more ... | ...'.
  Overload 2 of 2, '(values: ({ id?: string | undefined; email: string; username?: string | null | undefined; full_name?: string | null | undefined; avatar_url?: string | null | undefined; spanish_level?: "beginner" | "intermediate" | "advanced" | undefined; ... 10 more ...; last_login?: string | ... 1 more ... | undefined; } | ... 9 more ... | { ...; })[], options?: { ...; } | undefined): PostgrestFilterBuilder<...>', gave the following error.
    Object literal may only specify known properties, and 'viewed_at' does not exist in type '({ id?: string | undefined; email: string; username?: string | null | undefined; full_name?: string | null | undefined; avatar_url?: string | null | undefined; spanish_level?: "beginner" | "intermediate" | "advanced" | undefined; ... 10 more ...; last_login?: string | ... 1 more ... | undefined; } | ... 9 more ... |...'.
src/lib/storage/HybridStorageManager.ts(317,15): error TS2769: No overload matches this call.
  Overload 1 of 2, '(relation: "users" | "vocabulary_lists" | "vocabulary_items" | "sessions" | "images" | "descriptions" | "questions" | "learning_progress" | "answers" | "phrases" | "analytics_events"): PostgrestQueryBuilder<...>', gave the following error.
    Argument of type '"image_history"' is not assignable to parameter of type '"users" | "vocabulary_lists" | "vocabulary_items" | "sessions" | "images" | "descriptions" | "questions" | "learning_progress" | "answers" | "phrases" | "analytics_events"'.
  Overload 2 of 2, '(relation: never): PostgrestQueryBuilder<{ PostgrestVersion: "12"; }, { Tables: { users: { Row: { id: string; email: string; username: string | null; full_name: string | null; avatar_url: string | null; spanish_level: "beginner" | ... 1 more ... | "advanced"; ... 10 more ...; last_login: string | null; }; Insert: { ...; }; Update: { ...; }; Relationships: []; }; ... 9 more ...; analytics_events: { ...; }; }; Views: {}; Functions: {}; Enums: { ...; }; CompositeTypes: {}; }, never, never, never>', gave the following error.
    Argument of type '"image_history"' is not assignable to parameter of type 'never'.
src/lib/storage/HybridStorageManager.ts(323,7): error TS2322: Type '({ id: string; email: string; username: string | null; full_name: string | null; avatar_url: string | null; spanish_level: "beginner" | "intermediate" | "advanced"; is_authenticated: boolean; ... 9 more ...; last_login: string | null; } | ... 9 more ... | { ...; })[]' is not assignable to type 'ImageHistoryEntry[]'.
  Type '{ id: string; email: string; username: string | null; full_name: string | null; avatar_url: string | null; spanish_level: "beginner" | "intermediate" | "advanced"; is_authenticated: boolean; ... 9 more ...; last_login: string | null; } | ... 9 more ... | { ...; }' is not assignable to type 'ImageHistoryEntry'.
    Type '{ id: string; email: string; username: string | null; full_name: string | null; avatar_url: string | null; spanish_level: "beginner" | "intermediate" | "advanced"; is_authenticated: boolean; ... 9 more ...; last_login: string | null; }' is missing the following properties from type 'ImageHistoryEntry': image_url, source, viewed_at
src/lib/storage/HybridStorageManager.ts(427,15): error TS2769: No overload matches this call.
  Overload 1 of 2, '(relation: "users" | "vocabulary_lists" | "vocabulary_items" | "sessions" | "images" | "descriptions" | "questions" | "learning_progress" | "answers" | "phrases" | "analytics_events"): PostgrestQueryBuilder<...>', gave the following error.
    Argument of type '"image_history"' is not assignable to parameter of type '"users" | "vocabulary_lists" | "vocabulary_items" | "sessions" | "images" | "descriptions" | "questions" | "learning_progress" | "answers" | "phrases" | "analytics_events"'.
  Overload 2 of 2, '(relation: never): PostgrestQueryBuilder<{ PostgrestVersion: "12"; }, { Tables: { users: { Row: { id: string; email: string; username: string | null; full_name: string | null; avatar_url: string | null; spanish_level: "beginner" | ... 1 more ... | "advanced"; ... 10 more ...; last_login: string | null; }; Insert: { ...; }; Update: { ...; }; Relationships: []; }; ... 9 more ...; analytics_events: { ...; }; }; Views: {}; Functions: {}; Enums: { ...; }; CompositeTypes: {}; }, never, never, never>', gave the following error.
    Argument of type '"image_history"' is not assignable to parameter of type 'never'.
src/lib/storage/HybridStorageManager.ts(431,15): error TS2769: No overload matches this call.
  Overload 1 of 2, '(relation: "users" | "vocabulary_lists" | "vocabulary_items" | "sessions" | "images" | "descriptions" | "questions" | "learning_progress" | "answers" | "phrases" | "analytics_events"): PostgrestQueryBuilder<...>', gave the following error.
    Argument of type '"saved_descriptions"' is not assignable to parameter of type '"users" | "vocabulary_lists" | "vocabulary_items" | "sessions" | "images" | "descriptions" | "questions" | "learning_progress" | "answers" | "phrases" | "analytics_events"'.
  Overload 2 of 2, '(relation: never): PostgrestQueryBuilder<{ PostgrestVersion: "12"; }, { Tables: { users: { Row: { id: string; email: string; username: string | null; full_name: string | null; avatar_url: string | null; spanish_level: "beginner" | ... 1 more ... | "advanced"; ... 10 more ...; last_login: string | null; }; Insert: { ...; }; Update: { ...; }; Relationships: []; }; ... 9 more ...; analytics_events: { ...; }; }; Views: {}; Functions: {}; Enums: { ...; }; CompositeTypes: {}; }, never, never, never>', gave the following error.
    Argument of type '"saved_descriptions"' is not assignable to parameter of type 'never'.
src/lib/storage/HybridStorageManager.ts(462,21): error TS2769: No overload matches this call.
  Overload 1 of 2, '(relation: "users" | "vocabulary_lists" | "vocabulary_items" | "sessions" | "images" | "descriptions" | "questions" | "learning_progress" | "answers" | "phrases" | "analytics_events"): PostgrestQueryBuilder<...>', gave the following error.
    Argument of type '"image_history"' is not assignable to parameter of type '"users" | "vocabulary_lists" | "vocabulary_items" | "sessions" | "images" | "descriptions" | "questions" | "learning_progress" | "answers" | "phrases" | "analytics_events"'.
  Overload 2 of 2, '(relation: never): PostgrestQueryBuilder<{ PostgrestVersion: "12"; }, { Tables: { users: { Row: { id: string; email: string; username: string | null; full_name: string | null; avatar_url: string | null; spanish_level: "beginner" | ... 1 more ... | "advanced"; ... 10 more ...; last_login: string | null; }; Insert: { ...; }; Update: { ...; }; Relationships: []; }; ... 9 more ...; analytics_events: { ...; }; }; Views: {}; Functions: {}; Enums: { ...; }; CompositeTypes: {}; }, never, never, never>', gave the following error.
    Argument of type '"image_history"' is not assignable to parameter of type 'never'.
src/lib/storage/HybridStorageManager.ts(474,21): error TS2769: No overload matches this call.
  Overload 1 of 2, '(relation: "users" | "vocabulary_lists" | "vocabulary_items" | "sessions" | "images" | "descriptions" | "questions" | "learning_progress" | "answers" | "phrases" | "analytics_events"): PostgrestQueryBuilder<...>', gave the following error.
    Argument of type '"error_logs"' is not assignable to parameter of type '"users" | "vocabulary_lists" | "vocabulary_items" | "sessions" | "images" | "descriptions" | "questions" | "learning_progress" | "answers" | "phrases" | "analytics_events"'.
  Overload 2 of 2, '(relation: never): PostgrestQueryBuilder<{ PostgrestVersion: "12"; }, { Tables: { users: { Row: { id: string; email: string; username: string | null; full_name: string | null; avatar_url: string | null; spanish_level: "beginner" | ... 1 more ... | "advanced"; ... 10 more ...; last_login: string | null; }; Insert: { ...; }; Update: { ...; }; Relationships: []; }; ... 9 more ...; analytics_events: { ...; }; }; Views: {}; Functions: {}; Enums: { ...; }; CompositeTypes: {}; }, never, never, never>', gave the following error.
    Argument of type '"error_logs"' is not assignable to parameter of type 'never'.
src/lib/storage/HybridStorageManager.ts(504,17): error TS2769: No overload matches this call.
  Overload 1 of 2, '(relation: "users" | "vocabulary_lists" | "vocabulary_items" | "sessions" | "images" | "descriptions" | "questions" | "learning_progress" | "answers" | "phrases" | "analytics_events"): PostgrestQueryBuilder<...>', gave the following error.
    Argument of type '"image_history"' is not assignable to parameter of type '"users" | "vocabulary_lists" | "vocabulary_items" | "sessions" | "images" | "descriptions" | "questions" | "learning_progress" | "answers" | "phrases" | "analytics_events"'.
  Overload 2 of 2, '(relation: never): PostgrestQueryBuilder<{ PostgrestVersion: "12"; }, { Tables: { users: { Row: { id: string; email: string; username: string | null; full_name: string | null; avatar_url: string | null; spanish_level: "beginner" | ... 1 more ... | "advanced"; ... 10 more ...; last_login: string | null; }; Insert: { ...; }; Update: { ...; }; Relationships: []; }; ... 9 more ...; analytics_events: { ...; }; }; Views: {}; Functions: {}; Enums: { ...; }; CompositeTypes: {}; }, never, never, never>', gave the following error.
    Argument of type '"image_history"' is not assignable to parameter of type 'never'.
src/lib/storage/LocalStorageManager.ts(104,55): error TS2345: Argument of type 'unknown' is not assignable to parameter of type 'LogContext | undefined'.
src/lib/storage/LocalStorageManager.ts(464,42): error TS2774: This condition will always return true since this function is always defined. Did you mean to call it instead?
src/lib/store/apiKeysStore.ts(371,30): error TS2339: Property 'keys' does not exist on type 'never'.
src/lib/store/apiKeysStore.ts(372,36): error TS2339: Property 'activeKeys' does not exist on type 'never'.
src/lib/store/apiKeysStore.ts(456,59): error TS2345: Argument of type 'unknown' is not assignable to parameter of type 'LogContext | undefined'.
src/lib/store/appStore.ts(62,7): error TS2345: Argument of type 'AppStoreCreator' is not assignable to parameter of type 'StateCreator<AppStore, [["zustand/devtools", never], ["zustand/persist", unknown]], []>'.
  Type 'AppStoreCreator' is not assignable to type '(setState: <A extends string | { type: string; }>(partial: AppStore | Partial<AppStore> | ((state: AppStore) => AppStore | Partial<AppStore>), replace?: boolean | undefined, action?: A | undefined) => void, getState: () => AppStore, store: Write<...>) => AppStore'.
    Types of parameters 'store' and 'store' are incompatible.
      Type 'Write<WithDevtools<StoreApi<AppStore>>, StorePersist<AppStore, unknown>>' is not assignable to type 'Write<WithDevtools<StoreApi<AppStore>>, StorePersist<AppStore, Partial<AppStore>>>'.
        Type 'Write<WithDevtools<StoreApi<AppStore>>, StorePersist<AppStore, unknown>>' is not assignable to type 'StorePersist<AppStore, Partial<AppStore>>'.
          The types of 'persist.setOptions' are incompatible between these types.
            Type '(options: Partial<PersistOptions<AppStore, unknown>>) => void' is not assignable to type '(options: Partial<PersistOptions<AppStore, Partial<AppStore>>>) => void'.
              Types of parameters 'options' and 'options' are incompatible.
                Type 'Partial<PersistOptions<AppStore, Partial<AppStore>>>' is not assignable to type 'Partial<PersistOptions<AppStore, unknown>>'.
                  Types of property 'storage' are incompatible.
                    Type 'PersistStorage<Partial<AppStore>> | undefined' is not assignable to type 'PersistStorage<unknown> | undefined'.
                      Type 'PersistStorage<Partial<AppStore>>' is not assignable to type 'PersistStorage<unknown>'.
                        Types of property 'setItem' are incompatible.
                          Type '(name: string, value: StorageValue<Partial<AppStore>>) => unknown' is not assignable to type '(name: string, value: StorageValue<unknown>) => unknown'.
                            Types of parameters 'value' and 'value' are incompatible.
                              Type 'StorageValue<unknown>' is not assignable to type 'StorageValue<Partial<AppStore>>'.
                                Type 'unknown' is not assignable to type 'Partial<AppStore>'.
src/lib/store/formStore.ts(448,55): error TS2304: Cannot find name 'TData'.
src/lib/store/formStore.ts(685,23): error TS2345: Argument of type '(useStore: (selector: (state: FormStoreType) => FormState) => FormState) => FormState' is not assignable to parameter of type '(state: FormStoreType) => FormState'.
  Types of parameters 'useStore' and 'state' are incompatible.
    Type 'FormStoreType' is not assignable to type '(selector: (state: FormStoreType) => FormState) => FormState'.
      Type 'FormStoreType' provides no match for the signature '(selector: (state: FormStoreType) => FormState): FormState'.
src/lib/store/formStore.ts(690,23): error TS2345: Argument of type '(useStore: (selector: (state: FormStoreType) => FieldState<unknown>) => FieldState<unknown>) => FieldState<unknown>' is not assignable to parameter of type '(state: FormStoreType) => FieldState<unknown>'.
  Types of parameters 'useStore' and 'state' are incompatible.
    Type 'FormStoreType' is not assignable to type '(selector: (state: FormStoreType) => FieldState<unknown>) => FieldState<unknown>'.
      Type 'FormStoreType' provides no match for the signature '(selector: (state: FormStoreType) => FieldState<unknown>): FieldState<unknown>'.
src/lib/store/index.ts(59,3): error TS2305: Module '"./tabSyncStore"' has no exported member 'useTabSyncStore'.
src/lib/store/index.ts(60,3): error TS2305: Module '"./tabSyncStore"' has no exported member 'useTabSync'.
src/lib/store/index.ts(61,3): error TS2305: Module '"./tabSyncStore"' has no exported member 'useTabSyncActions'.
src/lib/store/index.ts(62,3): error TS2305: Module '"./tabSyncStore"' has no exported member 'useStoreSyncRegistration'.
src/lib/store/index.ts(63,3): error TS2305: Module '"./tabSyncStore"' has no exported member 'useAutoTabSync'.
src/lib/store/index.ts(79,3): error TS2305: Module '"./debugStore"' has no exported member 'useDebugStore'.
src/lib/store/index.ts(80,3): error TS2305: Module '"./debugStore"' has no exported member 'useDebug'.
src/lib/store/index.ts(81,3): error TS2305: Module '"./debugStore"' has no exported member 'useDebugActions'.
src/lib/store/index.ts(82,3): error TS2305: Module '"./debugStore"' has no exported member 'useDebugRegistration'.
src/lib/store/index.ts(83,3): error TS2305: Module '"./debugStore"' has no exported member 'connectDebugToDevTools'.
src/lib/store/learningSessionStore.ts(515,46): error TS2345: Argument of type 'null' is not assignable to parameter of type 'string | undefined'.
src/lib/store/middleware/ssrPersist.ts(86,46): error TS2345: Argument of type 'string | Promise<string | null>' is not assignable to parameter of type 'string'.
  Type 'Promise<string | null>' is not assignable to type 'string'.
src/lib/store/middleware/ssrPersist.ts(217,34): error TS2345: Argument of type 'string | Promise<string | null>' is not assignable to parameter of type 'string'.
  Type 'Promise<string | null>' is not assignable to type 'string'.
src/lib/store/middleware/ssrPersist.ts(388,24): error TS2339: Property 'value' does not exist on type 'IDBRequest<any>'.
src/lib/store/uiStore.ts(485,11): error TS2322: Type '(state: UIState) => { theme: "light" | "dark" | "auto"; colorScheme: string; fontSize: "xl" | "sm" | "md" | "lg"; reduceMotion: boolean; highContrast: boolean; sidebarCollapsed: boolean; layout: "default" | ... 2 more ... | "presentation"; }' is not assignable to type '(state: UIState) => UIState'.
  Type '{ theme: "light" | "dark" | "auto"; colorScheme: string; fontSize: "xl" | "sm" | "md" | "lg"; reduceMotion: boolean; highContrast: boolean; sidebarCollapsed: boolean; layout: "default" | "fullscreen" | "focused" | "presentation"; }' is missing the following properties from type 'UIState': modals, modalHistory, sidebarOpen, breadcrumbs, and 53 more.
src/lib/supabase.ts(222,58): error TS2345: Argument of type 'Omit<DescriptionRecord, "id" | "created_at" | "updated_at">' is not assignable to parameter of type 'Partial<SavedDescription>'.
  Types of property 'description_style' are incompatible.
    Type 'string | undefined' is not assignable to type '"narrativo" | "poetico" | "academico" | "conversacional" | "infantil" | undefined'.
      Type 'string' is not assignable to type '"narrativo" | "poetico" | "academico" | "conversacional" | "infantil" | undefined'.
src/types/comprehensive.ts(1868,1): error TS2308: Module './api' has already exported a member named 'ExportData'. Consider explicitly re-exporting to resolve the ambiguity.
src/types/comprehensive.ts(1868,1): error TS2308: Module './api' has already exported a member named 'ExportTemplate'. Consider explicitly re-exporting to resolve the ambiguity.
src/types/comprehensive.ts(1871,1): error TS2308: Module './api' has already exported a member named 'VocabularyItem'. Consider explicitly re-exporting to resolve the ambiguity.
