
> describe-it@0.1.0 typecheck
> tsc --noEmit

src/app/api/analytics/dashboard/route.ts(142,13): error TS2345: Argument of type 'null' is not assignable to parameter of type '{ [key: string]: any; timestamp: number; } | undefined'.
src/app/api/images/search/route.ts(118,5): error TS2322: Type 'string | null' is not assignable to type 'string | undefined'.
  Type 'null' is not assignable to type 'string | undefined'.
src/app/api/images/test/route.ts(11,13): error TS2339: Property 'apiKey' does not exist on type '{} | undefined'.
src/app/api/settings/apikeys/route.ts(41,65): error TS2345: Argument of type 'string | null' is not assignable to parameter of type 'LogContext | undefined'.
  Type 'null' is not assignable to type 'LogContext | undefined'.
src/app/api/settings/sync/route.ts(11,13): error TS2339: Property 'apiKeys' does not exist on type '{} | undefined'.
src/components/analytics/WebVitalsReporter.tsx(163,50): error TS2345: Argument of type 'unknown' is not assignable to parameter of type 'LogContext | undefined'.
src/components/Auth/AuthModal.tsx(9,15): error TS2305: Module '"@/types/api"' has no exported member 'AuthResponse'.
src/components/Auth/AuthModal.tsx(40,51): error TS2554: Expected 1-2 arguments, but got 4.
src/components/Auth/UserMenu.tsx(10,15): error TS2305: Module '"@/types/api"' has no exported member 'AuthResponse'.
src/components/Auth/UserMenu.tsx(102,64): error TS2345: Argument of type 'null' is not assignable to parameter of type 'StoredAuthData | undefined'.
src/components/Auth/UserMenu.tsx(111,28): error TS2345: Argument of type '{ [key: string]: any; id: string; email: string; } | undefined' is not assignable to parameter of type 'SetStateAction<User | null>'.
  Type 'undefined' is not assignable to type 'SetStateAction<User | null>'.
src/components/Auth/UserMenu.tsx(151,66): error TS2345: Argument of type 'null' is not assignable to parameter of type 'StoredAuthData | undefined'.
src/components/Auth/UserMenu.tsx(156,28): error TS2345: Argument of type '{ [key: string]: any; id: string; email: string; } | undefined' is not assignable to parameter of type 'SetStateAction<User | null>'.
  Type 'undefined' is not assignable to type 'SetStateAction<User | null>'.
src/components/Auth/UserMenu.tsx(198,5): error TS2322: Type 'StoredAuthData | null | undefined' is not assignable to type 'StoredAuthData | { error: string; } | null'.
  Type 'undefined' is not assignable to type 'StoredAuthData | { error: string; } | null'.
src/components/Dashboard/LearningProgress.tsx(377,16): error TS2746: This JSX tag's 'children' prop expects a single child of type 'ReactElement<unknown, string | JSXElementConstructor<any>>', but multiple children were provided.
src/components/Dashboard/LearningProgress.tsx(495,23): error TS2322: Type 'CategoryProgress[]' is not assignable to type 'ChartDataInput[]'.
  Type 'CategoryProgress' is not assignable to type 'ChartDataInput'.
    Index signature for type 'string' is missing in type 'CategoryProgress'.
src/components/Dashboard/SavedDescriptions.tsx(150,51): error TS2345: Argument of type 'null' is not assignable to parameter of type 'string | undefined'.
src/components/Dashboard/UserStats.tsx(477,31): error TS2322: Type 'CategoryStats[]' is not assignable to type 'ChartDataInput[]'.
  Type 'CategoryStats' is not assignable to type 'ChartDataInput'.
    Index signature for type 'string' is missing in type 'CategoryStats'.
src/components/Debug/AuthDebug.tsx(119,48): error TS2345: Argument of type 'null' is not assignable to parameter of type 'string | undefined'.
src/components/Debug/AuthDebug.tsx(148,44): error TS2345: Argument of type 'null' is not assignable to parameter of type 'string | undefined'.
src/components/Debug/AuthDebugPanel.tsx(37,56): error TS2345: Argument of type 'unknown' is not assignable to parameter of type 'LogContext | undefined'.
src/components/Debug/AuthDebugPanel.tsx(114,44): error TS7006: Parameter 'state' implicitly has an 'any' type.
src/components/Debug/AuthDebugPanel.tsx(119,62): error TS2345: Argument of type 'unknown' is not assignable to parameter of type 'LogContext | undefined'.
src/components/Debug/AuthDebugPanel.tsx(133,31): error TS2345: Argument of type 'null' is not assignable to parameter of type 'string | undefined'.
src/components/Debug/AuthDebugPanel.tsx(239,82): error TS2345: Argument of type 'unknown' is not assignable to parameter of type 'LogContext | undefined'.
src/components/Export/EnhancedExportManager.tsx(350,56): error TS2345: Argument of type 'null' is not assignable to parameter of type 'string | undefined'.
src/components/Export/EnhancedExportManager.tsx(733,54): error TS2345: Argument of type 'null' is not assignable to parameter of type 'string | undefined'.
src/components/ImageSearch/ImageSearch.tsx(78,88): error TS2554: Expected 1-2 arguments, but got 4.
src/components/Monitoring/ErrorDashboard.tsx(178,48): error TS2345: Argument of type 'null' is not assignable to parameter of type 'string | undefined'.
src/components/Onboarding/ApiKeySetup.tsx(146,11): error TS2741: Property 'anthropic' is missing in type '{ unsplash: string; openai: string; }' but required in type '{ anthropic: string; openai: string; unsplash: string; }'.
src/components/Onboarding/CompletionStep.tsx(166,17): error TS2322: Type '{ hidden: { opacity: number; scale: number; }; visible: { opacity: number; scale: number; transition: { type: string; stiffness: number; damping: number; staggerChildren: number; }; }; }' is not assignable to type 'Variants'.
  Property 'visible' is incompatible with index signature.
    Type '{ opacity: number; scale: number; transition: { type: string; stiffness: number; damping: number; staggerChildren: number; }; }' is not assignable to type 'Variant'.
      Type '{ opacity: number; scale: number; transition: { type: string; stiffness: number; damping: number; staggerChildren: number; }; }' is not assignable to type 'TargetAndTransition'.
        Type '{ opacity: number; scale: number; transition: { type: string; stiffness: number; damping: number; staggerChildren: number; }; }' is not assignable to type '{ transition?: Transition<any> | undefined; transitionEnd?: ResolvedValues | undefined; }'.
          Types of property 'transition' are incompatible.
            Type '{ type: string; stiffness: number; damping: number; staggerChildren: number; }' is not assignable to type 'Transition<any> | undefined'.
              Type '{ type: string; stiffness: number; damping: number; staggerChildren: number; }' is not assignable to type 'TransitionWithValueOverrides<any>'.
                Type '{ type: string; stiffness: number; damping: number; staggerChildren: number; }' is not assignable to type 'ValueAnimationTransition<any>'.
                  Types of property 'type' are incompatible.
                    Type 'string' is not assignable to type 'AnimationGeneratorType | undefined'.
src/components/Onboarding/CompletionStep.tsx(189,13): error TS2322: Type '{ hidden: { opacity: number; y: number; scale: number; }; visible: { opacity: number; y: number; scale: number; transition: { type: string; stiffness: number; damping: number; }; }; }' is not assignable to type 'Variants'.
  Property 'visible' is incompatible with index signature.
    Type '{ opacity: number; y: number; scale: number; transition: { type: string; stiffness: number; damping: number; }; }' is not assignable to type 'Variant'.
      Type '{ opacity: number; y: number; scale: number; transition: { type: string; stiffness: number; damping: number; }; }' is not assignable to type 'TargetAndTransition'.
        Type '{ opacity: number; y: number; scale: number; transition: { type: string; stiffness: number; damping: number; }; }' is not assignable to type '{ transition?: Transition<any> | undefined; transitionEnd?: ResolvedValues | undefined; }'.
          Types of property 'transition' are incompatible.
            Type '{ type: string; stiffness: number; damping: number; }' is not assignable to type 'Transition<any> | undefined'.
              Type '{ type: string; stiffness: number; damping: number; }' is not assignable to type 'TransitionWithValueOverrides<any>'.
                Type '{ type: string; stiffness: number; damping: number; }' is not assignable to type 'ValueAnimationTransition<any>'.
                  Types of property 'type' are incompatible.
                    Type 'string' is not assignable to type 'AnimationGeneratorType | undefined'.
src/components/Onboarding/CompletionStep.tsx(190,13): error TS2322: Type '{ y: number[]; transition: { duration: number; repeat: number; ease: string; }; }' is not assignable to type 'boolean | TargetAndTransition | VariantLabels | LegacyAnimationControls | undefined'.
  Type '{ y: number[]; transition: { duration: number; repeat: number; ease: string; }; }' is not assignable to type 'TargetAndTransition'.
    Type '{ y: number[]; transition: { duration: number; repeat: number; ease: string; }; }' is not assignable to type '{ transition?: Transition<any> | undefined; transitionEnd?: ResolvedValues | undefined; }'.
      Types of property 'transition' are incompatible.
        Type '{ duration: number; repeat: number; ease: string; }' is not assignable to type 'Transition<any> | undefined'.
          Type '{ duration: number; repeat: number; ease: string; }' is not assignable to type 'TransitionWithValueOverrides<any>'.
            Type '{ duration: number; repeat: number; ease: string; }' is not assignable to type 'ValueAnimationTransition<any>'.
              Types of property 'ease' are incompatible.
                Type 'string' is not assignable to type 'Easing | Easing[] | undefined'.
src/components/Onboarding/CompletionStep.tsx(206,13): error TS2322: Type '{ hidden: { opacity: number; y: number; scale: number; }; visible: { opacity: number; y: number; scale: number; transition: { type: string; stiffness: number; damping: number; }; }; }' is not assignable to type 'Variants'.
  Property 'visible' is incompatible with index signature.
    Type '{ opacity: number; y: number; scale: number; transition: { type: string; stiffness: number; damping: number; }; }' is not assignable to type 'Variant'.
      Type '{ opacity: number; y: number; scale: number; transition: { type: string; stiffness: number; damping: number; }; }' is not assignable to type 'TargetAndTransition'.
        Type '{ opacity: number; y: number; scale: number; transition: { type: string; stiffness: number; damping: number; }; }' is not assignable to type '{ transition?: Transition<any> | undefined; transitionEnd?: ResolvedValues | undefined; }'.
          Types of property 'transition' are incompatible.
            Type '{ type: string; stiffness: number; damping: number; }' is not assignable to type 'Transition<any> | undefined'.
              Type '{ type: string; stiffness: number; damping: number; }' is not assignable to type 'TransitionWithValueOverrides<any>'.
                Type '{ type: string; stiffness: number; damping: number; }' is not assignable to type 'ValueAnimationTransition<any>'.
                  Types of property 'type' are incompatible.
                    Type 'string' is not assignable to type 'AnimationGeneratorType | undefined'.
src/components/Onboarding/CompletionStep.tsx(213,13): error TS2322: Type '{ hidden: { opacity: number; y: number; scale: number; }; visible: { opacity: number; y: number; scale: number; transition: { type: string; stiffness: number; damping: number; }; }; }' is not assignable to type 'Variants'.
  Property 'visible' is incompatible with index signature.
    Type '{ opacity: number; y: number; scale: number; transition: { type: string; stiffness: number; damping: number; }; }' is not assignable to type 'Variant'.
      Type '{ opacity: number; y: number; scale: number; transition: { type: string; stiffness: number; damping: number; }; }' is not assignable to type 'TargetAndTransition'.
        Type '{ opacity: number; y: number; scale: number; transition: { type: string; stiffness: number; damping: number; }; }' is not assignable to type '{ transition?: Transition<any> | undefined; transitionEnd?: ResolvedValues | undefined; }'.
          Types of property 'transition' are incompatible.
            Type '{ type: string; stiffness: number; damping: number; }' is not assignable to type 'Transition<any> | undefined'.
              Type '{ type: string; stiffness: number; damping: number; }' is not assignable to type 'TransitionWithValueOverrides<any>'.
                Type '{ type: string; stiffness: number; damping: number; }' is not assignable to type 'ValueAnimationTransition<any>'.
                  Types of property 'type' are incompatible.
                    Type 'string' is not assignable to type 'AnimationGeneratorType | undefined'.
src/components/Onboarding/CompletionStep.tsx(223,11): error TS2322: Type '{ hidden: { opacity: number; y: number; scale: number; }; visible: { opacity: number; y: number; scale: number; transition: { type: string; stiffness: number; damping: number; }; }; }' is not assignable to type 'Variants'.
  Property 'visible' is incompatible with index signature.
    Type '{ opacity: number; y: number; scale: number; transition: { type: string; stiffness: number; damping: number; }; }' is not assignable to type 'Variant'.
      Type '{ opacity: number; y: number; scale: number; transition: { type: string; stiffness: number; damping: number; }; }' is not assignable to type 'TargetAndTransition'.
        Type '{ opacity: number; y: number; scale: number; transition: { type: string; stiffness: number; damping: number; }; }' is not assignable to type '{ transition?: Transition<any> | undefined; transitionEnd?: ResolvedValues | undefined; }'.
          Types of property 'transition' are incompatible.
            Type '{ type: string; stiffness: number; damping: number; }' is not assignable to type 'Transition<any> | undefined'.
              Type '{ type: string; stiffness: number; damping: number; }' is not assignable to type 'TransitionWithValueOverrides<any>'.
                Type '{ type: string; stiffness: number; damping: number; }' is not assignable to type 'ValueAnimationTransition<any>'.
                  Types of property 'type' are incompatible.
                    Type 'string' is not assignable to type 'AnimationGeneratorType | undefined'.
src/components/Onboarding/CompletionStep.tsx(251,11): error TS2322: Type '{ hidden: { opacity: number; y: number; scale: number; }; visible: { opacity: number; y: number; scale: number; transition: { type: string; stiffness: number; damping: number; }; }; }' is not assignable to type 'Variants'.
  Property 'visible' is incompatible with index signature.
    Type '{ opacity: number; y: number; scale: number; transition: { type: string; stiffness: number; damping: number; }; }' is not assignable to type 'Variant'.
      Type '{ opacity: number; y: number; scale: number; transition: { type: string; stiffness: number; damping: number; }; }' is not assignable to type 'TargetAndTransition'.
        Type '{ opacity: number; y: number; scale: number; transition: { type: string; stiffness: number; damping: number; }; }' is not assignable to type '{ transition?: Transition<any> | undefined; transitionEnd?: ResolvedValues | undefined; }'.
          Types of property 'transition' are incompatible.
            Type '{ type: string; stiffness: number; damping: number; }' is not assignable to type 'Transition<any> | undefined'.
              Type '{ type: string; stiffness: number; damping: number; }' is not assignable to type 'TransitionWithValueOverrides<any>'.
                Type '{ type: string; stiffness: number; damping: number; }' is not assignable to type 'ValueAnimationTransition<any>'.
                  Types of property 'type' are incompatible.
                    Type 'string' is not assignable to type 'AnimationGeneratorType | undefined'.
src/components/Onboarding/CompletionStep.tsx(279,11): error TS2322: Type '{ hidden: { opacity: number; y: number; scale: number; }; visible: { opacity: number; y: number; scale: number; transition: { type: string; stiffness: number; damping: number; }; }; }' is not assignable to type 'Variants'.
  Property 'visible' is incompatible with index signature.
    Type '{ opacity: number; y: number; scale: number; transition: { type: string; stiffness: number; damping: number; }; }' is not assignable to type 'Variant'.
      Type '{ opacity: number; y: number; scale: number; transition: { type: string; stiffness: number; damping: number; }; }' is not assignable to type 'TargetAndTransition'.
        Type '{ opacity: number; y: number; scale: number; transition: { type: string; stiffness: number; damping: number; }; }' is not assignable to type '{ transition?: Transition<any> | undefined; transitionEnd?: ResolvedValues | undefined; }'.
          Types of property 'transition' are incompatible.
            Type '{ type: string; stiffness: number; damping: number; }' is not assignable to type 'Transition<any> | undefined'.
              Type '{ type: string; stiffness: number; damping: number; }' is not assignable to type 'TransitionWithValueOverrides<any>'.
                Type '{ type: string; stiffness: number; damping: number; }' is not assignable to type 'ValueAnimationTransition<any>'.
                  Types of property 'type' are incompatible.
                    Type 'string' is not assignable to type 'AnimationGeneratorType | undefined'.
src/components/Onboarding/CompletionStep.tsx(290,17): error TS2322: Type '{ hidden: { opacity: number; y: number; scale: number; }; visible: { opacity: number; y: number; scale: number; transition: { type: string; stiffness: number; damping: number; }; }; }' is not assignable to type 'Variants'.
  Property 'visible' is incompatible with index signature.
    Type '{ opacity: number; y: number; scale: number; transition: { type: string; stiffness: number; damping: number; }; }' is not assignable to type 'Variant'.
      Type '{ opacity: number; y: number; scale: number; transition: { type: string; stiffness: number; damping: number; }; }' is not assignable to type 'TargetAndTransition'.
        Type '{ opacity: number; y: number; scale: number; transition: { type: string; stiffness: number; damping: number; }; }' is not assignable to type '{ transition?: Transition<any> | undefined; transitionEnd?: ResolvedValues | undefined; }'.
          Types of property 'transition' are incompatible.
            Type '{ type: string; stiffness: number; damping: number; }' is not assignable to type 'Transition<any> | undefined'.
              Type '{ type: string; stiffness: number; damping: number; }' is not assignable to type 'TransitionWithValueOverrides<any>'.
                Type '{ type: string; stiffness: number; damping: number; }' is not assignable to type 'ValueAnimationTransition<any>'.
                  Types of property 'type' are incompatible.
                    Type 'string' is not assignable to type 'AnimationGeneratorType | undefined'.
src/components/Onboarding/CompletionStep.tsx(333,11): error TS2322: Type '{ hidden: { opacity: number; y: number; scale: number; }; visible: { opacity: number; y: number; scale: number; transition: { type: string; stiffness: number; damping: number; }; }; }' is not assignable to type 'Variants'.
  Property 'visible' is incompatible with index signature.
    Type '{ opacity: number; y: number; scale: number; transition: { type: string; stiffness: number; damping: number; }; }' is not assignable to type 'Variant'.
      Type '{ opacity: number; y: number; scale: number; transition: { type: string; stiffness: number; damping: number; }; }' is not assignable to type 'TargetAndTransition'.
        Type '{ opacity: number; y: number; scale: number; transition: { type: string; stiffness: number; damping: number; }; }' is not assignable to type '{ transition?: Transition<any> | undefined; transitionEnd?: ResolvedValues | undefined; }'.
          Types of property 'transition' are incompatible.
            Type '{ type: string; stiffness: number; damping: number; }' is not assignable to type 'Transition<any> | undefined'.
              Type '{ type: string; stiffness: number; damping: number; }' is not assignable to type 'TransitionWithValueOverrides<any>'.
                Type '{ type: string; stiffness: number; damping: number; }' is not assignable to type 'ValueAnimationTransition<any>'.
                  Types of property 'type' are incompatible.
                    Type 'string' is not assignable to type 'AnimationGeneratorType | undefined'.
src/components/Onboarding/CompletionStep.tsx(360,11): error TS2322: Type '{ hidden: { opacity: number; y: number; scale: number; }; visible: { opacity: number; y: number; scale: number; transition: { type: string; stiffness: number; damping: number; }; }; }' is not assignable to type 'Variants'.
  Property 'visible' is incompatible with index signature.
    Type '{ opacity: number; y: number; scale: number; transition: { type: string; stiffness: number; damping: number; }; }' is not assignable to type 'Variant'.
      Type '{ opacity: number; y: number; scale: number; transition: { type: string; stiffness: number; damping: number; }; }' is not assignable to type 'TargetAndTransition'.
        Type '{ opacity: number; y: number; scale: number; transition: { type: string; stiffness: number; damping: number; }; }' is not assignable to type '{ transition?: Transition<any> | undefined; transitionEnd?: ResolvedValues | undefined; }'.
          Types of property 'transition' are incompatible.
            Type '{ type: string; stiffness: number; damping: number; }' is not assignable to type 'Transition<any> | undefined'.
              Type '{ type: string; stiffness: number; damping: number; }' is not assignable to type 'TransitionWithValueOverrides<any>'.
                Type '{ type: string; stiffness: number; damping: number; }' is not assignable to type 'ValueAnimationTransition<any>'.
                  Types of property 'type' are incompatible.
                    Type 'string' is not assignable to type 'AnimationGeneratorType | undefined'.
src/components/Onboarding/OnboardingWizard.tsx(200,13): error TS2322: Type '{ hidden: { opacity: number; scale: number; y: number; }; visible: { opacity: number; scale: number; y: number; transition: { type: string; stiffness: number; damping: number; }; }; exit: { opacity: number; scale: number; y: number; transition: { ...; }; }; }' is not assignable to type 'Variants'.
  Property 'visible' is incompatible with index signature.
    Type '{ opacity: number; scale: number; y: number; transition: { type: string; stiffness: number; damping: number; }; }' is not assignable to type 'Variant'.
      Type '{ opacity: number; scale: number; y: number; transition: { type: string; stiffness: number; damping: number; }; }' is not assignable to type 'TargetAndTransition'.
        Type '{ opacity: number; scale: number; y: number; transition: { type: string; stiffness: number; damping: number; }; }' is not assignable to type '{ transition?: Transition<any> | undefined; transitionEnd?: ResolvedValues | undefined; }'.
          Types of property 'transition' are incompatible.
            Type '{ type: string; stiffness: number; damping: number; }' is not assignable to type 'Transition<any> | undefined'.
              Type '{ type: string; stiffness: number; damping: number; }' is not assignable to type 'TransitionWithValueOverrides<any>'.
                Type '{ type: string; stiffness: number; damping: number; }' is not assignable to type 'ValueAnimationTransition<any>'.
                  Types of property 'type' are incompatible.
                    Type 'string' is not assignable to type 'AnimationGeneratorType | undefined'.
src/components/Onboarding/OnboardingWizard.tsx(252,17): error TS2322: Type '{ hidden: { width: number; }; visible: (progress: number) => { width: string; transition: { duration: number; ease: string; }; }; }' is not assignable to type 'Variants'.
  Property 'visible' is incompatible with index signature.
    Type '(progress: number) => { width: string; transition: { duration: number; ease: string; }; }' is not assignable to type 'Variant'.
      Type '(progress: number) => { width: string; transition: { duration: number; ease: string; }; }' is not assignable to type 'TargetResolver'.
        Type '{ width: string; transition: { duration: number; ease: string; }; }' is not assignable to type 'string | TargetAndTransition'.
          Type '{ width: string; transition: { duration: number; ease: string; }; }' is not assignable to type 'TargetAndTransition'.
            Type '{ width: string; transition: { duration: number; ease: string; }; }' is not assignable to type '{ transition?: Transition<any> | undefined; transitionEnd?: ResolvedValues | undefined; }'.
              Types of property 'transition' are incompatible.
                Type '{ duration: number; ease: string; }' is not assignable to type 'Transition<any> | undefined'.
                  Type '{ duration: number; ease: string; }' is not assignable to type 'TransitionWithValueOverrides<any>'.
                    Type '{ duration: number; ease: string; }' is not assignable to type 'ValueAnimationTransition<any>'.
                      Types of property 'ease' are incompatible.
                        Type 'string' is not assignable to type 'Easing | Easing[] | undefined'.
src/components/Onboarding/PreferencesSetup.tsx(89,20): error TS2345: Argument of type '(prev: Partial<AppSettings>) => { language: { ui?: "en" | "es" | "fr" | "de" | "it" | "pt" | undefined; target?: "spanish" | "english" | "french" | "german" | "italian" | "portuguese" | undefined; }; ... 6 more ...; performance?: { ...; } | undefined; }' is not assignable to parameter of type 'SetStateAction<Partial<AppSettings>>'.
  Type '(prev: Partial<AppSettings>) => { language: { ui?: "en" | "es" | "fr" | "de" | "it" | "pt" | undefined; target?: "spanish" | "english" | "french" | "german" | "italian" | "portuguese" | undefined; }; ... 6 more ...; performance?: { ...; } | undefined; }' is not assignable to type '(prevState: Partial<AppSettings>) => Partial<AppSettings>'.
    Call signature return types '{ language: { ui?: "en" | "es" | "fr" | "de" | "it" | "pt" | undefined; target?: "spanish" | "english" | "french" | "german" | "italian" | "portuguese" | undefined; }; apiKeys?: { anthropic: string; openai: string; unsplash: string; } | undefined; ... 5 more ...; performance?: { ...; } | undefined; }' and 'Partial<AppSettings>' are incompatible.
      The types of 'language.ui' are incompatible between these types.
        Type '"en" | "es" | "fr" | "de" | "it" | "pt" | undefined' is not assignable to type '"en" | "es" | "fr" | "de" | "it" | "pt"'.
          Type 'undefined' is not assignable to type '"en" | "es" | "fr" | "de" | "it" | "pt"'.
src/components/Onboarding/PreferencesSetup.tsx(99,20): error TS2345: Argument of type '(prev: Partial<AppSettings>) => { study: { dailyGoal?: number | undefined; reminderTimes?: string[] | undefined; enableReminders?: boolean | undefined; difficulty?: "beginner" | ... 2 more ... | undefined; autoAdvance?: boolean | undefined; }; ... 6 more ...; performance?: { ...; } | undefined; }' is not assignable to parameter of type 'SetStateAction<Partial<AppSettings>>'.
  Type '(prev: Partial<AppSettings>) => { study: { dailyGoal?: number | undefined; reminderTimes?: string[] | undefined; enableReminders?: boolean | undefined; difficulty?: "beginner" | ... 2 more ... | undefined; autoAdvance?: boolean | undefined; }; ... 6 more ...; performance?: { ...; } | undefined; }' is not assignable to type '(prevState: Partial<AppSettings>) => Partial<AppSettings>'.
    Call signature return types '{ study: { dailyGoal?: number | undefined; reminderTimes?: string[] | undefined; enableReminders?: boolean | undefined; difficulty?: "beginner" | "intermediate" | "advanced" | undefined; autoAdvance?: boolean | undefined; }; ... 6 more ...; performance?: { ...; } | undefined; }' and 'Partial<AppSettings>' are incompatible.
      The types of 'study.dailyGoal' are incompatible between these types.
        Type 'number | undefined' is not assignable to type 'number'.
          Type 'undefined' is not assignable to type 'number'.
src/components/Onboarding/PreferencesSetup.tsx(116,20): error TS2345: Argument of type '(prev: Partial<AppSettings>) => { theme: { mode?: "light" | "dark" | "system" | undefined; customColors?: { primary: string; secondary: string; accent: string; } | undefined; animations?: boolean | undefined; reducedMotion?: boolean | undefined; }; ... 6 more ...; performance?: { ...; } | undefined; }' is not assignable to parameter of type 'SetStateAction<Partial<AppSettings>>'.
  Type '(prev: Partial<AppSettings>) => { theme: { mode?: "light" | "dark" | "system" | undefined; customColors?: { primary: string; secondary: string; accent: string; } | undefined; animations?: boolean | undefined; reducedMotion?: boolean | undefined; }; ... 6 more ...; performance?: { ...; } | undefined; }' is not assignable to type '(prevState: Partial<AppSettings>) => Partial<AppSettings>'.
    Call signature return types '{ theme: { mode?: "light" | "dark" | "system" | undefined; customColors?: { primary: string; secondary: string; accent: string; } | undefined; animations?: boolean | undefined; reducedMotion?: boolean | undefined; }; ... 6 more ...; performance?: { ...; } | undefined; }' and 'Partial<AppSettings>' are incompatible.
      The types of 'theme.mode' are incompatible between these types.
        Type '"light" | "dark" | "system" | undefined' is not assignable to type '"light" | "dark" | "system"'.
          Type 'undefined' is not assignable to type '"light" | "dark" | "system"'.
src/components/Onboarding/PreferencesSetup.tsx(126,20): error TS2345: Argument of type '(prev: Partial<AppSettings>) => { accessibility: { fontSize?: "small" | "medium" | "large" | "xl" | undefined; contrast?: "normal" | "high" | undefined; screenReader?: boolean | undefined; keyboardNavigation?: boolean | undefined; focusIndicator?: boolean | undefined; }; ... 6 more ...; performance?: { ...; } | unde...' is not assignable to parameter of type 'SetStateAction<Partial<AppSettings>>'.
  Type '(prev: Partial<AppSettings>) => { accessibility: { fontSize?: "small" | "medium" | "large" | "xl" | undefined; contrast?: "normal" | "high" | undefined; screenReader?: boolean | undefined; keyboardNavigation?: boolean | undefined; focusIndicator?: boolean | undefined; }; ... 6 more ...; performance?: { ...; } | unde...' is not assignable to type '(prevState: Partial<AppSettings>) => Partial<AppSettings>'.
    Call signature return types '{ accessibility: { fontSize?: "small" | "medium" | "large" | "xl" | undefined; contrast?: "normal" | "high" | undefined; screenReader?: boolean | undefined; keyboardNavigation?: boolean | undefined; focusIndicator?: boolean | undefined; }; ... 6 more ...; performance?: { ...; } | undefined; }' and 'Partial<AppSettings>' are incompatible.
      The types of 'accessibility.fontSize' are incompatible between these types.
        Type '"small" | "medium" | "large" | "xl" | undefined' is not assignable to type '"small" | "medium" | "large" | "xl"'.
          Type 'undefined' is not assignable to type '"small" | "medium" | "large" | "xl"'.
src/components/Onboarding/PreferencesSetup.tsx(202,13): error TS2322: Type '{ hidden: { opacity: number; y: number; }; visible: { opacity: number; y: number; transition: { type: string; stiffness: number; damping: number; }; }; }' is not assignable to type 'Variants'.
  Property 'visible' is incompatible with index signature.
    Type '{ opacity: number; y: number; transition: { type: string; stiffness: number; damping: number; }; }' is not assignable to type 'Variant'.
      Type '{ opacity: number; y: number; transition: { type: string; stiffness: number; damping: number; }; }' is not assignable to type 'TargetAndTransition'.
        Type '{ opacity: number; y: number; transition: { type: string; stiffness: number; damping: number; }; }' is not assignable to type '{ transition?: Transition<any> | undefined; transitionEnd?: ResolvedValues | undefined; }'.
          Types of property 'transition' are incompatible.
            Type '{ type: string; stiffness: number; damping: number; }' is not assignable to type 'Transition<any> | undefined'.
              Type '{ type: string; stiffness: number; damping: number; }' is not assignable to type 'TransitionWithValueOverrides<any>'.
                Type '{ type: string; stiffness: number; damping: number; }' is not assignable to type 'ValueAnimationTransition<any>'.
                  Types of property 'type' are incompatible.
                    Type 'string' is not assignable to type 'AnimationGeneratorType | undefined'.
src/components/Onboarding/PreferencesSetup.tsx(209,13): error TS2322: Type '{ hidden: { opacity: number; y: number; }; visible: { opacity: number; y: number; transition: { type: string; stiffness: number; damping: number; }; }; }' is not assignable to type 'Variants'.
  Property 'visible' is incompatible with index signature.
    Type '{ opacity: number; y: number; transition: { type: string; stiffness: number; damping: number; }; }' is not assignable to type 'Variant'.
      Type '{ opacity: number; y: number; transition: { type: string; stiffness: number; damping: number; }; }' is not assignable to type 'TargetAndTransition'.
        Type '{ opacity: number; y: number; transition: { type: string; stiffness: number; damping: number; }; }' is not assignable to type '{ transition?: Transition<any> | undefined; transitionEnd?: ResolvedValues | undefined; }'.
          Types of property 'transition' are incompatible.
            Type '{ type: string; stiffness: number; damping: number; }' is not assignable to type 'Transition<any> | undefined'.
              Type '{ type: string; stiffness: number; damping: number; }' is not assignable to type 'TransitionWithValueOverrides<any>'.
                Type '{ type: string; stiffness: number; damping: number; }' is not assignable to type 'ValueAnimationTransition<any>'.
                  Types of property 'type' are incompatible.
                    Type 'string' is not assignable to type 'AnimationGeneratorType | undefined'.
src/components/Onboarding/PreferencesSetup.tsx(216,13): error TS2322: Type '{ hidden: { opacity: number; y: number; }; visible: { opacity: number; y: number; transition: { type: string; stiffness: number; damping: number; }; }; }' is not assignable to type 'Variants'.
  Property 'visible' is incompatible with index signature.
    Type '{ opacity: number; y: number; transition: { type: string; stiffness: number; damping: number; }; }' is not assignable to type 'Variant'.
      Type '{ opacity: number; y: number; transition: { type: string; stiffness: number; damping: number; }; }' is not assignable to type 'TargetAndTransition'.
        Type '{ opacity: number; y: number; transition: { type: string; stiffness: number; damping: number; }; }' is not assignable to type '{ transition?: Transition<any> | undefined; transitionEnd?: ResolvedValues | undefined; }'.
          Types of property 'transition' are incompatible.
            Type '{ type: string; stiffness: number; damping: number; }' is not assignable to type 'Transition<any> | undefined'.
              Type '{ type: string; stiffness: number; damping: number; }' is not assignable to type 'TransitionWithValueOverrides<any>'.
                Type '{ type: string; stiffness: number; damping: number; }' is not assignable to type 'ValueAnimationTransition<any>'.
                  Types of property 'type' are incompatible.
                    Type 'string' is not assignable to type 'AnimationGeneratorType | undefined'.
src/components/Onboarding/PreferencesSetup.tsx(226,13): error TS2322: Type '{ hidden: { opacity: number; y: number; }; visible: { opacity: number; y: number; transition: { type: string; stiffness: number; damping: number; }; }; }' is not assignable to type 'Variants'.
  Property 'visible' is incompatible with index signature.
    Type '{ opacity: number; y: number; transition: { type: string; stiffness: number; damping: number; }; }' is not assignable to type 'Variant'.
      Type '{ opacity: number; y: number; transition: { type: string; stiffness: number; damping: number; }; }' is not assignable to type 'TargetAndTransition'.
        Type '{ opacity: number; y: number; transition: { type: string; stiffness: number; damping: number; }; }' is not assignable to type '{ transition?: Transition<any> | undefined; transitionEnd?: ResolvedValues | undefined; }'.
          Types of property 'transition' are incompatible.
            Type '{ type: string; stiffness: number; damping: number; }' is not assignable to type 'Transition<any> | undefined'.
              Type '{ type: string; stiffness: number; damping: number; }' is not assignable to type 'TransitionWithValueOverrides<any>'.
                Type '{ type: string; stiffness: number; damping: number; }' is not assignable to type 'ValueAnimationTransition<any>'.
                  Types of property 'type' are incompatible.
                    Type 'string' is not assignable to type 'AnimationGeneratorType | undefined'.
src/components/Onboarding/PreferencesSetup.tsx(292,13): error TS2322: Type '{ hidden: { opacity: number; y: number; }; visible: { opacity: number; y: number; transition: { type: string; stiffness: number; damping: number; }; }; }' is not assignable to type 'Variants'.
  Property 'visible' is incompatible with index signature.
    Type '{ opacity: number; y: number; transition: { type: string; stiffness: number; damping: number; }; }' is not assignable to type 'Variant'.
      Type '{ opacity: number; y: number; transition: { type: string; stiffness: number; damping: number; }; }' is not assignable to type 'TargetAndTransition'.
        Type '{ opacity: number; y: number; transition: { type: string; stiffness: number; damping: number; }; }' is not assignable to type '{ transition?: Transition<any> | undefined; transitionEnd?: ResolvedValues | undefined; }'.
          Types of property 'transition' are incompatible.
            Type '{ type: string; stiffness: number; damping: number; }' is not assignable to type 'Transition<any> | undefined'.
              Type '{ type: string; stiffness: number; damping: number; }' is not assignable to type 'TransitionWithValueOverrides<any>'.
                Type '{ type: string; stiffness: number; damping: number; }' is not assignable to type 'ValueAnimationTransition<any>'.
                  Types of property 'type' are incompatible.
                    Type 'string' is not assignable to type 'AnimationGeneratorType | undefined'.
src/components/Onboarding/PreferencesSetup.tsx(353,13): error TS2322: Type '{ hidden: { opacity: number; y: number; }; visible: { opacity: number; y: number; transition: { type: string; stiffness: number; damping: number; }; }; }' is not assignable to type 'Variants'.
  Property 'visible' is incompatible with index signature.
    Type '{ opacity: number; y: number; transition: { type: string; stiffness: number; damping: number; }; }' is not assignable to type 'Variant'.
      Type '{ opacity: number; y: number; transition: { type: string; stiffness: number; damping: number; }; }' is not assignable to type 'TargetAndTransition'.
        Type '{ opacity: number; y: number; transition: { type: string; stiffness: number; damping: number; }; }' is not assignable to type '{ transition?: Transition<any> | undefined; transitionEnd?: ResolvedValues | undefined; }'.
          Types of property 'transition' are incompatible.
            Type '{ type: string; stiffness: number; damping: number; }' is not assignable to type 'Transition<any> | undefined'.
              Type '{ type: string; stiffness: number; damping: number; }' is not assignable to type 'TransitionWithValueOverrides<any>'.
                Type '{ type: string; stiffness: number; damping: number; }' is not assignable to type 'ValueAnimationTransition<any>'.
                  Types of property 'type' are incompatible.
                    Type 'string' is not assignable to type 'AnimationGeneratorType | undefined'.
src/components/Onboarding/PreferencesSetup.tsx(416,13): error TS2322: Type '{ hidden: { opacity: number; y: number; }; visible: { opacity: number; y: number; transition: { type: string; stiffness: number; damping: number; }; }; }' is not assignable to type 'Variants'.
  Property 'visible' is incompatible with index signature.
    Type '{ opacity: number; y: number; transition: { type: string; stiffness: number; damping: number; }; }' is not assignable to type 'Variant'.
      Type '{ opacity: number; y: number; transition: { type: string; stiffness: number; damping: number; }; }' is not assignable to type 'TargetAndTransition'.
        Type '{ opacity: number; y: number; transition: { type: string; stiffness: number; damping: number; }; }' is not assignable to type '{ transition?: Transition<any> | undefined; transitionEnd?: ResolvedValues | undefined; }'.
          Types of property 'transition' are incompatible.
            Type '{ type: string; stiffness: number; damping: number; }' is not assignable to type 'Transition<any> | undefined'.
              Type '{ type: string; stiffness: number; damping: number; }' is not assignable to type 'TransitionWithValueOverrides<any>'.
                Type '{ type: string; stiffness: number; damping: number; }' is not assignable to type 'ValueAnimationTransition<any>'.
                  Types of property 'type' are incompatible.
                    Type 'string' is not assignable to type 'AnimationGeneratorType | undefined'.
src/components/Onboarding/TutorialStep.tsx(154,23): error TS2554: Expected 1 arguments, but got 0.
src/components/Onboarding/TutorialStep.tsx(273,13): error TS2322: Type '{ hidden: { opacity: number; y: number; }; visible: { opacity: number; y: number; transition: { type: string; stiffness: number; damping: number; }; }; }' is not assignable to type 'Variants'.
  Property 'visible' is incompatible with index signature.
    Type '{ opacity: number; y: number; transition: { type: string; stiffness: number; damping: number; }; }' is not assignable to type 'Variant'.
      Type '{ opacity: number; y: number; transition: { type: string; stiffness: number; damping: number; }; }' is not assignable to type 'TargetAndTransition'.
        Type '{ opacity: number; y: number; transition: { type: string; stiffness: number; damping: number; }; }' is not assignable to type '{ transition?: Transition<any> | undefined; transitionEnd?: ResolvedValues | undefined; }'.
          Types of property 'transition' are incompatible.
            Type '{ type: string; stiffness: number; damping: number; }' is not assignable to type 'Transition<any> | undefined'.
              Type '{ type: string; stiffness: number; damping: number; }' is not assignable to type 'TransitionWithValueOverrides<any>'.
                Type '{ type: string; stiffness: number; damping: number; }' is not assignable to type 'ValueAnimationTransition<any>'.
                  Types of property 'type' are incompatible.
                    Type 'string' is not assignable to type 'AnimationGeneratorType | undefined'.
src/components/Onboarding/TutorialStep.tsx(280,13): error TS2322: Type '{ hidden: { opacity: number; y: number; }; visible: { opacity: number; y: number; transition: { type: string; stiffness: number; damping: number; }; }; }' is not assignable to type 'Variants'.
  Property 'visible' is incompatible with index signature.
    Type '{ opacity: number; y: number; transition: { type: string; stiffness: number; damping: number; }; }' is not assignable to type 'Variant'.
      Type '{ opacity: number; y: number; transition: { type: string; stiffness: number; damping: number; }; }' is not assignable to type 'TargetAndTransition'.
        Type '{ opacity: number; y: number; transition: { type: string; stiffness: number; damping: number; }; }' is not assignable to type '{ transition?: Transition<any> | undefined; transitionEnd?: ResolvedValues | undefined; }'.
          Types of property 'transition' are incompatible.
            Type '{ type: string; stiffness: number; damping: number; }' is not assignable to type 'Transition<any> | undefined'.
              Type '{ type: string; stiffness: number; damping: number; }' is not assignable to type 'TransitionWithValueOverrides<any>'.
                Type '{ type: string; stiffness: number; damping: number; }' is not assignable to type 'ValueAnimationTransition<any>'.
                  Types of property 'type' are incompatible.
                    Type 'string' is not assignable to type 'AnimationGeneratorType | undefined'.
src/components/Onboarding/TutorialStep.tsx(287,13): error TS2322: Type '{ hidden: { opacity: number; y: number; }; visible: { opacity: number; y: number; transition: { type: string; stiffness: number; damping: number; }; }; }' is not assignable to type 'Variants'.
  Property 'visible' is incompatible with index signature.
    Type '{ opacity: number; y: number; transition: { type: string; stiffness: number; damping: number; }; }' is not assignable to type 'Variant'.
      Type '{ opacity: number; y: number; transition: { type: string; stiffness: number; damping: number; }; }' is not assignable to type 'TargetAndTransition'.
        Type '{ opacity: number; y: number; transition: { type: string; stiffness: number; damping: number; }; }' is not assignable to type '{ transition?: Transition<any> | undefined; transitionEnd?: ResolvedValues | undefined; }'.
          Types of property 'transition' are incompatible.
            Type '{ type: string; stiffness: number; damping: number; }' is not assignable to type 'Transition<any> | undefined'.
              Type '{ type: string; stiffness: number; damping: number; }' is not assignable to type 'TransitionWithValueOverrides<any>'.
                Type '{ type: string; stiffness: number; damping: number; }' is not assignable to type 'ValueAnimationTransition<any>'.
                  Types of property 'type' are incompatible.
                    Type 'string' is not assignable to type 'AnimationGeneratorType | undefined'.
src/components/Onboarding/TutorialStep.tsx(295,13): error TS2322: Type '{ hidden: { opacity: number; y: number; }; visible: { opacity: number; y: number; transition: { type: string; stiffness: number; damping: number; }; }; }' is not assignable to type 'Variants'.
  Property 'visible' is incompatible with index signature.
    Type '{ opacity: number; y: number; transition: { type: string; stiffness: number; damping: number; }; }' is not assignable to type 'Variant'.
      Type '{ opacity: number; y: number; transition: { type: string; stiffness: number; damping: number; }; }' is not assignable to type 'TargetAndTransition'.
        Type '{ opacity: number; y: number; transition: { type: string; stiffness: number; damping: number; }; }' is not assignable to type '{ transition?: Transition<any> | undefined; transitionEnd?: ResolvedValues | undefined; }'.
          Types of property 'transition' are incompatible.
            Type '{ type: string; stiffness: number; damping: number; }' is not assignable to type 'Transition<any> | undefined'.
              Type '{ type: string; stiffness: number; damping: number; }' is not assignable to type 'TransitionWithValueOverrides<any>'.
                Type '{ type: string; stiffness: number; damping: number; }' is not assignable to type 'ValueAnimationTransition<any>'.
                  Types of property 'type' are incompatible.
                    Type 'string' is not assignable to type 'AnimationGeneratorType | undefined'.
src/components/Onboarding/TutorialStep.tsx(318,11): error TS2322: Type '{ hidden: { opacity: number; y: number; }; visible: { opacity: number; y: number; transition: { type: string; stiffness: number; damping: number; }; }; }' is not assignable to type 'Variants'.
  Property 'visible' is incompatible with index signature.
    Type '{ opacity: number; y: number; transition: { type: string; stiffness: number; damping: number; }; }' is not assignable to type 'Variant'.
      Type '{ opacity: number; y: number; transition: { type: string; stiffness: number; damping: number; }; }' is not assignable to type 'TargetAndTransition'.
        Type '{ opacity: number; y: number; transition: { type: string; stiffness: number; damping: number; }; }' is not assignable to type '{ transition?: Transition<any> | undefined; transitionEnd?: ResolvedValues | undefined; }'.
          Types of property 'transition' are incompatible.
            Type '{ type: string; stiffness: number; damping: number; }' is not assignable to type 'Transition<any> | undefined'.
              Type '{ type: string; stiffness: number; damping: number; }' is not assignable to type 'TransitionWithValueOverrides<any>'.
                Type '{ type: string; stiffness: number; damping: number; }' is not assignable to type 'ValueAnimationTransition<any>'.
                  Types of property 'type' are incompatible.
                    Type 'string' is not assignable to type 'AnimationGeneratorType | undefined'.
src/components/Onboarding/TutorialStep.tsx(431,11): error TS2322: Type '{ hidden: { opacity: number; y: number; }; visible: { opacity: number; y: number; transition: { type: string; stiffness: number; damping: number; }; }; }' is not assignable to type 'Variants'.
  Property 'visible' is incompatible with index signature.
    Type '{ opacity: number; y: number; transition: { type: string; stiffness: number; damping: number; }; }' is not assignable to type 'Variant'.
      Type '{ opacity: number; y: number; transition: { type: string; stiffness: number; damping: number; }; }' is not assignable to type 'TargetAndTransition'.
        Type '{ opacity: number; y: number; transition: { type: string; stiffness: number; damping: number; }; }' is not assignable to type '{ transition?: Transition<any> | undefined; transitionEnd?: ResolvedValues | undefined; }'.
          Types of property 'transition' are incompatible.
            Type '{ type: string; stiffness: number; damping: number; }' is not assignable to type 'Transition<any> | undefined'.
              Type '{ type: string; stiffness: number; damping: number; }' is not assignable to type 'TransitionWithValueOverrides<any>'.
                Type '{ type: string; stiffness: number; damping: number; }' is not assignable to type 'ValueAnimationTransition<any>'.
                  Types of property 'type' are incompatible.
                    Type 'string' is not assignable to type 'AnimationGeneratorType | undefined'.
src/components/Onboarding/WelcomeStep.tsx(85,13): error TS2322: Type '{ hidden: { opacity: number; y: number; }; visible: { opacity: number; y: number; transition: { type: string; stiffness: number; damping: number; }; }; }' is not assignable to type 'Variants'.
  Property 'visible' is incompatible with index signature.
    Type '{ opacity: number; y: number; transition: { type: string; stiffness: number; damping: number; }; }' is not assignable to type 'Variant'.
      Type '{ opacity: number; y: number; transition: { type: string; stiffness: number; damping: number; }; }' is not assignable to type 'TargetAndTransition'.
        Type '{ opacity: number; y: number; transition: { type: string; stiffness: number; damping: number; }; }' is not assignable to type '{ transition?: Transition<any> | undefined; transitionEnd?: ResolvedValues | undefined; }'.
          Types of property 'transition' are incompatible.
            Type '{ type: string; stiffness: number; damping: number; }' is not assignable to type 'Transition<any> | undefined'.
              Type '{ type: string; stiffness: number; damping: number; }' is not assignable to type 'TransitionWithValueOverrides<any>'.
                Type '{ type: string; stiffness: number; damping: number; }' is not assignable to type 'ValueAnimationTransition<any>'.
                  Types of property 'type' are incompatible.
                    Type 'string' is not assignable to type 'AnimationGeneratorType | undefined'.
src/components/Onboarding/WelcomeStep.tsx(86,13): error TS2322: Type '{ y: number[]; transition: { duration: number; repeat: number; ease: string; }; }' is not assignable to type 'boolean | TargetAndTransition | VariantLabels | LegacyAnimationControls | undefined'.
  Type '{ y: number[]; transition: { duration: number; repeat: number; ease: string; }; }' is not assignable to type 'TargetAndTransition'.
    Type '{ y: number[]; transition: { duration: number; repeat: number; ease: string; }; }' is not assignable to type '{ transition?: Transition<any> | undefined; transitionEnd?: ResolvedValues | undefined; }'.
      Types of property 'transition' are incompatible.
        Type '{ duration: number; repeat: number; ease: string; }' is not assignable to type 'Transition<any> | undefined'.
          Type '{ duration: number; repeat: number; ease: string; }' is not assignable to type 'TransitionWithValueOverrides<any>'.
            Type '{ duration: number; repeat: number; ease: string; }' is not assignable to type 'ValueAnimationTransition<any>'.
              Types of property 'ease' are incompatible.
                Type 'string' is not assignable to type 'Easing | Easing[] | undefined'.
src/components/Onboarding/WelcomeStep.tsx(95,13): error TS2322: Type '{ hidden: { opacity: number; y: number; }; visible: { opacity: number; y: number; transition: { type: string; stiffness: number; damping: number; }; }; }' is not assignable to type 'Variants'.
  Property 'visible' is incompatible with index signature.
    Type '{ opacity: number; y: number; transition: { type: string; stiffness: number; damping: number; }; }' is not assignable to type 'Variant'.
      Type '{ opacity: number; y: number; transition: { type: string; stiffness: number; damping: number; }; }' is not assignable to type 'TargetAndTransition'.
        Type '{ opacity: number; y: number; transition: { type: string; stiffness: number; damping: number; }; }' is not assignable to type '{ transition?: Transition<any> | undefined; transitionEnd?: ResolvedValues | undefined; }'.
          Types of property 'transition' are incompatible.
            Type '{ type: string; stiffness: number; damping: number; }' is not assignable to type 'Transition<any> | undefined'.
              Type '{ type: string; stiffness: number; damping: number; }' is not assignable to type 'TransitionWithValueOverrides<any>'.
                Type '{ type: string; stiffness: number; damping: number; }' is not assignable to type 'ValueAnimationTransition<any>'.
                  Types of property 'type' are incompatible.
                    Type 'string' is not assignable to type 'AnimationGeneratorType | undefined'.
src/components/Onboarding/WelcomeStep.tsx(102,13): error TS2322: Type '{ hidden: { opacity: number; y: number; }; visible: { opacity: number; y: number; transition: { type: string; stiffness: number; damping: number; }; }; }' is not assignable to type 'Variants'.
  Property 'visible' is incompatible with index signature.
    Type '{ opacity: number; y: number; transition: { type: string; stiffness: number; damping: number; }; }' is not assignable to type 'Variant'.
      Type '{ opacity: number; y: number; transition: { type: string; stiffness: number; damping: number; }; }' is not assignable to type 'TargetAndTransition'.
        Type '{ opacity: number; y: number; transition: { type: string; stiffness: number; damping: number; }; }' is not assignable to type '{ transition?: Transition<any> | undefined; transitionEnd?: ResolvedValues | undefined; }'.
          Types of property 'transition' are incompatible.
            Type '{ type: string; stiffness: number; damping: number; }' is not assignable to type 'Transition<any> | undefined'.
              Type '{ type: string; stiffness: number; damping: number; }' is not assignable to type 'TransitionWithValueOverrides<any>'.
                Type '{ type: string; stiffness: number; damping: number; }' is not assignable to type 'ValueAnimationTransition<any>'.
                  Types of property 'type' are incompatible.
                    Type 'string' is not assignable to type 'AnimationGeneratorType | undefined'.
src/components/Onboarding/WelcomeStep.tsx(118,15): error TS2322: Type '{ hidden: { opacity: number; y: number; }; visible: { opacity: number; y: number; transition: { type: string; stiffness: number; damping: number; }; }; }' is not assignable to type 'Variants'.
  Property 'visible' is incompatible with index signature.
    Type '{ opacity: number; y: number; transition: { type: string; stiffness: number; damping: number; }; }' is not assignable to type 'Variant'.
      Type '{ opacity: number; y: number; transition: { type: string; stiffness: number; damping: number; }; }' is not assignable to type 'TargetAndTransition'.
        Type '{ opacity: number; y: number; transition: { type: string; stiffness: number; damping: number; }; }' is not assignable to type '{ transition?: Transition<any> | undefined; transitionEnd?: ResolvedValues | undefined; }'.
          Types of property 'transition' are incompatible.
            Type '{ type: string; stiffness: number; damping: number; }' is not assignable to type 'Transition<any> | undefined'.
              Type '{ type: string; stiffness: number; damping: number; }' is not assignable to type 'TransitionWithValueOverrides<any>'.
                Type '{ type: string; stiffness: number; damping: number; }' is not assignable to type 'ValueAnimationTransition<any>'.
                  Types of property 'type' are incompatible.
                    Type 'string' is not assignable to type 'AnimationGeneratorType | undefined'.
src/components/Onboarding/WelcomeStep.tsx(146,11): error TS2322: Type '{ hidden: { opacity: number; y: number; }; visible: { opacity: number; y: number; transition: { type: string; stiffness: number; damping: number; }; }; }' is not assignable to type 'Variants'.
  Property 'visible' is incompatible with index signature.
    Type '{ opacity: number; y: number; transition: { type: string; stiffness: number; damping: number; }; }' is not assignable to type 'Variant'.
      Type '{ opacity: number; y: number; transition: { type: string; stiffness: number; damping: number; }; }' is not assignable to type 'TargetAndTransition'.
        Type '{ opacity: number; y: number; transition: { type: string; stiffness: number; damping: number; }; }' is not assignable to type '{ transition?: Transition<any> | undefined; transitionEnd?: ResolvedValues | undefined; }'.
          Types of property 'transition' are incompatible.
            Type '{ type: string; stiffness: number; damping: number; }' is not assignable to type 'Transition<any> | undefined'.
              Type '{ type: string; stiffness: number; damping: number; }' is not assignable to type 'TransitionWithValueOverrides<any>'.
                Type '{ type: string; stiffness: number; damping: number; }' is not assignable to type 'ValueAnimationTransition<any>'.
                  Types of property 'type' are incompatible.
                    Type 'string' is not assignable to type 'AnimationGeneratorType | undefined'.
src/components/Onboarding/WelcomeStep.tsx(180,11): error TS2322: Type '{ hidden: { opacity: number; y: number; }; visible: { opacity: number; y: number; transition: { type: string; stiffness: number; damping: number; }; }; }' is not assignable to type 'Variants'.
  Property 'visible' is incompatible with index signature.
    Type '{ opacity: number; y: number; transition: { type: string; stiffness: number; damping: number; }; }' is not assignable to type 'Variant'.
      Type '{ opacity: number; y: number; transition: { type: string; stiffness: number; damping: number; }; }' is not assignable to type 'TargetAndTransition'.
        Type '{ opacity: number; y: number; transition: { type: string; stiffness: number; damping: number; }; }' is not assignable to type '{ transition?: Transition<any> | undefined; transitionEnd?: ResolvedValues | undefined; }'.
          Types of property 'transition' are incompatible.
            Type '{ type: string; stiffness: number; damping: number; }' is not assignable to type 'Transition<any> | undefined'.
              Type '{ type: string; stiffness: number; damping: number; }' is not assignable to type 'TransitionWithValueOverrides<any>'.
                Type '{ type: string; stiffness: number; damping: number; }' is not assignable to type 'ValueAnimationTransition<any>'.
                  Types of property 'type' are incompatible.
                    Type 'string' is not assignable to type 'AnimationGeneratorType | undefined'.
src/components/Optimized/OptimizedComponents.tsx(167,44): error TS2503: Cannot find namespace 'JSX'.
src/components/Optimized/OptimizedComponents.tsx(169,15): error TS2339: Property 'displayName' does not exist on type '<T>(props: OptimizedListProps<T>) => JSX.Element'.
src/components/Optimized/OptimizedComponents.tsx(190,28): error TS2554: Expected 1 arguments, but got 0.
src/components/Performance/WebVitalsMonitor.tsx(176,54): error TS2345: Argument of type 'null' is not assignable to parameter of type 'string | undefined'.
src/components/ProgressStatistics.tsx(385,19): error TS2322: Type 'ChartData[]' is not assignable to type 'ChartDataInput[]'.
  Type 'ChartData' is not assignable to type 'ChartDataInput'.
    Index signature for type 'string' is missing in type 'ChartData'.
src/components/Settings/ApiKeysSection-old-backup.tsx(200,60): error TS2345: Argument of type 'unknown' is not assignable to parameter of type 'LogContext | undefined'.
src/components/SettingsModal.tsx(155,7): error TS2322: Type '"apikeys"' is not assignable to type 'TabType'.
src/components/SettingsModal.tsx(158,7): error TS2322: Type '"privacy"' is not assignable to type 'TabType'.
src/components/SettingsModal.tsx(174,12): error TS2678: Type '"apikeys"' is not comparable to type 'TabType'.
src/components/SettingsModal.tsx(176,12): error TS2678: Type '"privacy"' is not comparable to type 'TabType'.
src/components/ui/ComponentShowcase.tsx(25,3): error TS2305: Module '"./index"' has no exported member 'LoadingOverlay'.
src/components/ui/ComponentShowcase.tsx(110,13): error TS2339: Property 'success' does not exist on type '(toast: Omit<Toast, "id">) => string'.
src/components/ui/ComponentShowcase.tsx(112,13): error TS2339: Property 'error' does not exist on type '(toast: Omit<Toast, "id">) => string'.
src/components/ui/ComponentShowcase.tsx(117,11): error TS2339: Property 'success' does not exist on type '(toast: Omit<Toast, "id">) => string'.
src/components/ui/ComponentShowcase.tsx(120,13): error TS2339: Property 'warning' does not exist on type '(toast: Omit<Toast, "id">) => string'.
src/components/ui/ComponentShowcase.tsx(124,13): error TS2339: Property 'error' does not exist on type '(toast: Omit<Toast, "id">) => string'.
src/components/ui/ComponentShowcase.tsx(126,56): error TS2339: Property 'info' does not exist on type '(toast: Omit<Toast, "id">) => string'.
src/components/ui/ComponentShowcase.tsx(131,13): error TS2339: Property 'info' does not exist on type '(toast: Omit<Toast, "id">) => string'.
src/components/ui/ComponentShowcase.tsx(144,11): error TS2339: Property 'promise' does not exist on type '(toast: Omit<Toast, "id">) => string'.
src/components/ui/ComponentShowcase.tsx(255,21): error TS2339: Property 'success' does not exist on type '(toast: Omit<Toast, "id">) => string'.
src/components/ui/ComponentShowcase.tsx(353,13): error TS2322: Type '{ id: number; name: string; email: string; role: string; status: string; }[]' is not assignable to type 'never[]'.
  Type '{ id: number; name: string; email: string; role: string; status: string; }' is not assignable to type 'never'.
src/components/ui/index.ts(23,3): error TS1205: Re-exporting a type when 'isolatedModules' is enabled requires using 'export type'.
src/components/ui/index.ts(68,10): error TS2614: Module '"./MotionComponents"' has no exported member 'MotionComponents'. Did you mean to use 'import MotionComponents from "./MotionComponents"' instead?
src/components/ui/index.ts(69,10): error TS2614: Module '"./MotionWrappers"' has no exported member 'MotionWrappers'. Did you mean to use 'import MotionWrappers from "./MotionWrappers"' instead?
src/components/ui/index.ts(70,10): error TS2305: Module '"./MotionFallback"' has no exported member 'MotionFallback'.
src/components/ui/index.ts(74,3): error TS2614: Module '"./FormField"' has no exported member 'ButtonProps'. Did you mean to use 'import ButtonProps from "./FormField"' instead?
src/components/ui/index.ts(75,3): error TS2614: Module '"./FormField"' has no exported member 'CardProps'. Did you mean to use 'import CardProps from "./FormField"' instead?
src/components/ui/index.ts(76,3): error TS2614: Module '"./FormField"' has no exported member 'ModalProps'. Did you mean to use 'import ModalProps from "./FormField"' instead?
src/components/ui/index.ts(77,3): error TS2614: Module '"./FormField"' has no exported member 'TooltipProps'. Did you mean to use 'import TooltipProps from "./FormField"' instead?
src/components/ui/index.ts(78,3): error TS2614: Module '"./FormField"' has no exported member 'PopoverProps'. Did you mean to use 'import PopoverProps from "./FormField"' instead?
src/components/ui/index.ts(79,3): error TS2614: Module '"./FormField"' has no exported member 'DropdownProps'. Did you mean to use 'import DropdownProps from "./FormField"' instead?
src/components/ui/index.ts(80,3): error TS2614: Module '"./FormField"' has no exported member 'DropdownItem'. Did you mean to use 'import DropdownItem from "./FormField"' instead?
src/components/ui/index.ts(81,3): error TS2614: Module '"./FormField"' has no exported member 'DataTableProps'. Did you mean to use 'import DataTableProps from "./FormField"' instead?
src/components/ui/index.ts(82,3): error TS2614: Module '"./FormField"' has no exported member 'Column'. Did you mean to use 'import Column from "./FormField"' instead?
src/components/ui/index.ts(83,3): error TS2614: Module '"./FormField"' has no exported member 'CheckboxProps'. Did you mean to use 'import CheckboxProps from "./FormField"' instead?
src/components/Vocabulary/DatabaseVocabularyManager.tsx(150,13): error TS2554: Expected 1-2 arguments, but got 3.
src/components/Vocabulary/DatabaseVocabularyManager.tsx(155,60): error TS2554: Expected 1-2 arguments, but got 3.
src/components/Vocabulary/DatabaseVocabularyManager.tsx(160,61): error TS2554: Expected 1-2 arguments, but got 3.
src/components/Vocabulary/VocabularyCard.tsx(180,7): error TS2322: Type '{ children: Element[]; className: string; role: string; "aria-label": string; onKeyDown: (e: KeyboardEvent<Element>) => void; tabIndex: number; }' is not assignable to type 'IntrinsicAttributes & CardProps'.
  Property 'onKeyDown' does not exist on type 'IntrinsicAttributes & CardProps'.
src/components/VocabularyBuilder.tsx(330,44): error TS2345: Argument of type 'null' is not assignable to parameter of type 'string | undefined'.
src/examples/StateManagementIntegration.tsx(39,7): error TS2353: Object literal may only specify known properties, and 'label' does not exist in type 'FieldConfig<unknown>'.
src/examples/StateManagementIntegration.tsx(43,35): error TS2339: Property 'string' does not exist on type '{ required: () => ValidationRule<unknown>; minLength: (min: number) => ValidationRule<string>; maxLength: (max: number) => ValidationRule<string>; email: () => ValidationRule<...>; url: () => ValidationRule<...>; pattern: (regex: RegExp, message: string) => ValidationRule<...>; apiKey: (provider: "unsplash" | "opena...'.
src/examples/StateManagementIntegration.tsx(46,7): error TS2353: Object literal may only specify known properties, and 'label' does not exist in type 'FieldConfig<unknown>'.
src/examples/StateManagementIntegration.tsx(49,35): error TS2339: Property 'string' does not exist on type '{ required: () => ValidationRule<unknown>; minLength: (min: number) => ValidationRule<string>; maxLength: (max: number) => ValidationRule<string>; email: () => ValidationRule<...>; url: () => ValidationRule<...>; pattern: (regex: RegExp, message: string) => ValidationRule<...>; apiKey: (provider: "unsplash" | "opena...'.
src/examples/StateManagementIntegration.tsx(52,7): error TS2353: Object literal may only specify known properties, and 'label' does not exist in type 'FieldConfig<unknown>'.
src/examples/StateManagementIntegration.tsx(55,35): error TS2339: Property 'string' does not exist on type '{ required: () => ValidationRule<unknown>; minLength: (min: number) => ValidationRule<string>; maxLength: (max: number) => ValidationRule<string>; email: () => ValidationRule<...>; url: () => ValidationRule<...>; pattern: (regex: RegExp, message: string) => ValidationRule<...>; apiKey: (provider: "unsplash" | "opena...'.
src/examples/StateManagementIntegration.tsx(60,3): error TS2554: Expected 2-4 arguments, but got 0.
src/hooks/useErrorReporting.ts(439,12): error TS2339: Property 'componentMount' does not exist on type 'Logger'.
src/hooks/useErrorReporting.ts(447,14): error TS2339: Property 'componentUnmount' does not exist on type 'Logger'.
src/hooks/useExport.ts(23,45): error TS2345: Argument of type 'null' is not assignable to parameter of type 'string | undefined'.
src/hooks/useImageSearch.ts(161,78): error TS2345: Argument of type 'unknown' is not assignable to parameter of type 'LogContext | undefined'.
src/hooks/useImageSearch.ts(176,77): error TS2345: Argument of type 'unknown' is not assignable to parameter of type 'LogContext | undefined'.
src/hooks/useImageSearch.ts(247,92): error TS2554: Expected 1-2 arguments, but got 6.
src/hooks/useOnboarding.ts(293,11): error TS2322: Type '{ onboarding_completed: boolean; onboarding_completed_at: string; apiKeys?: { anthropic: string; openai: string; unsplash: string; } | undefined; language?: "en" | "es" | { ui: "en" | "es" | "fr" | "de" | "it" | "pt"; target: "spanish" | "french" | "german" | "italian" | "portuguese" | "english"; } | undefined; ... ...' is not assignable to type 'UserPreferences'.
  Types of property 'theme' are incompatible.
    Type '"light" | "dark" | "auto" | { mode: "light" | "dark" | "system"; customColors: { primary: string; secondary: string; accent: string; }; animations: boolean; reducedMotion: boolean; } | undefined' is not assignable to type '"light" | "dark" | "auto"'.
      Type 'undefined' is not assignable to type '"light" | "dark" | "auto"'.
src/hooks/usePerformanceMonitor.ts(68,75): error TS2345: Argument of type 'unknown' is not assignable to parameter of type 'LogContext | undefined'.
src/hooks/usePerformanceMonitor.ts(159,83): error TS2345: Argument of type 'unknown' is not assignable to parameter of type 'LogContext | undefined'.
src/hooks/usePerformanceMonitor.ts(163,86): error TS2345: Argument of type 'unknown' is not assignable to parameter of type 'LogContext | undefined'.
src/hooks/usePerformanceMonitor.ts(190,77): error TS2345: Argument of type 'unknown' is not assignable to parameter of type 'LogContext | undefined'.
src/hooks/usePerformanceOptimizations.ts(15,21): error TS2554: Expected 1 arguments, but got 0.
src/hooks/usePerformanceOptimizations.ts(63,26): error TS2554: Expected 1 arguments, but got 0.
src/hooks/usePerformanceOptimizations.ts(352,21): error TS2554: Expected 1 arguments, but got 0.
src/hooks/usePerformanceOptimizations.ts(368,7): error TS2322: Type 'undefined' is not assignable to type 'number'.
src/hooks/useProgressTracking.ts(56,19): error TS2322: Type 'T | undefined' is not assignable to type 'T'.
  'T' could be instantiated with an arbitrary type which could be unrelated to 'T | undefined'.
src/hooks/useSession.ts(84,49): error TS2345: Argument of type 'null' is not assignable to parameter of type 'string | undefined'.
src/lib/analytics/tracker.ts(241,72): error TS2345: Argument of type 'unknown' is not assignable to parameter of type 'LogContext | undefined'.
src/lib/api/claude-server.ts(323,11): error TS2339: Property 'finish' does not exist on type 'Span'.
src/lib/api/claude-server.ts(346,11): error TS2339: Property 'finish' does not exist on type 'Span'.
src/lib/api/claude-server.ts(463,11): error TS2339: Property 'finish' does not exist on type 'Span'.
src/lib/api/claude-server.ts(482,11): error TS2339: Property 'finish' does not exist on type 'Span'.
src/lib/api/client.ts(10,3): error TS2305: Module '"@/types/api"' has no exported member 'ApiResponse'.
src/lib/api/client.ts(11,3): error TS2305: Module '"@/types/api"' has no exported member 'ErrorResponse'.
src/lib/api/client.ts(12,3): error TS2305: Module '"@/types/api"' has no exported member 'ValidationErrorResponse'.
src/lib/api/client.ts(13,3): error TS2305: Module '"@/types/api"' has no exported member 'ImageSearchParams'.
src/lib/api/client.ts(14,3): error TS2305: Module '"@/types/api"' has no exported member 'ImageSearchResponse'.
src/lib/api/client.ts(15,3): error TS2724: '"@/types/api"' has no exported member named 'DescriptionGenerateRequest'. Did you mean 'DescriptionRequest'?
src/lib/api/client.ts(16,3): error TS2305: Module '"@/types/api"' has no exported member 'DescriptionResponse'.
src/lib/api/client.ts(17,3): error TS2305: Module '"@/types/api"' has no exported member 'QAGenerateRequest'.
src/lib/api/client.ts(18,3): error TS2305: Module '"@/types/api"' has no exported member 'QAResponse'.
src/lib/api/client.ts(19,3): error TS2305: Module '"@/types/api"' has no exported member 'PhraseExtractionRequest'.
src/lib/api/client.ts(20,3): error TS2305: Module '"@/types/api"' has no exported member 'PhraseExtractionResponse'.
src/lib/api/client.ts(21,3): error TS2305: Module '"@/types/api"' has no exported member 'VocabularySaveRequest'.
src/lib/api/client.ts(22,3): error TS2305: Module '"@/types/api"' has no exported member 'VocabularyBulkSaveRequest'.
src/lib/api/client.ts(23,3): error TS2305: Module '"@/types/api"' has no exported member 'VocabularySaveResponse'.
src/lib/api/client.ts(24,3): error TS2305: Module '"@/types/api"' has no exported member 'VocabularyQueryParams'.
src/lib/api/client.ts(25,3): error TS2305: Module '"@/types/api"' has no exported member 'VocabularyListResponse'.
src/lib/api/client.ts(26,3): error TS2305: Module '"@/types/api"' has no exported member 'ProgressTrackRequest'.
src/lib/api/client.ts(27,3): error TS2305: Module '"@/types/api"' has no exported member 'ProgressTrackResponse'.
src/lib/api/client.ts(28,3): error TS2305: Module '"@/types/api"' has no exported member 'ProgressQueryParams'.
src/lib/api/client.ts(29,3): error TS2305: Module '"@/types/api"' has no exported member 'ProgressDataResponse'.
src/lib/api/client.ts(30,3): error TS2305: Module '"@/types/api"' has no exported member 'UserSettingsRequest'.
src/lib/api/client.ts(31,3): error TS2305: Module '"@/types/api"' has no exported member 'UserSettingsResponse'.
src/lib/api/client.ts(32,3): error TS2305: Module '"@/types/api"' has no exported member 'SettingsQueryParams'.
src/lib/api/client.ts(33,3): error TS2305: Module '"@/types/api"' has no exported member 'ExportRequest'.
src/lib/api/client.ts(34,3): error TS2305: Module '"@/types/api"' has no exported member 'ExportResponse'.
src/lib/api/client.ts(35,3): error TS2305: Module '"@/types/api"' has no exported member 'HealthCheckResponse'.
src/lib/api/client.ts(36,3): error TS2305: Module '"@/types/api"' has no exported member 'StatusResponse'.
src/lib/api/client.ts(37,3): error TS2305: Module '"@/types/api"' has no exported member 'ApiClientConfig'.
src/lib/api/client.ts(38,3): error TS2305: Module '"@/types/api"' has no exported member 'ApiClientOptions'.
src/lib/api/client.ts(39,3): error TS2305: Module '"@/types/api"' has no exported member 'ApiMethod'.
src/lib/api/client.ts(40,3): error TS2305: Module '"@/types/api"' has no exported member 'RequestOptions'.
src/lib/api/client.ts(41,3): error TS2305: Module '"@/types/api"' has no exported member 'API_ENDPOINTS'.
src/lib/api/client.ts(42,3): error TS2305: Module '"@/types/api"' has no exported member 'HTTP_STATUS'.
src/lib/api/client.ts(43,3): error TS2305: Module '"@/types/api"' has no exported member 'isErrorResponse'.
src/lib/api/client.ts(44,3): error TS2305: Module '"@/types/api"' has no exported member 'isValidationErrorResponse'.
src/lib/api/client.ts(236,25): error TS2345: Argument of type 'string | undefined' is not assignable to parameter of type 'string'.
  Type 'undefined' is not assignable to type 'string'.
src/lib/api/keyProvider.ts(90,78): error TS2345: Argument of type 'unknown' is not assignable to parameter of type 'Record<string, any> | undefined'.
src/lib/api/keyProvider.ts(122,9): error TS2741: Property 'anthropic' is missing in type '{ openai: string; unsplash: string; }' but required in type 'Record<ServiceType, string>'.
src/lib/api/keyProvider.ts(130,9): error TS2741: Property 'anthropic' is missing in type '{ openai: string; unsplash: string; }' but required in type 'Record<ServiceType, string>'.
src/lib/api/keyProvider.ts(168,79): error TS2345: Argument of type 'unknown' is not assignable to parameter of type 'Record<string, any> | undefined'.
src/lib/api/keyProvider.ts(188,69): error TS2345: Argument of type 'unknown' is not assignable to parameter of type 'Record<string, any> | undefined'.
src/lib/api/keyProvider.ts(217,69): error TS2345: Argument of type 'unknown' is not assignable to parameter of type 'Record<string, any> | undefined'.
src/lib/api/keyProvider.ts(241,20): error TS7053: Element implicitly has an 'any' type because expression of type 'ServiceType' can't be used to index type '{ openai: string; unsplash: string; }'.
  Property 'anthropic' does not exist on type '{ openai: string; unsplash: string; }'.
src/lib/api/keyProvider.ts(245,11): error TS2741: Property 'anthropic' is missing in type '{ openai: string; unsplash: string; }' but required in type 'Record<ServiceType, string>'.
src/lib/api/keyProvider.ts(246,32): error TS2345: Argument of type '{ openai: string; unsplash: string; }' is not assignable to parameter of type 'Record<ServiceType, string>'.
  Property 'anthropic' is missing in type '{ openai: string; unsplash: string; }' but required in type 'Record<ServiceType, string>'.
src/lib/api/keyProvider.ts(250,67): error TS2345: Argument of type 'unknown' is not assignable to parameter of type 'Record<string, any> | undefined'.
src/lib/api/keyProvider.ts(297,80): error TS2345: Argument of type 'unknown' is not assignable to parameter of type 'Record<string, any> | undefined'.
src/lib/api/keyProvider.ts(623,5): error TS2741: Property 'anthropic' is missing in type '{ openai: boolean; unsplash: boolean; }' but required in type 'Record<ServiceType, boolean>'.
src/lib/api/openai-server-backup.ts(523,5): error TS2741: Property 'generatedAt' is missing in type '{ text: string; style: DescriptionStyle; language: "es" | "en"; wordCount: number; timestamp: string; }' but required in type 'GeneratedDescription'.
src/lib/api/openai-server-backup.ts(602,7): error TS2353: Object literal may only specify known properties, and 'timestamp' does not exist in type 'GeneratedDescription'.
src/lib/api/openai-server-backup.ts(611,5): error TS2353: Object literal may only specify known properties, and 'timestamp' does not exist in type 'GeneratedDescription'.
src/lib/api/openai-server.ts(361,5): error TS2741: Property 'generatedAt' is missing in type '{ text: string; style: DescriptionStyle; language: "es" | "en"; wordCount: number; timestamp: string; }' but required in type 'GeneratedDescription'.
src/lib/api/openai-server.ts(432,7): error TS2353: Object literal may only specify known properties, and 'timestamp' does not exist in type 'GeneratedDescription'.
src/lib/api/openai-server.ts(441,5): error TS2353: Object literal may only specify known properties, and 'timestamp' does not exist in type 'GeneratedDescription'.
src/lib/api/openai.ts(626,7): error TS2739: Type '{}' is missing the following properties from type 'APIError': code, message, status, name
src/lib/api/openai.ts(638,7): error TS2322: Type '{}' is not assignable to type 'string'.
src/lib/api/optimizedSupabase.ts(98,53): error TS2345: Argument of type 'unknown' is not assignable to parameter of type 'LogContext | undefined'.
src/lib/api/optimizedSupabase.ts(109,68): error TS2554: Expected 1-2 arguments, but got 3.
src/lib/api/structured-logging.ts(143,60): error TS2345: Argument of type 'null' is not assignable to parameter of type 'string | undefined'.
src/lib/api/supabase.ts(228,11): error TS2345: Argument of type 'unknown' is not assignable to parameter of type 'LogContext | undefined'.
src/lib/api/translator.ts(312,11): error TS2345: Argument of type 'unknown' is not assignable to parameter of type 'LogContext | undefined'.
src/lib/api/unsplash.ts(72,90): error TS2345: Argument of type 'unknown' is not assignable to parameter of type 'LogContext | undefined'.
src/lib/api/unsplash.ts(151,90): error TS2345: Argument of type 'unknown' is not assignable to parameter of type 'LogContext | undefined'.
src/lib/api/unsplash.ts(158,80): error TS2345: Argument of type 'unknown' is not assignable to parameter of type 'LogContext | undefined'.
src/lib/api/unsplash.ts(561,13): error TS18046: 'timeoutError' is of type 'unknown'.
src/lib/api/unsplash.ts(561,54): error TS18046: 'timeoutError' is of type 'unknown'.
src/lib/api/unsplash.ts(570,16): error TS18046: 'error' is of type 'unknown'.
src/lib/api/unsplash.ts(571,15): error TS18046: 'error' is of type 'unknown'.
src/lib/api/unsplash.ts(572,17): error TS18046: 'error' is of type 'unknown'.
src/lib/auth/AuthManager.ts(581,29): error TS2352: Conversion of type '{ id: string; email: string; username: string | null; full_name: string | null; avatar_url: string | null; spanish_level: "beginner" | "intermediate" | "advanced"; is_authenticated: boolean; ... 9 more ...; last_login: string | null; }' to type 'UserProfile' may be a mistake because neither type sufficiently overlaps with the other. If this was intentional, convert the expression to 'unknown' first.
  Type '{ id: string; email: string; username: string | null; full_name: string | null; avatar_url: string | null; spanish_level: "beginner" | "intermediate" | "advanced"; is_authenticated: boolean; ... 9 more ...; last_login: string | null; }' is missing the following properties from type 'UserProfile': subscription_status, last_active_at
src/lib/auth/AuthManager.ts(682,84): error TS2345: Argument of type 'unknown' is not assignable to parameter of type 'Record<string, any> | undefined'.
src/lib/auth/AuthManager.ts(728,9): error TS2322: Type 'string' is not assignable to type 'undefined'.
src/lib/auth/AuthManager.ts(728,52): error TS2769: No overload matches this call.
  Overload 1 of 2, '(data: string): string', gave the following error.
    Argument of type 'string | true' is not assignable to parameter of type 'string'.
      Type 'boolean' is not assignable to type 'string'.
  Overload 2 of 2, '(data: string): string', gave the following error.
    Argument of type 'string | true' is not assignable to parameter of type 'string'.
      Type 'boolean' is not assignable to type 'string'.
src/lib/auth/AuthManager.ts(746,11): error TS2322: Type 'string' is not assignable to type 'undefined'.
src/lib/auth/AuthManager.ts(768,17): error TS2353: Object literal may only specify known properties, and 'last_active_at' does not exist in type '{ id?: string | undefined; email?: string | undefined; username?: string | null | undefined; full_name?: string | null | undefined; avatar_url?: string | null | undefined; spanish_level?: "beginner" | ... 2 more ... | undefined; ... 10 more ...; last_login?: string | ... 1 more ... | undefined; }'.
src/lib/auth/AuthManager.ts(919,11): error TS2353: Object literal may only specify known properties, and 'deleted_at' does not exist in type '{ id?: string | undefined; email?: string | undefined; username?: string | null | undefined; full_name?: string | null | undefined; avatar_url?: string | null | undefined; spanish_level?: "beginner" | ... 2 more ... | undefined; ... 10 more ...; last_login?: string | ... 1 more ... | undefined; }'.
src/lib/cache/redis-cache.ts(74,22): error TS2769: No overload matches this call.
  Overload 1 of 8, '(options: RedisOptions): Redis', gave the following error.
    Object literal may only specify known properties, and 'retryDelayOnFailover' does not exist in type 'RedisOptions'.
  Overload 2 of 8, '(port: number): Redis', gave the following error.
    Argument of type '{ host: string; port: number; password: string | undefined; db: number; keyPrefix: string; maxRetriesPerRequest: number; retryDelayOnFailover: number; enableOfflineQueue: boolean; lazyConnect: boolean; }' is not assignable to parameter of type 'number'.
  Overload 3 of 8, '(path: string): Redis', gave the following error.
    Argument of type '{ host: string; port: number; password: string | undefined; db: number; keyPrefix: string; maxRetriesPerRequest: number; retryDelayOnFailover: number; enableOfflineQueue: boolean; lazyConnect: boolean; }' is not assignable to parameter of type 'string'.
src/lib/cache/redis-cache.ts(439,56): error TS2554: Expected 1-2 arguments, but got 3.
src/lib/cache/redis-cache.ts(457,63): error TS2554: Expected 1-2 arguments, but got 3.
src/lib/cache/tiered-cache.ts(102,54): error TS2345: Argument of type 'unknown' is not assignable to parameter of type 'LogContext | undefined'.
src/lib/cache/tiered-cache.ts(127,51): error TS2345: Argument of type 'unknown' is not assignable to parameter of type 'LogContext | undefined'.
src/lib/cache/tiered-cache.ts(162,56): error TS2345: Argument of type 'unknown' is not assignable to parameter of type 'LogContext | undefined'.
src/lib/cache/tiered-cache.ts(230,60): error TS2345: Argument of type 'unknown' is not assignable to parameter of type 'LogContext | undefined'.
src/lib/cache/tiered-cache.ts(260,54): error TS2345: Argument of type 'unknown' is not assignable to parameter of type 'LogContext | undefined'.
src/lib/cache/tiered-cache.ts(276,59): error TS2345: Argument of type 'unknown' is not assignable to parameter of type 'LogContext | undefined'.
src/lib/cache/tiered-cache.ts(356,53): error TS2345: Argument of type 'unknown' is not assignable to parameter of type 'LogContext | undefined'.
src/lib/cache/tiered-cache.ts(381,58): error TS2345: Argument of type 'unknown' is not assignable to parameter of type 'LogContext | undefined'.
src/lib/cache/tiered-cache.ts(399,48): error TS2345: Argument of type 'unknown' is not assignable to parameter of type 'LogContext | undefined'.
src/lib/config/env.ts(409,15): error TS2484: Export declaration conflicts with exported declaration of 'ClientEnv'.
src/lib/config/env.ts(409,26): error TS2484: Export declaration conflicts with exported declaration of 'ServerEnv'.
src/lib/config/env.ts(409,37): error TS2484: Export declaration conflicts with exported declaration of 'Env'.
src/lib/coordination/hiveCoordinator.ts(458,27): error TS2304: Cannot find name 'safeParse'.
src/lib/export/exportManager.ts(667,59): error TS2345: Argument of type 'unknown' is not assignable to parameter of type 'LogContext | undefined'.
src/lib/export/exportManager.ts(680,61): error TS2345: Argument of type 'unknown' is not assignable to parameter of type 'LogContext | undefined'.
src/lib/export/exportManager.ts(689,67): error TS2345: Argument of type 'unknown' is not assignable to parameter of type 'LogContext | undefined'.
src/lib/export/exportManager.ts(702,69): error TS2345: Argument of type 'unknown' is not assignable to parameter of type 'LogContext | undefined'.
src/lib/export/exportManager.ts(710,64): error TS2345: Argument of type 'unknown' is not assignable to parameter of type 'LogContext | undefined'.
src/lib/export/exportManager.ts(721,66): error TS2345: Argument of type 'unknown' is not assignable to parameter of type 'LogContext | undefined'.
src/lib/export/jsonExporter.ts(50,9): error TS2345: Argument of type '2 | undefined' is not assignable to parameter of type 'string | undefined'.
  Type 'number' is not assignable to type 'string'.
src/lib/export/jsonExporter.ts(287,52): error TS2345: Argument of type 'number' is not assignable to parameter of type 'string'.
src/lib/export/jsonExporter.ts(441,15): error TS2339: Property 'metadata' does not exist on type 'never'.
src/lib/export/jsonExporter.ts(445,15): error TS2339: Property 'metadata' does not exist on type 'never'.
src/lib/export/rawDataExporter.ts(242,36): error TS2345: Argument of type 'null' is not assignable to parameter of type 'string | undefined'.
src/lib/export/rawDataExporter.ts(248,36): error TS2345: Argument of type 'null' is not assignable to parameter of type 'string | undefined'.
src/lib/export/unifiedExporter.ts(213,50): error TS2345: Argument of type 'null' is not assignable to parameter of type 'string | undefined'.
src/lib/logger.ts(49,30): error TS2552: Cannot find name 'EdgeRuntime'. Did you mean 'isEdgeRuntime'?
src/lib/logger.ts(256,27): error TS2552: Cannot find name 'EdgeRuntime'. Did you mean 'isEdgeRuntime'?
src/lib/logging/sessionLogger.ts(539,57): error TS2345: Argument of type 'unknown' is not assignable to parameter of type 'LogContext | undefined'.
src/lib/logging/sessionLogger.ts(549,15): error TS2322: Type 'SessionStorage | undefined' is not assignable to type 'SessionStorage'.
  Type 'undefined' is not assignable to type 'SessionStorage'.
src/lib/logging/sessionLogger.ts(554,59): error TS2345: Argument of type 'unknown' is not assignable to parameter of type 'LogContext | undefined'.
src/lib/logging/sessionLogger.ts(629,38): error TS2345: Argument of type 'null' is not assignable to parameter of type 'string | undefined'.
src/lib/logging/sessionLogger.ts(635,38): error TS2345: Argument of type 'null' is not assignable to parameter of type 'string | undefined'.
src/lib/logging/sessionPersistence.ts(145,7): error TS2322: Type 'SessionSummary | null | undefined' is not assignable to type 'SessionSummary | null'.
  Type 'undefined' is not assignable to type 'SessionSummary | null'.
src/lib/logging/sessionPersistence.ts(208,40): error TS2345: Argument of type 'null' is not assignable to parameter of type 'string | undefined'.
src/lib/logging/sessionPersistence.ts(214,40): error TS2345: Argument of type 'null' is not assignable to parameter of type 'string | undefined'.
src/lib/logging/sessionPersistence.ts(231,17): error TS2322: Type 'SessionReport | undefined' is not assignable to type 'SessionReport'.
  Type 'undefined' is not assignable to type 'SessionReport'.
src/lib/logging/sessionPersistence.ts(234,65): error TS2345: Argument of type 'unknown' is not assignable to parameter of type 'LogContext | undefined'.
src/lib/logging/sessionPersistence.ts(246,13): error TS2345: Argument of type 'null' is not assignable to parameter of type 'string | undefined'.
src/lib/logging/sessionPersistence.ts(254,44): error TS2345: Argument of type 'null' is not assignable to parameter of type 'string | undefined'.
src/lib/logging/sessionPersistence.ts(281,7): error TS2322: Type 'T | null | undefined' is not assignable to type 'T | null'.
  Type 'undefined' is not assignable to type 'T | null'.
src/lib/logging/sessionReportGenerator.ts(963,38): error TS2345: Argument of type 'null' is not assignable to parameter of type 'string | undefined'.
src/lib/logging/sessionReportGenerator.ts(971,38): error TS2345: Argument of type 'null' is not assignable to parameter of type 'string | undefined'.
src/lib/middleware/errorMiddleware.ts(9,15): error TS2305: Module '"@/types/api"' has no exported member 'ErrorResponse'.
src/lib/middleware/errorMiddleware.ts(252,12): error TS2339: Property 'errorWithCategory' does not exist on type 'Logger'.
src/lib/middleware/errorMiddleware.ts(286,9): error TS2353: Object literal may only specify known properties, and 'originalMessage' does not exist in type 'any[]'.
src/lib/middleware/errorMiddleware.ts(360,11): error TS2345: Argument of type '{ requestId: string; duration: number; }' is not assignable to parameter of type 'number'.
src/lib/monitoring/alerts.ts(218,15): error TS2769: No overload matches this call.
  Overload 1 of 2, '(relation: "users" | "vocabulary_lists" | "vocabulary_items" | "sessions" | "images" | "descriptions" | "questions" | "learning_progress" | "answers" | "phrases" | "analytics_events"): PostgrestQueryBuilder<...>', gave the following error.
    Argument of type '"system_alerts"' is not assignable to parameter of type '"users" | "vocabulary_lists" | "vocabulary_items" | "sessions" | "images" | "descriptions" | "questions" | "learning_progress" | "answers" | "phrases" | "analytics_events"'.
  Overload 2 of 2, '(relation: never): PostgrestQueryBuilder<{ PostgrestVersion: "12"; }, { Tables: { users: { Row: { id: string; email: string; username: string | null; full_name: string | null; avatar_url: string | null; spanish_level: "beginner" | ... 1 more ... | "advanced"; ... 10 more ...; last_login: string | null; }; Insert: { ...; }; Update: { ...; }; Relationships: []; }; ... 9 more ...; analytics_events: { ...; }; }; Views: {}; Functions: {}; Enums: { ...; }; CompositeTypes: {}; }, never, never, never>', gave the following error.
    Argument of type '"system_alerts"' is not assignable to parameter of type 'never'.
src/lib/monitoring/alerts.ts(220,11): error TS2769: No overload matches this call.
  Overload 1 of 2, '(values: { id?: string | undefined; email: string; username?: string | null | undefined; full_name?: string | null | undefined; avatar_url?: string | null | undefined; spanish_level?: "beginner" | "intermediate" | "advanced" | undefined; ... 10 more ...; last_login?: string | ... 1 more ... | undefined; } | ... 9 more ... | { ...; }, options?: { ...; } | undefined): PostgrestFilterBuilder<...>', gave the following error.
    Object literal may only specify known properties, and 'alert_type' does not exist in type '{ id?: string | undefined; email: string; username?: string | null | undefined; full_name?: string | null | undefined; avatar_url?: string | null | undefined; spanish_level?: "beginner" | "intermediate" | "advanced" | undefined; ... 10 more ...; last_login?: string | ... 1 more ... | undefined; } | ... 9 more ... | ...'.
  Overload 2 of 2, '(values: ({ id?: string | undefined; email: string; username?: string | null | undefined; full_name?: string | null | undefined; avatar_url?: string | null | undefined; spanish_level?: "beginner" | "intermediate" | "advanced" | undefined; ... 10 more ...; last_login?: string | ... 1 more ... | undefined; } | ... 9 more ... | { ...; })[], options?: { ...; } | undefined): PostgrestFilterBuilder<...>', gave the following error.
    Object literal may only specify known properties, and 'alert_type' does not exist in type '({ id?: string | undefined; email: string; username?: string | null | undefined; full_name?: string | null | undefined; avatar_url?: string | null | undefined; spanish_level?: "beginner" | "intermediate" | "advanced" | undefined; ... 10 more ...; last_login?: string | ... 1 more ... | undefined; } | ... 9 more ... |...'.
src/lib/monitoring/alerts.ts(322,15): error TS2769: No overload matches this call.
  Overload 1 of 2, '(relation: "users" | "vocabulary_lists" | "vocabulary_items" | "sessions" | "images" | "descriptions" | "questions" | "learning_progress" | "answers" | "phrases" | "analytics_events"): PostgrestQueryBuilder<...>', gave the following error.
    Argument of type '"system_alerts"' is not assignable to parameter of type '"users" | "vocabulary_lists" | "vocabulary_items" | "sessions" | "images" | "descriptions" | "questions" | "learning_progress" | "answers" | "phrases" | "analytics_events"'.
  Overload 2 of 2, '(relation: never): PostgrestQueryBuilder<{ PostgrestVersion: "12"; }, { Tables: { users: { Row: { id: string; email: string; username: string | null; full_name: string | null; avatar_url: string | null; spanish_level: "beginner" | ... 1 more ... | "advanced"; ... 10 more ...; last_login: string | null; }; Insert: { ...; }; Update: { ...; }; Relationships: []; }; ... 9 more ...; analytics_events: { ...; }; }; Views: {}; Functions: {}; Enums: { ...; }; CompositeTypes: {}; }, never, never, never>', gave the following error.
    Argument of type '"system_alerts"' is not assignable to parameter of type 'never'.
src/lib/monitoring/alerts.ts(324,11): error TS2353: Object literal may only specify known properties, and 'acknowledged' does not exist in type '{ id?: string | undefined; email?: string | undefined; username?: string | null | undefined; full_name?: string | null | undefined; avatar_url?: string | null | undefined; spanish_level?: "beginner" | ... 2 more ... | undefined; ... 10 more ...; last_login?: string | ... 1 more ... | undefined; } | ... 9 more ... | ...'.
src/lib/monitoring/alerts.ts(340,15): error TS2769: No overload matches this call.
  Overload 1 of 2, '(relation: "users" | "vocabulary_lists" | "vocabulary_items" | "sessions" | "images" | "descriptions" | "questions" | "learning_progress" | "answers" | "phrases" | "analytics_events"): PostgrestQueryBuilder<...>', gave the following error.
    Argument of type '"system_alerts"' is not assignable to parameter of type '"users" | "vocabulary_lists" | "vocabulary_items" | "sessions" | "images" | "descriptions" | "questions" | "learning_progress" | "answers" | "phrases" | "analytics_events"'.
  Overload 2 of 2, '(relation: never): PostgrestQueryBuilder<{ PostgrestVersion: "12"; }, { Tables: { users: { Row: { id: string; email: string; username: string | null; full_name: string | null; avatar_url: string | null; spanish_level: "beginner" | ... 1 more ... | "advanced"; ... 10 more ...; last_login: string | null; }; Insert: { ...; }; Update: { ...; }; Relationships: []; }; ... 9 more ...; analytics_events: { ...; }; }; Views: {}; Functions: {}; Enums: { ...; }; CompositeTypes: {}; }, never, never, never>', gave the following error.
    Argument of type '"system_alerts"' is not assignable to parameter of type 'never'.
src/lib/monitoring/alerts.ts(342,11): error TS2353: Object literal may only specify known properties, and 'resolved' does not exist in type '{ id?: string | undefined; email?: string | undefined; username?: string | null | undefined; full_name?: string | null | undefined; avatar_url?: string | null | undefined; spanish_level?: "beginner" | ... 2 more ... | undefined; ... 10 more ...; last_login?: string | ... 1 more ... | undefined; } | ... 9 more ... | ...'.
src/lib/monitoring/alerts.ts(358,15): error TS2769: No overload matches this call.
  Overload 1 of 2, '(relation: "users" | "vocabulary_lists" | "vocabulary_items" | "sessions" | "images" | "descriptions" | "questions" | "learning_progress" | "answers" | "phrases" | "analytics_events"): PostgrestQueryBuilder<...>', gave the following error.
    Argument of type '"system_alerts"' is not assignable to parameter of type '"users" | "vocabulary_lists" | "vocabulary_items" | "sessions" | "images" | "descriptions" | "questions" | "learning_progress" | "answers" | "phrases" | "analytics_events"'.
  Overload 2 of 2, '(relation: never): PostgrestQueryBuilder<{ PostgrestVersion: "12"; }, { Tables: { users: { Row: { id: string; email: string; username: string | null; full_name: string | null; avatar_url: string | null; spanish_level: "beginner" | ... 1 more ... | "advanced"; ... 10 more ...; last_login: string | null; }; Insert: { ...; }; Update: { ...; }; Relationships: []; }; ... 9 more ...; analytics_events: { ...; }; }; Views: {}; Functions: {}; Enums: { ...; }; CompositeTypes: {}; }, never, never, never>', gave the following error.
    Argument of type '"system_alerts"' is not assignable to parameter of type 'never'.
src/lib/monitoring/alerts.ts(371,19): error TS2339: Property 'alert_type' does not exist on type '{ id: string; email: string; username: string | null; full_name: string | null; avatar_url: string | null; spanish_level: "beginner" | "intermediate" | "advanced"; is_authenticated: boolean; ... 9 more ...; last_login: string | null; } | ... 9 more ... | { ...; }'.
  Property 'alert_type' does not exist on type '{ id: string; email: string; username: string | null; full_name: string | null; avatar_url: string | null; spanish_level: "beginner" | "intermediate" | "advanced"; is_authenticated: boolean; ... 9 more ...; last_login: string | null; }'.
src/lib/monitoring/alerts.ts(372,23): error TS2339: Property 'severity' does not exist on type '{ id: string; email: string; username: string | null; full_name: string | null; avatar_url: string | null; spanish_level: "beginner" | "intermediate" | "advanced"; is_authenticated: boolean; ... 9 more ...; last_login: string | null; } | ... 9 more ... | { ...; }'.
  Property 'severity' does not exist on type '{ id: string; email: string; username: string | null; full_name: string | null; avatar_url: string | null; spanish_level: "beginner" | "intermediate" | "advanced"; is_authenticated: boolean; ... 9 more ...; last_login: string | null; }'.
src/lib/monitoring/alerts.ts(373,20): error TS2339: Property 'event_data' does not exist on type '{ id: string; email: string; username: string | null; full_name: string | null; avatar_url: string | null; spanish_level: "beginner" | "intermediate" | "advanced"; is_authenticated: boolean; ... 9 more ...; last_login: string | null; } | ... 9 more ... | { ...; }'.
  Property 'event_data' does not exist on type '{ id: string; email: string; username: string | null; full_name: string | null; avatar_url: string | null; spanish_level: "beginner" | "intermediate" | "advanced"; is_authenticated: boolean; ... 9 more ...; last_login: string | null; }'.
src/lib/monitoring/alerts.ts(373,45): error TS2339: Property 'alert_type' does not exist on type '{ id: string; email: string; username: string | null; full_name: string | null; avatar_url: string | null; spanish_level: "beginner" | "intermediate" | "advanced"; is_authenticated: boolean; ... 9 more ...; last_login: string | null; } | ... 9 more ... | { ...; }'.
  Property 'alert_type' does not exist on type '{ id: string; email: string; username: string | null; full_name: string | null; avatar_url: string | null; spanish_level: "beginner" | "intermediate" | "advanced"; is_authenticated: boolean; ... 9 more ...; last_login: string | null; }'.
src/lib/monitoring/alerts.ts(374,22): error TS2339: Property 'message' does not exist on type '{ id: string; email: string; username: string | null; full_name: string | null; avatar_url: string | null; spanish_level: "beginner" | "intermediate" | "advanced"; is_authenticated: boolean; ... 9 more ...; last_login: string | null; } | ... 9 more ... | { ...; }'.
  Property 'message' does not exist on type '{ id: string; email: string; username: string | null; full_name: string | null; avatar_url: string | null; spanish_level: "beginner" | "intermediate" | "advanced"; is_authenticated: boolean; ... 9 more ...; last_login: string | null; }'.
src/lib/monitoring/alerts.ts(375,23): error TS2339: Property 'event_data' does not exist on type '{ id: string; email: string; username: string | null; full_name: string | null; avatar_url: string | null; spanish_level: "beginner" | "intermediate" | "advanced"; is_authenticated: boolean; ... 9 more ...; last_login: string | null; } | ... 9 more ... | { ...; }'.
  Property 'event_data' does not exist on type '{ id: string; email: string; username: string | null; full_name: string | null; avatar_url: string | null; spanish_level: "beginner" | "intermediate" | "advanced"; is_authenticated: boolean; ... 9 more ...; last_login: string | null; }'.
src/lib/monitoring/alerts.ts(376,24): error TS2339: Property 'event_data' does not exist on type '{ id: string; email: string; username: string | null; full_name: string | null; avatar_url: string | null; spanish_level: "beginner" | "intermediate" | "advanced"; is_authenticated: boolean; ... 9 more ...; last_login: string | null; } | ... 9 more ... | { ...; }'.
  Property 'event_data' does not exist on type '{ id: string; email: string; username: string | null; full_name: string | null; avatar_url: string | null; spanish_level: "beginner" | "intermediate" | "advanced"; is_authenticated: boolean; ... 9 more ...; last_login: string | null; }'.
src/lib/monitoring/alerts.ts(377,27): error TS2339: Property 'event_data' does not exist on type '{ id: string; email: string; username: string | null; full_name: string | null; avatar_url: string | null; spanish_level: "beginner" | "intermediate" | "advanced"; is_authenticated: boolean; ... 9 more ...; last_login: string | null; } | ... 9 more ... | { ...; }'.
  Property 'event_data' does not exist on type '{ id: string; email: string; username: string | null; full_name: string | null; avatar_url: string | null; spanish_level: "beginner" | "intermediate" | "advanced"; is_authenticated: boolean; ... 9 more ...; last_login: string | null; }'.
src/lib/monitoring/alerts.ts(378,27): error TS2339: Property 'acknowledged' does not exist on type '{ id: string; email: string; username: string | null; full_name: string | null; avatar_url: string | null; spanish_level: "beginner" | "intermediate" | "advanced"; is_authenticated: boolean; ... 9 more ...; last_login: string | null; } | ... 9 more ... | { ...; }'.
  Property 'acknowledged' does not exist on type '{ id: string; email: string; username: string | null; full_name: string | null; avatar_url: string | null; spanish_level: "beginner" | "intermediate" | "advanced"; is_authenticated: boolean; ... 9 more ...; last_login: string | null; }'.
src/lib/monitoring/alerts.ts(379,23): error TS2339: Property 'resolved' does not exist on type '{ id: string; email: string; username: string | null; full_name: string | null; avatar_url: string | null; spanish_level: "beginner" | "intermediate" | "advanced"; is_authenticated: boolean; ... 9 more ...; last_login: string | null; } | ... 9 more ... | { ...; }'.
  Property 'resolved' does not exist on type '{ id: string; email: string; username: string | null; full_name: string | null; avatar_url: string | null; spanish_level: "beginner" | "intermediate" | "advanced"; is_authenticated: boolean; ... 9 more ...; last_login: string | null; }'.
src/lib/monitoring/claude-metrics.ts(68,48): error TS2339: Property 'getTransaction' does not exist on type 'Scope'.
src/lib/monitoring/claude-metrics.ts(137,48): error TS2339: Property 'getTransaction' does not exist on type 'Scope'.
src/lib/monitoring/claude-metrics.ts(235,43): error TS2339: Property 'getTransaction' does not exist on type 'Scope'.
src/lib/monitoring/fraud-detector.ts(590,9): error TS2322: Type 'string[] | undefined' is not assignable to type 'string[]'.
  Type 'undefined' is not assignable to type 'string[]'.
src/lib/monitoring/fraud-detector.ts(593,9): error TS2322: Type 'number[] | undefined' is not assignable to type 'number[]'.
  Type 'undefined' is not assignable to type 'number[]'.
src/lib/monitoring/fraud-detector.ts(736,5): error TS2322: Type '(FraudEvent | undefined)[]' is not assignable to type 'FraudEvent[]'.
  Type 'FraudEvent | undefined' is not assignable to type 'FraudEvent'.
    Type 'undefined' is not assignable to type 'FraudEvent'.
src/lib/monitoring/hooks.ts(6,10): error TS2300: Duplicate identifier 'logger'.
src/lib/monitoring/hooks.ts(10,10): error TS2300: Duplicate identifier 'logger'.
src/lib/monitoring/hooks.ts(324,16): error TS2339: Property 'error' does not exist on type 'StructuredLogger'.
src/lib/monitoring/hooks.ts(397,14): error TS2339: Property 'error' does not exist on type 'StructuredLogger'.
src/lib/monitoring/index.ts(62,39): error TS2304: Cannot find name 'MonitoringConfig'.
src/lib/monitoring/middleware.ts(103,7): error TS2322: Type 'MemoryUsage | undefined' is not assignable to type '{ used: number; total: number; external: number; heapUsed: number; heapTotal: number; } | undefined'.
  Type 'MemoryUsage' is missing the following properties from type '{ used: number; total: number; external: number; heapUsed: number; heapTotal: number; }': used, total
src/lib/monitoring/middleware.ts(114,9): error TS2345: Argument of type 'string | undefined' is not assignable to parameter of type 'string'.
  Type 'undefined' is not assignable to type 'string'.
src/lib/performance/connection-pool.ts(1,28): error TS2305: Module '"generic-pool"' has no exported member 'PoolOptions'.
src/lib/performance/connection-pool.ts(79,20): error TS2551: Property '_httpAgent' does not exist on type 'PooledClient'. Did you mean 'httpAgent'?
src/lib/performance/connection-pool.ts(82,66): error TS2345: Argument of type 'unknown' is not assignable to parameter of type 'LogContext | undefined'.
src/lib/performance/connection-pool.ts(99,7): error TS2561: Object literal may only specify known properties, but 'createTimeoutMillis' does not exist in type 'Options'. Did you mean to write 'acquireTimeoutMillis'?
src/lib/performance/connection-pool.ts(111,30): error TS2353: Object literal may only specify known properties, and 'limit' does not exist in type 'RequestOptions<unknown>'.
src/lib/performance/connection-pool.ts(119,59): error TS2345: Argument of type 'unknown' is not assignable to parameter of type 'LogContext | undefined'.
src/lib/performance/connection-pool.ts(182,26): error TS2339: Property 'invalid' does not exist on type 'Pool<PooledClient>'.
src/lib/performance/index.ts(95,25): error TS2304: Cannot find name 'getPerformanceMonitor'.
src/lib/performance/index.ts(104,23): error TS2304: Cannot find name 'getCache'.
src/lib/performance/index.ts(110,22): error TS2304: Cannot find name 'poolManager'.
src/lib/performance/index.ts(132,23): error TS2304: Cannot find name 'getPerformanceMonitor'.
src/lib/performance/index.ts(139,58): error TS18046: 'error' is of type 'unknown'.
src/lib/performance/index.ts(145,26): error TS2304: Cannot find name 'poolManager'.
src/lib/performance/index.ts(149,13): error TS18046: 'stats' is of type 'unknown'.
src/lib/performance/index.ts(149,38): error TS18046: 'stats' is of type 'unknown'.
src/lib/performance/index.ts(154,56): error TS18046: 'error' is of type 'unknown'.
src/lib/performance/index.ts(160,29): error TS2304: Cannot find name 'circuitBreakerRegistry'.
src/lib/performance/index.ts(166,59): error TS18046: 'error' is of type 'unknown'.
src/lib/performance/index.ts(172,21): error TS2304: Cannot find name 'getCache'.
src/lib/performance/index.ts(179,58): error TS18046: 'error' is of type 'unknown'.
src/lib/performance/index.ts(197,21): error TS2304: Cannot find name 'getPerformanceMonitor'.
src/lib/performance/index.ts(202,14): error TS2304: Cannot find name 'poolManager'.
src/lib/performance/index.ts(203,17): error TS2304: Cannot find name 'circuitBreakerRegistry'.
src/lib/performance/index.ts(204,20): error TS2304: Cannot find name 'getCache'.
src/lib/performance/index.ts(212,13): error TS2304: Cannot find name 'poolManager'.
src/lib/performance/index.ts(215,21): error TS2304: Cannot find name 'getCache'.
src/lib/performance/index.ts(219,23): error TS2304: Cannot find name 'getPerformanceMonitor'.
src/lib/performance/index.ts(271,23): error TS2304: Cannot find name 'getPerformanceMonitor'.
src/lib/performance/index.ts(300,19): error TS2304: Cannot find name 'getCache'.
src/lib/performance/index.ts(321,20): error TS2304: Cannot find name 'CircuitBreakerConfig'.
src/lib/performance/index.ts(323,19): error TS2304: Cannot find name 'circuitBreakerRegistry'.
src/lib/performance/resource-pool.ts(80,21): error TS2345: Argument of type 'Promise<void | T>' is not assignable to parameter of type 'Promise<void>'.
  Type 'void | T' is not assignable to type 'void'.
    Type 'T' is not assignable to type 'void'.
      Type 'PooledResource' is not assignable to type 'void'.
src/lib/rate-limiting/index.ts(53,12): error TS2304: Cannot find name 'RateLimitMiddleware'.
src/lib/rate-limiting/index.ts(59,12): error TS2304: Cannot find name 'RateLimitMiddleware'.
src/lib/rate-limiting/index.ts(65,11): error TS2304: Cannot find name 'RateLimitMiddleware'.
src/lib/rate-limiting/index.ts(70,17): error TS2304: Cannot find name 'RateLimitMiddleware'.
src/lib/rate-limiting/index.ts(75,13): error TS2304: Cannot find name 'RateLimitMiddleware'.
src/lib/rate-limiting/index.ts(83,19): error TS2304: Cannot find name 'RateLimitConfigs'.
src/lib/rate-limiting/index.ts(84,10): error TS2304: Cannot find name 'RateLimitConfigs'.
src/lib/rate-limiting/index.ts(85,11): error TS2304: Cannot find name 'RateLimitConfigs'.
src/lib/rate-limiting/index.ts(88,19): error TS2304: Cannot find name 'RateLimitConfigs'.
src/lib/rate-limiting/index.ts(89,15): error TS2304: Cannot find name 'RateLimitConfigs'.
src/lib/rate-limiting/index.ts(90,11): error TS2304: Cannot find name 'RateLimitConfigs'.
src/lib/rate-limiting/index.ts(93,24): error TS2304: Cannot find name 'RateLimitConfigs'.
src/lib/rate-limiting/index.ts(94,15): error TS2304: Cannot find name 'RateLimitConfigs'.
src/lib/rate-limiting/index.ts(95,16): error TS2304: Cannot find name 'RateLimitConfigs'.
src/lib/rate-limiting/index.ts(165,25): error TS2304: Cannot find name 'getRateLimiter'.
src/lib/rate-limiting/middleware.ts(4,15): error TS2305: Module '"@/types/api"' has no exported member 'ErrorResponse'.
src/lib/rate-limiting/middleware.ts(133,5): error TS2353: Object literal may only specify known properties, and 'success' does not exist in type 'RateLimitErrorResponse'.
src/lib/rate-limiting/middleware.ts(157,39): error TS18048: 'errorResponse.details' is possibly 'undefined'.
src/lib/rate-limiting/middleware.ts(220,17): error TS2339: Property 'ip' does not exist on type 'NextRequest'.
src/lib/rate-limiting/middleware.ts(249,73): error TS2345: Argument of type 'unknown' is not assignable to parameter of type 'LogContext | undefined'.
src/lib/rate-limiting/rate-limiter.ts(105,26): error TS2769: No overload matches this call.
  Overload 1 of 8, '(options: RedisOptions): Redis', gave the following error.
    Object literal may only specify known properties, and 'retryDelayOnFailover' does not exist in type 'RedisOptions'.
  Overload 2 of 8, '(port: number): Redis', gave the following error.
    Argument of type '{ host: string; port: number; password: string | undefined; db: number; keyPrefix: string; maxRetriesPerRequest: number; retryDelayOnFailover: number; enableOfflineQueue: boolean; lazyConnect: boolean; connectTimeout: number; commandTimeout: number; }' is not assignable to parameter of type 'number'.
  Overload 3 of 8, '(path: string): Redis', gave the following error.
    Argument of type '{ host: string; port: number; password: string | undefined; db: number; keyPrefix: string; maxRetriesPerRequest: number; retryDelayOnFailover: number; enableOfflineQueue: boolean; lazyConnect: boolean; connectTimeout: number; commandTimeout: number; }' is not assignable to parameter of type 'string'.
src/lib/rate-limiting/rate-limiter.ts(141,88): error TS2345: Argument of type 'unknown' is not assignable to parameter of type 'LogContext | undefined'.
src/lib/rate-limiting/rate-limiter.ts(166,19): error TS2339: Property 'ip' does not exist on type 'NextRequest'.
src/lib/schemas/api-validation.ts(836,28): error TS2339: Property 'input' does not exist on type 'ZodIssue'.
  Property 'input' does not exist on type 'ZodCustomIssue & { fatal?: boolean | undefined; message: string; }'.
src/lib/security/config.example.ts(62,3): error TS2322: Type '{ enabled: false; endpoint?: string | undefined; token?: string; roleId?: string; secretId?: string; namespace?: string; }' is not assignable to type '{ enabled: boolean; endpoint: string; token?: string | undefined; roleId?: string | undefined; secretId?: string | undefined; namespace?: string | undefined; }'.
  Types of property 'endpoint' are incompatible.
    Type 'string | undefined' is not assignable to type 'string'.
      Type 'undefined' is not assignable to type 'string'.
src/lib/security/config.example.ts(66,3): error TS2322: Type '{ enabled: false; schedule?: string | undefined; maxAge?: number | undefined; gracePeriod?: number | undefined; }' is not assignable to type '{ enabled: boolean; schedule: string; maxAge: number; gracePeriod: number; }'.
  Types of property 'schedule' are incompatible.
    Type 'string | undefined' is not assignable to type 'string'.
      Type 'undefined' is not assignable to type 'string'.
src/lib/security/config.example.ts(70,3): error TS2322: Type '{ secure: false; maxAge?: number | undefined; rolling?: boolean | undefined; }' is not assignable to type '{ maxAge: number; secure: boolean; rolling: boolean; }'.
  Types of property 'maxAge' are incompatible.
    Type 'number | undefined' is not assignable to type 'number'.
      Type 'undefined' is not assignable to type 'number'.
src/lib/security/config.example.ts(74,3): error TS2322: Type '{ level: string; enabled?: boolean | undefined; filename?: string; }' is not assignable to type '{ enabled: boolean; level: string; filename?: string | undefined; }'.
  Types of property 'enabled' are incompatible.
    Type 'boolean | undefined' is not assignable to type 'boolean'.
      Type 'undefined' is not assignable to type 'boolean'.
src/lib/security/config.example.ts(83,3): error TS2322: Type '{ enabled: true; endpoint?: string | undefined; token?: string; roleId?: string; secretId?: string; namespace?: string; }' is not assignable to type '{ enabled: boolean; endpoint: string; token?: string | undefined; roleId?: string | undefined; secretId?: string | undefined; namespace?: string | undefined; }'.
  Types of property 'endpoint' are incompatible.
    Type 'string | undefined' is not assignable to type 'string'.
      Type 'undefined' is not assignable to type 'string'.
src/lib/security/config.example.ts(87,3): error TS2322: Type '{ enabled: true; schedule?: string | undefined; maxAge?: number | undefined; gracePeriod?: number | undefined; }' is not assignable to type '{ enabled: boolean; schedule: string; maxAge: number; gracePeriod: number; }'.
  Types of property 'schedule' are incompatible.
    Type 'string | undefined' is not assignable to type 'string'.
      Type 'undefined' is not assignable to type 'string'.
src/lib/security/config.example.ts(91,3): error TS2322: Type '{ secure: true; maxAge: number; rolling?: boolean | undefined; }' is not assignable to type '{ maxAge: number; secure: boolean; rolling: boolean; }'.
  Types of property 'rolling' are incompatible.
    Type 'boolean | undefined' is not assignable to type 'boolean'.
      Type 'undefined' is not assignable to type 'boolean'.
src/lib/security/encryption.ts(381,37): error TS2345: Argument of type '"base32"' is not assignable to parameter of type 'BufferEncoding | undefined'.
src/lib/security/key-rotation.ts(54,32): error TS2304: Cannot find name 'SymmetricEncryption'.
src/lib/security/key-rotation.ts(55,33): error TS2304: Cannot find name 'AsymmetricEncryption'.
src/lib/security/key-rotation.ts(58,21): error TS2503: Cannot find namespace 'cron'.
src/lib/security/key-rotation.ts(65,36): error TS2304: Cannot find name 'SymmetricEncryption'.
src/lib/security/key-rotation.ts(66,37): error TS2304: Cannot find name 'AsymmetricEncryption'.
src/lib/security/key-rotation.ts(69,24): error TS2769: No overload matches this call.
  Overload 1 of 8, '(options: RedisOptions): Redis', gave the following error.
    Object literal may only specify known properties, and 'retryDelayOnFailover' does not exist in type 'RedisOptions'.
  Overload 2 of 8, '(port: number): Redis', gave the following error.
    Argument of type '{ host: string; port: number; password: string | undefined; db: number; retryDelayOnFailover: number; maxRetriesPerRequest: number; }' is not assignable to parameter of type 'number'.
  Overload 3 of 8, '(path: string): Redis', gave the following error.
    Argument of type '{ host: string; port: number; password: string | undefined; db: number; retryDelayOnFailover: number; maxRetriesPerRequest: number; }' is not assignable to parameter of type 'string'.
src/lib/security/key-rotation.ts(88,9): error TS2353: Object literal may only specify known properties, and 'scheduled' does not exist in type 'TaskOptions'.
src/lib/security/key-rotation.ts(100,16): error TS18046: 'error' is of type 'unknown'.
src/lib/security/key-rotation.ts(136,58): error TS18046: 'error' is of type 'unknown'.
src/lib/security/key-rotation.ts(152,17): error TS2322: Type 'KeyMetadata | undefined' is not assignable to type 'KeyMetadata'.
  Type 'undefined' is not assignable to type 'KeyMetadata'.
src/lib/security/key-rotation.ts(161,69): error TS18046: 'error' is of type 'unknown'.
src/lib/security/key-rotation.ts(238,19): error TS18046: 'error' is of type 'unknown'.
src/lib/security/key-rotation.ts(243,16): error TS18046: 'error' is of type 'unknown'.
src/lib/security/key-rotation.ts(262,71): error TS18046: 'error' is of type 'unknown'.
src/lib/security/key-rotation.ts(280,71): error TS18046: 'error' is of type 'unknown'.
src/lib/security/key-rotation.ts(294,71): error TS18046: 'error' is of type 'unknown'.
src/lib/security/key-rotation.ts(335,63): error TS18046: 'error' is of type 'unknown'.
src/lib/security/key-rotation.ts(355,16): error TS18046: 'error' is of type 'unknown'.
src/lib/security/key-rotation.ts(391,16): error TS18046: 'error' is of type 'unknown'.
src/lib/security/key-rotation.ts(405,13): error TS2322: Type 'KeyMetadata | undefined' is not assignable to type 'KeyMetadata'.
  Type 'undefined' is not assignable to type 'KeyMetadata'.
src/lib/security/key-rotation.ts(408,62): error TS18046: 'error' is of type 'unknown'.
src/lib/security/rateLimit.ts(121,21): error TS2304: Cannot find name 'safeParse'.
src/lib/security/rateLimit.ts(130,59): error TS2304: Cannot find name 'safeStringify'.
src/lib/security/sanitization.ts(412,61): error TS2345: Argument of type 'unknown' is not assignable to parameter of type 'LogContext | undefined'.
src/lib/security/secrets-manager.ts(63,24): error TS2339: Property 'encrypt' does not exist on type 'typeof CryptoUtils'.
src/lib/security/secrets-manager.ts(70,24): error TS2339: Property 'decrypt' does not exist on type 'typeof CryptoUtils'.
src/lib/security/secrets-manager.ts(102,16): error TS18046: 'error' is of type 'unknown'.
src/lib/security/secrets-manager.ts(125,17): error TS2352: Conversion of type 'string | number | boolean' to type 'string[]' may be a mistake because neither type sufficiently overlaps with the other. If this was intentional, convert the expression to 'unknown' first.
  Type 'boolean' is not comparable to type 'string[]'.
src/lib/security/secrets-manager.ts(283,24): error TS2769: No overload matches this call.
  Overload 1 of 8, '(options: RedisOptions): Redis', gave the following error.
    Object literal may only specify known properties, and 'retryDelayOnFailover' does not exist in type 'RedisOptions'.
  Overload 2 of 8, '(port: number): Redis', gave the following error.
    Argument of type '{ host: string; port: number; password: string | undefined; db: number; retryDelayOnFailover: number; maxRetriesPerRequest: number; }' is not assignable to parameter of type 'number'.
  Overload 3 of 8, '(path: string): Redis', gave the following error.
    Argument of type '{ host: string; port: number; password: string | undefined; db: number; retryDelayOnFailover: number; maxRetriesPerRequest: number; }' is not assignable to parameter of type 'string'.
src/lib/security/secrets-manager.ts(456,58): error TS18046: 'error' is of type 'unknown'.
src/lib/security/secrets-manager.ts(472,58): error TS18046: 'error' is of type 'unknown'.
src/lib/security/secrets-manager.ts(488,61): error TS18046: 'error' is of type 'unknown'.
src/lib/security/secrets-manager.ts(497,63): error TS18046: 'error' is of type 'unknown'.
src/lib/security/secrets-manager.ts(506,70): error TS18046: 'error' is of type 'unknown'.
src/lib/security/secure-middleware.ts(32,56): error TS2339: Property 'generateRandomString' does not exist on type 'typeof CryptoUtils'.
src/lib/security/secure-middleware.ts(47,57): error TS2339: Property 'generateRandomString' does not exist on type 'typeof CryptoUtils'.
src/lib/security/secure-middleware.ts(102,14): error TS18046: 'error' is of type 'unknown'.
src/lib/security/secure-middleware.ts(133,11): error TS2769: No overload matches this call.
  Overload 1 of 2, '(input: string | URL | Request, init?: RequestInit | undefined): Promise<Response>', gave the following error.
    Object literal may only specify known properties, and 'timeout' does not exist in type 'RequestInit'.
  Overload 2 of 2, '(input: URL | RequestInfo, init?: RequestInit | undefined): Promise<Response>', gave the following error.
    Object literal may only specify known properties, and 'timeout' does not exist in type 'RequestInit'.
src/lib/security/secure-middleware.ts(160,11): error TS2769: No overload matches this call.
  Overload 1 of 2, '(input: string | URL | Request, init?: RequestInit | undefined): Promise<Response>', gave the following error.
    Object literal may only specify known properties, and 'timeout' does not exist in type 'RequestInit'.
  Overload 2 of 2, '(input: URL | RequestInfo, init?: RequestInit | undefined): Promise<Response>', gave the following error.
    Object literal may only specify known properties, and 'timeout' does not exist in type 'RequestInit'.
src/lib/security/secure-middleware.ts(218,64): error TS2345: Argument of type 'unknown' is not assignable to parameter of type 'Record<string, any> | undefined'.
src/lib/security/secure-middleware.ts(226,14): error TS18046: 'error' is of type 'unknown'.
src/lib/security/secure-middleware.ts(301,31): error TS2339: Property 'hash' does not exist on type 'typeof CryptoUtils'.
src/lib/security/secure-middleware.ts(314,31): error TS2339: Property 'hash' does not exist on type 'typeof CryptoUtils'.
src/lib/security/secure-middleware.ts(315,14): error TS18046: 'error' is of type 'unknown'.
src/lib/security/secure-middleware.ts(393,37): error TS2339: Property 'hash' does not exist on type 'typeof CryptoUtils'.
src/lib/security/secure-middleware.ts(479,16): error TS18046: 'error' is of type 'unknown'.
src/lib/security/secure-middleware.ts(505,13): error TS2339: Property 'ip' does not exist on type 'NextRequest'.
src/lib/security/secure-middleware.ts(508,22): error TS2339: Property 'hash' does not exist on type 'typeof CryptoUtils'.
src/lib/security/secure-middleware.ts(566,60): error TS18046: 'error' is of type 'unknown'.
src/lib/security/session-manager.ts(76,51): error TS2339: Property 'key' does not exist on type '{ enabled: boolean; algorithm?: "AES-GCM" | "AES-CBC" | undefined; }'.
src/lib/security/session-manager.ts(80,24): error TS2769: No overload matches this call.
  Overload 1 of 8, '(options: RedisOptions): Redis', gave the following error.
    Object literal may only specify known properties, and 'retryDelayOnFailover' does not exist in type 'RedisOptions'.
  Overload 2 of 8, '(port: number): Redis', gave the following error.
    Argument of type '{ host: string; port: number; password: string | undefined; db: number; keyPrefix: string; retryDelayOnFailover: number; maxRetriesPerRequest: number; }' is not assignable to parameter of type 'number'.
  Overload 3 of 8, '(path: string): Redis', gave the following error.
    Argument of type '{ host: string; port: number; password: string | undefined; db: number; keyPrefix: string; retryDelayOnFailover: number; maxRetriesPerRequest: number; }' is not assignable to parameter of type 'string'.
src/lib/security/session-manager.ts(170,39): error TS18046: 'error' is of type 'unknown'.
src/lib/security/session-manager.ts(200,39): error TS18046: 'error' is of type 'unknown'.
src/lib/security/session-manager.ts(230,39): error TS18046: 'error' is of type 'unknown'.
src/lib/security/session-manager.ts(276,28): error TS18046: 'error' is of type 'unknown'.
src/lib/security/session-manager.ts(315,65): error TS18046: 'error' is of type 'unknown'.
src/lib/security/session-manager.ts(331,37): error TS2339: Property 'encrypt' does not exist on type 'typeof CryptoUtils'.
src/lib/security/session-manager.ts(346,38): error TS2339: Property 'decrypt' does not exist on type 'typeof CryptoUtils'.
src/lib/security/session-manager.ts(349,38): error TS2339: Property 'decrypt' does not exist on type 'typeof CryptoUtils'.
src/lib/security/session-manager.ts(374,28): error TS18046: 'error' is of type 'unknown'.
src/lib/security/session-manager.ts(446,35): error TS2345: Argument of type '(key: any, value: any) => any' is not assignable to parameter of type 'string'.
src/lib/security/session-manager.ts(446,36): error TS7006: Parameter 'key' implicitly has an 'any' type.
src/lib/security/session-manager.ts(446,41): error TS7006: Parameter 'value' implicitly has an 'any' type.
src/lib/security/session-manager.ts(455,5): error TS2322: Type 'SessionData | undefined' is not assignable to type 'SessionData'.
  Type 'undefined' is not assignable to type 'SessionData'.
src/lib/security/session-manager.ts(455,34): error TS2345: Argument of type '(key: any, value: any) => any' is not assignable to parameter of type 'SessionData'.
src/lib/security/session-manager.ts(455,35): error TS7006: Parameter 'key' implicitly has an 'any' type.
src/lib/security/session-manager.ts(455,40): error TS7006: Parameter 'value' implicitly has an 'any' type.
src/lib/security/session-manager.ts(501,60): error TS18046: 'error' is of type 'unknown'.
src/lib/security/validation.ts(20,37): error TS1005: ')' expected.
src/lib/security/vault-client.ts(33,5): error TS2740: Type 'AuditLogger' is missing the following properties from type 'Logger': silent, format, levels, level, and 110 more.
src/lib/security/vault-client.ts(44,9): error TS2353: Object literal may only specify known properties, and 'timeout' does not exist in type 'VaultOptions'.
src/lib/security/vault-client.ts(105,16): error TS18046: 'error' is of type 'unknown'.
src/lib/security/vault-client.ts(128,16): error TS18046: 'error' is of type 'unknown'.
src/lib/security/vault-client.ts(150,16): error TS18046: 'error' is of type 'unknown'.
src/lib/security/vault-client.ts(167,16): error TS18046: 'error' is of type 'unknown'.
src/lib/security/vault-client.ts(194,16): error TS18046: 'error' is of type 'unknown'.
src/lib/security/vault-client.ts(211,59): error TS18046: 'error' is of type 'unknown'.
src/lib/security/vault-client.ts(223,60): error TS18046: 'error' is of type 'unknown'.
src/lib/security/vault-client.ts(233,63): error TS18046: 'error' is of type 'unknown'.
src/lib/security/vault-client.ts(251,64): error TS18046: 'error' is of type 'unknown'.
src/lib/services/enhancedVocabularyService.ts(113,61): error TS2345: Argument of type 'unknown' is not assignable to parameter of type 'LogContext | undefined'.
src/lib/services/enhancedVocabularyService.ts(135,49): error TS2345: Argument of type 'unknown' is not assignable to parameter of type 'LogContext | undefined'.
src/lib/services/enhancedVocabularyService.ts(146,51): error TS2345: Argument of type 'unknown' is not assignable to parameter of type 'LogContext | undefined'.
src/lib/services/enhancedVocabularyService.ts(342,11): error TS2322: Type '{ id: string; vocabulary_list_id: string | null; spanish_text: string; english_translation: string; part_of_speech: "noun" | "verb" | "adjective" | "adverb" | "preposition" | "article" | "pronoun" | "conjunction" | "interjection" | "other"; ... 26 more ...; created_at: string; }[]' is not assignable to type 'EnhancedVocabularyItem[]'.
  Type '{ id: string; vocabulary_list_id: string | null; spanish_text: string; english_translation: string; part_of_speech: "noun" | "verb" | "adjective" | "adverb" | "preposition" | "article" | "pronoun" | "conjunction" | "interjection" | "other"; ... 26 more ...; created_at: string; }' is not assignable to type 'EnhancedVocabularyItem'.
    Types of property 'category' are incompatible.
      Type 'string | null' is not assignable to type 'string'.
        Type 'null' is not assignable to type 'string'.
src/lib/services/enhancedVocabularyService.ts(365,37): error TS2345: Argument of type 'unknown' is not assignable to parameter of type 'LogContext | undefined'.
src/lib/services/enhancedVocabularyService.ts(441,48): error TS2345: Argument of type 'unknown' is not assignable to parameter of type 'LogContext | undefined'.
src/lib/services/enhancedVocabularyService.ts(515,57): error TS2345: Argument of type 'unknown' is not assignable to parameter of type 'LogContext | undefined'.
src/lib/services/enhancedVocabularyService.ts(550,44): error TS2345: Argument of type 'string[]' is not assignable to parameter of type 'readonly ("beginner" | "intermediate" | "advanced")[]'.
  Type 'string' is not assignable to type '"beginner" | "intermediate" | "advanced"'.
src/lib/services/enhancedVocabularyService.ts(601,14): error TS2322: Type '{ id: string; vocabulary_list_id: string | null; spanish_text: string; english_translation: string; part_of_speech: "noun" | "verb" | "adjective" | "adverb" | "preposition" | "article" | "pronoun" | "conjunction" | "interjection" | "other"; ... 26 more ...; created_at: string; }[]' is not assignable to type 'EnhancedVocabularyItem[]'.
  Type '{ id: string; vocabulary_list_id: string | null; spanish_text: string; english_translation: string; part_of_speech: "noun" | "verb" | "adjective" | "adverb" | "preposition" | "article" | "pronoun" | "conjunction" | "interjection" | "other"; ... 26 more ...; created_at: string; }' is not assignable to type 'EnhancedVocabularyItem'.
    Types of property 'category' are incompatible.
      Type 'string | null' is not assignable to type 'string'.
        Type 'null' is not assignable to type 'string'.
src/lib/services/enhancedVocabularyService.ts(609,50): error TS2551: Property 'getAllVocabularyItems' does not exist on type 'VocabularyService'. Did you mean 'getAllVocabulary'?
src/lib/services/enhancedVocabularyService.ts(655,9): error TS2322: Type '{ id: string; vocabulary_list_id: string | null; spanish_text: string; english_translation: string; part_of_speech: "noun" | "verb" | "adjective" | "adverb" | "preposition" | "article" | "pronoun" | "conjunction" | "interjection" | "other"; ... 26 more ...; created_at: string; }' is not assignable to type 'EnhancedVocabularyItem'.
  Types of property 'category' are incompatible.
    Type 'string | null' is not assignable to type 'string'.
      Type 'null' is not assignable to type 'string'.
src/lib/services/enhancedVocabularyService.ts(658,54): error TS2345: Argument of type 'unknown' is not assignable to parameter of type 'LogContext | undefined'.
src/lib/services/exportService.ts(375,53): error TS2345: Argument of type 'null' is not assignable to parameter of type 'string | undefined'.
src/lib/services/index.ts(195,69): error TS2345: Argument of type 'unknown' is not assignable to parameter of type 'LogContext | undefined'.
src/lib/services/openaiService.ts(62,65): error TS2345: Argument of type 'unknown' is not assignable to parameter of type 'Record<string, any> | undefined'.
src/lib/services/openaiService.ts(145,66): error TS2345: Argument of type 'unknown' is not assignable to parameter of type 'Record<string, any> | undefined'.
src/lib/services/openaiService.ts(273,58): error TS2345: Argument of type 'unknown' is not assignable to parameter of type 'Record<string, any> | undefined'.
src/lib/services/openaiService.ts(336,61): error TS2345: Argument of type 'unknown' is not assignable to parameter of type 'Record<string, any> | undefined'.
src/lib/services/openaiService.ts(388,55): error TS2345: Argument of type 'unknown' is not assignable to parameter of type 'Record<string, any> | undefined'.
src/lib/services/progressService.ts(204,58): error TS2345: Argument of type 'unknown' is not assignable to parameter of type 'LogContext | undefined'.
src/lib/services/progressService.ts(247,57): error TS2345: Argument of type 'unknown' is not assignable to parameter of type 'LogContext | undefined'.
src/lib/services/progressService.ts(304,45): error TS2345: Argument of type 'unknown' is not assignable to parameter of type 'LogContext | undefined'.
src/lib/services/progressService.ts(347,51): error TS2345: Argument of type 'unknown' is not assignable to parameter of type 'LogContext | undefined'.
src/lib/services/progressService.ts(389,54): error TS2345: Argument of type 'unknown' is not assignable to parameter of type 'LogContext | undefined'.
src/lib/services/progressService.ts(474,51): error TS2345: Argument of type 'unknown' is not assignable to parameter of type 'LogContext | undefined'.
src/lib/services/progressService.ts(512,45): error TS2345: Argument of type 'unknown' is not assignable to parameter of type 'LogContext | undefined'.
src/lib/services/progressService.ts(553,61): error TS2345: Argument of type 'unknown' is not assignable to parameter of type 'LogContext | undefined'.
src/lib/services/progressService.ts(583,55): error TS2345: Argument of type 'unknown' is not assignable to parameter of type 'LogContext | undefined'.
src/lib/services/progressService.ts(641,54): error TS2345: Argument of type 'unknown' is not assignable to parameter of type 'LogContext | undefined'.
src/lib/services/progressService.ts(661,45): error TS2345: Argument of type 'unknown' is not assignable to parameter of type 'LogContext | undefined'.
src/lib/services/qaService.ts(161,55): error TS2345: Argument of type 'unknown' is not assignable to parameter of type 'Record<string, any> | undefined'.
src/lib/services/qaService.ts(176,63): error TS2345: Argument of type 'unknown' is not assignable to parameter of type 'Record<string, any> | undefined'.
src/lib/services/qaService.ts(216,59): error TS2345: Argument of type 'unknown' is not assignable to parameter of type 'Record<string, any> | undefined'.
src/lib/services/qaService.ts(242,46): error TS2345: Argument of type 'unknown' is not assignable to parameter of type 'Record<string, any> | undefined'.
src/lib/services/qaService.ts(278,50): error TS2345: Argument of type 'unknown' is not assignable to parameter of type 'Record<string, any> | undefined'.
src/lib/services/qaService.ts(291,19): error TS2769: No overload matches this call.
  Overload 1 of 2, '(relation: "users" | "vocabulary_lists" | "vocabulary_items" | "sessions" | "images" | "descriptions" | "questions" | "learning_progress" | "answers" | "phrases" | "analytics_events"): PostgrestQueryBuilder<...>', gave the following error.
    Argument of type '"qa_items"' is not assignable to parameter of type '"users" | "vocabulary_lists" | "vocabulary_items" | "sessions" | "images" | "descriptions" | "questions" | "learning_progress" | "answers" | "phrases" | "analytics_events"'.
  Overload 2 of 2, '(relation: never): PostgrestQueryBuilder<{ PostgrestVersion: "12"; }, { Tables: { users: { Row: { id: string; email: string; username: string | null; full_name: string | null; avatar_url: string | null; spanish_level: "beginner" | ... 1 more ... | "advanced"; ... 10 more ...; last_login: string | null; }; Insert: { ...; }; Update: { ...; }; Relationships: []; }; ... 9 more ...; analytics_events: { ...; }; }; Views: {}; Functions: {}; Enums: { ...; }; CompositeTypes: {}; }, never, never, never>', gave the following error.
    Argument of type '"qa_items"' is not assignable to parameter of type 'never'.
src/lib/services/qaService.ts(302,50): error TS2345: Argument of type 'unknown' is not assignable to parameter of type 'Record<string, any> | undefined'.
src/lib/services/qaService.ts(367,54): error TS2345: Argument of type 'unknown' is not assignable to parameter of type 'Record<string, any> | undefined'.
src/lib/services/qaService.ts(554,51): error TS2345: Argument of type 'unknown' is not assignable to parameter of type 'Record<string, any> | undefined'.
src/lib/services/qaService.ts(737,31): error TS2769: No overload matches this call.
  Overload 1 of 2, '(relation: "users" | "vocabulary_lists" | "vocabulary_items" | "sessions" | "images" | "descriptions" | "questions" | "learning_progress" | "answers" | "phrases" | "analytics_events"): PostgrestQueryBuilder<...>', gave the following error.
    Argument of type '"qa_items"' is not assignable to parameter of type '"users" | "vocabulary_lists" | "vocabulary_items" | "sessions" | "images" | "descriptions" | "questions" | "learning_progress" | "answers" | "phrases" | "analytics_events"'.
  Overload 2 of 2, '(relation: never): PostgrestQueryBuilder<{ PostgrestVersion: "12"; }, { Tables: { users: { Row: { id: string; email: string; username: string | null; full_name: string | null; avatar_url: string | null; spanish_level: "beginner" | ... 1 more ... | "advanced"; ... 10 more ...; last_login: string | null; }; Insert: { ...; }; Update: { ...; }; Relationships: []; }; ... 9 more ...; analytics_events: { ...; }; }; Views: {}; Functions: {}; Enums: { ...; }; CompositeTypes: {}; }, never, never, never>', gave the following error.
    Argument of type '"qa_items"' is not assignable to parameter of type 'never'.
src/lib/services/qaService.ts(789,14): error TS2322: Type '({ id: string; email: string; username: string | null; full_name: string | null; avatar_url: string | null; spanish_level: "beginner" | "intermediate" | "advanced"; is_authenticated: boolean; ... 9 more ...; last_login: string | null; } | ... 9 more ... | { ...; })[]' is not assignable to type 'QAItem[]'.
  Type '{ id: string; email: string; username: string | null; full_name: string | null; avatar_url: string | null; spanish_level: "beginner" | "intermediate" | "advanced"; is_authenticated: boolean; ... 9 more ...; last_login: string | null; } | ... 9 more ... | { ...; }' is not assignable to type 'QAItem'.
    Type '{ id: string; email: string; username: string | null; full_name: string | null; avatar_url: string | null; spanish_level: "beginner" | "intermediate" | "advanced"; is_authenticated: boolean; ... 9 more ...; last_login: string | null; }' is missing the following properties from type 'QAItem': question, answer, difficulty, category, createdAt
src/lib/services/qaService.ts(795,43): error TS2769: No overload matches this call.
  Overload 1 of 2, '(relation: "users" | "vocabulary_lists" | "vocabulary_items" | "sessions" | "images" | "descriptions" | "questions" | "learning_progress" | "answers" | "phrases" | "analytics_events"): PostgrestQueryBuilder<...>', gave the following error.
    Argument of type '"qa_items"' is not assignable to parameter of type '"users" | "vocabulary_lists" | "vocabulary_items" | "sessions" | "images" | "descriptions" | "questions" | "learning_progress" | "answers" | "phrases" | "analytics_events"'.
  Overload 2 of 2, '(relation: never): PostgrestQueryBuilder<{ PostgrestVersion: "12"; }, { Tables: { users: { Row: { id: string; email: string; username: string | null; full_name: string | null; avatar_url: string | null; spanish_level: "beginner" | ... 1 more ... | "advanced"; ... 10 more ...; last_login: string | null; }; Insert: { ...; }; Update: { ...; }; Relationships: []; }; ... 9 more ...; analytics_events: { ...; }; }; Views: {}; Functions: {}; Enums: { ...; }; CompositeTypes: {}; }, never, never, never>', gave the following error.
    Argument of type '"qa_items"' is not assignable to parameter of type 'never'.
src/lib/services/qaService.ts(823,59): error TS2345: Argument of type 'unknown' is not assignable to parameter of type 'Record<string, any> | undefined'.
src/lib/services/translationService.ts(142,67): error TS2345: Argument of type 'unknown' is not assignable to parameter of type 'LogContext | undefined'.
src/lib/services/translationService.ts(250,51): error TS2345: Argument of type 'unknown' is not assignable to parameter of type 'LogContext | undefined'.
src/lib/services/vocabularyService.ts(137,21): error TS2339: Property 'difficulty_level' does not exist on type 'VocabularyFilters'.
src/lib/services/vocabularyService.ts(138,56): error TS2339: Property 'difficulty_level' does not exist on type 'VocabularyFilters'.
src/lib/services/vocabularyService.ts(140,21): error TS2551: Property 'part_of_speech' does not exist on type 'VocabularyFilters'. Did you mean 'partOfSpeech'?
src/lib/services/vocabularyService.ts(141,54): error TS2551: Property 'part_of_speech' does not exist on type 'VocabularyFilters'. Did you mean 'partOfSpeech'?
src/lib/services/vocabularyService.ts(143,21): error TS2339: Property 'frequency_min' does not exist on type 'VocabularyFilters'.
src/lib/services/vocabularyService.ts(144,56): error TS2339: Property 'frequency_min' does not exist on type 'VocabularyFilters'.
src/lib/services/vocabularyService.ts(146,21): error TS2339: Property 'frequency_max' does not exist on type 'VocabularyFilters'.
src/lib/services/vocabularyService.ts(147,56): error TS2339: Property 'frequency_max' does not exist on type 'VocabularyFilters'.
src/lib/services/vocabularyService.ts(417,9): error TS2353: Object literal may only specify known properties, and 'total_words' does not exist in type 'VocabularyStats'.
src/lib/services/vocabularyService.ts(435,15): error TS2551: Property 'by_category' does not exist on type 'VocabularyStats'. Did you mean 'byCategory'?
src/lib/services/vocabularyService.ts(435,46): error TS2551: Property 'by_category' does not exist on type 'VocabularyStats'. Did you mean 'byCategory'?
src/lib/services/vocabularyService.ts(441,15): error TS2551: Property 'by_difficulty' does not exist on type 'VocabularyStats'. Did you mean 'byDifficulty'?
src/lib/services/vocabularyService.ts(441,50): error TS2551: Property 'by_difficulty' does not exist on type 'VocabularyStats'. Did you mean 'byDifficulty'?
src/lib/services/vocabularyService.ts(447,15): error TS2551: Property 'by_part_of_speech' does not exist on type 'VocabularyStats'. Did you mean 'byPartOfSpeech'?
src/lib/services/vocabularyService.ts(447,47): error TS2551: Property 'by_part_of_speech' does not exist on type 'VocabularyStats'. Did you mean 'byPartOfSpeech'?
src/lib/services/vocabularyService.ts(453,15): error TS2551: Property 'mastery_distribution' does not exist on type 'VocabularyStats'. Did you mean 'masteryDistribution'?
src/lib/services/vocabularyService.ts(453,52): error TS2551: Property 'mastery_distribution' does not exist on type 'VocabularyStats'. Did you mean 'masteryDistribution'?
src/lib/settings/settingsManager.ts(175,65): error TS2345: Argument of type 'unknown' is not assignable to parameter of type 'LogContext | undefined'.
src/lib/settings/settingsManager.ts(197,50): error TS2304: Cannot find name 'safeStringify'.
src/lib/settings/settingsManager.ts(224,46): error TS2304: Cannot find name 'safeStringify'.
src/lib/settings/settingsManager.ts(391,12): error TS2304: Cannot find name 'safeStringify'.
src/lib/storage/HybridStorageManager.ts(186,19): error TS2769: No overload matches this call.
  Overload 1 of 2, '(relation: "users" | "vocabulary_lists" | "vocabulary_items" | "sessions" | "images" | "descriptions" | "questions" | "learning_progress" | "answers" | "phrases" | "analytics_events"): PostgrestQueryBuilder<...>', gave the following error.
    Argument of type '"user_data"' is not assignable to parameter of type '"users" | "vocabulary_lists" | "vocabulary_items" | "sessions" | "images" | "descriptions" | "questions" | "learning_progress" | "answers" | "phrases" | "analytics_events"'.
  Overload 2 of 2, '(relation: never): PostgrestQueryBuilder<{ PostgrestVersion: "12"; }, { Tables: { users: { Row: { id: string; email: string; username: string | null; full_name: string | null; avatar_url: string | null; spanish_level: "beginner" | ... 1 more ... | "advanced"; ... 10 more ...; last_login: string | null; }; Insert: { ...; }; Update: { ...; }; Relationships: []; }; ... 9 more ...; analytics_events: { ...; }; }; Views: {}; Functions: {}; Enums: { ...; }; CompositeTypes: {}; }, never, never, never>', gave the following error.
    Argument of type '"user_data"' is not assignable to parameter of type 'never'.
src/lib/storage/HybridStorageManager.ts(187,14): error TS2769: No overload matches this call.
  Overload 1 of 2, '(values: { id?: string | undefined; email: string; username?: string | null | undefined; full_name?: string | null | undefined; avatar_url?: string | null | undefined; spanish_level?: "beginner" | "intermediate" | "advanced" | undefined; ... 10 more ...; last_login?: string | ... 1 more ... | undefined; } | ... 9 more ... | { ...; }, options?: { ...; } | undefined): PostgrestFilterBuilder<...>', gave the following error.
    Object literal may only specify known properties, and 'key' does not exist in type '{ id?: string | undefined; email: string; username?: string | null | undefined; full_name?: string | null | undefined; avatar_url?: string | null | undefined; spanish_level?: "beginner" | "intermediate" | "advanced" | undefined; ... 10 more ...; last_login?: string | ... 1 more ... | undefined; } | ... 8 more ... | ...'.
  Overload 2 of 2, '(values: ({ id?: string | undefined; email: string; username?: string | null | undefined; full_name?: string | null | undefined; avatar_url?: string | null | undefined; spanish_level?: "beginner" | "intermediate" | "advanced" | undefined; ... 10 more ...; last_login?: string | ... 1 more ... | undefined; } | ... 9 more ... | { ...; })[], options?: { ...; } | undefined): PostgrestFilterBuilder<...>', gave the following error.
    Object literal may only specify known properties, and 'category' does not exist in type '({ id?: string | undefined; email: string; username?: string | null | undefined; full_name?: string | null | undefined; avatar_url?: string | null | undefined; spanish_level?: "beginner" | "intermediate" | "advanced" | undefined; ... 10 more ...; last_login?: string | ... 1 more ... | undefined; } | ... 9 more ... |...'.
src/lib/storage/HybridStorageManager.ts(227,19): error TS2769: No overload matches this call.
  Overload 1 of 2, '(relation: "users" | "vocabulary_lists" | "vocabulary_items" | "sessions" | "images" | "descriptions" | "questions" | "learning_progress" | "answers" | "phrases" | "analytics_events"): PostgrestQueryBuilder<...>', gave the following error.
    Argument of type '"user_data"' is not assignable to parameter of type '"users" | "vocabulary_lists" | "vocabulary_items" | "sessions" | "images" | "descriptions" | "questions" | "learning_progress" | "answers" | "phrases" | "analytics_events"'.
  Overload 2 of 2, '(relation: never): PostgrestQueryBuilder<{ PostgrestVersion: "12"; }, { Tables: { users: { Row: { id: string; email: string; username: string | null; full_name: string | null; avatar_url: string | null; spanish_level: "beginner" | ... 1 more ... | "advanced"; ... 10 more ...; last_login: string | null; }; Insert: { ...; }; Update: { ...; }; Relationships: []; }; ... 9 more ...; analytics_events: { ...; }; }; Views: {}; Functions: {}; Enums: { ...; }; CompositeTypes: {}; }, never, never, never>', gave the following error.
    Argument of type '"user_data"' is not assignable to parameter of type 'never'.
src/lib/storage/HybridStorageManager.ts(233,39): error TS2339: Property 'data' does not exist on type 'SelectQueryError<"column 'data' does not exist on 'users'."> | SelectQueryError<"column 'data' does not exist on 'vocabulary_lists'."> | ... 8 more ... | SelectQueryError<...>'.
  Property 'data' does not exist on type 'SelectQueryError<"column 'data' does not exist on 'users'.">'.
src/lib/storage/HybridStorageManager.ts(304,15): error TS2769: No overload matches this call.
  Overload 1 of 2, '(relation: "users" | "vocabulary_lists" | "vocabulary_items" | "sessions" | "images" | "descriptions" | "questions" | "learning_progress" | "answers" | "phrases" | "analytics_events"): PostgrestQueryBuilder<...>', gave the following error.
    Argument of type '"image_history"' is not assignable to parameter of type '"users" | "vocabulary_lists" | "vocabulary_items" | "sessions" | "images" | "descriptions" | "questions" | "learning_progress" | "answers" | "phrases" | "analytics_events"'.
  Overload 2 of 2, '(relation: never): PostgrestQueryBuilder<{ PostgrestVersion: "12"; }, { Tables: { users: { Row: { id: string; email: string; username: string | null; full_name: string | null; avatar_url: string | null; spanish_level: "beginner" | ... 1 more ... | "advanced"; ... 10 more ...; last_login: string | null; }; Insert: { ...; }; Update: { ...; }; Relationships: []; }; ... 9 more ...; analytics_events: { ...; }; }; Views: {}; Functions: {}; Enums: { ...; }; CompositeTypes: {}; }, never, never, never>', gave the following error.
    Argument of type '"image_history"' is not assignable to parameter of type 'never'.
src/lib/storage/HybridStorageManager.ts(307,11): error TS2769: No overload matches this call.
  Overload 1 of 2, '(values: { id?: string | undefined; email: string; username?: string | null | undefined; full_name?: string | null | undefined; avatar_url?: string | null | undefined; spanish_level?: "beginner" | "intermediate" | "advanced" | undefined; ... 10 more ...; last_login?: string | ... 1 more ... | undefined; } | ... 9 more ... | { ...; }, options?: { ...; } | undefined): PostgrestFilterBuilder<...>', gave the following error.
    Object literal may only specify known properties, and 'viewed_at' does not exist in type '{ id?: string | undefined; email: string; username?: string | null | undefined; full_name?: string | null | undefined; avatar_url?: string | null | undefined; spanish_level?: "beginner" | "intermediate" | "advanced" | undefined; ... 10 more ...; last_login?: string | ... 1 more ... | undefined; } | ... 9 more ... | ...'.
  Overload 2 of 2, '(values: ({ id?: string | undefined; email: string; username?: string | null | undefined; full_name?: string | null | undefined; avatar_url?: string | null | undefined; spanish_level?: "beginner" | "intermediate" | "advanced" | undefined; ... 10 more ...; last_login?: string | ... 1 more ... | undefined; } | ... 9 more ... | { ...; })[], options?: { ...; } | undefined): PostgrestFilterBuilder<...>', gave the following error.
    Object literal may only specify known properties, and 'viewed_at' does not exist in type '({ id?: string | undefined; email: string; username?: string | null | undefined; full_name?: string | null | undefined; avatar_url?: string | null | undefined; spanish_level?: "beginner" | "intermediate" | "advanced" | undefined; ... 10 more ...; last_login?: string | ... 1 more ... | undefined; } | ... 9 more ... |...'.
src/lib/storage/HybridStorageManager.ts(331,15): error TS2769: No overload matches this call.
  Overload 1 of 2, '(relation: "users" | "vocabulary_lists" | "vocabulary_items" | "sessions" | "images" | "descriptions" | "questions" | "learning_progress" | "answers" | "phrases" | "analytics_events"): PostgrestQueryBuilder<...>', gave the following error.
    Argument of type '"image_history"' is not assignable to parameter of type '"users" | "vocabulary_lists" | "vocabulary_items" | "sessions" | "images" | "descriptions" | "questions" | "learning_progress" | "answers" | "phrases" | "analytics_events"'.
  Overload 2 of 2, '(relation: never): PostgrestQueryBuilder<{ PostgrestVersion: "12"; }, { Tables: { users: { Row: { id: string; email: string; username: string | null; full_name: string | null; avatar_url: string | null; spanish_level: "beginner" | ... 1 more ... | "advanced"; ... 10 more ...; last_login: string | null; }; Insert: { ...; }; Update: { ...; }; Relationships: []; }; ... 9 more ...; analytics_events: { ...; }; }; Views: {}; Functions: {}; Enums: { ...; }; CompositeTypes: {}; }, never, never, never>', gave the following error.
    Argument of type '"image_history"' is not assignable to parameter of type 'never'.
src/lib/storage/HybridStorageManager.ts(337,7): error TS2322: Type '({ id: string; email: string; username: string | null; full_name: string | null; avatar_url: string | null; spanish_level: "beginner" | "intermediate" | "advanced"; is_authenticated: boolean; ... 9 more ...; last_login: string | null; } | ... 9 more ... | { ...; })[]' is not assignable to type 'ImageHistoryEntry[]'.
  Type '{ id: string; email: string; username: string | null; full_name: string | null; avatar_url: string | null; spanish_level: "beginner" | "intermediate" | "advanced"; is_authenticated: boolean; ... 9 more ...; last_login: string | null; } | ... 9 more ... | { ...; }' is not assignable to type 'ImageHistoryEntry'.
    Type '{ id: string; email: string; username: string | null; full_name: string | null; avatar_url: string | null; spanish_level: "beginner" | "intermediate" | "advanced"; is_authenticated: boolean; ... 9 more ...; last_login: string | null; }' is missing the following properties from type 'ImageHistoryEntry': image_url, source, viewed_at
src/lib/storage/HybridStorageManager.ts(441,15): error TS2769: No overload matches this call.
  Overload 1 of 2, '(relation: "users" | "vocabulary_lists" | "vocabulary_items" | "sessions" | "images" | "descriptions" | "questions" | "learning_progress" | "answers" | "phrases" | "analytics_events"): PostgrestQueryBuilder<...>', gave the following error.
    Argument of type '"image_history"' is not assignable to parameter of type '"users" | "vocabulary_lists" | "vocabulary_items" | "sessions" | "images" | "descriptions" | "questions" | "learning_progress" | "answers" | "phrases" | "analytics_events"'.
  Overload 2 of 2, '(relation: never): PostgrestQueryBuilder<{ PostgrestVersion: "12"; }, { Tables: { users: { Row: { id: string; email: string; username: string | null; full_name: string | null; avatar_url: string | null; spanish_level: "beginner" | ... 1 more ... | "advanced"; ... 10 more ...; last_login: string | null; }; Insert: { ...; }; Update: { ...; }; Relationships: []; }; ... 9 more ...; analytics_events: { ...; }; }; Views: {}; Functions: {}; Enums: { ...; }; CompositeTypes: {}; }, never, never, never>', gave the following error.
    Argument of type '"image_history"' is not assignable to parameter of type 'never'.
src/lib/storage/HybridStorageManager.ts(445,15): error TS2769: No overload matches this call.
  Overload 1 of 2, '(relation: "users" | "vocabulary_lists" | "vocabulary_items" | "sessions" | "images" | "descriptions" | "questions" | "learning_progress" | "answers" | "phrases" | "analytics_events"): PostgrestQueryBuilder<...>', gave the following error.
    Argument of type '"saved_descriptions"' is not assignable to parameter of type '"users" | "vocabulary_lists" | "vocabulary_items" | "sessions" | "images" | "descriptions" | "questions" | "learning_progress" | "answers" | "phrases" | "analytics_events"'.
  Overload 2 of 2, '(relation: never): PostgrestQueryBuilder<{ PostgrestVersion: "12"; }, { Tables: { users: { Row: { id: string; email: string; username: string | null; full_name: string | null; avatar_url: string | null; spanish_level: "beginner" | ... 1 more ... | "advanced"; ... 10 more ...; last_login: string | null; }; Insert: { ...; }; Update: { ...; }; Relationships: []; }; ... 9 more ...; analytics_events: { ...; }; }; Views: {}; Functions: {}; Enums: { ...; }; CompositeTypes: {}; }, never, never, never>', gave the following error.
    Argument of type '"saved_descriptions"' is not assignable to parameter of type 'never'.
src/lib/storage/HybridStorageManager.ts(476,21): error TS2769: No overload matches this call.
  Overload 1 of 2, '(relation: "users" | "vocabulary_lists" | "vocabulary_items" | "sessions" | "images" | "descriptions" | "questions" | "learning_progress" | "answers" | "phrases" | "analytics_events"): PostgrestQueryBuilder<...>', gave the following error.
    Argument of type '"image_history"' is not assignable to parameter of type '"users" | "vocabulary_lists" | "vocabulary_items" | "sessions" | "images" | "descriptions" | "questions" | "learning_progress" | "answers" | "phrases" | "analytics_events"'.
  Overload 2 of 2, '(relation: never): PostgrestQueryBuilder<{ PostgrestVersion: "12"; }, { Tables: { users: { Row: { id: string; email: string; username: string | null; full_name: string | null; avatar_url: string | null; spanish_level: "beginner" | ... 1 more ... | "advanced"; ... 10 more ...; last_login: string | null; }; Insert: { ...; }; Update: { ...; }; Relationships: []; }; ... 9 more ...; analytics_events: { ...; }; }; Views: {}; Functions: {}; Enums: { ...; }; CompositeTypes: {}; }, never, never, never>', gave the following error.
    Argument of type '"image_history"' is not assignable to parameter of type 'never'.
src/lib/storage/HybridStorageManager.ts(488,21): error TS2769: No overload matches this call.
  Overload 1 of 2, '(relation: "users" | "vocabulary_lists" | "vocabulary_items" | "sessions" | "images" | "descriptions" | "questions" | "learning_progress" | "answers" | "phrases" | "analytics_events"): PostgrestQueryBuilder<...>', gave the following error.
    Argument of type '"error_logs"' is not assignable to parameter of type '"users" | "vocabulary_lists" | "vocabulary_items" | "sessions" | "images" | "descriptions" | "questions" | "learning_progress" | "answers" | "phrases" | "analytics_events"'.
  Overload 2 of 2, '(relation: never): PostgrestQueryBuilder<{ PostgrestVersion: "12"; }, { Tables: { users: { Row: { id: string; email: string; username: string | null; full_name: string | null; avatar_url: string | null; spanish_level: "beginner" | ... 1 more ... | "advanced"; ... 10 more ...; last_login: string | null; }; Insert: { ...; }; Update: { ...; }; Relationships: []; }; ... 9 more ...; analytics_events: { ...; }; }; Views: {}; Functions: {}; Enums: { ...; }; CompositeTypes: {}; }, never, never, never>', gave the following error.
    Argument of type '"error_logs"' is not assignable to parameter of type 'never'.
src/lib/storage/HybridStorageManager.ts(518,17): error TS2769: No overload matches this call.
  Overload 1 of 2, '(relation: "users" | "vocabulary_lists" | "vocabulary_items" | "sessions" | "images" | "descriptions" | "questions" | "learning_progress" | "answers" | "phrases" | "analytics_events"): PostgrestQueryBuilder<...>', gave the following error.
    Argument of type '"image_history"' is not assignable to parameter of type '"users" | "vocabulary_lists" | "vocabulary_items" | "sessions" | "images" | "descriptions" | "questions" | "learning_progress" | "answers" | "phrases" | "analytics_events"'.
  Overload 2 of 2, '(relation: never): PostgrestQueryBuilder<{ PostgrestVersion: "12"; }, { Tables: { users: { Row: { id: string; email: string; username: string | null; full_name: string | null; avatar_url: string | null; spanish_level: "beginner" | ... 1 more ... | "advanced"; ... 10 more ...; last_login: string | null; }; Insert: { ...; }; Update: { ...; }; Relationships: []; }; ... 9 more ...; analytics_events: { ...; }; }; Views: {}; Functions: {}; Enums: { ...; }; CompositeTypes: {}; }, never, never, never>', gave the following error.
    Argument of type '"image_history"' is not assignable to parameter of type 'never'.
src/lib/storage/LocalStorageManager.ts(104,55): error TS2345: Argument of type 'unknown' is not assignable to parameter of type 'LogContext | undefined'.
src/lib/storage/LocalStorageManager.ts(464,42): error TS2774: This condition will always return true since this function is always defined. Did you mean to call it instead?
src/lib/store/apiKeysStore.ts(371,30): error TS2339: Property 'keys' does not exist on type 'never'.
src/lib/store/apiKeysStore.ts(372,36): error TS2339: Property 'activeKeys' does not exist on type 'never'.
src/lib/store/apiKeysStore.ts(456,59): error TS2345: Argument of type 'unknown' is not assignable to parameter of type 'LogContext | undefined'.
src/lib/store/appStore.ts(62,7): error TS2345: Argument of type 'AppStoreCreator' is not assignable to parameter of type 'StateCreator<AppStore, [["zustand/devtools", never], ["zustand/persist", unknown]], []>'.
  Type 'AppStoreCreator' is not assignable to type '(setState: <A extends string | { type: string; }>(partial: AppStore | Partial<AppStore> | ((state: AppStore) => AppStore | Partial<AppStore>), replace?: boolean | undefined, action?: A | undefined) => void, getState: () => AppStore, store: Write<...>) => AppStore'.
    Types of parameters 'store' and 'store' are incompatible.
      Type 'Write<WithDevtools<StoreApi<AppStore>>, StorePersist<AppStore, unknown>>' is not assignable to type 'Write<WithDevtools<StoreApi<AppStore>>, StorePersist<AppStore, AppStore>>'.
        Type 'Write<WithDevtools<StoreApi<AppStore>>, StorePersist<AppStore, unknown>>' is not assignable to type 'StorePersist<AppStore, AppStore>'.
          The types of 'persist.setOptions' are incompatible between these types.
            Type '(options: Partial<PersistOptions<AppStore, unknown>>) => void' is not assignable to type '(options: Partial<PersistOptions<AppStore, AppStore>>) => void'.
              Types of parameters 'options' and 'options' are incompatible.
                Type 'Partial<PersistOptions<AppStore, AppStore>>' is not assignable to type 'Partial<PersistOptions<AppStore, unknown>>'.
                  Types of property 'storage' are incompatible.
                    Type 'PersistStorage<AppStore> | undefined' is not assignable to type 'PersistStorage<unknown> | undefined'.
                      Type 'PersistStorage<AppStore>' is not assignable to type 'PersistStorage<unknown>'.
                        Types of property 'setItem' are incompatible.
                          Type '(name: string, value: StorageValue<AppStore>) => unknown' is not assignable to type '(name: string, value: StorageValue<unknown>) => unknown'.
                            Types of parameters 'value' and 'value' are incompatible.
                              Type 'StorageValue<unknown>' is not assignable to type 'StorageValue<AppStore>'.
                                Type 'unknown' is not assignable to type 'AppStore'.
src/lib/store/appStore.ts(102,13): error TS2345: Argument of type '(state: AppStore) => { preferences: any; }' is not assignable to parameter of type 'AppStore | Partial<AppStore> | ((state: AppStore) => AppStore | Partial<AppStore>)'.
  Type '(state: AppStore) => { preferences: any; }' is not assignable to type '(state: AppStore) => AppStore | Partial<AppStore>'.
    Type '{ preferences: any; }' is not assignable to type 'AppStore | Partial<AppStore>'.
src/lib/store/appStore.ts(103,39): error TS2339: Property 'preferences' does not exist on type 'AppStore'.
src/lib/store/appStore.ts(112,13): error TS2345: Argument of type '(state: AppStore) => { searchHistory: SearchHistoryItem[]; }' is not assignable to parameter of type 'AppStore | Partial<AppStore> | ((state: AppStore) => AppStore | Partial<AppStore>)'.
  Type '(state: AppStore) => { searchHistory: SearchHistoryItem[]; }' is not assignable to type '(state: AppStore) => AppStore | Partial<AppStore>'.
    Type '{ searchHistory: SearchHistoryItem[]; }' is not assignable to type 'AppStore | Partial<AppStore>'.
src/lib/store/appStore.ts(125,48): error TS2551: Property 'searchHistory' does not exist on type 'AppStore'. Did you mean 'clearHistory'?
src/lib/store/appStore.ts(126,84): error TS2339: Property 'preferences' does not exist on type 'AppStore'.
src/lib/store/appStore.ts(137,35): error TS2353: Object literal may only specify known properties, and 'searchHistory' does not exist in type 'AppStore | Partial<AppStore> | ((state: AppStore) => AppStore | Partial<AppStore>)'.
src/lib/store/appStore.ts(141,13): error TS2345: Argument of type '(state: AppStore) => { searchHistory: any; }' is not assignable to parameter of type 'AppStore | Partial<AppStore> | ((state: AppStore) => AppStore | Partial<AppStore>)'.
  Type '(state: AppStore) => { searchHistory: any; }' is not assignable to type '(state: AppStore) => AppStore | Partial<AppStore>'.
    Type '{ searchHistory: any; }' is not assignable to type 'AppStore | Partial<AppStore>'.
src/lib/store/appStore.ts(142,36): error TS2551: Property 'searchHistory' does not exist on type 'AppStore'. Did you mean 'clearHistory'?
src/lib/store/appStore.ts(143,18): error TS7006: Parameter 'item' implicitly has an 'any' type.
src/lib/store/appStore.ts(152,17): error TS2353: Object literal may only specify known properties, and 'isLoading' does not exist in type 'AppStore | Partial<AppStore> | ((state: AppStore) => AppStore | Partial<AppStore>)'.
src/lib/store/appStore.ts(155,36): error TS2353: Object literal may only specify known properties, and 'error' does not exist in type 'AppStore | Partial<AppStore> | ((state: AppStore) => AppStore | Partial<AppStore>)'.
src/lib/store/appStore.ts(157,33): error TS2353: Object literal may only specify known properties, and 'error' does not exist in type 'AppStore | Partial<AppStore> | ((state: AppStore) => AppStore | Partial<AppStore>)'.
src/lib/store/appStore.ts(162,11): error TS2353: Object literal may only specify known properties, and 'preferences' does not exist in type 'Partial<AppStore>'.
src/lib/store/appStore.ts(162,30): error TS2339: Property 'preferences' does not exist on type 'AppStore'.
src/lib/store/appStore.ts(163,32): error TS2551: Property 'searchHistory' does not exist on type 'AppStore'. Did you mean 'clearHistory'?
src/lib/store/appStore.ts(186,22): error TS2339: Property 'preferences' does not exist on type 'AppStore'.
src/lib/store/appStore.ts(191,18): error TS2551: Property 'searchHistory' does not exist on type 'AppStore'. Did you mean 'clearHistory'?
src/lib/store/appStore.ts(198,16): error TS2339: Property 'error' does not exist on type 'AppStore'.
src/lib/store/formStore.ts(448,43): error TS2345: Argument of type 'Record<string, unknown>' is not assignable to parameter of type 'TData'.
  'TData' could be instantiated with an arbitrary type which could be unrelated to 'Record<string, unknown>'.
src/lib/store/formStore.ts(684,23): error TS2345: Argument of type '(useStore: (selector: (state: FormStoreType) => FormState) => FormState) => FormState' is not assignable to parameter of type '(state: FormStoreType) => FormState'.
  Types of parameters 'useStore' and 'state' are incompatible.
    Type 'FormStoreType' is not assignable to type '(selector: (state: FormStoreType) => FormState) => FormState'.
      Type 'FormStoreType' provides no match for the signature '(selector: (state: FormStoreType) => FormState): FormState'.
src/lib/store/formStore.ts(688,23): error TS2345: Argument of type '(useStore: (selector: (state: FormStoreType) => FieldState<unknown>) => FieldState<unknown>) => FieldState<unknown>' is not assignable to parameter of type '(state: FormStoreType) => FieldState<unknown>'.
  Types of parameters 'useStore' and 'state' are incompatible.
    Type 'FormStoreType' is not assignable to type '(selector: (state: FormStoreType) => FieldState<unknown>) => FieldState<unknown>'.
      Type 'FormStoreType' provides no match for the signature '(selector: (state: FormStoreType) => FieldState<unknown>): FieldState<unknown>'.
src/lib/store/formStore.ts(691,55): error TS2740: Type '{ createForm: (id: string, config: Record<string, FieldConfig<unknown>>, options?: { autoSave?: boolean | undefined; } | undefined) => void; destroyForm: (id: string) => void; ... 11 more ...; disableAutoSave: (formId: string) => void; }' is missing the following properties from type 'FormStoreActions': setSubmitting, getFormData, getFormErrors, isFormValid, and 4 more.
src/lib/store/index.ts(59,3): error TS2305: Module '"./tabSyncStore"' has no exported member 'useTabSyncStore'.
src/lib/store/index.ts(60,3): error TS2305: Module '"./tabSyncStore"' has no exported member 'useTabSync'.
src/lib/store/index.ts(61,3): error TS2305: Module '"./tabSyncStore"' has no exported member 'useTabSyncActions'.
src/lib/store/index.ts(62,3): error TS2305: Module '"./tabSyncStore"' has no exported member 'useStoreSyncRegistration'.
src/lib/store/index.ts(63,3): error TS2305: Module '"./tabSyncStore"' has no exported member 'useAutoTabSync'.
src/lib/store/index.ts(79,3): error TS2305: Module '"./debugStore"' has no exported member 'useDebugStore'.
src/lib/store/index.ts(80,3): error TS2305: Module '"./debugStore"' has no exported member 'useDebug'.
src/lib/store/index.ts(81,3): error TS2305: Module '"./debugStore"' has no exported member 'useDebugActions'.
src/lib/store/index.ts(82,3): error TS2305: Module '"./debugStore"' has no exported member 'useDebugRegistration'.
src/lib/store/index.ts(83,3): error TS2305: Module '"./debugStore"' has no exported member 'connectDebugToDevTools'.
src/lib/store/learningSessionStore.ts(515,46): error TS2345: Argument of type 'null' is not assignable to parameter of type 'string | undefined'.
src/lib/store/middleware/ssrPersist.ts(51,65): error TS2345: Argument of type 'unknown' is not assignable to parameter of type 'LogContext | undefined'.
src/lib/store/middleware/ssrPersist.ts(59,63): error TS2345: Argument of type 'unknown' is not assignable to parameter of type 'LogContext | undefined'.
src/lib/store/middleware/ssrPersist.ts(66,68): error TS2345: Argument of type 'unknown' is not assignable to parameter of type 'LogContext | undefined'.
src/lib/store/middleware/ssrPersist.ts(83,35): error TS2345: Argument of type 'string | Promise<string | null>' is not assignable to parameter of type 'string'.
  Type 'Promise<string | null>' is not assignable to type 'string'.
src/lib/store/middleware/ssrPersist.ts(85,64): error TS2345: Argument of type 'unknown' is not assignable to parameter of type 'LogContext | undefined'.
src/lib/store/middleware/ssrPersist.ts(108,40): error TS2769: No overload matches this call.
  Overload 1 of 2, '(type: "storage", listener: (this: Window, ev: StorageEvent) => any, options?: boolean | AddEventListenerOptions | undefined): void', gave the following error.
    Argument of type '(event: StorageEvent) => void' is not assignable to parameter of type '(this: Window, ev: StorageEvent) => any'.
      Types of parameters 'event' and 'ev' are incompatible.
        Type 'StorageEvent' is not assignable to type 'StorageEvent'. Two different types with this name exist, but they are unrelated.
          Types of property 'key' are incompatible.
            Type 'string | null' is not assignable to type 'string'.
              Type 'null' is not assignable to type 'string'.
  Overload 2 of 2, '(type: string, listener: EventListenerOrEventListenerObject, options?: boolean | AddEventListenerOptions | undefined): void', gave the following error.
    Argument of type '(event: StorageEvent) => void' is not assignable to parameter of type 'EventListenerOrEventListenerObject'.
      Type '(event: StorageEvent) => void' is not assignable to type 'EventListener'.
        Types of parameters 'event' and 'evt' are incompatible.
          Type 'Event' is missing the following properties from type 'StorageEvent': key, oldValue, newValue
src/lib/store/middleware/ssrPersist.ts(124,43): error TS2769: No overload matches this call.
  Overload 1 of 2, '(type: "storage", listener: (this: Window, ev: StorageEvent) => any, options?: boolean | EventListenerOptions | undefined): void', gave the following error.
    Argument of type '(event: StorageEvent) => void' is not assignable to parameter of type '(this: Window, ev: StorageEvent) => any'.
      Types of parameters 'event' and 'ev' are incompatible.
        Type 'StorageEvent' is not assignable to type 'StorageEvent'. Two different types with this name exist, but they are unrelated.
          Types of property 'key' are incompatible.
            Type 'string | null' is not assignable to type 'string'.
              Type 'null' is not assignable to type 'string'.
  Overload 2 of 2, '(type: string, listener: EventListenerOrEventListenerObject, options?: boolean | EventListenerOptions | undefined): void', gave the following error.
    Argument of type '(event: StorageEvent) => void' is not assignable to parameter of type 'EventListenerOrEventListenerObject'.
      Type '(event: StorageEvent) => void' is not assignable to type 'EventListener'.
        Types of parameters 'event' and 'evt' are incompatible.
          Type 'Event' is missing the following properties from type 'StorageEvent': key, oldValue, newValue
src/lib/store/middleware/ssrPersist.ts(134,59): error TS2345: Argument of type 'unknown' is not assignable to parameter of type 'LogContext | undefined'.
src/lib/store/middleware/ssrPersist.ts(213,35): error TS2345: Argument of type 'string | Promise<string | null>' is not assignable to parameter of type 'string'.
  Type 'Promise<string | null>' is not assignable to type 'string'.
src/lib/store/middleware/ssrPersist.ts(229,53): error TS2345: Argument of type 'unknown' is not assignable to parameter of type 'LogContext | undefined'.
src/lib/store/middleware/ssrPersist.ts(258,51): error TS2345: Argument of type 'unknown' is not assignable to parameter of type 'LogContext | undefined'.
src/lib/store/middleware/ssrPersist.ts(340,28): error TS2339: Property 'getState' does not exist on type '(selector?: ((state: T) => any) | undefined) => any'.
src/lib/store/middleware/ssrPersist.ts(384,24): error TS2339: Property 'value' does not exist on type 'IDBRequest<any>'.
src/lib/store/middleware/ssrPersist.ts(386,50): error TS2345: Argument of type 'unknown' is not assignable to parameter of type 'LogContext | undefined'.
src/lib/store/middleware/ssrPersist.ts(400,50): error TS2345: Argument of type 'unknown' is not assignable to parameter of type 'LogContext | undefined'.
src/lib/store/middleware/ssrPersist.ts(413,53): error TS2345: Argument of type 'unknown' is not assignable to parameter of type 'LogContext | undefined'.
src/lib/store/uiStore.ts(306,18): error TS7006: Parameter 'state' implicitly has an 'any' type.
src/lib/store/uiStore.ts(318,18): error TS7006: Parameter 'state' implicitly has an 'any' type.
src/lib/store/uiStore.ts(347,18): error TS7006: Parameter 'state' implicitly has an 'any' type.
src/lib/store/uiStore.ts(367,18): error TS7006: Parameter 'state' implicitly has an 'any' type.
src/lib/store/uiStore.ts(376,18): error TS7006: Parameter 'state' implicitly has an 'any' type.
src/lib/store/uiStore.ts(397,18): error TS7006: Parameter 'state' implicitly has an 'any' type.
src/lib/store/uiStore.ts(417,18): error TS7006: Parameter 'state' implicitly has an 'any' type.
src/lib/store/uiStore.ts(418,57): error TS7006: Parameter 'notification' implicitly has an 'any' type.
src/lib/store/uiStore.ts(432,18): error TS7006: Parameter 'state' implicitly has an 'any' type.
src/lib/store/uiStore.ts(438,20): error TS7006: Parameter 'state' implicitly has an 'any' type.
src/lib/store/uiStore.ts(439,59): error TS7006: Parameter 'ann' implicitly has an 'any' type.
src/lib/store/uiStore.ts(450,18): error TS7006: Parameter 'state' implicitly has an 'any' type.
src/lib/store/uiStore.ts(456,18): error TS7006: Parameter 'state' implicitly has an 'any' type.
src/lib/store/uiStore.ts(485,11): error TS2719: Type '(state: { openModal: (modalData: Omit<import("C:/Users/brand/Development/Project_Workspace/active-development/describe_it/src/lib/store/uiStore").Modal, "id">) => string; ... 62 more ...; footerVisible: boolean; }) => { ...; }' is not assignable to type '(state: { openModal: (modalData: Omit<import("C:/Users/brand/Development/Project_Workspace/active-development/describe_it/src/lib/store/uiStore").Modal, "id">) => string; ... 62 more ...; footerVisible: boolean; }) => { ...; }'. Two different types with this name exist, but they are unrelated.
  Type '{ theme: "auto"; colorScheme: string; fontSize: "md"; reduceMotion: boolean; highContrast: boolean; sidebarCollapsed: boolean; layout: "default"; }' is missing the following properties from type '{ openModal: (modalData: Omit<Modal, "id">) => string; closeModal: (id: string) => void; closeAllModals: () => void; closeTopModal: () => void; updateModal: (id: string, updates: Partial<Modal>) => void; ... 58 more ...; footerVisible: boolean; }': openModal, closeModal, closeAllModals, closeTopModal, and 53 more.
src/lib/store/uiStore.ts(576,11): error TS2339: Property 'registerShortcut' does not exist on type '{ openModal: (modal: Omit<Modal, "id">) => string; closeModal: (id: string) => void; closeAllModals: () => void; closeTopModal: () => void; setSidebarOpen: (open: boolean) => void; ... 8 more ...; setGlobalLoading: (loading: boolean) => void; }'.
src/lib/store/uiStore.ts(576,29): error TS2339: Property 'unregisterShortcut' does not exist on type '{ openModal: (modal: Omit<Modal, "id">) => string; closeModal: (id: string) => void; closeAllModals: () => void; closeTopModal: () => void; setSidebarOpen: (open: boolean) => void; ... 8 more ...; setGlobalLoading: (loading: boolean) => void; }'.
src/lib/store/uiStore.ts(602,11): error TS2339: Property 'setFocusTrap' does not exist on type '{ openModal: (modal: Omit<Modal, "id">) => string; closeModal: (id: string) => void; closeAllModals: () => void; closeTopModal: () => void; setSidebarOpen: (open: boolean) => void; ... 8 more ...; setGlobalLoading: (loading: boolean) => void; }'.
src/lib/supabase.ts(222,58): error TS2345: Argument of type 'Omit<DescriptionRecord, "id" | "created_at" | "updated_at">' is not assignable to parameter of type 'Partial<SavedDescription>'.
  Types of property 'description_style' are incompatible.
    Type 'string | undefined' is not assignable to type '"narrativo" | "poetico" | "academico" | "conversacional" | "infantil" | undefined'.
      Type 'string' is not assignable to type '"narrativo" | "poetico" | "academico" | "conversacional" | "infantil" | undefined'.
